---
-
   Version      : 1.2
   Ways         : 16
   Words        : 2
   Feedback     : 1
   WordBits     : 32
   IndexBits    : 32
   Sort Order   : 0
   Sign Compare : 0
   Max Size     : 268435455
   Debug Enable : 1
   size         : 5000
   average_time :    0.251 # [msec]
   throughput   :   19.886 # [mwords/sec]
   Debug_Time(0):    0.048 # [msec]
   Debug_Time(1):    0.023 # [msec]
   Debug_Time(2):    0.025 # [msec]
-
   Version      : 1.2
   Ways         : 16
   Words        : 2
   Feedback     : 1
   WordBits     : 32
   IndexBits    : 32
   Sort Order   : 0
   Sign Compare : 0
   Max Size     : 268435455
   Debug Enable : 1
   size         : 10000
   average_time :    0.325 # [msec]
   throughput   :   30.802 # [mwords/sec]
   Debug_Time(0):    0.130 # [msec]
   Debug_Time(1):    0.044 # [msec]
   Debug_Time(2):    0.057 # [msec]
   Debug_Time(3):    0.028 # [msec]
-
   Version      : 1.2
   Ways         : 16
   Words        : 2
   Feedback     : 1
   WordBits     : 32
   IndexBits    : 32
   Sort Order   : 0
   Sign Compare : 0
   Max Size     : 268435455
   Debug Enable : 1
   size         : 15000
   average_time :    0.396 # [msec]
   throughput   :   37.898 # [mwords/sec]
   Debug_Time(0):    0.191 # [msec]
   Debug_Time(1):    0.066 # [msec]
   Debug_Time(2):    0.085 # [msec]
   Debug_Time(3):    0.041 # [msec]
-
   Version      : 1.2
   Ways         : 16
   Words        : 2
   Feedback     : 1
   WordBits     : 32
   IndexBits    : 32
   Sort Order   : 0
   Sign Compare : 0
   Max Size     : 268435455
   Debug Enable : 1
   size         : 20000
   average_time :    0.459 # [msec]
   throughput   :   43.561 # [mwords/sec]
   Debug_Time(0):    0.251 # [msec]
   Debug_Time(1):    0.086 # [msec]
   Debug_Time(2):    0.112 # [msec]
   Debug_Time(3):    0.054 # [msec]
-
   Version      : 1.2
   Ways         : 16
   Words        : 2
   Feedback     : 1
   WordBits     : 32
   IndexBits    : 32
   Sort Order   : 0
   Sign Compare : 0
   Max Size     : 268435455
   Debug Enable : 1
   size         : 25000
   average_time :    0.525 # [msec]
   throughput   :   47.663 # [mwords/sec]
   Debug_Time(0):    0.315 # [msec]
   Debug_Time(1):    0.107 # [msec]
   Debug_Time(2):    0.140 # [msec]
   Debug_Time(3):    0.068 # [msec]
-
   Version      : 1.2
   Ways         : 16
   Words        : 2
   Feedback     : 1
   WordBits     : 32
   IndexBits    : 32
   Sort Order   : 0
   Sign Compare : 0
   Max Size     : 268435455
   Debug Enable : 1
   size         : 30000
   average_time :    0.602 # [msec]
   throughput   :   49.847 # [mwords/sec]
   Debug_Time(0):    0.374 # [msec]
   Debug_Time(1):    0.129 # [msec]
   Debug_Time(2):    0.164 # [msec]
   Debug_Time(3):    0.081 # [msec]
-
   Version      : 1.2
   Ways         : 16
   Words        : 2
   Feedback     : 1
   WordBits     : 32
   IndexBits    : 32
   Sort Order   : 0
   Sign Compare : 0
   Max Size     : 268435455
   Debug Enable : 1
   size         : 35000
   average_time :    0.658 # [msec]
   throughput   :   53.191 # [mwords/sec]
   Debug_Time(0):    0.440 # [msec]
   Debug_Time(1):    0.151 # [msec]
   Debug_Time(2):    0.193 # [msec]
   Debug_Time(3):    0.095 # [msec]
-
   Version      : 1.2
   Ways         : 16
   Words        : 2
   Feedback     : 1
   WordBits     : 32
   IndexBits    : 32
   Sort Order   : 0
   Sign Compare : 0
   Max Size     : 268435455
   Debug Enable : 1
   size         : 40000
   average_time :    0.726 # [msec]
   throughput   :   55.114 # [mwords/sec]
   Debug_Time(0):    0.499 # [msec]
   Debug_Time(1):    0.171 # [msec]
   Debug_Time(2):    0.221 # [msec]
   Debug_Time(3):    0.107 # [msec]
-
   Version      : 1.2
   Ways         : 16
   Words        : 2
   Feedback     : 1
   WordBits     : 32
   IndexBits    : 32
   Sort Order   : 0
   Sign Compare : 0
   Max Size     : 268435455
   Debug Enable : 1
   size         : 45000
   average_time :    0.808 # [msec]
   throughput   :   55.665 # [mwords/sec]
   Debug_Time(0):    0.548 # [msec]
   Debug_Time(1):    0.191 # [msec]
   Debug_Time(2):    0.237 # [msec]
   Debug_Time(3):    0.120 # [msec]
-
   Version      : 1.2
   Ways         : 16
   Words        : 2
   Feedback     : 1
   WordBits     : 32
   IndexBits    : 32
   Sort Order   : 0
   Sign Compare : 0
   Max Size     : 268435455
   Debug Enable : 1
   size         : 50000
   average_time :    0.866 # [msec]
   throughput   :   57.717 # [mwords/sec]
   Debug_Time(0):    0.624 # [msec]
   Debug_Time(1):    0.213 # [msec]
   Debug_Time(2):    0.275 # [msec]
   Debug_Time(3):    0.136 # [msec]
-
   Version      : 1.2
   Ways         : 16
   Words        : 2
   Feedback     : 1
   WordBits     : 32
   IndexBits    : 32
   Sort Order   : 0
   Sign Compare : 0
   Max Size     : 268435455
   Debug Enable : 1
   size         : 55000
   average_time :    0.939 # [msec]
   throughput   :   58.569 # [mwords/sec]
   Debug_Time(0):    0.715 # [msec]
   Debug_Time(1):    0.252 # [msec]
   Debug_Time(2):    0.307 # [msec]
   Debug_Time(3):    0.156 # [msec]
-
   Version      : 1.2
   Ways         : 16
   Words        : 2
   Feedback     : 1
   WordBits     : 32
   IndexBits    : 32
   Sort Order   : 0
   Sign Compare : 0
   Max Size     : 268435455
   Debug Enable : 1
   size         : 60000
   average_time :    1.064 # [msec]
   throughput   :   56.398 # [mwords/sec]
   Debug_Time(0):    0.779 # [msec]
   Debug_Time(1):    0.266 # [msec]
   Debug_Time(2):    0.338 # [msec]
   Debug_Time(3):    0.175 # [msec]
-
   Version      : 1.2
   Ways         : 16
   Words        : 2
   Feedback     : 1
   WordBits     : 32
   IndexBits    : 32
   Sort Order   : 0
   Sign Compare : 0
   Max Size     : 268435455
   Debug Enable : 1
   size         : 65000
   average_time :    1.154 # [msec]
   throughput   :   56.347 # [mwords/sec]
   Debug_Time(0):    0.865 # [msec]
   Debug_Time(1):    0.349 # [msec]
   Debug_Time(2):    0.333 # [msec]
   Debug_Time(3):    0.182 # [msec]
-
   Version      : 1.2
   Ways         : 16
   Words        : 2
   Feedback     : 1
   WordBits     : 32
   IndexBits    : 32
   Sort Order   : 0
   Sign Compare : 0
   Max Size     : 268435455
   Debug Enable : 1
   size         : 70000
   average_time :    1.374 # [msec]
   throughput   :   50.934 # [mwords/sec]
   Debug_Time(0):    0.828 # [msec]
   Debug_Time(1):    0.297 # [msec]
   Debug_Time(2):    0.356 # [msec]
   Debug_Time(3):    0.175 # [msec]
-
   Version      : 1.2
   Ways         : 16
   Words        : 2
   Feedback     : 1
   WordBits     : 32
   IndexBits    : 32
   Sort Order   : 0
   Sign Compare : 0
   Max Size     : 268435455
   Debug Enable : 1
   size         : 75000
   average_time :    1.464 # [msec]
   throughput   :   51.226 # [mwords/sec]
   Debug_Time(0):    0.894 # [msec]
   Debug_Time(1):    0.319 # [msec]
   Debug_Time(2):    0.385 # [msec]
   Debug_Time(3):    0.190 # [msec]
-
   Version      : 1.2
   Ways         : 16
   Words        : 2
   Feedback     : 1
   WordBits     : 32
   IndexBits    : 32
   Sort Order   : 0
   Sign Compare : 0
   Max Size     : 268435455
   Debug Enable : 1
   size         : 80000
   average_time :    1.628 # [msec]
   throughput   :   49.129 # [mwords/sec]
   Debug_Time(0):    0.955 # [msec]
   Debug_Time(1):    0.340 # [msec]
   Debug_Time(2):    0.411 # [msec]
   Debug_Time(3):    0.204 # [msec]
-
   Version      : 1.2
   Ways         : 16
   Words        : 2
   Feedback     : 1
   WordBits     : 32
   IndexBits    : 32
   Sort Order   : 0
   Sign Compare : 0
   Max Size     : 268435455
   Debug Enable : 1
   size         : 85000
   average_time :    1.730 # [msec]
   throughput   :   49.146 # [mwords/sec]
   Debug_Time(0):    1.042 # [msec]
   Debug_Time(1):    0.369 # [msec]
   Debug_Time(2):    0.447 # [msec]
   Debug_Time(3):    0.226 # [msec]
-
   Version      : 1.2
   Ways         : 16
   Words        : 2
   Feedback     : 1
   WordBits     : 32
   IndexBits    : 32
   Sort Order   : 0
   Sign Compare : 0
   Max Size     : 268435455
   Debug Enable : 1
   size         : 90000
   average_time :    1.834 # [msec]
   throughput   :   49.075 # [mwords/sec]
   Debug_Time(0):    1.085 # [msec]
   Debug_Time(1):    0.387 # [msec]
   Debug_Time(2):    0.460 # [msec]
   Debug_Time(3):    0.238 # [msec]
-
   Version      : 1.2
   Ways         : 16
   Words        : 2
   Feedback     : 1
   WordBits     : 32
   IndexBits    : 32
   Sort Order   : 0
   Sign Compare : 0
   Max Size     : 268435455
   Debug Enable : 1
   size         : 95000
   average_time :    1.996 # [msec]
   throughput   :   47.586 # [mwords/sec]
   Debug_Time(0):    1.181 # [msec]
   Debug_Time(1):    0.423 # [msec]
   Debug_Time(2):    0.501 # [msec]
   Debug_Time(3):    0.258 # [msec]
-
   Version      : 1.2
   Ways         : 16
   Words        : 2
   Feedback     : 1
   WordBits     : 32
   IndexBits    : 32
   Sort Order   : 0
   Sign Compare : 0
   Max Size     : 268435455
   Debug Enable : 1
   size         : 100000
   average_time :    2.047 # [msec]
   throughput   :   48.848 # [mwords/sec]
   Debug_Time(0):    1.354 # [msec]
   Debug_Time(1):    0.485 # [msec]
   Debug_Time(2):    0.573 # [msec]
   Debug_Time(3):    0.296 # [msec]
-
   Version      : 1.2
   Ways         : 16
   Words        : 2
   Feedback     : 1
   WordBits     : 32
   IndexBits    : 32
   Sort Order   : 0
   Sign Compare : 0
   Max Size     : 268435455
   Debug Enable : 1
   size         : 105000
   average_time :    2.269 # [msec]
   throughput   :   46.284 # [mwords/sec]
   Debug_Time(0):    1.432 # [msec]
   Debug_Time(1):    0.598 # [msec]
   Debug_Time(2):    0.537 # [msec]
   Debug_Time(3):    0.297 # [msec]
-
   Version      : 1.2
   Ways         : 16
   Words        : 2
   Feedback     : 1
   WordBits     : 32
   IndexBits    : 32
   Sort Order   : 0
   Sign Compare : 0
   Max Size     : 268435455
   Debug Enable : 1
   size         : 110000
   average_time :    2.381 # [msec]
   throughput   :   46.198 # [mwords/sec]
   Debug_Time(0):    1.580 # [msec]
   Debug_Time(1):    0.678 # [msec]
   Debug_Time(2):    0.584 # [msec]
   Debug_Time(3):    0.318 # [msec]
-
   Version      : 1.2
   Ways         : 16
   Words        : 2
   Feedback     : 1
   WordBits     : 32
   IndexBits    : 32
   Sort Order   : 0
   Sign Compare : 0
   Max Size     : 268435455
   Debug Enable : 1
   size         : 115000
   average_time :    2.557 # [msec]
   throughput   :   44.977 # [mwords/sec]
   Debug_Time(0):    1.734 # [msec]
   Debug_Time(1):    0.805 # [msec]
   Debug_Time(2):    0.590 # [msec]
   Debug_Time(3):    0.339 # [msec]
-
   Version      : 1.2
   Ways         : 16
   Words        : 2
   Feedback     : 1
   WordBits     : 32
   IndexBits    : 32
   Sort Order   : 0
   Sign Compare : 0
   Max Size     : 268435455
   Debug Enable : 1
   size         : 120000
   average_time :    2.706 # [msec]
   throughput   :   44.344 # [mwords/sec]
   Debug_Time(0):    1.909 # [msec]
   Debug_Time(1):    0.929 # [msec]
   Debug_Time(2):    0.627 # [msec]
   Debug_Time(3):    0.353 # [msec]
-
   Version      : 1.2
   Ways         : 16
   Words        : 2
   Feedback     : 1
   WordBits     : 32
   IndexBits    : 32
   Sort Order   : 0
   Sign Compare : 0
   Max Size     : 268435455
   Debug Enable : 1
   size         : 125000
   average_time :    2.913 # [msec]
   throughput   :   42.909 # [mwords/sec]
   Debug_Time(0):    2.166 # [msec]
   Debug_Time(1):    1.159 # [msec]
   Debug_Time(2):    0.638 # [msec]
   Debug_Time(3):    0.369 # [msec]
-
   Version      : 1.2
   Ways         : 16
   Words        : 2
   Feedback     : 1
   WordBits     : 32
   IndexBits    : 32
   Sort Order   : 0
   Sign Compare : 0
   Max Size     : 268435455
   Debug Enable : 1
   size         : 130000
   average_time :    3.034 # [msec]
   throughput   :   42.842 # [mwords/sec]
   Debug_Time(0):    2.323 # [msec]
   Debug_Time(1):    1.265 # [msec]
   Debug_Time(2):    0.666 # [msec]
   Debug_Time(3):    0.392 # [msec]
-
   Version      : 1.2
   Ways         : 16
   Words        : 2
   Feedback     : 1
   WordBits     : 32
   IndexBits    : 32
   Sort Order   : 0
   Sign Compare : 0
   Max Size     : 268435455
   Debug Enable : 1
   size         : 135000
   average_time :    3.852 # [msec]
   throughput   :   35.047 # [mwords/sec]
   Debug_Time(0):    3.192 # [msec]
   Debug_Time(1):    1.456 # [msec]
   Debug_Time(2):    0.690 # [msec]
   Debug_Time(3):    0.654 # [msec]
   Debug_Time(4):    0.392 # [msec]
-
   Version      : 1.2
   Ways         : 16
   Words        : 2
   Feedback     : 1
   WordBits     : 32
   IndexBits    : 32
   Sort Order   : 0
   Sign Compare : 0
   Max Size     : 268435455
   Debug Enable : 1
   size         : 140000
   average_time :    4.074 # [msec]
   throughput   :   34.363 # [mwords/sec]
   Debug_Time(0):    3.426 # [msec]
   Debug_Time(1):    1.623 # [msec]
   Debug_Time(2):    0.719 # [msec]
   Debug_Time(3):    0.677 # [msec]
   Debug_Time(4):    0.406 # [msec]
-
   Version      : 1.2
   Ways         : 16
   Words        : 2
   Feedback     : 1
   WordBits     : 32
   IndexBits    : 32
   Sort Order   : 0
   Sign Compare : 0
   Max Size     : 268435455
   Debug Enable : 1
   size         : 145000
   average_time :    4.248 # [msec]
   throughput   :   34.135 # [mwords/sec]
   Debug_Time(0):    3.544 # [msec]
   Debug_Time(1):    1.677 # [msec]
   Debug_Time(2):    0.740 # [msec]
   Debug_Time(3):    0.704 # [msec]
   Debug_Time(4):    0.423 # [msec]
-
   Version      : 1.2
   Ways         : 16
   Words        : 2
   Feedback     : 1
   WordBits     : 32
   IndexBits    : 32
   Sort Order   : 0
   Sign Compare : 0
   Max Size     : 268435455
   Debug Enable : 1
   size         : 150000
   average_time :    4.445 # [msec]
   throughput   :   33.746 # [mwords/sec]
   Debug_Time(0):    3.807 # [msec]
   Debug_Time(1):    1.867 # [msec]
   Debug_Time(2):    0.766 # [msec]
   Debug_Time(3):    0.734 # [msec]
   Debug_Time(4):    0.440 # [msec]
-
   Version      : 1.2
   Ways         : 16
   Words        : 2
   Feedback     : 1
   WordBits     : 32
   IndexBits    : 32
   Sort Order   : 0
   Sign Compare : 0
   Max Size     : 268435455
   Debug Enable : 1
   size         : 155000
   average_time :    4.623 # [msec]
   throughput   :   33.532 # [mwords/sec]
   Debug_Time(0):    4.015 # [msec]
   Debug_Time(1):    2.011 # [msec]
   Debug_Time(2):    0.794 # [msec]
   Debug_Time(3):    0.751 # [msec]
   Debug_Time(4):    0.459 # [msec]
-
   Version      : 1.2
   Ways         : 16
   Words        : 2
   Feedback     : 1
   WordBits     : 32
   IndexBits    : 32
   Sort Order   : 0
   Sign Compare : 0
   Max Size     : 268435455
   Debug Enable : 1
   size         : 160000
   average_time :    4.788 # [msec]
   throughput   :   33.418 # [mwords/sec]
   Debug_Time(0):    4.204 # [msec]
   Debug_Time(1):    2.142 # [msec]
   Debug_Time(2):    0.819 # [msec]
   Debug_Time(3):    0.773 # [msec]
   Debug_Time(4):    0.470 # [msec]
-
   Version      : 1.2
   Ways         : 16
   Words        : 2
   Feedback     : 1
   WordBits     : 32
   IndexBits    : 32
   Sort Order   : 0
   Sign Compare : 0
   Max Size     : 268435455
   Debug Enable : 1
   size         : 165000
   average_time :    5.003 # [msec]
   throughput   :   32.983 # [mwords/sec]
   Debug_Time(0):    4.503 # [msec]
   Debug_Time(1):    2.291 # [msec]
   Debug_Time(2):    0.845 # [msec]
   Debug_Time(3):    0.874 # [msec]
   Debug_Time(4):    0.494 # [msec]
-
   Version      : 1.2
   Ways         : 16
   Words        : 2
   Feedback     : 1
   WordBits     : 32
   IndexBits    : 32
   Sort Order   : 0
   Sign Compare : 0
   Max Size     : 268435455
   Debug Enable : 1
   size         : 170000
   average_time :    5.188 # [msec]
   throughput   :   32.771 # [mwords/sec]
   Debug_Time(0):    4.681 # [msec]
   Debug_Time(1):    2.484 # [msec]
   Debug_Time(2):    0.870 # [msec]
   Debug_Time(3):    0.824 # [msec]
   Debug_Time(4):    0.504 # [msec]
-
   Version      : 1.2
   Ways         : 16
   Words        : 2
   Feedback     : 1
   WordBits     : 32
   IndexBits    : 32
   Sort Order   : 0
   Sign Compare : 0
   Max Size     : 268435455
   Debug Enable : 1
   size         : 175000
   average_time :    5.327 # [msec]
   throughput   :   32.850 # [mwords/sec]
   Debug_Time(0):    4.794 # [msec]
   Debug_Time(1):    2.549 # [msec]
   Debug_Time(2):    0.896 # [msec]
   Debug_Time(3):    0.828 # [msec]
   Debug_Time(4):    0.521 # [msec]
-
   Version      : 1.2
   Ways         : 16
   Words        : 2
   Feedback     : 1
   WordBits     : 32
   IndexBits    : 32
   Sort Order   : 0
   Sign Compare : 0
   Max Size     : 268435455
   Debug Enable : 1
   size         : 180000
   average_time :    5.587 # [msec]
   throughput   :   32.216 # [mwords/sec]
   Debug_Time(0):    5.077 # [msec]
   Debug_Time(1):    2.745 # [msec]
   Debug_Time(2):    0.917 # [msec]
   Debug_Time(3):    0.877 # [msec]
   Debug_Time(4):    0.538 # [msec]
-
   Version      : 1.2
   Ways         : 16
   Words        : 2
   Feedback     : 1
   WordBits     : 32
   IndexBits    : 32
   Sort Order   : 0
   Sign Compare : 0
   Max Size     : 268435455
   Debug Enable : 1
   size         : 185000
   average_time :    5.757 # [msec]
   throughput   :   32.136 # [mwords/sec]
   Debug_Time(0):    5.265 # [msec]
   Debug_Time(1):    2.863 # [msec]
   Debug_Time(2):    0.953 # [msec]
   Debug_Time(3):    0.867 # [msec]
   Debug_Time(4):    0.582 # [msec]
-
   Version      : 1.2
   Ways         : 16
   Words        : 2
   Feedback     : 1
   WordBits     : 32
   IndexBits    : 32
   Sort Order   : 0
   Sign Compare : 0
   Max Size     : 268435455
   Debug Enable : 1
   size         : 190000
   average_time :    5.955 # [msec]
   throughput   :   31.904 # [mwords/sec]
   Debug_Time(0):    5.610 # [msec]
   Debug_Time(1):    3.040 # [msec]
   Debug_Time(2):    0.975 # [msec]
   Debug_Time(3):    0.996 # [msec]
   Debug_Time(4):    0.598 # [msec]
-
   Version      : 1.2
   Ways         : 16
   Words        : 2
   Feedback     : 1
   WordBits     : 32
   IndexBits    : 32
   Sort Order   : 0
   Sign Compare : 0
   Max Size     : 268435455
   Debug Enable : 1
   size         : 195000
   average_time :    6.087 # [msec]
   throughput   :   32.034 # [mwords/sec]
   Debug_Time(0):    5.909 # [msec]
   Debug_Time(1):    3.226 # [msec]
   Debug_Time(2):    1.057 # [msec]
   Debug_Time(3):    0.984 # [msec]
   Debug_Time(4):    0.643 # [msec]
-
   Version      : 1.2
   Ways         : 16
   Words        : 2
   Feedback     : 1
   WordBits     : 32
   IndexBits    : 32
   Sort Order   : 0
   Sign Compare : 0
   Max Size     : 268435455
   Debug Enable : 1
   size         : 200000
   average_time :    6.289 # [msec]
   throughput   :   31.803 # [mwords/sec]
   Debug_Time(0):    6.110 # [msec]
   Debug_Time(1):    3.442 # [msec]
   Debug_Time(2):    1.053 # [msec]
   Debug_Time(3):    0.985 # [msec]
   Debug_Time(4):    0.630 # [msec]
-
   Version      : 1.2
   Ways         : 16
   Words        : 2
   Feedback     : 1
   WordBits     : 32
   IndexBits    : 32
   Sort Order   : 0
   Sign Compare : 0
   Max Size     : 268435455
   Debug Enable : 1
   size         : 205000
   average_time :    6.474 # [msec]
   throughput   :   31.663 # [mwords/sec]
   Debug_Time(0):    6.284 # [msec]
   Debug_Time(1):    3.576 # [msec]
   Debug_Time(2):    1.065 # [msec]
   Debug_Time(3):    1.004 # [msec]
   Debug_Time(4):    0.639 # [msec]
-
   Version      : 1.2
   Ways         : 16
   Words        : 2
   Feedback     : 1
   WordBits     : 32
   IndexBits    : 32
   Sort Order   : 0
   Sign Compare : 0
   Max Size     : 268435455
   Debug Enable : 1
   size         : 210000
   average_time :    6.669 # [msec]
   throughput   :   31.491 # [mwords/sec]
   Debug_Time(0):    6.345 # [msec]
   Debug_Time(1):    3.594 # [msec]
   Debug_Time(2):    1.083 # [msec]
   Debug_Time(3):    1.017 # [msec]
   Debug_Time(4):    0.652 # [msec]
-
   Version      : 1.2
   Ways         : 16
   Words        : 2
   Feedback     : 1
   WordBits     : 32
   IndexBits    : 32
   Sort Order   : 0
   Sign Compare : 0
   Max Size     : 268435455
   Debug Enable : 1
   size         : 215000
   average_time :    6.813 # [msec]
   throughput   :   31.556 # [mwords/sec]
   Debug_Time(0):    6.512 # [msec]
   Debug_Time(1):    3.698 # [msec]
   Debug_Time(2):    1.098 # [msec]
   Debug_Time(3):    1.048 # [msec]
   Debug_Time(4):    0.668 # [msec]
-
   Version      : 1.2
   Ways         : 16
   Words        : 2
   Feedback     : 1
   WordBits     : 32
   IndexBits    : 32
   Sort Order   : 0
   Sign Compare : 0
   Max Size     : 268435455
   Debug Enable : 1
   size         : 220000
   average_time :    7.011 # [msec]
   throughput   :   31.380 # [mwords/sec]
   Debug_Time(0):    6.670 # [msec]
   Debug_Time(1):    3.778 # [msec]
   Debug_Time(2):    1.152 # [msec]
   Debug_Time(3):    1.063 # [msec]
   Debug_Time(4):    0.677 # [msec]
-
   Version      : 1.2
   Ways         : 16
   Words        : 2
   Feedback     : 1
   WordBits     : 32
   IndexBits    : 32
   Sort Order   : 0
   Sign Compare : 0
   Max Size     : 268435455
   Debug Enable : 1
   size         : 225000
   average_time :    7.177 # [msec]
   throughput   :   31.349 # [mwords/sec]
   Debug_Time(0):    6.813 # [msec]
   Debug_Time(1):    3.859 # [msec]
   Debug_Time(2):    1.163 # [msec]
   Debug_Time(3):    1.090 # [msec]
   Debug_Time(4):    0.701 # [msec]
-
   Version      : 1.2
   Ways         : 16
   Words        : 2
   Feedback     : 1
   WordBits     : 32
   IndexBits    : 32
   Sort Order   : 0
   Sign Compare : 0
   Max Size     : 268435455
   Debug Enable : 1
   size         : 230000
   average_time :    7.352 # [msec]
   throughput   :   31.282 # [mwords/sec]
   Debug_Time(0):    6.992 # [msec]
   Debug_Time(1):    3.965 # [msec]
   Debug_Time(2):    1.177 # [msec]
   Debug_Time(3):    1.114 # [msec]
   Debug_Time(4):    0.735 # [msec]
-
   Version      : 1.2
   Ways         : 16
   Words        : 2
   Feedback     : 1
   WordBits     : 32
   IndexBits    : 32
   Sort Order   : 0
   Sign Compare : 0
   Max Size     : 268435455
   Debug Enable : 1
   size         : 235000
   average_time :    7.512 # [msec]
   throughput   :   31.284 # [mwords/sec]
   Debug_Time(0):    7.209 # [msec]
   Debug_Time(1):    4.041 # [msec]
   Debug_Time(2):    1.212 # [msec]
   Debug_Time(3):    1.202 # [msec]
   Debug_Time(4):    0.755 # [msec]
-
   Version      : 1.2
   Ways         : 16
   Words        : 2
   Feedback     : 1
   WordBits     : 32
   IndexBits    : 32
   Sort Order   : 0
   Sign Compare : 0
   Max Size     : 268435455
   Debug Enable : 1
   size         : 240000
   average_time :    7.648 # [msec]
   throughput   :   31.383 # [mwords/sec]
   Debug_Time(0):    7.338 # [msec]
   Debug_Time(1):    4.207 # [msec]
   Debug_Time(2):    1.226 # [msec]
   Debug_Time(3):    1.169 # [msec]
   Debug_Time(4):    0.737 # [msec]
-
   Version      : 1.2
   Ways         : 16
   Words        : 2
   Feedback     : 1
   WordBits     : 32
   IndexBits    : 32
   Sort Order   : 0
   Sign Compare : 0
   Max Size     : 268435455
   Debug Enable : 1
   size         : 245000
   average_time :    7.771 # [msec]
   throughput   :   31.528 # [mwords/sec]
   Debug_Time(0):    7.475 # [msec]
   Debug_Time(1):    4.209 # [msec]
   Debug_Time(2):    1.284 # [msec]
   Debug_Time(3):    1.211 # [msec]
   Debug_Time(4):    0.771 # [msec]
-
   Version      : 1.2
   Ways         : 16
   Words        : 2
   Feedback     : 1
   WordBits     : 32
   IndexBits    : 32
   Sort Order   : 0
   Sign Compare : 0
   Max Size     : 268435455
   Debug Enable : 1
   size         : 250000
   average_time :    7.949 # [msec]
   throughput   :   31.450 # [mwords/sec]
   Debug_Time(0):    7.639 # [msec]
   Debug_Time(1):    4.309 # [msec]
   Debug_Time(2):    1.295 # [msec]
   Debug_Time(3):    1.237 # [msec]
   Debug_Time(4):    0.798 # [msec]
-
   Version      : 1.2
   Ways         : 16
   Words        : 2
   Feedback     : 1
   WordBits     : 32
   IndexBits    : 32
   Sort Order   : 0
   Sign Compare : 0
   Max Size     : 268435455
   Debug Enable : 1
   size         : 255000
   average_time :    8.132 # [msec]
   throughput   :   31.356 # [mwords/sec]
   Debug_Time(0):    7.800 # [msec]
   Debug_Time(1):    4.410 # [msec]
   Debug_Time(2):    1.331 # [msec]
   Debug_Time(3):    1.251 # [msec]
   Debug_Time(4):    0.807 # [msec]
-
   Version      : 1.2
   Ways         : 16
   Words        : 2
   Feedback     : 1
   WordBits     : 32
   IndexBits    : 32
   Sort Order   : 0
   Sign Compare : 0
   Max Size     : 268435455
   Debug Enable : 1
   size         : 260000
   average_time :    8.314 # [msec]
   throughput   :   31.274 # [mwords/sec]
   Debug_Time(0):    7.958 # [msec]
   Debug_Time(1):    4.508 # [msec]
   Debug_Time(2):    1.343 # [msec]
   Debug_Time(3):    1.274 # [msec]
   Debug_Time(4):    0.832 # [msec]
-
   Version      : 1.2
   Ways         : 16
   Words        : 2
   Feedback     : 1
   WordBits     : 32
   IndexBits    : 32
   Sort Order   : 0
   Sign Compare : 0
   Max Size     : 268435455
   Debug Enable : 1
   size         : 265000
   average_time :    8.497 # [msec]
   throughput   :   31.186 # [mwords/sec]
   Debug_Time(0):    8.102 # [msec]
   Debug_Time(1):    4.595 # [msec]
   Debug_Time(2):    1.381 # [msec]
   Debug_Time(3):    1.284 # [msec]
   Debug_Time(4):    0.842 # [msec]
-
   Version      : 1.2
   Ways         : 16
   Words        : 2
   Feedback     : 1
   WordBits     : 32
   IndexBits    : 32
   Sort Order   : 0
   Sign Compare : 0
   Max Size     : 268435455
   Debug Enable : 1
   size         : 270000
   average_time :    8.617 # [msec]
   throughput   :   31.333 # [mwords/sec]
   Debug_Time(0):    8.346 # [msec]
   Debug_Time(1):    4.684 # [msec]
   Debug_Time(2):    1.380 # [msec]
   Debug_Time(3):    1.369 # [msec]
   Debug_Time(4):    0.912 # [msec]
-
   Version      : 1.2
   Ways         : 16
   Words        : 2
   Feedback     : 1
   WordBits     : 32
   IndexBits    : 32
   Sort Order   : 0
   Sign Compare : 0
   Max Size     : 268435455
   Debug Enable : 1
   size         : 275000
   average_time :    8.814 # [msec]
   throughput   :   31.202 # [mwords/sec]
   Debug_Time(0):    8.483 # [msec]
   Debug_Time(1):    4.763 # [msec]
   Debug_Time(2):    1.405 # [msec]
   Debug_Time(3):    1.384 # [msec]
   Debug_Time(4):    0.930 # [msec]
-
   Version      : 1.2
   Ways         : 16
   Words        : 2
   Feedback     : 1
   WordBits     : 32
   IndexBits    : 32
   Sort Order   : 0
   Sign Compare : 0
   Max Size     : 268435455
   Debug Enable : 1
   size         : 280000
   average_time :    8.959 # [msec]
   throughput   :   31.254 # [mwords/sec]
   Debug_Time(0):    8.866 # [msec]
   Debug_Time(1):    4.872 # [msec]
   Debug_Time(2):    1.552 # [msec]
   Debug_Time(3):    1.421 # [msec]
   Debug_Time(4):    1.021 # [msec]
-
   Version      : 1.2
   Ways         : 16
   Words        : 2
   Feedback     : 1
   WordBits     : 32
   IndexBits    : 32
   Sort Order   : 0
   Sign Compare : 0
   Max Size     : 268435455
   Debug Enable : 1
   size         : 285000
   average_time :    9.089 # [msec]
   throughput   :   31.357 # [mwords/sec]
   Debug_Time(0):    8.731 # [msec]
   Debug_Time(1):    4.929 # [msec]
   Debug_Time(2):    1.453 # [msec]
   Debug_Time(3):    1.381 # [msec]
   Debug_Time(4):    0.969 # [msec]
-
   Version      : 1.2
   Ways         : 16
   Words        : 2
   Feedback     : 1
   WordBits     : 32
   IndexBits    : 32
   Sort Order   : 0
   Sign Compare : 0
   Max Size     : 268435455
   Debug Enable : 1
   size         : 290000
   average_time :    9.274 # [msec]
   throughput   :   31.271 # [mwords/sec]
   Debug_Time(0):    9.008 # [msec]
   Debug_Time(1):    5.004 # [msec]
   Debug_Time(2):    1.492 # [msec]
   Debug_Time(3):    1.473 # [msec]
   Debug_Time(4):    1.039 # [msec]
-
   Version      : 1.2
   Ways         : 16
   Words        : 2
   Feedback     : 1
   WordBits     : 32
   IndexBits    : 32
   Sort Order   : 0
   Sign Compare : 0
   Max Size     : 268435455
   Debug Enable : 1
   size         : 295000
   average_time :    9.459 # [msec]
   throughput   :   31.186 # [mwords/sec]
   Debug_Time(0):    9.319 # [msec]
   Debug_Time(1):    5.089 # [msec]
   Debug_Time(2):    1.606 # [msec]
   Debug_Time(3):    1.503 # [msec]
   Debug_Time(4):    1.121 # [msec]
-
   Version      : 1.2
   Ways         : 16
   Words        : 2
   Feedback     : 1
   WordBits     : 32
   IndexBits    : 32
   Sort Order   : 0
   Sign Compare : 0
   Max Size     : 268435455
   Debug Enable : 1
   size         : 300000
   average_time :    9.596 # [msec]
   throughput   :   31.262 # [mwords/sec]
   Debug_Time(0):    9.462 # [msec]
   Debug_Time(1):    5.260 # [msec]
   Debug_Time(2):    1.632 # [msec]
   Debug_Time(3):    1.516 # [msec]
   Debug_Time(4):    1.055 # [msec]
-
   Version      : 1.2
   Ways         : 16
   Words        : 2
   Feedback     : 1
   WordBits     : 32
   IndexBits    : 32
   Sort Order   : 0
   Sign Compare : 0
   Max Size     : 268435455
   Debug Enable : 1
   size         : 305000
   average_time :    9.763 # [msec]
   throughput   :   31.242 # [mwords/sec]
   Debug_Time(0):    9.681 # [msec]
   Debug_Time(1):    5.349 # [msec]
   Debug_Time(2):    1.683 # [msec]
   Debug_Time(3):    1.549 # [msec]
   Debug_Time(4):    1.099 # [msec]
-
   Version      : 1.2
   Ways         : 16
   Words        : 2
   Feedback     : 1
   WordBits     : 32
   IndexBits    : 32
   Sort Order   : 0
   Sign Compare : 0
   Max Size     : 268435455
   Debug Enable : 1
   size         : 310000
   average_time :    9.901 # [msec]
   throughput   :   31.311 # [mwords/sec]
   Debug_Time(0):    9.846 # [msec]
   Debug_Time(1):    5.457 # [msec]
   Debug_Time(2):    1.707 # [msec]
   Debug_Time(3):    1.583 # [msec]
   Debug_Time(4):    1.098 # [msec]
-
   Version      : 1.2
   Ways         : 16
   Words        : 2
   Feedback     : 1
   WordBits     : 32
   IndexBits    : 32
   Sort Order   : 0
   Sign Compare : 0
   Max Size     : 268435455
   Debug Enable : 1
   size         : 315000
   average_time :   10.101 # [msec]
   throughput   :   31.185 # [mwords/sec]
   Debug_Time(0):   10.205 # [msec]
   Debug_Time(1):    5.719 # [msec]
   Debug_Time(2):    1.700 # [msec]
   Debug_Time(3):    1.598 # [msec]
   Debug_Time(4):    1.188 # [msec]
-
   Version      : 1.2
   Ways         : 16
   Words        : 2
   Feedback     : 1
   WordBits     : 32
   IndexBits    : 32
   Sort Order   : 0
   Sign Compare : 0
   Max Size     : 268435455
   Debug Enable : 1
   size         : 320000
   average_time :   10.308 # [msec]
   throughput   :   31.044 # [mwords/sec]
   Debug_Time(0):   10.262 # [msec]
   Debug_Time(1):    5.750 # [msec]
   Debug_Time(2):    1.753 # [msec]
   Debug_Time(3):    1.608 # [msec]
   Debug_Time(4):    1.152 # [msec]
-
   Version      : 1.2
   Ways         : 16
   Words        : 2
   Feedback     : 1
   WordBits     : 32
   IndexBits    : 32
   Sort Order   : 0
   Sign Compare : 0
   Max Size     : 268435455
   Debug Enable : 1
   size         : 325000
   average_time :   10.366 # [msec]
   throughput   :   31.351 # [mwords/sec]
   Debug_Time(0):    9.870 # [msec]
   Debug_Time(1):    5.523 # [msec]
   Debug_Time(2):    1.664 # [msec]
   Debug_Time(3):    1.575 # [msec]
   Debug_Time(4):    1.109 # [msec]
-
   Version      : 1.2
   Ways         : 16
   Words        : 2
   Feedback     : 1
   WordBits     : 32
   IndexBits    : 32
   Sort Order   : 0
   Sign Compare : 0
   Max Size     : 268435455
   Debug Enable : 1
   size         : 330000
   average_time :   10.530 # [msec]
   throughput   :   31.340 # [mwords/sec]
   Debug_Time(0):    9.970 # [msec]
   Debug_Time(1):    5.554 # [msec]
   Debug_Time(2):    1.686 # [msec]
   Debug_Time(3):    1.603 # [msec]
   Debug_Time(4):    1.127 # [msec]
-
   Version      : 1.2
   Ways         : 16
   Words        : 2
   Feedback     : 1
   WordBits     : 32
   IndexBits    : 32
   Sort Order   : 0
   Sign Compare : 0
   Max Size     : 268435455
   Debug Enable : 1
   size         : 335000
   average_time :   10.641 # [msec]
   throughput   :   31.481 # [mwords/sec]
   Debug_Time(0):   10.095 # [msec]
   Debug_Time(1):    5.626 # [msec]
   Debug_Time(2):    1.710 # [msec]
   Debug_Time(3):    1.622 # [msec]
   Debug_Time(4):    1.137 # [msec]
-
   Version      : 1.2
   Ways         : 16
   Words        : 2
   Feedback     : 1
   WordBits     : 32
   IndexBits    : 32
   Sort Order   : 0
   Sign Compare : 0
   Max Size     : 268435455
   Debug Enable : 1
   size         : 340000
   average_time :   10.806 # [msec]
   throughput   :   31.463 # [mwords/sec]
   Debug_Time(0):   10.270 # [msec]
   Debug_Time(1):    5.726 # [msec]
   Debug_Time(2):    1.742 # [msec]
   Debug_Time(3):    1.644 # [msec]
   Debug_Time(4):    1.158 # [msec]
-
   Version      : 1.2
   Ways         : 16
   Words        : 2
   Feedback     : 1
   WordBits     : 32
   IndexBits    : 32
   Sort Order   : 0
   Sign Compare : 0
   Max Size     : 268435455
   Debug Enable : 1
   size         : 345000
   average_time :   10.979 # [msec]
   throughput   :   31.424 # [mwords/sec]
   Debug_Time(0):   10.451 # [msec]
   Debug_Time(1):    5.832 # [msec]
   Debug_Time(2):    1.757 # [msec]
   Debug_Time(3):    1.646 # [msec]
   Debug_Time(4):    1.215 # [msec]
-
   Version      : 1.2
   Ways         : 16
   Words        : 2
   Feedback     : 1
   WordBits     : 32
   IndexBits    : 32
   Sort Order   : 0
   Sign Compare : 0
   Max Size     : 268435455
   Debug Enable : 1
   size         : 350000
   average_time :   11.124 # [msec]
   throughput   :   31.464 # [mwords/sec]
   Debug_Time(0):   10.599 # [msec]
   Debug_Time(1):    5.890 # [msec]
   Debug_Time(2):    1.790 # [msec]
   Debug_Time(3):    1.698 # [msec]
   Debug_Time(4):    1.220 # [msec]
-
   Version      : 1.2
   Ways         : 16
   Words        : 2
   Feedback     : 1
   WordBits     : 32
   IndexBits    : 32
   Sort Order   : 0
   Sign Compare : 0
   Max Size     : 268435455
   Debug Enable : 1
   size         : 355000
   average_time :   11.280 # [msec]
   throughput   :   31.473 # [mwords/sec]
   Debug_Time(0):   10.664 # [msec]
   Debug_Time(1):    5.972 # [msec]
   Debug_Time(2):    1.818 # [msec]
   Debug_Time(3):    1.722 # [msec]
   Debug_Time(4):    1.151 # [msec]
-
   Version      : 1.2
   Ways         : 16
   Words        : 2
   Feedback     : 1
   WordBits     : 32
   IndexBits    : 32
   Sort Order   : 0
   Sign Compare : 0
   Max Size     : 268435455
   Debug Enable : 1
   size         : 360000
   average_time :   11.442 # [msec]
   throughput   :   31.463 # [mwords/sec]
   Debug_Time(0):   10.871 # [msec]
   Debug_Time(1):    6.089 # [msec]
   Debug_Time(2):    1.843 # [msec]
   Debug_Time(3):    1.750 # [msec]
   Debug_Time(4):    1.189 # [msec]
-
   Version      : 1.2
   Ways         : 16
   Words        : 2
   Feedback     : 1
   WordBits     : 32
   IndexBits    : 32
   Sort Order   : 0
   Sign Compare : 0
   Max Size     : 268435455
   Debug Enable : 1
   size         : 365000
   average_time :   11.590 # [msec]
   throughput   :   31.491 # [mwords/sec]
   Debug_Time(0):   11.029 # [msec]
   Debug_Time(1):    6.174 # [msec]
   Debug_Time(2):    1.868 # [msec]
   Debug_Time(3):    1.772 # [msec]
   Debug_Time(4):    1.216 # [msec]
-
   Version      : 1.2
   Ways         : 16
   Words        : 2
   Feedback     : 1
   WordBits     : 32
   IndexBits    : 32
   Sort Order   : 0
   Sign Compare : 0
   Max Size     : 268435455
   Debug Enable : 1
   size         : 370000
   average_time :   11.740 # [msec]
   throughput   :   31.516 # [mwords/sec]
   Debug_Time(0):   11.175 # [msec]
   Debug_Time(1):    6.281 # [msec]
   Debug_Time(2):    1.894 # [msec]
   Debug_Time(3):    1.791 # [msec]
   Debug_Time(4):    1.208 # [msec]
-
   Version      : 1.2
   Ways         : 16
   Words        : 2
   Feedback     : 1
   WordBits     : 32
   IndexBits    : 32
   Sort Order   : 0
   Sign Compare : 0
   Max Size     : 268435455
   Debug Enable : 1
   size         : 375000
   average_time :   11.898 # [msec]
   throughput   :   31.517 # [mwords/sec]
   Debug_Time(0):   11.392 # [msec]
   Debug_Time(1):    6.431 # [msec]
   Debug_Time(2):    1.904 # [msec]
   Debug_Time(3):    1.818 # [msec]
   Debug_Time(4):    1.239 # [msec]
-
   Version      : 1.2
   Ways         : 16
   Words        : 2
   Feedback     : 1
   WordBits     : 32
   IndexBits    : 32
   Sort Order   : 0
   Sign Compare : 0
   Max Size     : 268435455
   Debug Enable : 1
   size         : 380000
   average_time :   12.059 # [msec]
   throughput   :   31.511 # [mwords/sec]
   Debug_Time(0):   11.588 # [msec]
   Debug_Time(1):    6.535 # [msec]
   Debug_Time(2):    1.941 # [msec]
   Debug_Time(3):    1.846 # [msec]
   Debug_Time(4):    1.266 # [msec]
-
   Version      : 1.2
   Ways         : 16
   Words        : 2
   Feedback     : 1
   WordBits     : 32
   IndexBits    : 32
   Sort Order   : 0
   Sign Compare : 0
   Max Size     : 268435455
   Debug Enable : 1
   size         : 385000
   average_time :   12.170 # [msec]
   throughput   :   31.635 # [mwords/sec]
   Debug_Time(0):   11.788 # [msec]
   Debug_Time(1):    6.616 # [msec]
   Debug_Time(2):    1.979 # [msec]
   Debug_Time(3):    1.870 # [msec]
   Debug_Time(4):    1.322 # [msec]
-
   Version      : 1.2
   Ways         : 16
   Words        : 2
   Feedback     : 1
   WordBits     : 32
   IndexBits    : 32
   Sort Order   : 0
   Sign Compare : 0
   Max Size     : 268435455
   Debug Enable : 1
   size         : 390000
   average_time :   12.296 # [msec]
   throughput   :   31.718 # [mwords/sec]
   Debug_Time(0):   11.678 # [msec]
   Debug_Time(1):    6.497 # [msec]
   Debug_Time(2):    1.976 # [msec]
   Debug_Time(3):    1.880 # [msec]
   Debug_Time(4):    1.324 # [msec]
-
   Version      : 1.2
   Ways         : 16
   Words        : 2
   Feedback     : 1
   WordBits     : 32
   IndexBits    : 32
   Sort Order   : 0
   Sign Compare : 0
   Max Size     : 268435455
   Debug Enable : 1
   size         : 395000
   average_time :   12.504 # [msec]
   throughput   :   31.590 # [mwords/sec]
   Debug_Time(0):   12.033 # [msec]
   Debug_Time(1):    6.771 # [msec]
   Debug_Time(2):    2.021 # [msec]
   Debug_Time(3):    1.886 # [msec]
   Debug_Time(4):    1.355 # [msec]
-
   Version      : 1.2
   Ways         : 16
   Words        : 2
   Feedback     : 1
   WordBits     : 32
   IndexBits    : 32
   Sort Order   : 0
   Sign Compare : 0
   Max Size     : 268435455
   Debug Enable : 1
   size         : 400000
   average_time :   12.665 # [msec]
   throughput   :   31.584 # [mwords/sec]
   Debug_Time(0):   12.236 # [msec]
   Debug_Time(1):    6.857 # [msec]
   Debug_Time(2):    2.022 # [msec]
   Debug_Time(3):    1.938 # [msec]
   Debug_Time(4):    1.419 # [msec]
-
   Version      : 1.2
   Ways         : 16
   Words        : 2
   Feedback     : 1
   WordBits     : 32
   IndexBits    : 32
   Sort Order   : 0
   Sign Compare : 0
   Max Size     : 268435455
   Debug Enable : 1
   size         : 405000
   average_time :   12.808 # [msec]
   throughput   :   31.621 # [mwords/sec]
   Debug_Time(0):   12.357 # [msec]
   Debug_Time(1):    6.949 # [msec]
   Debug_Time(2):    2.078 # [msec]
   Debug_Time(3):    1.964 # [msec]
   Debug_Time(4):    1.367 # [msec]
-
   Version      : 1.2
   Ways         : 16
   Words        : 2
   Feedback     : 1
   WordBits     : 32
   IndexBits    : 32
   Sort Order   : 0
   Sign Compare : 0
   Max Size     : 268435455
   Debug Enable : 1
   size         : 410000
   average_time :   12.950 # [msec]
   throughput   :   31.660 # [mwords/sec]
   Debug_Time(0):   12.497 # [msec]
   Debug_Time(1):    7.021 # [msec]
   Debug_Time(2):    2.098 # [msec]
   Debug_Time(3):    1.998 # [msec]
   Debug_Time(4):    1.380 # [msec]
-
   Version      : 1.2
   Ways         : 16
   Words        : 2
   Feedback     : 1
   WordBits     : 32
   IndexBits    : 32
   Sort Order   : 0
   Sign Compare : 0
   Max Size     : 268435455
   Debug Enable : 1
   size         : 415000
   average_time :   13.103 # [msec]
   throughput   :   31.671 # [mwords/sec]
   Debug_Time(0):   12.715 # [msec]
   Debug_Time(1):    7.100 # [msec]
   Debug_Time(2):    2.125 # [msec]
   Debug_Time(3):    2.013 # [msec]
   Debug_Time(4):    1.478 # [msec]
-
   Version      : 1.2
   Ways         : 16
   Words        : 2
   Feedback     : 1
   WordBits     : 32
   IndexBits    : 32
   Sort Order   : 0
   Sign Compare : 0
   Max Size     : 268435455
   Debug Enable : 1
   size         : 420000
   average_time :   13.259 # [msec]
   throughput   :   31.678 # [mwords/sec]
   Debug_Time(0):   12.808 # [msec]
   Debug_Time(1):    7.163 # [msec]
   Debug_Time(2):    2.122 # [msec]
   Debug_Time(3):    2.032 # [msec]
   Debug_Time(4):    1.491 # [msec]
-
   Version      : 1.2
   Ways         : 16
   Words        : 2
   Feedback     : 1
   WordBits     : 32
   IndexBits    : 32
   Sort Order   : 0
   Sign Compare : 0
   Max Size     : 268435455
   Debug Enable : 1
   size         : 425000
   average_time :   13.457 # [msec]
   throughput   :   31.583 # [mwords/sec]
   Debug_Time(0):   12.981 # [msec]
   Debug_Time(1):    7.281 # [msec]
   Debug_Time(2):    2.174 # [msec]
   Debug_Time(3):    2.058 # [msec]
   Debug_Time(4):    1.468 # [msec]
-
   Version      : 1.2
   Ways         : 16
   Words        : 2
   Feedback     : 1
   WordBits     : 32
   IndexBits    : 32
   Sort Order   : 0
   Sign Compare : 0
   Max Size     : 268435455
   Debug Enable : 1
   size         : 430000
   average_time :   13.600 # [msec]
   throughput   :   31.617 # [mwords/sec]
   Debug_Time(0):   13.191 # [msec]
   Debug_Time(1):    7.356 # [msec]
   Debug_Time(2):    2.177 # [msec]
   Debug_Time(3):    2.084 # [msec]
   Debug_Time(4):    1.574 # [msec]
-
   Version      : 1.2
   Ways         : 16
   Words        : 2
   Feedback     : 1
   WordBits     : 32
   IndexBits    : 32
   Sort Order   : 0
   Sign Compare : 0
   Max Size     : 268435455
   Debug Enable : 1
   size         : 435000
   average_time :   13.736 # [msec]
   throughput   :   31.669 # [mwords/sec]
   Debug_Time(0):   13.256 # [msec]
   Debug_Time(1):    7.446 # [msec]
   Debug_Time(2):    2.201 # [msec]
   Debug_Time(3):    2.110 # [msec]
   Debug_Time(4):    1.500 # [msec]
-
   Version      : 1.2
   Ways         : 16
   Words        : 2
   Feedback     : 1
   WordBits     : 32
   IndexBits    : 32
   Sort Order   : 0
   Sign Compare : 0
   Max Size     : 268435455
   Debug Enable : 1
   size         : 440000
   average_time :   13.911 # [msec]
   throughput   :   31.631 # [mwords/sec]
   Debug_Time(0):   13.436 # [msec]
   Debug_Time(1):    7.512 # [msec]
   Debug_Time(2):    2.252 # [msec]
   Debug_Time(3):    2.132 # [msec]
   Debug_Time(4):    1.540 # [msec]
-
   Version      : 1.2
   Ways         : 16
   Words        : 2
   Feedback     : 1
   WordBits     : 32
   IndexBits    : 32
   Sort Order   : 0
   Sign Compare : 0
   Max Size     : 268435455
   Debug Enable : 1
   size         : 445000
   average_time :   14.060 # [msec]
   throughput   :   31.649 # [mwords/sec]
   Debug_Time(0):   13.552 # [msec]
   Debug_Time(1):    7.566 # [msec]
   Debug_Time(2):    2.275 # [msec]
   Debug_Time(3):    2.163 # [msec]
   Debug_Time(4):    1.549 # [msec]
-
   Version      : 1.2
   Ways         : 16
   Words        : 2
   Feedback     : 1
   WordBits     : 32
   IndexBits    : 32
   Sort Order   : 0
   Sign Compare : 0
   Max Size     : 268435455
   Debug Enable : 1
   size         : 450000
   average_time :   14.211 # [msec]
   throughput   :   31.666 # [mwords/sec]
   Debug_Time(0):   13.771 # [msec]
   Debug_Time(1):    7.664 # [msec]
   Debug_Time(2):    2.305 # [msec]
   Debug_Time(3):    2.183 # [msec]
   Debug_Time(4):    1.619 # [msec]
-
   Version      : 1.2
   Ways         : 16
   Words        : 2
   Feedback     : 1
   WordBits     : 32
   IndexBits    : 32
   Sort Order   : 0
   Sign Compare : 0
   Max Size     : 268435455
   Debug Enable : 1
   size         : 455000
   average_time :   14.351 # [msec]
   throughput   :   31.706 # [mwords/sec]
   Debug_Time(0):   13.743 # [msec]
   Debug_Time(1):    7.648 # [msec]
   Debug_Time(2):    2.309 # [msec]
   Debug_Time(3):    2.213 # [msec]
   Debug_Time(4):    1.573 # [msec]
-
   Version      : 1.2
   Ways         : 16
   Words        : 2
   Feedback     : 1
   WordBits     : 32
   IndexBits    : 32
   Sort Order   : 0
   Sign Compare : 0
   Max Size     : 268435455
   Debug Enable : 1
   size         : 460000
   average_time :   14.509 # [msec]
   throughput   :   31.705 # [mwords/sec]
   Debug_Time(0):   14.007 # [msec]
   Debug_Time(1):    7.753 # [msec]
   Debug_Time(2):    2.357 # [msec]
   Debug_Time(3):    2.229 # [msec]
   Debug_Time(4):    1.668 # [msec]
-
   Version      : 1.2
   Ways         : 16
   Words        : 2
   Feedback     : 1
   WordBits     : 32
   IndexBits    : 32
   Sort Order   : 0
   Sign Compare : 0
   Max Size     : 268435455
   Debug Enable : 1
   size         : 465000
   average_time :   14.675 # [msec]
   throughput   :   31.686 # [mwords/sec]
   Debug_Time(0):   14.391 # [msec]
   Debug_Time(1):    7.916 # [msec]
   Debug_Time(2):    2.378 # [msec]
   Debug_Time(3):    2.285 # [msec]
   Debug_Time(4):    1.812 # [msec]
-
   Version      : 1.2
   Ways         : 16
   Words        : 2
   Feedback     : 1
   WordBits     : 32
   IndexBits    : 32
   Sort Order   : 0
   Sign Compare : 0
   Max Size     : 268435455
   Debug Enable : 1
   size         : 470000
   average_time :   14.835 # [msec]
   throughput   :   31.681 # [mwords/sec]
   Debug_Time(0):   14.543 # [msec]
   Debug_Time(1):    7.926 # [msec]
   Debug_Time(2):    2.400 # [msec]
   Debug_Time(3):    2.345 # [msec]
   Debug_Time(4):    1.872 # [msec]
-
   Version      : 1.2
   Ways         : 16
   Words        : 2
   Feedback     : 1
   WordBits     : 32
   IndexBits    : 32
   Sort Order   : 0
   Sign Compare : 0
   Max Size     : 268435455
   Debug Enable : 1
   size         : 475000
   average_time :   15.013 # [msec]
   throughput   :   31.640 # [mwords/sec]
   Debug_Time(0):   14.807 # [msec]
   Debug_Time(1):    8.048 # [msec]
   Debug_Time(2):    2.438 # [msec]
   Debug_Time(3):    2.403 # [msec]
   Debug_Time(4):    1.919 # [msec]
-
   Version      : 1.2
   Ways         : 16
   Words        : 2
   Feedback     : 1
   WordBits     : 32
   IndexBits    : 32
   Sort Order   : 0
   Sign Compare : 0
   Max Size     : 268435455
   Debug Enable : 1
   size         : 480000
   average_time :   15.159 # [msec]
   throughput   :   31.664 # [mwords/sec]
   Debug_Time(0):   14.975 # [msec]
   Debug_Time(1):    8.102 # [msec]
   Debug_Time(2):    2.535 # [msec]
   Debug_Time(3):    2.428 # [msec]
   Debug_Time(4):    1.909 # [msec]
-
   Version      : 1.2
   Ways         : 16
   Words        : 2
   Feedback     : 1
   WordBits     : 32
   IndexBits    : 32
   Sort Order   : 0
   Sign Compare : 0
   Max Size     : 268435455
   Debug Enable : 1
   size         : 485000
   average_time :   15.337 # [msec]
   throughput   :   31.623 # [mwords/sec]
   Debug_Time(0):   15.167 # [msec]
   Debug_Time(1):    8.311 # [msec]
   Debug_Time(2):    2.615 # [msec]
   Debug_Time(3):    2.403 # [msec]
   Debug_Time(4):    1.838 # [msec]
-
   Version      : 1.2
   Ways         : 16
   Words        : 2
   Feedback     : 1
   WordBits     : 32
   IndexBits    : 32
   Sort Order   : 0
   Sign Compare : 0
   Max Size     : 268435455
   Debug Enable : 1
   size         : 490000
   average_time :   15.451 # [msec]
   throughput   :   31.713 # [mwords/sec]
   Debug_Time(0):   15.185 # [msec]
   Debug_Time(1):    8.267 # [msec]
   Debug_Time(2):    2.625 # [msec]
   Debug_Time(3):    2.434 # [msec]
   Debug_Time(4):    1.858 # [msec]
-
   Version      : 1.2
   Ways         : 16
   Words        : 2
   Feedback     : 1
   WordBits     : 32
   IndexBits    : 32
   Sort Order   : 0
   Sign Compare : 0
   Max Size     : 268435455
   Debug Enable : 1
   size         : 495000
   average_time :   15.637 # [msec]
   throughput   :   31.656 # [mwords/sec]
   Debug_Time(0):   15.391 # [msec]
   Debug_Time(1):    8.511 # [msec]
   Debug_Time(2):    2.543 # [msec]
   Debug_Time(3):    2.410 # [msec]
   Debug_Time(4):    1.926 # [msec]
-
   Version      : 1.2
   Ways         : 16
   Words        : 2
   Feedback     : 1
   WordBits     : 32
   IndexBits    : 32
   Sort Order   : 0
   Sign Compare : 0
   Max Size     : 268435455
   Debug Enable : 1
   size         : 500000
   average_time :   15.737 # [msec]
   throughput   :   31.772 # [mwords/sec]
   Debug_Time(0):   15.433 # [msec]
   Debug_Time(1):    8.529 # [msec]
   Debug_Time(2):    2.535 # [msec]
   Debug_Time(3):    2.475 # [msec]
   Debug_Time(4):    1.893 # [msec]
-
   Version      : 1.2
   Ways         : 16
   Words        : 2
   Feedback     : 1
   WordBits     : 32
   IndexBits    : 32
   Sort Order   : 0
   Sign Compare : 0
   Max Size     : 268435455
   Debug Enable : 1
   size         : 505000
   average_time :   15.903 # [msec]
   throughput   :   31.754 # [mwords/sec]
   Debug_Time(0):   15.575 # [msec]
   Debug_Time(1):    8.600 # [msec]
   Debug_Time(2):    2.593 # [msec]
   Debug_Time(3):    2.476 # [msec]
   Debug_Time(4):    1.906 # [msec]
-
   Version      : 1.2
   Ways         : 16
   Words        : 2
   Feedback     : 1
   WordBits     : 32
   IndexBits    : 32
   Sort Order   : 0
   Sign Compare : 0
   Max Size     : 268435455
   Debug Enable : 1
   size         : 510000
   average_time :   16.068 # [msec]
   throughput   :   31.740 # [mwords/sec]
   Debug_Time(0):   15.793 # [msec]
   Debug_Time(1):    8.713 # [msec]
   Debug_Time(2):    2.618 # [msec]
   Debug_Time(3):    2.521 # [msec]
   Debug_Time(4):    1.941 # [msec]
-
   Version      : 1.2
   Ways         : 16
   Words        : 2
   Feedback     : 1
   WordBits     : 32
   IndexBits    : 32
   Sort Order   : 0
   Sign Compare : 0
   Max Size     : 268435455
   Debug Enable : 1
   size         : 515000
   average_time :   16.206 # [msec]
   throughput   :   31.779 # [mwords/sec]
   Debug_Time(0):   15.888 # [msec]
   Debug_Time(1):    8.737 # [msec]
   Debug_Time(2):    2.642 # [msec]
   Debug_Time(3):    2.542 # [msec]
   Debug_Time(4):    1.967 # [msec]
-
   Version      : 1.2
   Ways         : 16
   Words        : 2
   Feedback     : 1
   WordBits     : 32
   IndexBits    : 32
   Sort Order   : 0
   Sign Compare : 0
   Max Size     : 268435455
   Debug Enable : 1
   size         : 520000
   average_time :   16.390 # [msec]
   throughput   :   31.726 # [mwords/sec]
   Debug_Time(0):   15.805 # [msec]
   Debug_Time(1):    8.601 # [msec]
   Debug_Time(2):    2.658 # [msec]
   Debug_Time(3):    2.540 # [msec]
   Debug_Time(4):    2.006 # [msec]
-
   Version      : 1.2
   Ways         : 16
   Words        : 2
   Feedback     : 1
   WordBits     : 32
   IndexBits    : 32
   Sort Order   : 0
   Sign Compare : 0
   Max Size     : 268435455
   Debug Enable : 1
   size         : 525000
   average_time :   16.565 # [msec]
   throughput   :   31.694 # [mwords/sec]
   Debug_Time(0):   16.122 # [msec]
   Debug_Time(1):    8.805 # [msec]
   Debug_Time(2):    2.705 # [msec]
   Debug_Time(3):    2.571 # [msec]
   Debug_Time(4):    2.040 # [msec]
-
   Version      : 1.2
   Ways         : 16
   Words        : 2
   Feedback     : 1
   WordBits     : 32
   IndexBits    : 32
   Sort Order   : 0
   Sign Compare : 0
   Max Size     : 268435455
   Debug Enable : 1
   size         : 530000
   average_time :   16.673 # [msec]
   throughput   :   31.788 # [mwords/sec]
   Debug_Time(0):   16.239 # [msec]
   Debug_Time(1):    8.849 # [msec]
   Debug_Time(2):    2.722 # [msec]
   Debug_Time(3):    2.598 # [msec]
   Debug_Time(4):    2.069 # [msec]
-
   Version      : 1.2
   Ways         : 16
   Words        : 2
   Feedback     : 1
   WordBits     : 32
   IndexBits    : 32
   Sort Order   : 0
   Sign Compare : 0
   Max Size     : 268435455
   Debug Enable : 1
   size         : 535000
   average_time :   16.821 # [msec]
   throughput   :   31.806 # [mwords/sec]
   Debug_Time(0):   16.458 # [msec]
   Debug_Time(1):    8.913 # [msec]
   Debug_Time(2):    2.760 # [msec]
   Debug_Time(3):    2.592 # [msec]
   Debug_Time(4):    2.193 # [msec]
-
   Version      : 1.2
   Ways         : 16
   Words        : 2
   Feedback     : 1
   WordBits     : 32
   IndexBits    : 32
   Sort Order   : 0
   Sign Compare : 0
   Max Size     : 268435455
   Debug Enable : 1
   size         : 540000
   average_time :   16.980 # [msec]
   throughput   :   31.802 # [mwords/sec]
   Debug_Time(0):   16.675 # [msec]
   Debug_Time(1):    8.974 # [msec]
   Debug_Time(2):    2.760 # [msec]
   Debug_Time(3):    2.614 # [msec]
   Debug_Time(4):    2.328 # [msec]
-
   Version      : 1.2
   Ways         : 16
   Words        : 2
   Feedback     : 1
   WordBits     : 32
   IndexBits    : 32
   Sort Order   : 0
   Sign Compare : 0
   Max Size     : 268435455
   Debug Enable : 1
   size         : 545000
   average_time :   17.173 # [msec]
   throughput   :   31.736 # [mwords/sec]
   Debug_Time(0):   16.980 # [msec]
   Debug_Time(1):    9.091 # [msec]
   Debug_Time(2):    2.789 # [msec]
   Debug_Time(3):    2.673 # [msec]
   Debug_Time(4):    2.427 # [msec]
-
   Version      : 1.2
   Ways         : 16
   Words        : 2
   Feedback     : 1
   WordBits     : 32
   IndexBits    : 32
   Sort Order   : 0
   Sign Compare : 0
   Max Size     : 268435455
   Debug Enable : 1
   size         : 550000
   average_time :   17.362 # [msec]
   throughput   :   31.679 # [mwords/sec]
   Debug_Time(0):   17.218 # [msec]
   Debug_Time(1):    9.182 # [msec]
   Debug_Time(2):    2.818 # [msec]
   Debug_Time(3):    2.742 # [msec]
   Debug_Time(4):    2.477 # [msec]
-
   Version      : 1.2
   Ways         : 16
   Words        : 2
   Feedback     : 1
   WordBits     : 32
   IndexBits    : 32
   Sort Order   : 0
   Sign Compare : 0
   Max Size     : 268435455
   Debug Enable : 1
   size         : 555000
   average_time :   17.497 # [msec]
   throughput   :   31.720 # [mwords/sec]
   Debug_Time(0):   17.392 # [msec]
   Debug_Time(1):    9.294 # [msec]
   Debug_Time(2):    2.835 # [msec]
   Debug_Time(3):    2.797 # [msec]
   Debug_Time(4):    2.466 # [msec]
-
   Version      : 1.2
   Ways         : 16
   Words        : 2
   Feedback     : 1
   WordBits     : 32
   IndexBits    : 32
   Sort Order   : 0
   Sign Compare : 0
   Max Size     : 268435455
   Debug Enable : 1
   size         : 560000
   average_time :   17.651 # [msec]
   throughput   :   31.727 # [mwords/sec]
   Debug_Time(0):   17.586 # [msec]
   Debug_Time(1):    9.383 # [msec]
   Debug_Time(2):    2.862 # [msec]
   Debug_Time(3):    2.850 # [msec]
   Debug_Time(4):    2.491 # [msec]
-
   Version      : 1.2
   Ways         : 16
   Words        : 2
   Feedback     : 1
   WordBits     : 32
   IndexBits    : 32
   Sort Order   : 0
   Sign Compare : 0
   Max Size     : 268435455
   Debug Enable : 1
   size         : 565000
   average_time :   17.814 # [msec]
   throughput   :   31.717 # [mwords/sec]
   Debug_Time(0):   17.785 # [msec]
   Debug_Time(1):    9.467 # [msec]
   Debug_Time(2):    2.949 # [msec]
   Debug_Time(3):    2.866 # [msec]
   Debug_Time(4):    2.503 # [msec]
-
   Version      : 1.2
   Ways         : 16
   Words        : 2
   Feedback     : 1
   WordBits     : 32
   IndexBits    : 32
   Sort Order   : 0
   Sign Compare : 0
   Max Size     : 268435455
   Debug Enable : 1
   size         : 570000
   average_time :   18.014 # [msec]
   throughput   :   31.641 # [mwords/sec]
   Debug_Time(0):   18.024 # [msec]
   Debug_Time(1):    9.578 # [msec]
   Debug_Time(2):    2.990 # [msec]
   Debug_Time(3):    2.902 # [msec]
   Debug_Time(4):    2.554 # [msec]
-
   Version      : 1.2
   Ways         : 16
   Words        : 2
   Feedback     : 1
   WordBits     : 32
   IndexBits    : 32
   Sort Order   : 0
   Sign Compare : 0
   Max Size     : 268435455
   Debug Enable : 1
   size         : 575000
   average_time :   18.146 # [msec]
   throughput   :   31.688 # [mwords/sec]
   Debug_Time(0):   18.168 # [msec]
   Debug_Time(1):    9.615 # [msec]
   Debug_Time(2):    3.085 # [msec]
   Debug_Time(3):    2.924 # [msec]
   Debug_Time(4):    2.544 # [msec]
-
   Version      : 1.2
   Ways         : 16
   Words        : 2
   Feedback     : 1
   WordBits     : 32
   IndexBits    : 32
   Sort Order   : 0
   Sign Compare : 0
   Max Size     : 268435455
   Debug Enable : 1
   size         : 580000
   average_time :   18.296 # [msec]
   throughput   :   31.700 # [mwords/sec]
   Debug_Time(0):   18.348 # [msec]
   Debug_Time(1):    9.704 # [msec]
   Debug_Time(2):    3.156 # [msec]
   Debug_Time(3):    2.932 # [msec]
   Debug_Time(4):    2.556 # [msec]
-
   Version      : 1.2
   Ways         : 16
   Words        : 2
   Feedback     : 1
   WordBits     : 32
   IndexBits    : 32
   Sort Order   : 0
   Sign Compare : 0
   Max Size     : 268435455
   Debug Enable : 1
   size         : 585000
   average_time :   18.454 # [msec]
   throughput   :   31.701 # [mwords/sec]
   Debug_Time(0):   18.554 # [msec]
   Debug_Time(1):    9.818 # [msec]
   Debug_Time(2):    3.213 # [msec]
   Debug_Time(3):    2.947 # [msec]
   Debug_Time(4):    2.577 # [msec]
-
   Version      : 1.2
   Ways         : 16
   Words        : 2
   Feedback     : 1
   WordBits     : 32
   IndexBits    : 32
   Sort Order   : 0
   Sign Compare : 0
   Max Size     : 268435455
   Debug Enable : 1
   size         : 590000
   average_time :   18.633 # [msec]
   throughput   :   31.663 # [mwords/sec]
   Debug_Time(0):   18.681 # [msec]
   Debug_Time(1):    9.858 # [msec]
   Debug_Time(2):    3.245 # [msec]
   Debug_Time(3):    2.986 # [msec]
   Debug_Time(4):    2.592 # [msec]
-
   Version      : 1.2
   Ways         : 16
   Words        : 2
   Feedback     : 1
   WordBits     : 32
   IndexBits    : 32
   Sort Order   : 0
   Sign Compare : 0
   Max Size     : 268435455
   Debug Enable : 1
   size         : 595000
   average_time :   18.789 # [msec]
   throughput   :   31.667 # [mwords/sec]
   Debug_Time(0):   18.934 # [msec]
   Debug_Time(1):   10.106 # [msec]
   Debug_Time(2):    3.272 # [msec]
   Debug_Time(3):    2.991 # [msec]
   Debug_Time(4):    2.566 # [msec]
-
   Version      : 1.2
   Ways         : 16
   Words        : 2
   Feedback     : 1
   WordBits     : 32
   IndexBits    : 32
   Sort Order   : 0
   Sign Compare : 0
   Max Size     : 268435455
   Debug Enable : 1
   size         : 600000
   average_time :   18.924 # [msec]
   throughput   :   31.706 # [mwords/sec]
   Debug_Time(0):   19.094 # [msec]
   Debug_Time(1):   10.198 # [msec]
   Debug_Time(2):    3.261 # [msec]
   Debug_Time(3):    3.026 # [msec]
   Debug_Time(4):    2.610 # [msec]
-
   Version      : 1.2
   Ways         : 16
   Words        : 2
   Feedback     : 1
   WordBits     : 32
   IndexBits    : 32
   Sort Order   : 0
   Sign Compare : 0
   Max Size     : 268435455
   Debug Enable : 1
   size         : 605000
   average_time :   19.112 # [msec]
   throughput   :   31.655 # [mwords/sec]
   Debug_Time(0):   19.301 # [msec]
   Debug_Time(1):   10.331 # [msec]
   Debug_Time(2):    3.255 # [msec]
   Debug_Time(3):    3.053 # [msec]
   Debug_Time(4):    2.662 # [msec]
-
   Version      : 1.2
   Ways         : 16
   Words        : 2
   Feedback     : 1
   WordBits     : 32
   IndexBits    : 32
   Sort Order   : 0
   Sign Compare : 0
   Max Size     : 268435455
   Debug Enable : 1
   size         : 610000
   average_time :   19.282 # [msec]
   throughput   :   31.636 # [mwords/sec]
   Debug_Time(0):   19.479 # [msec]
   Debug_Time(1):   10.425 # [msec]
   Debug_Time(2):    3.253 # [msec]
   Debug_Time(3):    3.086 # [msec]
   Debug_Time(4):    2.716 # [msec]
-
   Version      : 1.2
   Ways         : 16
   Words        : 2
   Feedback     : 1
   WordBits     : 32
   IndexBits    : 32
   Sort Order   : 0
   Sign Compare : 0
   Max Size     : 268435455
   Debug Enable : 1
   size         : 615000
   average_time :   19.372 # [msec]
   throughput   :   31.748 # [mwords/sec]
   Debug_Time(0):   19.059 # [msec]
   Debug_Time(1):   10.568 # [msec]
   Debug_Time(2):    3.151 # [msec]
   Debug_Time(3):    2.986 # [msec]
   Debug_Time(4):    2.353 # [msec]
-
   Version      : 1.2
   Ways         : 16
   Words        : 2
   Feedback     : 1
   WordBits     : 32
   IndexBits    : 32
   Sort Order   : 0
   Sign Compare : 0
   Max Size     : 268435455
   Debug Enable : 1
   size         : 620000
   average_time :   19.508 # [msec]
   throughput   :   31.782 # [mwords/sec]
   Debug_Time(0):   18.718 # [msec]
   Debug_Time(1):   10.243 # [msec]
   Debug_Time(2):    3.139 # [msec]
   Debug_Time(3):    3.015 # [msec]
   Debug_Time(4):    2.321 # [msec]
-
   Version      : 1.2
   Ways         : 16
   Words        : 2
   Feedback     : 1
   WordBits     : 32
   IndexBits    : 32
   Sort Order   : 0
   Sign Compare : 0
   Max Size     : 268435455
   Debug Enable : 1
   size         : 625000
   average_time :   19.666 # [msec]
   throughput   :   31.780 # [mwords/sec]
   Debug_Time(0):   18.855 # [msec]
   Debug_Time(1):   10.326 # [msec]
   Debug_Time(2):    3.193 # [msec]
   Debug_Time(3):    3.035 # [msec]
   Debug_Time(4):    2.301 # [msec]
-
   Version      : 1.2
   Ways         : 16
   Words        : 2
   Feedback     : 1
   WordBits     : 32
   IndexBits    : 32
   Sort Order   : 0
   Sign Compare : 0
   Max Size     : 268435455
   Debug Enable : 1
   size         : 630000
   average_time :   19.763 # [msec]
   throughput   :   31.877 # [mwords/sec]
   Debug_Time(0):   18.925 # [msec]
   Debug_Time(1):   10.414 # [msec]
   Debug_Time(2):    3.212 # [msec]
   Debug_Time(3):    3.035 # [msec]
   Debug_Time(4):    2.264 # [msec]
-
   Version      : 1.2
   Ways         : 16
   Words        : 2
   Feedback     : 1
   WordBits     : 32
   IndexBits    : 32
   Sort Order   : 0
   Sign Compare : 0
   Max Size     : 268435455
   Debug Enable : 1
   size         : 635000
   average_time :   20.038 # [msec]
   throughput   :   31.689 # [mwords/sec]
   Debug_Time(0):   19.751 # [msec]
   Debug_Time(1):   10.659 # [msec]
   Debug_Time(2):    3.399 # [msec]
   Debug_Time(3):    3.089 # [msec]
   Debug_Time(4):    2.604 # [msec]
-
   Version      : 1.2
   Ways         : 16
   Words        : 2
   Feedback     : 1
   WordBits     : 32
   IndexBits    : 32
   Sort Order   : 0
   Sign Compare : 0
   Max Size     : 268435455
   Debug Enable : 1
   size         : 640000
   average_time :   20.029 # [msec]
   throughput   :   31.953 # [mwords/sec]
   Debug_Time(0):   19.269 # [msec]
   Debug_Time(1):   10.606 # [msec]
   Debug_Time(2):    3.242 # [msec]
   Debug_Time(3):    3.106 # [msec]
   Debug_Time(4):    2.315 # [msec]
-
   Version      : 1.2
   Ways         : 16
   Words        : 2
   Feedback     : 1
   WordBits     : 32
   IndexBits    : 32
   Sort Order   : 0
   Sign Compare : 0
   Max Size     : 268435455
   Debug Enable : 1
   size         : 645000
   average_time :   20.203 # [msec]
   throughput   :   31.926 # [mwords/sec]
   Debug_Time(0):   19.550 # [msec]
   Debug_Time(1):   10.702 # [msec]
   Debug_Time(2):    3.274 # [msec]
   Debug_Time(3):    3.133 # [msec]
   Debug_Time(4):    2.442 # [msec]
-
   Version      : 1.2
   Ways         : 16
   Words        : 2
   Feedback     : 1
   WordBits     : 32
   IndexBits    : 32
   Sort Order   : 0
   Sign Compare : 0
   Max Size     : 268435455
   Debug Enable : 1
   size         : 650000
   average_time :   20.354 # [msec]
   throughput   :   31.935 # [mwords/sec]
   Debug_Time(0):   19.741 # [msec]
   Debug_Time(1):   10.814 # [msec]
   Debug_Time(2):    3.320 # [msec]
   Debug_Time(3):    3.164 # [msec]
   Debug_Time(4):    2.442 # [msec]
-
   Version      : 1.2
   Ways         : 16
   Words        : 2
   Feedback     : 1
   WordBits     : 32
   IndexBits    : 32
   Sort Order   : 0
   Sign Compare : 0
   Max Size     : 268435455
   Debug Enable : 1
   size         : 655000
   average_time :   20.528 # [msec]
   throughput   :   31.908 # [mwords/sec]
   Debug_Time(0):   19.936 # [msec]
   Debug_Time(1):   10.933 # [msec]
   Debug_Time(2):    3.357 # [msec]
   Debug_Time(3):    3.182 # [msec]
   Debug_Time(4):    2.464 # [msec]
-
   Version      : 1.2
   Ways         : 16
   Words        : 2
   Feedback     : 1
   WordBits     : 32
   IndexBits    : 32
   Sort Order   : 0
   Sign Compare : 0
   Max Size     : 268435455
   Debug Enable : 1
   size         : 660000
   average_time :   20.699 # [msec]
   throughput   :   31.885 # [mwords/sec]
   Debug_Time(0):   20.103 # [msec]
   Debug_Time(1):   11.044 # [msec]
   Debug_Time(2):    3.379 # [msec]
   Debug_Time(3):    3.176 # [msec]
   Debug_Time(4):    2.503 # [msec]
-
   Version      : 1.2
   Ways         : 16
   Words        : 2
   Feedback     : 1
   WordBits     : 32
   IndexBits    : 32
   Sort Order   : 0
   Sign Compare : 0
   Max Size     : 268435455
   Debug Enable : 1
   size         : 665000
   average_time :   20.876 # [msec]
   throughput   :   31.854 # [mwords/sec]
   Debug_Time(0):   20.217 # [msec]
   Debug_Time(1):   11.059 # [msec]
   Debug_Time(2):    3.404 # [msec]
   Debug_Time(3):    3.198 # [msec]
   Debug_Time(4):    2.555 # [msec]
-
   Version      : 1.2
   Ways         : 16
   Words        : 2
   Feedback     : 1
   WordBits     : 32
   IndexBits    : 32
   Sort Order   : 0
   Sign Compare : 0
   Max Size     : 268435455
   Debug Enable : 1
   size         : 670000
   average_time :   20.968 # [msec]
   throughput   :   31.954 # [mwords/sec]
   Debug_Time(0):   20.277 # [msec]
   Debug_Time(1):   11.133 # [msec]
   Debug_Time(2):    3.421 # [msec]
   Debug_Time(3):    3.253 # [msec]
   Debug_Time(4):    2.470 # [msec]
-
   Version      : 1.2
   Ways         : 16
   Words        : 2
   Feedback     : 1
   WordBits     : 32
   IndexBits    : 32
   Sort Order   : 0
   Sign Compare : 0
   Max Size     : 268435455
   Debug Enable : 1
   size         : 675000
   average_time :   21.167 # [msec]
   throughput   :   31.890 # [mwords/sec]
   Debug_Time(0):   20.458 # [msec]
   Debug_Time(1):   11.244 # [msec]
   Debug_Time(2):    3.449 # [msec]
   Debug_Time(3):    3.273 # [msec]
   Debug_Time(4):    2.492 # [msec]
-
   Version      : 1.2
   Ways         : 16
   Words        : 2
   Feedback     : 1
   WordBits     : 32
   IndexBits    : 32
   Sort Order   : 0
   Sign Compare : 0
   Max Size     : 268435455
   Debug Enable : 1
   size         : 680000
   average_time :   21.305 # [msec]
   throughput   :   31.917 # [mwords/sec]
   Debug_Time(0):   20.603 # [msec]
   Debug_Time(1):   11.322 # [msec]
   Debug_Time(2):    3.477 # [msec]
   Debug_Time(3):    3.295 # [msec]
   Debug_Time(4):    2.509 # [msec]
-
   Version      : 1.2
   Ways         : 16
   Words        : 2
   Feedback     : 1
   WordBits     : 32
   IndexBits    : 32
   Sort Order   : 0
   Sign Compare : 0
   Max Size     : 268435455
   Debug Enable : 1
   size         : 685000
   average_time :   21.433 # [msec]
   throughput   :   31.961 # [mwords/sec]
   Debug_Time(0):   20.709 # [msec]
   Debug_Time(1):   11.393 # [msec]
   Debug_Time(2):    3.498 # [msec]
   Debug_Time(3):    3.322 # [msec]
   Debug_Time(4):    2.496 # [msec]
-
   Version      : 1.2
   Ways         : 16
   Words        : 2
   Feedback     : 1
   WordBits     : 32
   IndexBits    : 32
   Sort Order   : 0
   Sign Compare : 0
   Max Size     : 268435455
   Debug Enable : 1
   size         : 690000
   average_time :   21.595 # [msec]
   throughput   :   31.952 # [mwords/sec]
   Debug_Time(0):   20.956 # [msec]
   Debug_Time(1):   11.487 # [msec]
   Debug_Time(2):    3.512 # [msec]
   Debug_Time(3):    3.352 # [msec]
   Debug_Time(4):    2.605 # [msec]
-
   Version      : 1.2
   Ways         : 16
   Words        : 2
   Feedback     : 1
   WordBits     : 32
   IndexBits    : 32
   Sort Order   : 0
   Sign Compare : 0
   Max Size     : 268435455
   Debug Enable : 1
   size         : 695000
   average_time :   21.818 # [msec]
   throughput   :   31.855 # [mwords/sec]
   Debug_Time(0):   21.022 # [msec]
   Debug_Time(1):   11.578 # [msec]
   Debug_Time(2):    3.553 # [msec]
   Debug_Time(3):    3.342 # [msec]
   Debug_Time(4):    2.549 # [msec]
-
   Version      : 1.2
   Ways         : 16
   Words        : 2
   Feedback     : 1
   WordBits     : 32
   IndexBits    : 32
   Sort Order   : 0
   Sign Compare : 0
   Max Size     : 268435455
   Debug Enable : 1
   size         : 700000
   average_time :   21.934 # [msec]
   throughput   :   31.914 # [mwords/sec]
   Debug_Time(0):   21.193 # [msec]
   Debug_Time(1):   11.665 # [msec]
   Debug_Time(2):    3.577 # [msec]
   Debug_Time(3):    3.364 # [msec]
   Debug_Time(4):    2.587 # [msec]
-
   Version      : 1.2
   Ways         : 16
   Words        : 2
   Feedback     : 1
   WordBits     : 32
   IndexBits    : 32
   Sort Order   : 0
   Sign Compare : 0
   Max Size     : 268435455
   Debug Enable : 1
   size         : 705000
   average_time :   22.137 # [msec]
   throughput   :   31.847 # [mwords/sec]
   Debug_Time(0):   21.384 # [msec]
   Debug_Time(1):   11.717 # [msec]
   Debug_Time(2):    3.602 # [msec]
   Debug_Time(3):    3.420 # [msec]
   Debug_Time(4):    2.646 # [msec]
-
   Version      : 1.2
   Ways         : 16
   Words        : 2
   Feedback     : 1
   WordBits     : 32
   IndexBits    : 32
   Sort Order   : 0
   Sign Compare : 0
   Max Size     : 268435455
   Debug Enable : 1
   size         : 710000
   average_time :   22.279 # [msec]
   throughput   :   31.868 # [mwords/sec]
   Debug_Time(0):   21.543 # [msec]
   Debug_Time(1):   11.812 # [msec]
   Debug_Time(2):    3.630 # [msec]
   Debug_Time(3):    3.444 # [msec]
   Debug_Time(4):    2.656 # [msec]
-
   Version      : 1.2
   Ways         : 16
   Words        : 2
   Feedback     : 1
   WordBits     : 32
   IndexBits    : 32
   Sort Order   : 0
   Sign Compare : 0
   Max Size     : 268435455
   Debug Enable : 1
   size         : 715000
   average_time :   22.414 # [msec]
   throughput   :   31.900 # [mwords/sec]
   Debug_Time(0):   21.628 # [msec]
   Debug_Time(1):   11.894 # [msec]
   Debug_Time(2):    3.661 # [msec]
   Debug_Time(3):    3.470 # [msec]
   Debug_Time(4):    2.604 # [msec]
-
   Version      : 1.2
   Ways         : 16
   Words        : 2
   Feedback     : 1
   WordBits     : 32
   IndexBits    : 32
   Sort Order   : 0
   Sign Compare : 0
   Max Size     : 268435455
   Debug Enable : 1
   size         : 720000
   average_time :   22.531 # [msec]
   throughput   :   31.956 # [mwords/sec]
   Debug_Time(0):   21.767 # [msec]
   Debug_Time(1):   11.942 # [msec]
   Debug_Time(2):    3.662 # [msec]
   Debug_Time(3):    3.493 # [msec]
   Debug_Time(4):    2.669 # [msec]
-
   Version      : 1.2
   Ways         : 16
   Words        : 2
   Feedback     : 1
   WordBits     : 32
   IndexBits    : 32
   Sort Order   : 0
   Sign Compare : 0
   Max Size     : 268435455
   Debug Enable : 1
   size         : 725000
   average_time :   22.728 # [msec]
   throughput   :   31.899 # [mwords/sec]
   Debug_Time(0):   21.999 # [msec]
   Debug_Time(1):   12.049 # [msec]
   Debug_Time(2):    3.717 # [msec]
   Debug_Time(3):    3.516 # [msec]
   Debug_Time(4):    2.717 # [msec]
-
   Version      : 1.2
   Ways         : 16
   Words        : 2
   Feedback     : 1
   WordBits     : 32
   IndexBits    : 32
   Sort Order   : 0
   Sign Compare : 0
   Max Size     : 268435455
   Debug Enable : 1
   size         : 730000
   average_time :   22.834 # [msec]
   throughput   :   31.970 # [mwords/sec]
   Debug_Time(0):   22.070 # [msec]
   Debug_Time(1):   12.139 # [msec]
   Debug_Time(2):    3.707 # [msec]
   Debug_Time(3):    3.537 # [msec]
   Debug_Time(4):    2.687 # [msec]
-
   Version      : 1.2
   Ways         : 16
   Words        : 2
   Feedback     : 1
   WordBits     : 32
   IndexBits    : 32
   Sort Order   : 0
   Sign Compare : 0
   Max Size     : 268435455
   Debug Enable : 1
   size         : 735000
   average_time :   22.964 # [msec]
   throughput   :   32.007 # [mwords/sec]
   Debug_Time(0):   22.309 # [msec]
   Debug_Time(1):   12.211 # [msec]
   Debug_Time(2):    3.752 # [msec]
   Debug_Time(3):    3.562 # [msec]
   Debug_Time(4):    2.785 # [msec]
-
   Version      : 1.2
   Ways         : 16
   Words        : 2
   Feedback     : 1
   WordBits     : 32
   IndexBits    : 32
   Sort Order   : 0
   Sign Compare : 0
   Max Size     : 268435455
   Debug Enable : 1
   size         : 740000
   average_time :   23.209 # [msec]
   throughput   :   31.884 # [mwords/sec]
   Debug_Time(0):   22.989 # [msec]
   Debug_Time(1):   12.244 # [msec]
   Debug_Time(2):    3.786 # [msec]
   Debug_Time(3):    3.686 # [msec]
   Debug_Time(4):    3.273 # [msec]
-
   Version      : 1.2
   Ways         : 16
   Words        : 2
   Feedback     : 1
   WordBits     : 32
   IndexBits    : 32
   Sort Order   : 0
   Sign Compare : 0
   Max Size     : 268435455
   Debug Enable : 1
   size         : 745000
   average_time :   23.341 # [msec]
   throughput   :   31.918 # [mwords/sec]
   Debug_Time(0):   23.283 # [msec]
   Debug_Time(1):   12.365 # [msec]
   Debug_Time(2):    3.972 # [msec]
   Debug_Time(3):    3.762 # [msec]
   Debug_Time(4):    3.184 # [msec]
-
   Version      : 1.2
   Ways         : 16
   Words        : 2
   Feedback     : 1
   WordBits     : 32
   IndexBits    : 32
   Sort Order   : 0
   Sign Compare : 0
   Max Size     : 268435455
   Debug Enable : 1
   size         : 750000
   average_time :   23.476 # [msec]
   throughput   :   31.947 # [mwords/sec]
   Debug_Time(0):   23.372 # [msec]
   Debug_Time(1):   12.452 # [msec]
   Debug_Time(2):    4.051 # [msec]
   Debug_Time(3):    3.789 # [msec]
   Debug_Time(4):    3.080 # [msec]
-
   Version      : 1.2
   Ways         : 16
   Words        : 2
   Feedback     : 1
   WordBits     : 32
   IndexBits    : 32
   Sort Order   : 0
   Sign Compare : 0
   Max Size     : 268435455
   Debug Enable : 1
   size         : 755000
   average_time :   23.683 # [msec]
   throughput   :   31.879 # [mwords/sec]
   Debug_Time(0):   23.628 # [msec]
   Debug_Time(1):   12.543 # [msec]
   Debug_Time(2):    4.002 # [msec]
   Debug_Time(3):    3.827 # [msec]
   Debug_Time(4):    3.256 # [msec]
-
   Version      : 1.2
   Ways         : 16
   Words        : 2
   Feedback     : 1
   WordBits     : 32
   IndexBits    : 32
   Sort Order   : 0
   Sign Compare : 0
   Max Size     : 268435455
   Debug Enable : 1
   size         : 760000
   average_time :   23.836 # [msec]
   throughput   :   31.885 # [mwords/sec]
   Debug_Time(0):   23.733 # [msec]
   Debug_Time(1):   12.592 # [msec]
   Debug_Time(2):    3.997 # [msec]
   Debug_Time(3):    3.819 # [msec]
   Debug_Time(4):    3.326 # [msec]
-
   Version      : 1.2
   Ways         : 16
   Words        : 2
   Feedback     : 1
   WordBits     : 32
   IndexBits    : 32
   Sort Order   : 0
   Sign Compare : 0
   Max Size     : 268435455
   Debug Enable : 1
   size         : 765000
   average_time :   23.953 # [msec]
   throughput   :   31.938 # [mwords/sec]
   Debug_Time(0):   23.867 # [msec]
   Debug_Time(1):   12.695 # [msec]
   Debug_Time(2):    4.091 # [msec]
   Debug_Time(3):    3.846 # [msec]
   Debug_Time(4):    3.235 # [msec]
-
   Version      : 1.2
   Ways         : 16
   Words        : 2
   Feedback     : 1
   WordBits     : 32
   IndexBits    : 32
   Sort Order   : 0
   Sign Compare : 0
   Max Size     : 268435455
   Debug Enable : 1
   size         : 770000
   average_time :   24.142 # [msec]
   throughput   :   31.895 # [mwords/sec]
   Debug_Time(0):   23.949 # [msec]
   Debug_Time(1):   12.771 # [msec]
   Debug_Time(2):    4.151 # [msec]
   Debug_Time(3):    3.861 # [msec]
   Debug_Time(4):    3.167 # [msec]
-
   Version      : 1.2
   Ways         : 16
   Words        : 2
   Feedback     : 1
   WordBits     : 32
   IndexBits    : 32
   Sort Order   : 0
   Sign Compare : 0
   Max Size     : 268435455
   Debug Enable : 1
   size         : 775000
   average_time :   24.298 # [msec]
   throughput   :   31.895 # [mwords/sec]
   Debug_Time(0):   24.131 # [msec]
   Debug_Time(1):   12.875 # [msec]
   Debug_Time(2):    4.146 # [msec]
   Debug_Time(3):    3.827 # [msec]
   Debug_Time(4):    3.283 # [msec]
-
   Version      : 1.2
   Ways         : 16
   Words        : 2
   Feedback     : 1
   WordBits     : 32
   IndexBits    : 32
   Sort Order   : 0
   Sign Compare : 0
   Max Size     : 268435455
   Debug Enable : 1
   size         : 780000
   average_time :   24.439 # [msec]
   throughput   :   31.916 # [mwords/sec]
   Debug_Time(0):   24.244 # [msec]
   Debug_Time(1):   12.987 # [msec]
   Debug_Time(2):    4.137 # [msec]
   Debug_Time(3):    3.800 # [msec]
   Debug_Time(4):    3.319 # [msec]
-
   Version      : 1.2
   Ways         : 16
   Words        : 2
   Feedback     : 1
   WordBits     : 32
   IndexBits    : 32
   Sort Order   : 0
   Sign Compare : 0
   Max Size     : 268435455
   Debug Enable : 1
   size         : 785000
   average_time :   24.563 # [msec]
   throughput   :   31.959 # [mwords/sec]
   Debug_Time(0):   24.280 # [msec]
   Debug_Time(1):   13.163 # [msec]
   Debug_Time(2):    4.028 # [msec]
   Debug_Time(3):    3.852 # [msec]
   Debug_Time(4):    3.237 # [msec]
-
   Version      : 1.2
   Ways         : 16
   Words        : 2
   Feedback     : 1
   WordBits     : 32
   IndexBits    : 32
   Sort Order   : 0
   Sign Compare : 0
   Max Size     : 268435455
   Debug Enable : 1
   size         : 790000
   average_time :   24.746 # [msec]
   throughput   :   31.924 # [mwords/sec]
   Debug_Time(0):   24.423 # [msec]
   Debug_Time(1):   13.234 # [msec]
   Debug_Time(2):    4.051 # [msec]
   Debug_Time(3):    3.876 # [msec]
   Debug_Time(4):    3.262 # [msec]
-
   Version      : 1.2
   Ways         : 16
   Words        : 2
   Feedback     : 1
   WordBits     : 32
   IndexBits    : 32
   Sort Order   : 0
   Sign Compare : 0
   Max Size     : 268435455
   Debug Enable : 1
   size         : 795000
   average_time :   24.874 # [msec]
   throughput   :   31.962 # [mwords/sec]
   Debug_Time(0):   24.628 # [msec]
   Debug_Time(1):   13.318 # [msec]
   Debug_Time(2):    4.097 # [msec]
   Debug_Time(3):    3.891 # [msec]
   Debug_Time(4):    3.321 # [msec]
-
   Version      : 1.2
   Ways         : 16
   Words        : 2
   Feedback     : 1
   WordBits     : 32
   IndexBits    : 32
   Sort Order   : 0
   Sign Compare : 0
   Max Size     : 268435455
   Debug Enable : 1
   size         : 800000
   average_time :   25.029 # [msec]
   throughput   :   31.963 # [mwords/sec]
   Debug_Time(0):   24.759 # [msec]
   Debug_Time(1):   13.409 # [msec]
   Debug_Time(2):    4.088 # [msec]
   Debug_Time(3):    3.928 # [msec]
   Debug_Time(4):    3.334 # [msec]
-
   Version      : 1.2
   Ways         : 16
   Words        : 2
   Feedback     : 1
   WordBits     : 32
   IndexBits    : 32
   Sort Order   : 0
   Sign Compare : 0
   Max Size     : 268435455
   Debug Enable : 1
   size         : 805000
   average_time :   25.173 # [msec]
   throughput   :   31.979 # [mwords/sec]
   Debug_Time(0):   24.977 # [msec]
   Debug_Time(1):   13.511 # [msec]
   Debug_Time(2):    4.142 # [msec]
   Debug_Time(3):    3.947 # [msec]
   Debug_Time(4):    3.377 # [msec]
-
   Version      : 1.2
   Ways         : 16
   Words        : 2
   Feedback     : 1
   WordBits     : 32
   IndexBits    : 32
   Sort Order   : 0
   Sign Compare : 0
   Max Size     : 268435455
   Debug Enable : 1
   size         : 810000
   average_time :   25.372 # [msec]
   throughput   :   31.925 # [mwords/sec]
   Debug_Time(0):   25.121 # [msec]
   Debug_Time(1):   13.559 # [msec]
   Debug_Time(2):    4.191 # [msec]
   Debug_Time(3):    3.965 # [msec]
   Debug_Time(4):    3.406 # [msec]
-
   Version      : 1.2
   Ways         : 16
   Words        : 2
   Feedback     : 1
   WordBits     : 32
   IndexBits    : 32
   Sort Order   : 0
   Sign Compare : 0
   Max Size     : 268435455
   Debug Enable : 1
   size         : 815000
   average_time :   25.616 # [msec]
   throughput   :   31.816 # [mwords/sec]
   Debug_Time(0):   25.303 # [msec]
   Debug_Time(1):   13.669 # [msec]
   Debug_Time(2):    4.138 # [msec]
   Debug_Time(3):    4.004 # [msec]
   Debug_Time(4):    3.491 # [msec]
-
   Version      : 1.2
   Ways         : 16
   Words        : 2
   Feedback     : 1
   WordBits     : 32
   IndexBits    : 32
   Sort Order   : 0
   Sign Compare : 0
   Max Size     : 268435455
   Debug Enable : 1
   size         : 820000
   average_time :   25.726 # [msec]
   throughput   :   31.874 # [mwords/sec]
   Debug_Time(0):   25.403 # [msec]
   Debug_Time(1):   13.683 # [msec]
   Debug_Time(2):    4.198 # [msec]
   Debug_Time(3):    4.019 # [msec]
   Debug_Time(4):    3.503 # [msec]
-
   Version      : 1.2
   Ways         : 16
   Words        : 2
   Feedback     : 1
   WordBits     : 32
   IndexBits    : 32
   Sort Order   : 0
   Sign Compare : 0
   Max Size     : 268435455
   Debug Enable : 1
   size         : 825000
   average_time :   25.889 # [msec]
   throughput   :   31.867 # [mwords/sec]
   Debug_Time(0):   25.556 # [msec]
   Debug_Time(1):   13.763 # [msec]
   Debug_Time(2):    4.253 # [msec]
   Debug_Time(3):    4.042 # [msec]
   Debug_Time(4):    3.498 # [msec]
-
   Version      : 1.2
   Ways         : 16
   Words        : 2
   Feedback     : 1
   WordBits     : 32
   IndexBits    : 32
   Sort Order   : 0
   Sign Compare : 0
   Max Size     : 268435455
   Debug Enable : 1
   size         : 830000
   average_time :   25.999 # [msec]
   throughput   :   31.925 # [mwords/sec]
   Debug_Time(0):   25.823 # [msec]
   Debug_Time(1):   13.839 # [msec]
   Debug_Time(2):    4.269 # [msec]
   Debug_Time(3):    4.076 # [msec]
   Debug_Time(4):    3.638 # [msec]
-
   Version      : 1.2
   Ways         : 16
   Words        : 2
   Feedback     : 1
   WordBits     : 32
   IndexBits    : 32
   Sort Order   : 0
   Sign Compare : 0
   Max Size     : 268435455
   Debug Enable : 1
   size         : 835000
   average_time :   26.121 # [msec]
   throughput   :   31.966 # [mwords/sec]
   Debug_Time(0):   25.779 # [msec]
   Debug_Time(1):   13.866 # [msec]
   Debug_Time(2):    4.287 # [msec]
   Debug_Time(3):    4.101 # [msec]
   Debug_Time(4):    3.525 # [msec]
-
   Version      : 1.2
   Ways         : 16
   Words        : 2
   Feedback     : 1
   WordBits     : 32
   IndexBits    : 32
   Sort Order   : 0
   Sign Compare : 0
   Max Size     : 268435455
   Debug Enable : 1
   size         : 840000
   average_time :   26.280 # [msec]
   throughput   :   31.964 # [mwords/sec]
   Debug_Time(0):   25.956 # [msec]
   Debug_Time(1):   13.881 # [msec]
   Debug_Time(2):    4.347 # [msec]
   Debug_Time(3):    4.104 # [msec]
   Debug_Time(4):    3.624 # [msec]
-
   Version      : 1.2
   Ways         : 16
   Words        : 2
   Feedback     : 1
   WordBits     : 32
   IndexBits    : 32
   Sort Order   : 0
   Sign Compare : 0
   Max Size     : 268435455
   Debug Enable : 1
   size         : 845000
   average_time :   26.462 # [msec]
   throughput   :   31.933 # [mwords/sec]
   Debug_Time(0):   26.106 # [msec]
   Debug_Time(1):   13.880 # [msec]
   Debug_Time(2):    4.372 # [msec]
   Debug_Time(3):    4.128 # [msec]
   Debug_Time(4):    3.725 # [msec]
-
   Version      : 1.2
   Ways         : 16
   Words        : 2
   Feedback     : 1
   WordBits     : 32
   IndexBits    : 32
   Sort Order   : 0
   Sign Compare : 0
   Max Size     : 268435455
   Debug Enable : 1
   size         : 850000
   average_time :   26.612 # [msec]
   throughput   :   31.940 # [mwords/sec]
   Debug_Time(0):   26.337 # [msec]
   Debug_Time(1):   13.916 # [msec]
   Debug_Time(2):    4.396 # [msec]
   Debug_Time(3):    4.107 # [msec]
   Debug_Time(4):    3.918 # [msec]
-
   Version      : 1.2
   Ways         : 16
   Words        : 2
   Feedback     : 1
   WordBits     : 32
   IndexBits    : 32
   Sort Order   : 0
   Sign Compare : 0
   Max Size     : 268435455
   Debug Enable : 1
   size         : 855000
   average_time :   26.810 # [msec]
   throughput   :   31.891 # [mwords/sec]
   Debug_Time(0):   26.536 # [msec]
   Debug_Time(1):   13.986 # [msec]
   Debug_Time(2):    4.413 # [msec]
   Debug_Time(3):    4.156 # [msec]
   Debug_Time(4):    3.981 # [msec]
-
   Version      : 1.2
   Ways         : 16
   Words        : 2
   Feedback     : 1
   WordBits     : 32
   IndexBits    : 32
   Sort Order   : 0
   Sign Compare : 0
   Max Size     : 268435455
   Debug Enable : 1
   size         : 860000
   average_time :   27.005 # [msec]
   throughput   :   31.846 # [mwords/sec]
   Debug_Time(0):   26.747 # [msec]
   Debug_Time(1):   14.076 # [msec]
   Debug_Time(2):    4.447 # [msec]
   Debug_Time(3):    4.171 # [msec]
   Debug_Time(4):    4.052 # [msec]
-
   Version      : 1.2
   Ways         : 16
   Words        : 2
   Feedback     : 1
   WordBits     : 32
   IndexBits    : 32
   Sort Order   : 0
   Sign Compare : 0
   Max Size     : 268435455
   Debug Enable : 1
   size         : 865000
   average_time :   27.150 # [msec]
   throughput   :   31.860 # [mwords/sec]
   Debug_Time(0):   27.069 # [msec]
   Debug_Time(1):   14.234 # [msec]
   Debug_Time(2):    4.450 # [msec]
   Debug_Time(3):    4.286 # [msec]
   Debug_Time(4):    4.099 # [msec]
-
   Version      : 1.2
   Ways         : 16
   Words        : 2
   Feedback     : 1
   WordBits     : 32
   IndexBits    : 32
   Sort Order   : 0
   Sign Compare : 0
   Max Size     : 268435455
   Debug Enable : 1
   size         : 870000
   average_time :   27.299 # [msec]
   throughput   :   31.869 # [mwords/sec]
   Debug_Time(0):   27.277 # [msec]
   Debug_Time(1):   14.352 # [msec]
   Debug_Time(2):    4.443 # [msec]
   Debug_Time(3):    4.337 # [msec]
   Debug_Time(4):    4.144 # [msec]
-
   Version      : 1.2
   Ways         : 16
   Words        : 2
   Feedback     : 1
   WordBits     : 32
   IndexBits    : 32
   Sort Order   : 0
   Sign Compare : 0
   Max Size     : 268435455
   Debug Enable : 1
   size         : 875000
   average_time :   27.453 # [msec]
   throughput   :   31.873 # [mwords/sec]
   Debug_Time(0):   27.555 # [msec]
   Debug_Time(1):   14.409 # [msec]
   Debug_Time(2):    4.769 # [msec]
   Debug_Time(3):    4.437 # [msec]
   Debug_Time(4):    3.940 # [msec]
-
   Version      : 1.2
   Ways         : 16
   Words        : 2
   Feedback     : 1
   WordBits     : 32
   IndexBits    : 32
   Sort Order   : 0
   Sign Compare : 0
   Max Size     : 268435455
   Debug Enable : 1
   size         : 880000
   average_time :   27.595 # [msec]
   throughput   :   31.890 # [mwords/sec]
   Debug_Time(0):   27.876 # [msec]
   Debug_Time(1):   14.581 # [msec]
   Debug_Time(2):    4.834 # [msec]
   Debug_Time(3):    4.446 # [msec]
   Debug_Time(4):    4.015 # [msec]
-
   Version      : 1.2
   Ways         : 16
   Words        : 2
   Feedback     : 1
   WordBits     : 32
   IndexBits    : 32
   Sort Order   : 0
   Sign Compare : 0
   Max Size     : 268435455
   Debug Enable : 1
   size         : 885000
   average_time :   27.599 # [msec]
   throughput   :   32.067 # [mwords/sec]
   Debug_Time(0):   27.369 # [msec]
   Debug_Time(1):   14.916 # [msec]
   Debug_Time(2):    4.531 # [msec]
   Debug_Time(3):    4.299 # [msec]
   Debug_Time(4):    3.623 # [msec]
-
   Version      : 1.2
   Ways         : 16
   Words        : 2
   Feedback     : 1
   WordBits     : 32
   IndexBits    : 32
   Sort Order   : 0
   Sign Compare : 0
   Max Size     : 268435455
   Debug Enable : 1
   size         : 890000
   average_time :   27.807 # [msec]
   throughput   :   32.006 # [mwords/sec]
   Debug_Time(0):   27.645 # [msec]
   Debug_Time(1):   14.975 # [msec]
   Debug_Time(2):    4.567 # [msec]
   Debug_Time(3):    4.320 # [msec]
   Debug_Time(4):    3.782 # [msec]
-
   Version      : 1.2
   Ways         : 16
   Words        : 2
   Feedback     : 1
   WordBits     : 32
   IndexBits    : 32
   Sort Order   : 0
   Sign Compare : 0
   Max Size     : 268435455
   Debug Enable : 1
   size         : 895000
   average_time :   27.935 # [msec]
   throughput   :   32.038 # [mwords/sec]
   Debug_Time(0):   27.589 # [msec]
   Debug_Time(1):   15.065 # [msec]
   Debug_Time(2):    4.563 # [msec]
   Debug_Time(3):    4.352 # [msec]
   Debug_Time(4):    3.609 # [msec]
-
   Version      : 1.2
   Ways         : 16
   Words        : 2
   Feedback     : 1
   WordBits     : 32
   IndexBits    : 32
   Sort Order   : 0
   Sign Compare : 0
   Max Size     : 268435455
   Debug Enable : 1
   size         : 900000
   average_time :   28.072 # [msec]
   throughput   :   32.060 # [mwords/sec]
   Debug_Time(0):   27.548 # [msec]
   Debug_Time(1):   14.969 # [msec]
   Debug_Time(2):    4.582 # [msec]
   Debug_Time(3):    4.378 # [msec]
   Debug_Time(4):    3.619 # [msec]
-
   Version      : 1.2
   Ways         : 16
   Words        : 2
   Feedback     : 1
   WordBits     : 32
   IndexBits    : 32
   Sort Order   : 0
   Sign Compare : 0
   Max Size     : 268435455
   Debug Enable : 1
   size         : 905000
   average_time :   28.227 # [msec]
   throughput   :   32.062 # [mwords/sec]
   Debug_Time(0):   27.758 # [msec]
   Debug_Time(1):   15.245 # [msec]
   Debug_Time(2):    4.601 # [msec]
   Debug_Time(3):    4.388 # [msec]
   Debug_Time(4):    3.524 # [msec]
-
   Version      : 1.2
   Ways         : 16
   Words        : 2
   Feedback     : 1
   WordBits     : 32
   IndexBits    : 32
   Sort Order   : 0
   Sign Compare : 0
   Max Size     : 268435455
   Debug Enable : 1
   size         : 910000
   average_time :   28.353 # [msec]
   throughput   :   32.096 # [mwords/sec]
   Debug_Time(0):   27.404 # [msec]
   Debug_Time(1):   14.881 # [msec]
   Debug_Time(2):    4.669 # [msec]
   Debug_Time(3):    4.384 # [msec]
   Debug_Time(4):    3.470 # [msec]
-
   Version      : 1.2
   Ways         : 16
   Words        : 2
   Feedback     : 1
   WordBits     : 32
   IndexBits    : 32
   Sort Order   : 0
   Sign Compare : 0
   Max Size     : 268435455
   Debug Enable : 1
   size         : 915000
   average_time :   28.504 # [msec]
   throughput   :   32.100 # [mwords/sec]
   Debug_Time(0):   27.639 # [msec]
   Debug_Time(1):   15.000 # [msec]
   Debug_Time(2):    4.671 # [msec]
   Debug_Time(3):    4.433 # [msec]
   Debug_Time(4):    3.535 # [msec]
-
   Version      : 1.2
   Ways         : 16
   Words        : 2
   Feedback     : 1
   WordBits     : 32
   IndexBits    : 32
   Sort Order   : 0
   Sign Compare : 0
   Max Size     : 268435455
   Debug Enable : 1
   size         : 920000
   average_time :   28.706 # [msec]
   throughput   :   32.049 # [mwords/sec]
   Debug_Time(0):   27.712 # [msec]
   Debug_Time(1):   15.029 # [msec]
   Debug_Time(2):    4.700 # [msec]
   Debug_Time(3):    4.466 # [msec]
   Debug_Time(4):    3.517 # [msec]
-
   Version      : 1.2
   Ways         : 16
   Words        : 2
   Feedback     : 1
   WordBits     : 32
   IndexBits    : 32
   Sort Order   : 0
   Sign Compare : 0
   Max Size     : 268435455
   Debug Enable : 1
   size         : 925000
   average_time :   28.958 # [msec]
   throughput   :   31.943 # [mwords/sec]
   Debug_Time(0):   27.959 # [msec]
   Debug_Time(1):   15.116 # [msec]
   Debug_Time(2):    4.736 # [msec]
   Debug_Time(3):    4.487 # [msec]
   Debug_Time(4):    3.620 # [msec]
-
   Version      : 1.2
   Ways         : 16
   Words        : 2
   Feedback     : 1
   WordBits     : 32
   IndexBits    : 32
   Sort Order   : 0
   Sign Compare : 0
   Max Size     : 268435455
   Debug Enable : 1
   size         : 930000
   average_time :   29.063 # [msec]
   throughput   :   31.999 # [mwords/sec]
   Debug_Time(0):   27.961 # [msec]
   Debug_Time(1):   15.184 # [msec]
   Debug_Time(2):    4.745 # [msec]
   Debug_Time(3):    4.482 # [msec]
   Debug_Time(4):    3.549 # [msec]
-
   Version      : 1.2
   Ways         : 16
   Words        : 2
   Feedback     : 1
   WordBits     : 32
   IndexBits    : 32
   Sort Order   : 0
   Sign Compare : 0
   Max Size     : 268435455
   Debug Enable : 1
   size         : 935000
   average_time :   29.286 # [msec]
   throughput   :   31.926 # [mwords/sec]
   Debug_Time(0):   28.162 # [msec]
   Debug_Time(1):   15.308 # [msec]
   Debug_Time(2):    4.762 # [msec]
   Debug_Time(3):    4.540 # [msec]
   Debug_Time(4):    3.552 # [msec]
-
   Version      : 1.2
   Ways         : 16
   Words        : 2
   Feedback     : 1
   WordBits     : 32
   IndexBits    : 32
   Sort Order   : 0
   Sign Compare : 0
   Max Size     : 268435455
   Debug Enable : 1
   size         : 940000
   average_time :   29.481 # [msec]
   throughput   :   31.885 # [mwords/sec]
   Debug_Time(0):   28.483 # [msec]
   Debug_Time(1):   15.459 # [msec]
   Debug_Time(2):    4.808 # [msec]
   Debug_Time(3):    4.564 # [msec]
   Debug_Time(4):    3.651 # [msec]
-
   Version      : 1.2
   Ways         : 16
   Words        : 2
   Feedback     : 1
   WordBits     : 32
   IndexBits    : 32
   Sort Order   : 0
   Sign Compare : 0
   Max Size     : 268435455
   Debug Enable : 1
   size         : 945000
   average_time :   29.555 # [msec]
   throughput   :   31.974 # [mwords/sec]
   Debug_Time(0):   28.605 # [msec]
   Debug_Time(1):   15.534 # [msec]
   Debug_Time(2):    4.810 # [msec]
   Debug_Time(3):    4.588 # [msec]
   Debug_Time(4):    3.672 # [msec]
-
   Version      : 1.2
   Ways         : 16
   Words        : 2
   Feedback     : 1
   WordBits     : 32
   IndexBits    : 32
   Sort Order   : 0
   Sign Compare : 0
   Max Size     : 268435455
   Debug Enable : 1
   size         : 950000
   average_time :   29.745 # [msec]
   throughput   :   31.938 # [mwords/sec]
   Debug_Time(0):   28.608 # [msec]
   Debug_Time(1):   15.481 # [msec]
   Debug_Time(2):    4.852 # [msec]
   Debug_Time(3):    4.583 # [msec]
   Debug_Time(4):    3.693 # [msec]
-
   Version      : 1.2
   Ways         : 16
   Words        : 2
   Feedback     : 1
   WordBits     : 32
   IndexBits    : 32
   Sort Order   : 0
   Sign Compare : 0
   Max Size     : 268435455
   Debug Enable : 1
   size         : 955000
   average_time :   29.918 # [msec]
   throughput   :   31.921 # [mwords/sec]
   Debug_Time(0):   28.929 # [msec]
   Debug_Time(1):   15.601 # [msec]
   Debug_Time(2):    4.886 # [msec]
   Debug_Time(3):    4.639 # [msec]
   Debug_Time(4):    3.803 # [msec]
-
   Version      : 1.2
   Ways         : 16
   Words        : 2
   Feedback     : 1
   WordBits     : 32
   IndexBits    : 32
   Sort Order   : 0
   Sign Compare : 0
   Max Size     : 268435455
   Debug Enable : 1
   size         : 960000
   average_time :   30.093 # [msec]
   throughput   :   31.901 # [mwords/sec]
   Debug_Time(0):   29.042 # [msec]
   Debug_Time(1):   15.668 # [msec]
   Debug_Time(2):    4.886 # [msec]
   Debug_Time(3):    4.661 # [msec]
   Debug_Time(4):    3.827 # [msec]
-
   Version      : 1.2
   Ways         : 16
   Words        : 2
   Feedback     : 1
   WordBits     : 32
   IndexBits    : 32
   Sort Order   : 0
   Sign Compare : 0
   Max Size     : 268435455
   Debug Enable : 1
   size         : 965000
   average_time :   30.225 # [msec]
   throughput   :   31.927 # [mwords/sec]
   Debug_Time(0):   29.442 # [msec]
   Debug_Time(1):   15.739 # [msec]
   Debug_Time(2):    4.928 # [msec]
   Debug_Time(3):    4.713 # [msec]
   Debug_Time(4):    4.063 # [msec]
-
   Version      : 1.2
   Ways         : 16
   Words        : 2
   Feedback     : 1
   WordBits     : 32
   IndexBits    : 32
   Sort Order   : 0
   Sign Compare : 0
   Max Size     : 268435455
   Debug Enable : 1
   size         : 970000
   average_time :   30.327 # [msec]
   throughput   :   31.985 # [mwords/sec]
   Debug_Time(0):   29.158 # [msec]
   Debug_Time(1):   15.845 # [msec]
   Debug_Time(2):    4.956 # [msec]
   Debug_Time(3):    4.682 # [msec]
   Debug_Time(4):    3.675 # [msec]
-
   Version      : 1.2
   Ways         : 16
   Words        : 2
   Feedback     : 1
   WordBits     : 32
   IndexBits    : 32
   Sort Order   : 0
   Sign Compare : 0
   Max Size     : 268435455
   Debug Enable : 1
   size         : 975000
   average_time :   30.541 # [msec]
   throughput   :   31.924 # [mwords/sec]
   Debug_Time(0):   29.479 # [msec]
   Debug_Time(1):   15.910 # [msec]
   Debug_Time(2):    4.976 # [msec]
   Debug_Time(3):    4.730 # [msec]
   Debug_Time(4):    3.862 # [msec]
-
   Version      : 1.2
   Ways         : 16
   Words        : 2
   Feedback     : 1
   WordBits     : 32
   IndexBits    : 32
   Sort Order   : 0
   Sign Compare : 0
   Max Size     : 268435455
   Debug Enable : 1
   size         : 980000
   average_time :   30.677 # [msec]
   throughput   :   31.946 # [mwords/sec]
   Debug_Time(0):   29.596 # [msec]
   Debug_Time(1):   16.071 # [msec]
   Debug_Time(2):    5.015 # [msec]
   Debug_Time(3):    4.753 # [msec]
   Debug_Time(4):    3.757 # [msec]
-
   Version      : 1.2
   Ways         : 16
   Words        : 2
   Feedback     : 1
   WordBits     : 32
   IndexBits    : 32
   Sort Order   : 0
   Sign Compare : 0
   Max Size     : 268435455
   Debug Enable : 1
   size         : 985000
   average_time :   30.855 # [msec]
   throughput   :   31.923 # [mwords/sec]
   Debug_Time(0):   29.604 # [msec]
   Debug_Time(1):   16.037 # [msec]
   Debug_Time(2):    5.014 # [msec]
   Debug_Time(3):    4.775 # [msec]
   Debug_Time(4):    3.778 # [msec]
-
   Version      : 1.2
   Ways         : 16
   Words        : 2
   Feedback     : 1
   WordBits     : 32
   IndexBits    : 32
   Sort Order   : 0
   Sign Compare : 0
   Max Size     : 268435455
   Debug Enable : 1
   size         : 990000
   average_time :   31.010 # [msec]
   throughput   :   31.925 # [mwords/sec]
   Debug_Time(0):   29.819 # [msec]
   Debug_Time(1):   16.130 # [msec]
   Debug_Time(2):    5.038 # [msec]
   Debug_Time(3):    4.819 # [msec]
   Debug_Time(4):    3.832 # [msec]
-
   Version      : 1.2
   Ways         : 16
   Words        : 2
   Feedback     : 1
   WordBits     : 32
   IndexBits    : 32
   Sort Order   : 0
   Sign Compare : 0
   Max Size     : 268435455
   Debug Enable : 1
   size         : 995000
   average_time :   31.158 # [msec]
   throughput   :   31.934 # [mwords/sec]
   Debug_Time(0):   29.974 # [msec]
   Debug_Time(1):   16.209 # [msec]
   Debug_Time(2):    5.073 # [msec]
   Debug_Time(3):    4.830 # [msec]
   Debug_Time(4):    3.862 # [msec]
-
   Version      : 1.2
   Ways         : 16
   Words        : 2
   Feedback     : 1
   WordBits     : 32
   IndexBits    : 32
   Sort Order   : 0
   Sign Compare : 0
   Max Size     : 268435455
   Debug Enable : 1
   size         : 1000000
   average_time :   31.311 # [msec]
   throughput   :   31.938 # [mwords/sec]
   Debug_Time(0):   30.318 # [msec]
   Debug_Time(1):   16.481 # [msec]
   Debug_Time(2):    5.113 # [msec]
   Debug_Time(3):    4.849 # [msec]
   Debug_Time(4):    3.876 # [msec]
