---
-
   Version      : 1.2
   Ways         : 16
   Words        : 1
   Feedback     : 2
   WordBits     : 32
   IndexBits    : 32
   Sort Order   : 0
   Sign Compare : 0
   Max Size     : 268435455
   Debug Enable : 1
   size         : 5000
   average_time :    0.325 # [msec]
   throughput   :   15.371 # [mwords/sec]
   Debug_Time(0):    0.123 # [msec]
   Debug_Time(1):    0.099 # [msec]
   Debug_Time(2):    0.023 # [msec]
-
   Version      : 1.2
   Ways         : 16
   Words        : 1
   Feedback     : 2
   WordBits     : 32
   IndexBits    : 32
   Sort Order   : 0
   Sign Compare : 0
   Max Size     : 268435455
   Debug Enable : 1
   size         : 10000
   average_time :    0.384 # [msec]
   throughput   :   26.019 # [mwords/sec]
   Debug_Time(0):    0.193 # [msec]
   Debug_Time(1):    0.148 # [msec]
   Debug_Time(2):    0.044 # [msec]
-
   Version      : 1.2
   Ways         : 16
   Words        : 1
   Feedback     : 2
   WordBits     : 32
   IndexBits    : 32
   Sort Order   : 0
   Sign Compare : 0
   Max Size     : 268435455
   Debug Enable : 1
   size         : 15000
   average_time :    0.456 # [msec]
   throughput   :   32.860 # [mwords/sec]
   Debug_Time(0):    0.262 # [msec]
   Debug_Time(1):    0.197 # [msec]
   Debug_Time(2):    0.065 # [msec]
-
   Version      : 1.2
   Ways         : 16
   Words        : 1
   Feedback     : 2
   WordBits     : 32
   IndexBits    : 32
   Sort Order   : 0
   Sign Compare : 0
   Max Size     : 268435455
   Debug Enable : 1
   size         : 20000
   average_time :    0.526 # [msec]
   throughput   :   38.014 # [mwords/sec]
   Debug_Time(0):    0.333 # [msec]
   Debug_Time(1):    0.246 # [msec]
   Debug_Time(2):    0.087 # [msec]
-
   Version      : 1.2
   Ways         : 16
   Words        : 1
   Feedback     : 2
   WordBits     : 32
   IndexBits    : 32
   Sort Order   : 0
   Sign Compare : 0
   Max Size     : 268435455
   Debug Enable : 1
   size         : 25000
   average_time :    0.661 # [msec]
   throughput   :   37.821 # [mwords/sec]
   Debug_Time(0):    0.454 # [msec]
   Debug_Time(1):    0.345 # [msec]
   Debug_Time(2):    0.108 # [msec]
-
   Version      : 1.2
   Ways         : 16
   Words        : 1
   Feedback     : 2
   WordBits     : 32
   IndexBits    : 32
   Sort Order   : 0
   Sign Compare : 0
   Max Size     : 268435455
   Debug Enable : 1
   size         : 30000
   average_time :    0.735 # [msec]
   throughput   :   40.819 # [mwords/sec]
   Debug_Time(0):    0.524 # [msec]
   Debug_Time(1):    0.394 # [msec]
   Debug_Time(2):    0.130 # [msec]
-
   Version      : 1.2
   Ways         : 16
   Words        : 1
   Feedback     : 2
   WordBits     : 32
   IndexBits    : 32
   Sort Order   : 0
   Sign Compare : 0
   Max Size     : 268435455
   Debug Enable : 1
   size         : 35000
   average_time :    0.810 # [msec]
   throughput   :   43.188 # [mwords/sec]
   Debug_Time(0):    0.596 # [msec]
   Debug_Time(1):    0.443 # [msec]
   Debug_Time(2):    0.153 # [msec]
-
   Version      : 1.2
   Ways         : 16
   Words        : 1
   Feedback     : 2
   WordBits     : 32
   IndexBits    : 32
   Sort Order   : 0
   Sign Compare : 0
   Max Size     : 268435455
   Debug Enable : 1
   size         : 40000
   average_time :    0.877 # [msec]
   throughput   :   45.590 # [mwords/sec]
   Debug_Time(0):    0.665 # [msec]
   Debug_Time(1):    0.493 # [msec]
   Debug_Time(2):    0.172 # [msec]
-
   Version      : 1.2
   Ways         : 16
   Words        : 1
   Feedback     : 2
   WordBits     : 32
   IndexBits    : 32
   Sort Order   : 0
   Sign Compare : 0
   Max Size     : 268435455
   Debug Enable : 1
   size         : 45000
   average_time :    0.976 # [msec]
   throughput   :   46.123 # [mwords/sec]
   Debug_Time(0):    0.735 # [msec]
   Debug_Time(1):    0.542 # [msec]
   Debug_Time(2):    0.193 # [msec]
-
   Version      : 1.2
   Ways         : 16
   Words        : 1
   Feedback     : 2
   WordBits     : 32
   IndexBits    : 32
   Sort Order   : 0
   Sign Compare : 0
   Max Size     : 268435455
   Debug Enable : 1
   size         : 50000
   average_time :    1.110 # [msec]
   throughput   :   45.064 # [mwords/sec]
   Debug_Time(0):    0.856 # [msec]
   Debug_Time(1):    0.640 # [msec]
   Debug_Time(2):    0.216 # [msec]
-
   Version      : 1.2
   Ways         : 16
   Words        : 1
   Feedback     : 2
   WordBits     : 32
   IndexBits    : 32
   Sort Order   : 0
   Sign Compare : 0
   Max Size     : 268435455
   Debug Enable : 1
   size         : 55000
   average_time :    1.177 # [msec]
   throughput   :   46.715 # [mwords/sec]
   Debug_Time(0):    0.926 # [msec]
   Debug_Time(1):    0.689 # [msec]
   Debug_Time(2):    0.237 # [msec]
-
   Version      : 1.2
   Ways         : 16
   Words        : 1
   Feedback     : 2
   WordBits     : 32
   IndexBits    : 32
   Sort Order   : 0
   Sign Compare : 0
   Max Size     : 268435455
   Debug Enable : 1
   size         : 60000
   average_time :    1.241 # [msec]
   throughput   :   48.354 # [mwords/sec]
   Debug_Time(0):    0.996 # [msec]
   Debug_Time(1):    0.738 # [msec]
   Debug_Time(2):    0.258 # [msec]
-
   Version      : 1.2
   Ways         : 16
   Words        : 1
   Feedback     : 2
   WordBits     : 32
   IndexBits    : 32
   Sort Order   : 0
   Sign Compare : 0
   Max Size     : 268435455
   Debug Enable : 1
   size         : 65000
   average_time :    1.333 # [msec]
   throughput   :   48.746 # [mwords/sec]
   Debug_Time(0):    1.067 # [msec]
   Debug_Time(1):    0.788 # [msec]
   Debug_Time(2):    0.279 # [msec]
-
   Version      : 1.2
   Ways         : 16
   Words        : 1
   Feedback     : 2
   WordBits     : 32
   IndexBits    : 32
   Sort Order   : 0
   Sign Compare : 0
   Max Size     : 268435455
   Debug Enable : 1
   size         : 70000
   average_time :    1.890 # [msec]
   throughput   :   37.040 # [mwords/sec]
   Debug_Time(0):    1.578 # [msec]
   Debug_Time(1):    0.886 # [msec]
   Debug_Time(2):    0.410 # [msec]
   Debug_Time(3):    0.282 # [msec]
-
   Version      : 1.2
   Ways         : 16
   Words        : 1
   Feedback     : 2
   WordBits     : 32
   IndexBits    : 32
   Sort Order   : 0
   Sign Compare : 0
   Max Size     : 268435455
   Debug Enable : 1
   size         : 75000
   average_time :    1.996 # [msec]
   throughput   :   37.582 # [mwords/sec]
   Debug_Time(0):    1.676 # [msec]
   Debug_Time(1):    0.935 # [msec]
   Debug_Time(2):    0.439 # [msec]
   Debug_Time(3):    0.303 # [msec]
-
   Version      : 1.2
   Ways         : 16
   Words        : 1
   Feedback     : 2
   WordBits     : 32
   IndexBits    : 32
   Sort Order   : 0
   Sign Compare : 0
   Max Size     : 268435455
   Debug Enable : 1
   size         : 80000
   average_time :    2.127 # [msec]
   throughput   :   37.612 # [mwords/sec]
   Debug_Time(0):    1.766 # [msec]
   Debug_Time(1):    0.984 # [msec]
   Debug_Time(2):    0.459 # [msec]
   Debug_Time(3):    0.323 # [msec]
-
   Version      : 1.2
   Ways         : 16
   Words        : 1
   Feedback     : 2
   WordBits     : 32
   IndexBits    : 32
   Sort Order   : 0
   Sign Compare : 0
   Max Size     : 268435455
   Debug Enable : 1
   size         : 85000
   average_time :    2.238 # [msec]
   throughput   :   37.978 # [mwords/sec]
   Debug_Time(0):    1.875 # [msec]
   Debug_Time(1):    1.033 # [msec]
   Debug_Time(2):    0.499 # [msec]
   Debug_Time(3):    0.343 # [msec]
-
   Version      : 1.2
   Ways         : 16
   Words        : 1
   Feedback     : 2
   WordBits     : 32
   IndexBits    : 32
   Sort Order   : 0
   Sign Compare : 0
   Max Size     : 268435455
   Debug Enable : 1
   size         : 90000
   average_time :    2.386 # [msec]
   throughput   :   37.715 # [mwords/sec]
   Debug_Time(0):    1.976 # [msec]
   Debug_Time(1):    1.083 # [msec]
   Debug_Time(2):    0.529 # [msec]
   Debug_Time(3):    0.364 # [msec]
-
   Version      : 1.2
   Ways         : 16
   Words        : 1
   Feedback     : 2
   WordBits     : 32
   IndexBits    : 32
   Sort Order   : 0
   Sign Compare : 0
   Max Size     : 268435455
   Debug Enable : 1
   size         : 95000
   average_time :    2.543 # [msec]
   throughput   :   37.361 # [mwords/sec]
   Debug_Time(0):    2.113 # [msec]
   Debug_Time(1):    1.182 # [msec]
   Debug_Time(2):    0.548 # [msec]
   Debug_Time(3):    0.383 # [msec]
-
   Version      : 1.2
   Ways         : 16
   Words        : 1
   Feedback     : 2
   WordBits     : 32
   IndexBits    : 32
   Sort Order   : 0
   Sign Compare : 0
   Max Size     : 268435455
   Debug Enable : 1
   size         : 100000
   average_time :    2.674 # [msec]
   throughput   :   37.403 # [mwords/sec]
   Debug_Time(0):    2.215 # [msec]
   Debug_Time(1):    1.236 # [msec]
   Debug_Time(2):    0.576 # [msec]
   Debug_Time(3):    0.403 # [msec]
-
   Version      : 1.2
   Ways         : 16
   Words        : 1
   Feedback     : 2
   WordBits     : 32
   IndexBits    : 32
   Sort Order   : 0
   Sign Compare : 0
   Max Size     : 268435455
   Debug Enable : 1
   size         : 105000
   average_time :    2.765 # [msec]
   throughput   :   37.974 # [mwords/sec]
   Debug_Time(0):    2.320 # [msec]
   Debug_Time(1):    1.284 # [msec]
   Debug_Time(2):    0.614 # [msec]
   Debug_Time(3):    0.423 # [msec]
-
   Version      : 1.2
   Ways         : 16
   Words        : 1
   Feedback     : 2
   WordBits     : 32
   IndexBits    : 32
   Sort Order   : 0
   Sign Compare : 0
   Max Size     : 268435455
   Debug Enable : 1
   size         : 110000
   average_time :    2.909 # [msec]
   throughput   :   37.819 # [mwords/sec]
   Debug_Time(0):    2.425 # [msec]
   Debug_Time(1):    1.335 # [msec]
   Debug_Time(2):    0.647 # [msec]
   Debug_Time(3):    0.443 # [msec]
-
   Version      : 1.2
   Ways         : 16
   Words        : 1
   Feedback     : 2
   WordBits     : 32
   IndexBits    : 32
   Sort Order   : 0
   Sign Compare : 0
   Max Size     : 268435455
   Debug Enable : 1
   size         : 115000
   average_time :    3.072 # [msec]
   throughput   :   37.432 # [mwords/sec]
   Debug_Time(0):    2.583 # [msec]
   Debug_Time(1):    1.436 # [msec]
   Debug_Time(2):    0.685 # [msec]
   Debug_Time(3):    0.463 # [msec]
-
   Version      : 1.2
   Ways         : 16
   Words        : 1
   Feedback     : 2
   WordBits     : 32
   IndexBits    : 32
   Sort Order   : 0
   Sign Compare : 0
   Max Size     : 268435455
   Debug Enable : 1
   size         : 120000
   average_time :    3.204 # [msec]
   throughput   :   37.458 # [mwords/sec]
   Debug_Time(0):    2.709 # [msec]
   Debug_Time(1):    1.505 # [msec]
   Debug_Time(2):    0.720 # [msec]
   Debug_Time(3):    0.483 # [msec]
-
   Version      : 1.2
   Ways         : 16
   Words        : 1
   Feedback     : 2
   WordBits     : 32
   IndexBits    : 32
   Sort Order   : 0
   Sign Compare : 0
   Max Size     : 268435455
   Debug Enable : 1
   size         : 125000
   average_time :    3.341 # [msec]
   throughput   :   37.416 # [mwords/sec]
   Debug_Time(0):    2.825 # [msec]
   Debug_Time(1):    1.580 # [msec]
   Debug_Time(2):    0.741 # [msec]
   Debug_Time(3):    0.504 # [msec]
-
   Version      : 1.2
   Ways         : 16
   Words        : 1
   Feedback     : 2
   WordBits     : 32
   IndexBits    : 32
   Sort Order   : 0
   Sign Compare : 0
   Max Size     : 268435455
   Debug Enable : 1
   size         : 130000
   average_time :    3.451 # [msec]
   throughput   :   37.675 # [mwords/sec]
   Debug_Time(0):    2.951 # [msec]
   Debug_Time(1):    1.650 # [msec]
   Debug_Time(2):    0.776 # [msec]
   Debug_Time(3):    0.524 # [msec]
-
   Version      : 1.2
   Ways         : 16
   Words        : 1
   Feedback     : 2
   WordBits     : 32
   IndexBits    : 32
   Sort Order   : 0
   Sign Compare : 0
   Max Size     : 268435455
   Debug Enable : 1
   size         : 135000
   average_time :    3.583 # [msec]
   throughput   :   37.682 # [mwords/sec]
   Debug_Time(0):    3.085 # [msec]
   Debug_Time(1):    1.743 # [msec]
   Debug_Time(2):    0.798 # [msec]
   Debug_Time(3):    0.545 # [msec]
-
   Version      : 1.2
   Ways         : 16
   Words        : 1
   Feedback     : 2
   WordBits     : 32
   IndexBits    : 32
   Sort Order   : 0
   Sign Compare : 0
   Max Size     : 268435455
   Debug Enable : 1
   size         : 140000
   average_time :    3.830 # [msec]
   throughput   :   36.556 # [mwords/sec]
   Debug_Time(0):    3.340 # [msec]
   Debug_Time(1):    1.954 # [msec]
   Debug_Time(2):    0.821 # [msec]
   Debug_Time(3):    0.565 # [msec]
-
   Version      : 1.2
   Ways         : 16
   Words        : 1
   Feedback     : 2
   WordBits     : 32
   IndexBits    : 32
   Sort Order   : 0
   Sign Compare : 0
   Max Size     : 268435455
   Debug Enable : 1
   size         : 145000
   average_time :    3.929 # [msec]
   throughput   :   36.905 # [mwords/sec]
   Debug_Time(0):    3.445 # [msec]
   Debug_Time(1):    2.013 # [msec]
   Debug_Time(2):    0.847 # [msec]
   Debug_Time(3):    0.584 # [msec]
-
   Version      : 1.2
   Ways         : 16
   Words        : 1
   Feedback     : 2
   WordBits     : 32
   IndexBits    : 32
   Sort Order   : 0
   Sign Compare : 0
   Max Size     : 268435455
   Debug Enable : 1
   size         : 150000
   average_time :    4.088 # [msec]
   throughput   :   36.690 # [mwords/sec]
   Debug_Time(0):    3.598 # [msec]
   Debug_Time(1):    2.106 # [msec]
   Debug_Time(2):    0.888 # [msec]
   Debug_Time(3):    0.605 # [msec]
-
   Version      : 1.2
   Ways         : 16
   Words        : 1
   Feedback     : 2
   WordBits     : 32
   IndexBits    : 32
   Sort Order   : 0
   Sign Compare : 0
   Max Size     : 268435455
   Debug Enable : 1
   size         : 155000
   average_time :    4.253 # [msec]
   throughput   :   36.447 # [mwords/sec]
   Debug_Time(0):    3.767 # [msec]
   Debug_Time(1):    2.231 # [msec]
   Debug_Time(2):    0.911 # [msec]
   Debug_Time(3):    0.625 # [msec]
-
   Version      : 1.2
   Ways         : 16
   Words        : 1
   Feedback     : 2
   WordBits     : 32
   IndexBits    : 32
   Sort Order   : 0
   Sign Compare : 0
   Max Size     : 268435455
   Debug Enable : 1
   size         : 160000
   average_time :    4.344 # [msec]
   throughput   :   36.831 # [mwords/sec]
   Debug_Time(0):    3.881 # [msec]
   Debug_Time(1):    2.285 # [msec]
   Debug_Time(2):    0.951 # [msec]
   Debug_Time(3):    0.645 # [msec]
-
   Version      : 1.2
   Ways         : 16
   Words        : 1
   Feedback     : 2
   WordBits     : 32
   IndexBits    : 32
   Sort Order   : 0
   Sign Compare : 0
   Max Size     : 268435455
   Debug Enable : 1
   size         : 165000
   average_time :    4.628 # [msec]
   throughput   :   35.653 # [mwords/sec]
   Debug_Time(0):    4.180 # [msec]
   Debug_Time(1):    2.530 # [msec]
   Debug_Time(2):    0.984 # [msec]
   Debug_Time(3):    0.666 # [msec]
-
   Version      : 1.2
   Ways         : 16
   Words        : 1
   Feedback     : 2
   WordBits     : 32
   IndexBits    : 32
   Sort Order   : 0
   Sign Compare : 0
   Max Size     : 268435455
   Debug Enable : 1
   size         : 170000
   average_time :    4.724 # [msec]
   throughput   :   35.989 # [mwords/sec]
   Debug_Time(0):    4.294 # [msec]
   Debug_Time(1):    2.603 # [msec]
   Debug_Time(2):    1.005 # [msec]
   Debug_Time(3):    0.686 # [msec]
-
   Version      : 1.2
   Ways         : 16
   Words        : 1
   Feedback     : 2
   WordBits     : 32
   IndexBits    : 32
   Sort Order   : 0
   Sign Compare : 0
   Max Size     : 268435455
   Debug Enable : 1
   size         : 175000
   average_time :    4.888 # [msec]
   throughput   :   35.800 # [mwords/sec]
   Debug_Time(0):    4.432 # [msec]
   Debug_Time(1):    2.692 # [msec]
   Debug_Time(2):    1.035 # [msec]
   Debug_Time(3):    0.706 # [msec]
-
   Version      : 1.2
   Ways         : 16
   Words        : 1
   Feedback     : 2
   WordBits     : 32
   IndexBits    : 32
   Sort Order   : 0
   Sign Compare : 0
   Max Size     : 268435455
   Debug Enable : 1
   size         : 180000
   average_time :    5.028 # [msec]
   throughput   :   35.800 # [mwords/sec]
   Debug_Time(0):    4.617 # [msec]
   Debug_Time(1):    2.820 # [msec]
   Debug_Time(2):    1.072 # [msec]
   Debug_Time(3):    0.725 # [msec]
-
   Version      : 1.2
   Ways         : 16
   Words        : 1
   Feedback     : 2
   WordBits     : 32
   IndexBits    : 32
   Sort Order   : 0
   Sign Compare : 0
   Max Size     : 268435455
   Debug Enable : 1
   size         : 185000
   average_time :    5.260 # [msec]
   throughput   :   35.169 # [mwords/sec]
   Debug_Time(0):    4.860 # [msec]
   Debug_Time(1):    3.025 # [msec]
   Debug_Time(2):    1.088 # [msec]
   Debug_Time(3):    0.747 # [msec]
-
   Version      : 1.2
   Ways         : 16
   Words        : 1
   Feedback     : 2
   WordBits     : 32
   IndexBits    : 32
   Sort Order   : 0
   Sign Compare : 0
   Max Size     : 268435455
   Debug Enable : 1
   size         : 190000
   average_time :    5.379 # [msec]
   throughput   :   35.322 # [mwords/sec]
   Debug_Time(0):    4.990 # [msec]
   Debug_Time(1):    3.093 # [msec]
   Debug_Time(2):    1.131 # [msec]
   Debug_Time(3):    0.767 # [msec]
-
   Version      : 1.2
   Ways         : 16
   Words        : 1
   Feedback     : 2
   WordBits     : 32
   IndexBits    : 32
   Sort Order   : 0
   Sign Compare : 0
   Max Size     : 268435455
   Debug Enable : 1
   size         : 195000
   average_time :    5.545 # [msec]
   throughput   :   35.165 # [mwords/sec]
   Debug_Time(0):    5.133 # [msec]
   Debug_Time(1):    3.187 # [msec]
   Debug_Time(2):    1.160 # [msec]
   Debug_Time(3):    0.785 # [msec]
-
   Version      : 1.2
   Ways         : 16
   Words        : 1
   Feedback     : 2
   WordBits     : 32
   IndexBits    : 32
   Sort Order   : 0
   Sign Compare : 0
   Max Size     : 268435455
   Debug Enable : 1
   size         : 200000
   average_time :    5.683 # [msec]
   throughput   :   35.190 # [mwords/sec]
   Debug_Time(0):    5.313 # [msec]
   Debug_Time(1):    3.344 # [msec]
   Debug_Time(2):    1.162 # [msec]
   Debug_Time(3):    0.807 # [msec]
-
   Version      : 1.2
   Ways         : 16
   Words        : 1
   Feedback     : 2
   WordBits     : 32
   IndexBits    : 32
   Sort Order   : 0
   Sign Compare : 0
   Max Size     : 268435455
   Debug Enable : 1
   size         : 205000
   average_time :    5.831 # [msec]
   throughput   :   35.160 # [mwords/sec]
   Debug_Time(0):    5.443 # [msec]
   Debug_Time(1):    3.446 # [msec]
   Debug_Time(2):    1.170 # [msec]
   Debug_Time(3):    0.827 # [msec]
-
   Version      : 1.2
   Ways         : 16
   Words        : 1
   Feedback     : 2
   WordBits     : 32
   IndexBits    : 32
   Sort Order   : 0
   Sign Compare : 0
   Max Size     : 268435455
   Debug Enable : 1
   size         : 210000
   average_time :    6.024 # [msec]
   throughput   :   34.863 # [mwords/sec]
   Debug_Time(0):    5.769 # [msec]
   Debug_Time(1):    3.708 # [msec]
   Debug_Time(2):    1.213 # [msec]
   Debug_Time(3):    0.848 # [msec]
-
   Version      : 1.2
   Ways         : 16
   Words        : 1
   Feedback     : 2
   WordBits     : 32
   IndexBits    : 32
   Sort Order   : 0
   Sign Compare : 0
   Max Size     : 268435455
   Debug Enable : 1
   size         : 215000
   average_time :    6.118 # [msec]
   throughput   :   35.141 # [mwords/sec]
   Debug_Time(0):    5.895 # [msec]
   Debug_Time(1):    3.758 # [msec]
   Debug_Time(2):    1.268 # [msec]
   Debug_Time(3):    0.869 # [msec]
-
   Version      : 1.2
   Ways         : 16
   Words        : 1
   Feedback     : 2
   WordBits     : 32
   IndexBits    : 32
   Sort Order   : 0
   Sign Compare : 0
   Max Size     : 268435455
   Debug Enable : 1
   size         : 220000
   average_time :    6.283 # [msec]
   throughput   :   35.014 # [mwords/sec]
   Debug_Time(0):    5.987 # [msec]
   Debug_Time(1):    3.804 # [msec]
   Debug_Time(2):    1.296 # [msec]
   Debug_Time(3):    0.887 # [msec]
-
   Version      : 1.2
   Ways         : 16
   Words        : 1
   Feedback     : 2
   WordBits     : 32
   IndexBits    : 32
   Sort Order   : 0
   Sign Compare : 0
   Max Size     : 268435455
   Debug Enable : 1
   size         : 225000
   average_time :    6.426 # [msec]
   throughput   :   35.014 # [mwords/sec]
   Debug_Time(0):    6.115 # [msec]
   Debug_Time(1):    3.885 # [msec]
   Debug_Time(2):    1.323 # [msec]
   Debug_Time(3):    0.907 # [msec]
-
   Version      : 1.2
   Ways         : 16
   Words        : 1
   Feedback     : 2
   WordBits     : 32
   IndexBits    : 32
   Sort Order   : 0
   Sign Compare : 0
   Max Size     : 268435455
   Debug Enable : 1
   size         : 230000
   average_time :    6.613 # [msec]
   throughput   :   34.779 # [mwords/sec]
   Debug_Time(0):    6.310 # [msec]
   Debug_Time(1):    4.023 # [msec]
   Debug_Time(2):    1.359 # [msec]
   Debug_Time(3):    0.928 # [msec]
-
   Version      : 1.2
   Ways         : 16
   Words        : 1
   Feedback     : 2
   WordBits     : 32
   IndexBits    : 32
   Sort Order   : 0
   Sign Compare : 0
   Max Size     : 268435455
   Debug Enable : 1
   size         : 235000
   average_time :    6.790 # [msec]
   throughput   :   34.608 # [mwords/sec]
   Debug_Time(0):    6.373 # [msec]
   Debug_Time(1):    4.070 # [msec]
   Debug_Time(2):    1.356 # [msec]
   Debug_Time(3):    0.947 # [msec]
-
   Version      : 1.2
   Ways         : 16
   Words        : 1
   Feedback     : 2
   WordBits     : 32
   IndexBits    : 32
   Sort Order   : 0
   Sign Compare : 0
   Max Size     : 268435455
   Debug Enable : 1
   size         : 240000
   average_time :    6.898 # [msec]
   throughput   :   34.794 # [mwords/sec]
   Debug_Time(0):    6.556 # [msec]
   Debug_Time(1):    4.172 # [msec]
   Debug_Time(2):    1.410 # [msec]
   Debug_Time(3):    0.974 # [msec]
-
   Version      : 1.2
   Ways         : 16
   Words        : 1
   Feedback     : 2
   WordBits     : 32
   IndexBits    : 32
   Sort Order   : 0
   Sign Compare : 0
   Max Size     : 268435455
   Debug Enable : 1
   size         : 245000
   average_time :    7.011 # [msec]
   throughput   :   34.946 # [mwords/sec]
   Debug_Time(0):    6.594 # [msec]
   Debug_Time(1):    4.258 # [msec]
   Debug_Time(2):    1.345 # [msec]
   Debug_Time(3):    0.990 # [msec]
-
   Version      : 1.2
   Ways         : 16
   Words        : 1
   Feedback     : 2
   WordBits     : 32
   IndexBits    : 32
   Sort Order   : 0
   Sign Compare : 0
   Max Size     : 268435455
   Debug Enable : 1
   size         : 250000
   average_time :    7.170 # [msec]
   throughput   :   34.868 # [mwords/sec]
   Debug_Time(0):    6.890 # [msec]
   Debug_Time(1):    4.392 # [msec]
   Debug_Time(2):    1.490 # [msec]
   Debug_Time(3):    1.008 # [msec]
-
   Version      : 1.2
   Ways         : 16
   Words        : 1
   Feedback     : 2
   WordBits     : 32
   IndexBits    : 32
   Sort Order   : 0
   Sign Compare : 0
   Max Size     : 268435455
   Debug Enable : 1
   size         : 255000
   average_time :    7.359 # [msec]
   throughput   :   34.651 # [mwords/sec]
   Debug_Time(0):    7.009 # [msec]
   Debug_Time(1):    4.494 # [msec]
   Debug_Time(2):    1.487 # [msec]
   Debug_Time(3):    1.028 # [msec]
-
   Version      : 1.2
   Ways         : 16
   Words        : 1
   Feedback     : 2
   WordBits     : 32
   IndexBits    : 32
   Sort Order   : 0
   Sign Compare : 0
   Max Size     : 268435455
   Debug Enable : 1
   size         : 260000
   average_time :    7.495 # [msec]
   throughput   :   34.689 # [mwords/sec]
   Debug_Time(0):    7.068 # [msec]
   Debug_Time(1):    4.501 # [msec]
   Debug_Time(2):    1.521 # [msec]
   Debug_Time(3):    1.047 # [msec]
-
   Version      : 1.2
   Ways         : 16
   Words        : 1
   Feedback     : 2
   WordBits     : 32
   IndexBits    : 32
   Sort Order   : 0
   Sign Compare : 0
   Max Size     : 268435455
   Debug Enable : 1
   size         : 265000
   average_time :    7.600 # [msec]
   throughput   :   34.867 # [mwords/sec]
   Debug_Time(0):    7.209 # [msec]
   Debug_Time(1):    4.598 # [msec]
   Debug_Time(2):    1.540 # [msec]
   Debug_Time(3):    1.071 # [msec]
-
   Version      : 1.2
   Ways         : 16
   Words        : 1
   Feedback     : 2
   WordBits     : 32
   IndexBits    : 32
   Sort Order   : 0
   Sign Compare : 0
   Max Size     : 268435455
   Debug Enable : 1
   size         : 270000
   average_time :    7.744 # [msec]
   throughput   :   34.867 # [mwords/sec]
   Debug_Time(0):    7.318 # [msec]
   Debug_Time(1):    4.660 # [msec]
   Debug_Time(2):    1.567 # [msec]
   Debug_Time(3):    1.091 # [msec]
-
   Version      : 1.2
   Ways         : 16
   Words        : 1
   Feedback     : 2
   WordBits     : 32
   IndexBits    : 32
   Sort Order   : 0
   Sign Compare : 0
   Max Size     : 268435455
   Debug Enable : 1
   size         : 275000
   average_time :    7.893 # [msec]
   throughput   :   34.842 # [mwords/sec]
   Debug_Time(0):    7.512 # [msec]
   Debug_Time(1):    4.807 # [msec]
   Debug_Time(2):    1.590 # [msec]
   Debug_Time(3):    1.116 # [msec]
-
   Version      : 1.2
   Ways         : 16
   Words        : 1
   Feedback     : 2
   WordBits     : 32
   IndexBits    : 32
   Sort Order   : 0
   Sign Compare : 0
   Max Size     : 268435455
   Debug Enable : 1
   size         : 280000
   average_time :    8.030 # [msec]
   throughput   :   34.868 # [mwords/sec]
   Debug_Time(0):    7.646 # [msec]
   Debug_Time(1):    4.880 # [msec]
   Debug_Time(2):    1.628 # [msec]
   Debug_Time(3):    1.137 # [msec]
-
   Version      : 1.2
   Ways         : 16
   Words        : 1
   Feedback     : 2
   WordBits     : 32
   IndexBits    : 32
   Sort Order   : 0
   Sign Compare : 0
   Max Size     : 268435455
   Debug Enable : 1
   size         : 285000
   average_time :    8.180 # [msec]
   throughput   :   34.841 # [mwords/sec]
   Debug_Time(0):    7.808 # [msec]
   Debug_Time(1):    4.971 # [msec]
   Debug_Time(2):    1.686 # [msec]
   Debug_Time(3):    1.151 # [msec]
-
   Version      : 1.2
   Ways         : 16
   Words        : 1
   Feedback     : 2
   WordBits     : 32
   IndexBits    : 32
   Sort Order   : 0
   Sign Compare : 0
   Max Size     : 268435455
   Debug Enable : 1
   size         : 290000
   average_time :    8.279 # [msec]
   throughput   :   35.029 # [mwords/sec]
   Debug_Time(0):    7.924 # [msec]
   Debug_Time(1):    5.042 # [msec]
   Debug_Time(2):    1.710 # [msec]
   Debug_Time(3):    1.173 # [msec]
-
   Version      : 1.2
   Ways         : 16
   Words        : 1
   Feedback     : 2
   WordBits     : 32
   IndexBits    : 32
   Sort Order   : 0
   Sign Compare : 0
   Max Size     : 268435455
   Debug Enable : 1
   size         : 295000
   average_time :    8.447 # [msec]
   throughput   :   34.925 # [mwords/sec]
   Debug_Time(0):    8.067 # [msec]
   Debug_Time(1):    5.130 # [msec]
   Debug_Time(2):    1.624 # [msec]
   Debug_Time(3):    1.314 # [msec]
-
   Version      : 1.2
   Ways         : 16
   Words        : 1
   Feedback     : 2
   WordBits     : 32
   IndexBits    : 32
   Sort Order   : 0
   Sign Compare : 0
   Max Size     : 268435455
   Debug Enable : 1
   size         : 300000
   average_time :    8.611 # [msec]
   throughput   :   34.839 # [mwords/sec]
   Debug_Time(0):    8.135 # [msec]
   Debug_Time(1):    5.253 # [msec]
   Debug_Time(2):    1.576 # [msec]
   Debug_Time(3):    1.306 # [msec]
-
   Version      : 1.2
   Ways         : 16
   Words        : 1
   Feedback     : 2
   WordBits     : 32
   IndexBits    : 32
   Sort Order   : 0
   Sign Compare : 0
   Max Size     : 268435455
   Debug Enable : 1
   size         : 305000
   average_time :    8.701 # [msec]
   throughput   :   35.052 # [mwords/sec]
   Debug_Time(0):    8.255 # [msec]
   Debug_Time(1):    5.358 # [msec]
   Debug_Time(2):    1.597 # [msec]
   Debug_Time(3):    1.301 # [msec]
-
   Version      : 1.2
   Ways         : 16
   Words        : 1
   Feedback     : 2
   WordBits     : 32
   IndexBits    : 32
   Sort Order   : 0
   Sign Compare : 0
   Max Size     : 268435455
   Debug Enable : 1
   size         : 310000
   average_time :    8.859 # [msec]
   throughput   :   34.991 # [mwords/sec]
   Debug_Time(0):    8.477 # [msec]
   Debug_Time(1):    5.379 # [msec]
   Debug_Time(2):    1.810 # [msec]
   Debug_Time(3):    1.289 # [msec]
-
   Version      : 1.2
   Ways         : 16
   Words        : 1
   Feedback     : 2
   WordBits     : 32
   IndexBits    : 32
   Sort Order   : 0
   Sign Compare : 0
   Max Size     : 268435455
   Debug Enable : 1
   size         : 315000
   average_time :    8.991 # [msec]
   throughput   :   35.036 # [mwords/sec]
   Debug_Time(0):    8.624 # [msec]
   Debug_Time(1):    5.436 # [msec]
   Debug_Time(2):    1.755 # [msec]
   Debug_Time(3):    1.433 # [msec]
-
   Version      : 1.2
   Ways         : 16
   Words        : 1
   Feedback     : 2
   WordBits     : 32
   IndexBits    : 32
   Sort Order   : 0
   Sign Compare : 0
   Max Size     : 268435455
   Debug Enable : 1
   size         : 320000
   average_time :    9.157 # [msec]
   throughput   :   34.946 # [mwords/sec]
   Debug_Time(0):    8.668 # [msec]
   Debug_Time(1):    5.569 # [msec]
   Debug_Time(2):    1.688 # [msec]
   Debug_Time(3):    1.412 # [msec]
-
   Version      : 1.2
   Ways         : 16
   Words        : 1
   Feedback     : 2
   WordBits     : 32
   IndexBits    : 32
   Sort Order   : 0
   Sign Compare : 0
   Max Size     : 268435455
   Debug Enable : 1
   size         : 325000
   average_time :    9.271 # [msec]
   throughput   :   35.056 # [mwords/sec]
   Debug_Time(0):    8.762 # [msec]
   Debug_Time(1):    5.711 # [msec]
   Debug_Time(2):    1.711 # [msec]
   Debug_Time(3):    1.340 # [msec]
-
   Version      : 1.2
   Ways         : 16
   Words        : 1
   Feedback     : 2
   WordBits     : 32
   IndexBits    : 32
   Sort Order   : 0
   Sign Compare : 0
   Max Size     : 268435455
   Debug Enable : 1
   size         : 330000
   average_time :    9.417 # [msec]
   throughput   :   35.045 # [mwords/sec]
   Debug_Time(0):    9.115 # [msec]
   Debug_Time(1):    5.852 # [msec]
   Debug_Time(2):    1.836 # [msec]
   Debug_Time(3):    1.427 # [msec]
-
   Version      : 1.2
   Ways         : 16
   Words        : 1
   Feedback     : 2
   WordBits     : 32
   IndexBits    : 32
   Sort Order   : 0
   Sign Compare : 0
   Max Size     : 268435455
   Debug Enable : 1
   size         : 335000
   average_time :    9.535 # [msec]
   throughput   :   35.132 # [mwords/sec]
   Debug_Time(0):    9.227 # [msec]
   Debug_Time(1):    5.970 # [msec]
   Debug_Time(2):    1.778 # [msec]
   Debug_Time(3):    1.480 # [msec]
-
   Version      : 1.2
   Ways         : 16
   Words        : 1
   Feedback     : 2
   WordBits     : 32
   IndexBits    : 32
   Sort Order   : 0
   Sign Compare : 0
   Max Size     : 268435455
   Debug Enable : 1
   size         : 340000
   average_time :    9.683 # [msec]
   throughput   :   35.113 # [mwords/sec]
   Debug_Time(0):    9.396 # [msec]
   Debug_Time(1):    6.066 # [msec]
   Debug_Time(2):    1.849 # [msec]
   Debug_Time(3):    1.481 # [msec]
-
   Version      : 1.2
   Ways         : 16
   Words        : 1
   Feedback     : 2
   WordBits     : 32
   IndexBits    : 32
   Sort Order   : 0
   Sign Compare : 0
   Max Size     : 268435455
   Debug Enable : 1
   size         : 345000
   average_time :    9.879 # [msec]
   throughput   :   34.921 # [mwords/sec]
   Debug_Time(0):    9.379 # [msec]
   Debug_Time(1):    5.879 # [msec]
   Debug_Time(2):    2.055 # [msec]
   Debug_Time(3):    1.445 # [msec]
-
   Version      : 1.2
   Ways         : 16
   Words        : 1
   Feedback     : 2
   WordBits     : 32
   IndexBits    : 32
   Sort Order   : 0
   Sign Compare : 0
   Max Size     : 268435455
   Debug Enable : 1
   size         : 350000
   average_time :    9.983 # [msec]
   throughput   :   35.059 # [mwords/sec]
   Debug_Time(0):    9.460 # [msec]
   Debug_Time(1):    5.922 # [msec]
   Debug_Time(2):    2.062 # [msec]
   Debug_Time(3):    1.476 # [msec]
-
   Version      : 1.2
   Ways         : 16
   Words        : 1
   Feedback     : 2
   WordBits     : 32
   IndexBits    : 32
   Sort Order   : 0
   Sign Compare : 0
   Max Size     : 268435455
   Debug Enable : 1
   size         : 355000
   average_time :   10.095 # [msec]
   throughput   :   35.166 # [mwords/sec]
   Debug_Time(0):    9.584 # [msec]
   Debug_Time(1):    6.003 # [msec]
   Debug_Time(2):    2.076 # [msec]
   Debug_Time(3):    1.504 # [msec]
-
   Version      : 1.2
   Ways         : 16
   Words        : 1
   Feedback     : 2
   WordBits     : 32
   IndexBits    : 32
   Sort Order   : 0
   Sign Compare : 0
   Max Size     : 268435455
   Debug Enable : 1
   size         : 360000
   average_time :   10.217 # [msec]
   throughput   :   35.236 # [mwords/sec]
   Debug_Time(0):    9.795 # [msec]
   Debug_Time(1):    6.176 # [msec]
   Debug_Time(2):    2.128 # [msec]
   Debug_Time(3):    1.491 # [msec]
-
   Version      : 1.2
   Ways         : 16
   Words        : 1
   Feedback     : 2
   WordBits     : 32
   IndexBits    : 32
   Sort Order   : 0
   Sign Compare : 0
   Max Size     : 268435455
   Debug Enable : 1
   size         : 365000
   average_time :   10.413 # [msec]
   throughput   :   35.054 # [mwords/sec]
   Debug_Time(0):    9.894 # [msec]
   Debug_Time(1):    6.233 # [msec]
   Debug_Time(2):    2.165 # [msec]
   Debug_Time(3):    1.495 # [msec]
-
   Version      : 1.2
   Ways         : 16
   Words        : 1
   Feedback     : 2
   WordBits     : 32
   IndexBits    : 32
   Sort Order   : 0
   Sign Compare : 0
   Max Size     : 268435455
   Debug Enable : 1
   size         : 370000
   average_time :   10.538 # [msec]
   throughput   :   35.112 # [mwords/sec]
   Debug_Time(0):   10.007 # [msec]
   Debug_Time(1):    6.261 # [msec]
   Debug_Time(2):    2.191 # [msec]
   Debug_Time(3):    1.555 # [msec]
-
   Version      : 1.2
   Ways         : 16
   Words        : 1
   Feedback     : 2
   WordBits     : 32
   IndexBits    : 32
   Sort Order   : 0
   Sign Compare : 0
   Max Size     : 268435455
   Debug Enable : 1
   size         : 375000
   average_time :   10.676 # [msec]
   throughput   :   35.127 # [mwords/sec]
   Debug_Time(0):   10.137 # [msec]
   Debug_Time(1):    6.384 # [msec]
   Debug_Time(2):    2.195 # [msec]
   Debug_Time(3):    1.559 # [msec]
-
   Version      : 1.2
   Ways         : 16
   Words        : 1
   Feedback     : 2
   WordBits     : 32
   IndexBits    : 32
   Sort Order   : 0
   Sign Compare : 0
   Max Size     : 268435455
   Debug Enable : 1
   size         : 380000
   average_time :   10.810 # [msec]
   throughput   :   35.152 # [mwords/sec]
   Debug_Time(0):   10.459 # [msec]
   Debug_Time(1):    6.559 # [msec]
   Debug_Time(2):    2.258 # [msec]
   Debug_Time(3):    1.642 # [msec]
-
   Version      : 1.2
   Ways         : 16
   Words        : 1
   Feedback     : 2
   WordBits     : 32
   IndexBits    : 32
   Sort Order   : 0
   Sign Compare : 0
   Max Size     : 268435455
   Debug Enable : 1
   size         : 385000
   average_time :   10.922 # [msec]
   throughput   :   35.251 # [mwords/sec]
   Debug_Time(0):   10.434 # [msec]
   Debug_Time(1):    6.563 # [msec]
   Debug_Time(2):    2.285 # [msec]
   Debug_Time(3):    1.586 # [msec]
-
   Version      : 1.2
   Ways         : 16
   Words        : 1
   Feedback     : 2
   WordBits     : 32
   IndexBits    : 32
   Sort Order   : 0
   Sign Compare : 0
   Max Size     : 268435455
   Debug Enable : 1
   size         : 390000
   average_time :   11.081 # [msec]
   throughput   :   35.194 # [mwords/sec]
   Debug_Time(0):   10.686 # [msec]
   Debug_Time(1):    6.756 # [msec]
   Debug_Time(2):    2.327 # [msec]
   Debug_Time(3):    1.604 # [msec]
-
   Version      : 1.2
   Ways         : 16
   Words        : 1
   Feedback     : 2
   WordBits     : 32
   IndexBits    : 32
   Sort Order   : 0
   Sign Compare : 0
   Max Size     : 268435455
   Debug Enable : 1
   size         : 395000
   average_time :   11.221 # [msec]
   throughput   :   35.203 # [mwords/sec]
   Debug_Time(0):   10.811 # [msec]
   Debug_Time(1):    6.810 # [msec]
   Debug_Time(2):    2.345 # [msec]
   Debug_Time(3):    1.656 # [msec]
-
   Version      : 1.2
   Ways         : 16
   Words        : 1
   Feedback     : 2
   WordBits     : 32
   IndexBits    : 32
   Sort Order   : 0
   Sign Compare : 0
   Max Size     : 268435455
   Debug Enable : 1
   size         : 400000
   average_time :   11.278 # [msec]
   throughput   :   35.468 # [mwords/sec]
   Debug_Time(0):   10.884 # [msec]
   Debug_Time(1):    6.872 # [msec]
   Debug_Time(2):    2.377 # [msec]
   Debug_Time(3):    1.635 # [msec]
-
   Version      : 1.2
   Ways         : 16
   Words        : 1
   Feedback     : 2
   WordBits     : 32
   IndexBits    : 32
   Sort Order   : 0
   Sign Compare : 0
   Max Size     : 268435455
   Debug Enable : 1
   size         : 405000
   average_time :   11.457 # [msec]
   throughput   :   35.350 # [mwords/sec]
   Debug_Time(0):   11.052 # [msec]
   Debug_Time(1):    6.947 # [msec]
   Debug_Time(2):    2.393 # [msec]
   Debug_Time(3):    1.712 # [msec]
-
   Version      : 1.2
   Ways         : 16
   Words        : 1
   Feedback     : 2
   WordBits     : 32
   IndexBits    : 32
   Sort Order   : 0
   Sign Compare : 0
   Max Size     : 268435455
   Debug Enable : 1
   size         : 410000
   average_time :   11.663 # [msec]
   throughput   :   35.154 # [mwords/sec]
   Debug_Time(0):   11.239 # [msec]
   Debug_Time(1):    7.088 # [msec]
   Debug_Time(2):    2.437 # [msec]
   Debug_Time(3):    1.714 # [msec]
-
   Version      : 1.2
   Ways         : 16
   Words        : 1
   Feedback     : 2
   WordBits     : 32
   IndexBits    : 32
   Sort Order   : 0
   Sign Compare : 0
   Max Size     : 268435455
   Debug Enable : 1
   size         : 415000
   average_time :   11.695 # [msec]
   throughput   :   35.484 # [mwords/sec]
   Debug_Time(0):   11.235 # [msec]
   Debug_Time(1):    7.077 # [msec]
   Debug_Time(2):    2.417 # [msec]
   Debug_Time(3):    1.741 # [msec]
-
   Version      : 1.2
   Ways         : 16
   Words        : 1
   Feedback     : 2
   WordBits     : 32
   IndexBits    : 32
   Sort Order   : 0
   Sign Compare : 0
   Max Size     : 268435455
   Debug Enable : 1
   size         : 420000
   average_time :   11.841 # [msec]
   throughput   :   35.469 # [mwords/sec]
   Debug_Time(0):   11.450 # [msec]
   Debug_Time(1):    7.183 # [msec]
   Debug_Time(2):    2.503 # [msec]
   Debug_Time(3):    1.764 # [msec]
-
   Version      : 1.2
   Ways         : 16
   Words        : 1
   Feedback     : 2
   WordBits     : 32
   IndexBits    : 32
   Sort Order   : 0
   Sign Compare : 0
   Max Size     : 268435455
   Debug Enable : 1
   size         : 425000
   average_time :   11.992 # [msec]
   throughput   :   35.439 # [mwords/sec]
   Debug_Time(0):   11.524 # [msec]
   Debug_Time(1):    7.244 # [msec]
   Debug_Time(2):    2.523 # [msec]
   Debug_Time(3):    1.757 # [msec]
-
   Version      : 1.2
   Ways         : 16
   Words        : 1
   Feedback     : 2
   WordBits     : 32
   IndexBits    : 32
   Sort Order   : 0
   Sign Compare : 0
   Max Size     : 268435455
   Debug Enable : 1
   size         : 430000
   average_time :   12.166 # [msec]
   throughput   :   35.343 # [mwords/sec]
   Debug_Time(0):   11.728 # [msec]
   Debug_Time(1):    7.343 # [msec]
   Debug_Time(2):    2.546 # [msec]
   Debug_Time(3):    1.839 # [msec]
-
   Version      : 1.2
   Ways         : 16
   Words        : 1
   Feedback     : 2
   WordBits     : 32
   IndexBits    : 32
   Sort Order   : 0
   Sign Compare : 0
   Max Size     : 268435455
   Debug Enable : 1
   size         : 435000
   average_time :   12.324 # [msec]
   throughput   :   35.296 # [mwords/sec]
   Debug_Time(0):   11.879 # [msec]
   Debug_Time(1):    7.483 # [msec]
   Debug_Time(2):    2.571 # [msec]
   Debug_Time(3):    1.825 # [msec]
-
   Version      : 1.2
   Ways         : 16
   Words        : 1
   Feedback     : 2
   WordBits     : 32
   IndexBits    : 32
   Sort Order   : 0
   Sign Compare : 0
   Max Size     : 268435455
   Debug Enable : 1
   size         : 440000
   average_time :   12.497 # [msec]
   throughput   :   35.209 # [mwords/sec]
   Debug_Time(0):   12.053 # [msec]
   Debug_Time(1):    7.565 # [msec]
   Debug_Time(2):    2.617 # [msec]
   Debug_Time(3):    1.870 # [msec]
-
   Version      : 1.2
   Ways         : 16
   Words        : 1
   Feedback     : 2
   WordBits     : 32
   IndexBits    : 32
   Sort Order   : 0
   Sign Compare : 0
   Max Size     : 268435455
   Debug Enable : 1
   size         : 445000
   average_time :   12.522 # [msec]
   throughput   :   35.539 # [mwords/sec]
   Debug_Time(0):   12.070 # [msec]
   Debug_Time(1):    7.546 # [msec]
   Debug_Time(2):    2.646 # [msec]
   Debug_Time(3):    1.878 # [msec]
-
   Version      : 1.2
   Ways         : 16
   Words        : 1
   Feedback     : 2
   WordBits     : 32
   IndexBits    : 32
   Sort Order   : 0
   Sign Compare : 0
   Max Size     : 268435455
   Debug Enable : 1
   size         : 450000
   average_time :   12.697 # [msec]
   throughput   :   35.443 # [mwords/sec]
   Debug_Time(0):   12.280 # [msec]
   Debug_Time(1):    7.712 # [msec]
   Debug_Time(2):    2.668 # [msec]
   Debug_Time(3):    1.899 # [msec]
-
   Version      : 1.2
   Ways         : 16
   Words        : 1
   Feedback     : 2
   WordBits     : 32
   IndexBits    : 32
   Sort Order   : 0
   Sign Compare : 0
   Max Size     : 268435455
   Debug Enable : 1
   size         : 455000
   average_time :   12.856 # [msec]
   throughput   :   35.391 # [mwords/sec]
   Debug_Time(0):   12.384 # [msec]
   Debug_Time(1):    7.777 # [msec]
   Debug_Time(2):    2.691 # [msec]
   Debug_Time(3):    1.917 # [msec]
-
   Version      : 1.2
   Ways         : 16
   Words        : 1
   Feedback     : 2
   WordBits     : 32
   IndexBits    : 32
   Sort Order   : 0
   Sign Compare : 0
   Max Size     : 268435455
   Debug Enable : 1
   size         : 460000
   average_time :   12.988 # [msec]
   throughput   :   35.418 # [mwords/sec]
   Debug_Time(0):   12.557 # [msec]
   Debug_Time(1):    7.887 # [msec]
   Debug_Time(2):    2.735 # [msec]
   Debug_Time(3):    1.935 # [msec]
-
   Version      : 1.2
   Ways         : 16
   Words        : 1
   Feedback     : 2
   WordBits     : 32
   IndexBits    : 32
   Sort Order   : 0
   Sign Compare : 0
   Max Size     : 268435455
   Debug Enable : 1
   size         : 465000
   average_time :   13.176 # [msec]
   throughput   :   35.292 # [mwords/sec]
   Debug_Time(0):   12.707 # [msec]
   Debug_Time(1):    7.967 # [msec]
   Debug_Time(2):    2.734 # [msec]
   Debug_Time(3):    2.006 # [msec]
-
   Version      : 1.2
   Ways         : 16
   Words        : 1
   Feedback     : 2
   WordBits     : 32
   IndexBits    : 32
   Sort Order   : 0
   Sign Compare : 0
   Max Size     : 268435455
   Debug Enable : 1
   size         : 470000
   average_time :   13.212 # [msec]
   throughput   :   35.575 # [mwords/sec]
   Debug_Time(0):   12.733 # [msec]
   Debug_Time(1):    7.925 # [msec]
   Debug_Time(2):    2.791 # [msec]
   Debug_Time(3):    2.017 # [msec]
-
   Version      : 1.2
   Ways         : 16
   Words        : 1
   Feedback     : 2
   WordBits     : 32
   IndexBits    : 32
   Sort Order   : 0
   Sign Compare : 0
   Max Size     : 268435455
   Debug Enable : 1
   size         : 475000
   average_time :   13.350 # [msec]
   throughput   :   35.581 # [mwords/sec]
   Debug_Time(0):   12.970 # [msec]
   Debug_Time(1):    8.114 # [msec]
   Debug_Time(2):    2.813 # [msec]
   Debug_Time(3):    2.043 # [msec]
-
   Version      : 1.2
   Ways         : 16
   Words        : 1
   Feedback     : 2
   WordBits     : 32
   IndexBits    : 32
   Sort Order   : 0
   Sign Compare : 0
   Max Size     : 268435455
   Debug Enable : 1
   size         : 480000
   average_time :   13.509 # [msec]
   throughput   :   35.533 # [mwords/sec]
   Debug_Time(0):   13.014 # [msec]
   Debug_Time(1):    8.136 # [msec]
   Debug_Time(2):    2.850 # [msec]
   Debug_Time(3):    2.028 # [msec]
-
   Version      : 1.2
   Ways         : 16
   Words        : 1
   Feedback     : 2
   WordBits     : 32
   IndexBits    : 32
   Sort Order   : 0
   Sign Compare : 0
   Max Size     : 268435455
   Debug Enable : 1
   size         : 485000
   average_time :   13.624 # [msec]
   throughput   :   35.598 # [mwords/sec]
   Debug_Time(0):   13.207 # [msec]
   Debug_Time(1):    8.289 # [msec]
   Debug_Time(2):    2.850 # [msec]
   Debug_Time(3):    2.067 # [msec]
-
   Version      : 1.2
   Ways         : 16
   Words        : 1
   Feedback     : 2
   WordBits     : 32
   IndexBits    : 32
   Sort Order   : 0
   Sign Compare : 0
   Max Size     : 268435455
   Debug Enable : 1
   size         : 490000
   average_time :   13.763 # [msec]
   throughput   :   35.602 # [mwords/sec]
   Debug_Time(0):   13.328 # [msec]
   Debug_Time(1):    8.324 # [msec]
   Debug_Time(2):    2.890 # [msec]
   Debug_Time(3):    2.114 # [msec]
-
   Version      : 1.2
   Ways         : 16
   Words        : 1
   Feedback     : 2
   WordBits     : 32
   IndexBits    : 32
   Sort Order   : 0
   Sign Compare : 0
   Max Size     : 268435455
   Debug Enable : 1
   size         : 495000
   average_time :   13.963 # [msec]
   throughput   :   35.451 # [mwords/sec]
   Debug_Time(0):   13.585 # [msec]
   Debug_Time(1):    8.440 # [msec]
   Debug_Time(2):    2.944 # [msec]
   Debug_Time(3):    2.202 # [msec]
-
   Version      : 1.2
   Ways         : 16
   Words        : 1
   Feedback     : 2
   WordBits     : 32
   IndexBits    : 32
   Sort Order   : 0
   Sign Compare : 0
   Max Size     : 268435455
   Debug Enable : 1
   size         : 500000
   average_time :   14.129 # [msec]
   throughput   :   35.388 # [mwords/sec]
   Debug_Time(0):   13.659 # [msec]
   Debug_Time(1):    8.433 # [msec]
   Debug_Time(2):    2.956 # [msec]
   Debug_Time(3):    2.270 # [msec]
-
   Version      : 1.2
   Ways         : 16
   Words        : 1
   Feedback     : 2
   WordBits     : 32
   IndexBits    : 32
   Sort Order   : 0
   Sign Compare : 0
   Max Size     : 268435455
   Debug Enable : 1
   size         : 505000
   average_time :   14.202 # [msec]
   throughput   :   35.560 # [mwords/sec]
   Debug_Time(0):   13.927 # [msec]
   Debug_Time(1):    8.600 # [msec]
   Debug_Time(2):    2.993 # [msec]
   Debug_Time(3):    2.334 # [msec]
-
   Version      : 1.2
   Ways         : 16
   Words        : 1
   Feedback     : 2
   WordBits     : 32
   IndexBits    : 32
   Sort Order   : 0
   Sign Compare : 0
   Max Size     : 268435455
   Debug Enable : 1
   size         : 510000
   average_time :   14.341 # [msec]
   throughput   :   35.561 # [mwords/sec]
   Debug_Time(0):   13.952 # [msec]
   Debug_Time(1):    8.691 # [msec]
   Debug_Time(2):    2.826 # [msec]
   Debug_Time(3):    2.436 # [msec]
-
   Version      : 1.2
   Ways         : 16
   Words        : 1
   Feedback     : 2
   WordBits     : 32
   IndexBits    : 32
   Sort Order   : 0
   Sign Compare : 0
   Max Size     : 268435455
   Debug Enable : 1
   size         : 515000
   average_time :   14.473 # [msec]
   throughput   :   35.582 # [mwords/sec]
   Debug_Time(0):   13.973 # [msec]
   Debug_Time(1):    8.760 # [msec]
   Debug_Time(2):    2.793 # [msec]
   Debug_Time(3):    2.420 # [msec]
-
   Version      : 1.2
   Ways         : 16
   Words        : 1
   Feedback     : 2
   WordBits     : 32
   IndexBits    : 32
   Sort Order   : 0
   Sign Compare : 0
   Max Size     : 268435455
   Debug Enable : 1
   size         : 520000
   average_time :   14.577 # [msec]
   throughput   :   35.673 # [mwords/sec]
   Debug_Time(0):   13.950 # [msec]
   Debug_Time(1):    8.759 # [msec]
   Debug_Time(2):    2.795 # [msec]
   Debug_Time(3):    2.396 # [msec]
-
   Version      : 1.2
   Ways         : 16
   Words        : 1
   Feedback     : 2
   WordBits     : 32
   IndexBits    : 32
   Sort Order   : 0
   Sign Compare : 0
   Max Size     : 268435455
   Debug Enable : 1
   size         : 525000
   average_time :   14.822 # [msec]
   throughput   :   35.420 # [mwords/sec]
   Debug_Time(0):   14.567 # [msec]
   Debug_Time(1):    9.034 # [msec]
   Debug_Time(2):    3.057 # [msec]
   Debug_Time(3):    2.475 # [msec]
-
   Version      : 1.2
   Ways         : 16
   Words        : 1
   Feedback     : 2
   WordBits     : 32
   IndexBits    : 32
   Sort Order   : 0
   Sign Compare : 0
   Max Size     : 268435455
   Debug Enable : 1
   size         : 530000
   average_time :   14.896 # [msec]
   throughput   :   35.580 # [mwords/sec]
   Debug_Time(0):   14.657 # [msec]
   Debug_Time(1):    9.103 # [msec]
   Debug_Time(2):    3.087 # [msec]
   Debug_Time(3):    2.467 # [msec]
-
   Version      : 1.2
   Ways         : 16
   Words        : 1
   Feedback     : 2
   WordBits     : 32
   IndexBits    : 32
   Sort Order   : 0
   Sign Compare : 0
   Max Size     : 268435455
   Debug Enable : 1
   size         : 535000
   average_time :   15.004 # [msec]
   throughput   :   35.656 # [mwords/sec]
   Debug_Time(0):   14.784 # [msec]
   Debug_Time(1):    9.177 # [msec]
   Debug_Time(2):    3.160 # [msec]
   Debug_Time(3):    2.447 # [msec]
-
   Version      : 1.2
   Ways         : 16
   Words        : 1
   Feedback     : 2
   WordBits     : 32
   IndexBits    : 32
   Sort Order   : 0
   Sign Compare : 0
   Max Size     : 268435455
   Debug Enable : 1
   size         : 540000
   average_time :   15.122 # [msec]
   throughput   :   35.709 # [mwords/sec]
   Debug_Time(0):   14.892 # [msec]
   Debug_Time(1):    9.248 # [msec]
   Debug_Time(2):    3.184 # [msec]
   Debug_Time(3):    2.459 # [msec]
-
   Version      : 1.2
   Ways         : 16
   Words        : 1
   Feedback     : 2
   WordBits     : 32
   IndexBits    : 32
   Sort Order   : 0
   Sign Compare : 0
   Max Size     : 268435455
   Debug Enable : 1
   size         : 545000
   average_time :   15.282 # [msec]
   throughput   :   35.664 # [mwords/sec]
   Debug_Time(0):   14.648 # [msec]
   Debug_Time(1):    9.157 # [msec]
   Debug_Time(2):    2.997 # [msec]
   Debug_Time(3):    2.494 # [msec]
-
   Version      : 1.2
   Ways         : 16
   Words        : 1
   Feedback     : 2
   WordBits     : 32
   IndexBits    : 32
   Sort Order   : 0
   Sign Compare : 0
   Max Size     : 268435455
   Debug Enable : 1
   size         : 550000
   average_time :   15.508 # [msec]
   throughput   :   35.466 # [mwords/sec]
   Debug_Time(0):   15.057 # [msec]
   Debug_Time(1):    9.204 # [msec]
   Debug_Time(2):    3.261 # [msec]
   Debug_Time(3):    2.592 # [msec]
-
   Version      : 1.2
   Ways         : 16
   Words        : 1
   Feedback     : 2
   WordBits     : 32
   IndexBits    : 32
   Sort Order   : 0
   Sign Compare : 0
   Max Size     : 268435455
   Debug Enable : 1
   size         : 555000
   average_time :   15.638 # [msec]
   throughput   :   35.490 # [mwords/sec]
   Debug_Time(0):   15.079 # [msec]
   Debug_Time(1):    9.268 # [msec]
   Debug_Time(2):    3.258 # [msec]
   Debug_Time(3):    2.553 # [msec]
-
   Version      : 1.2
   Ways         : 16
   Words        : 1
   Feedback     : 2
   WordBits     : 32
   IndexBits    : 32
   Sort Order   : 0
   Sign Compare : 0
   Max Size     : 268435455
   Debug Enable : 1
   size         : 560000
   average_time :   15.657 # [msec]
   throughput   :   35.767 # [mwords/sec]
   Debug_Time(0):   15.129 # [msec]
   Debug_Time(1):    9.331 # [msec]
   Debug_Time(2):    3.302 # [msec]
   Debug_Time(3):    2.496 # [msec]
-
   Version      : 1.2
   Ways         : 16
   Words        : 1
   Feedback     : 2
   WordBits     : 32
   IndexBits    : 32
   Sort Order   : 0
   Sign Compare : 0
   Max Size     : 268435455
   Debug Enable : 1
   size         : 565000
   average_time :   15.846 # [msec]
   throughput   :   35.656 # [mwords/sec]
   Debug_Time(0):   15.389 # [msec]
   Debug_Time(1):    9.423 # [msec]
   Debug_Time(2):    3.357 # [msec]
   Debug_Time(3):    2.609 # [msec]
-
   Version      : 1.2
   Ways         : 16
   Words        : 1
   Feedback     : 2
   WordBits     : 32
   IndexBits    : 32
   Sort Order   : 0
   Sign Compare : 0
   Max Size     : 268435455
   Debug Enable : 1
   size         : 570000
   average_time :   16.076 # [msec]
   throughput   :   35.456 # [mwords/sec]
   Debug_Time(0):   15.635 # [msec]
   Debug_Time(1):    9.631 # [msec]
   Debug_Time(2):    3.303 # [msec]
   Debug_Time(3):    2.700 # [msec]
-
   Version      : 1.2
   Ways         : 16
   Words        : 1
   Feedback     : 2
   WordBits     : 32
   IndexBits    : 32
   Sort Order   : 0
   Sign Compare : 0
   Max Size     : 268435455
   Debug Enable : 1
   size         : 575000
   average_time :   16.144 # [msec]
   throughput   :   35.617 # [mwords/sec]
   Debug_Time(0):   15.647 # [msec]
   Debug_Time(1):    9.663 # [msec]
   Debug_Time(2):    3.363 # [msec]
   Debug_Time(3):    2.621 # [msec]
-
   Version      : 1.2
   Ways         : 16
   Words        : 1
   Feedback     : 2
   WordBits     : 32
   IndexBits    : 32
   Sort Order   : 0
   Sign Compare : 0
   Max Size     : 268435455
   Debug Enable : 1
   size         : 580000
   average_time :   16.293 # [msec]
   throughput   :   35.599 # [mwords/sec]
   Debug_Time(0):   15.769 # [msec]
   Debug_Time(1):    9.736 # [msec]
   Debug_Time(2):    3.397 # [msec]
   Debug_Time(3):    2.636 # [msec]
-
   Version      : 1.2
   Ways         : 16
   Words        : 1
   Feedback     : 2
   WordBits     : 32
   IndexBits    : 32
   Sort Order   : 0
   Sign Compare : 0
   Max Size     : 268435455
   Debug Enable : 1
   size         : 585000
   average_time :   16.447 # [msec]
   throughput   :   35.568 # [mwords/sec]
   Debug_Time(0):   15.940 # [msec]
   Debug_Time(1):    9.767 # [msec]
   Debug_Time(2):    3.445 # [msec]
   Debug_Time(3):    2.728 # [msec]
-
   Version      : 1.2
   Ways         : 16
   Words        : 1
   Feedback     : 2
   WordBits     : 32
   IndexBits    : 32
   Sort Order   : 0
   Sign Compare : 0
   Max Size     : 268435455
   Debug Enable : 1
   size         : 590000
   average_time :   16.549 # [msec]
   throughput   :   35.651 # [mwords/sec]
   Debug_Time(0):   16.102 # [msec]
   Debug_Time(1):    9.817 # [msec]
   Debug_Time(2):    3.470 # [msec]
   Debug_Time(3):    2.815 # [msec]
-
   Version      : 1.2
   Ways         : 16
   Words        : 1
   Feedback     : 2
   WordBits     : 32
   IndexBits    : 32
   Sort Order   : 0
   Sign Compare : 0
   Max Size     : 268435455
   Debug Enable : 1
   size         : 595000
   average_time :   16.730 # [msec]
   throughput   :   35.565 # [mwords/sec]
   Debug_Time(0):   16.412 # [msec]
   Debug_Time(1):    9.948 # [msec]
   Debug_Time(2):    3.524 # [msec]
   Debug_Time(3):    2.939 # [msec]
-
   Version      : 1.2
   Ways         : 16
   Words        : 1
   Feedback     : 2
   WordBits     : 32
   IndexBits    : 32
   Sort Order   : 0
   Sign Compare : 0
   Max Size     : 268435455
   Debug Enable : 1
   size         : 600000
   average_time :   16.865 # [msec]
   throughput   :   35.578 # [mwords/sec]
   Debug_Time(0):   16.590 # [msec]
   Debug_Time(1):   10.027 # [msec]
   Debug_Time(2):    3.558 # [msec]
   Debug_Time(3):    3.005 # [msec]
-
   Version      : 1.2
   Ways         : 16
   Words        : 1
   Feedback     : 2
   WordBits     : 32
   IndexBits    : 32
   Sort Order   : 0
   Sign Compare : 0
   Max Size     : 268435455
   Debug Enable : 1
   size         : 605000
   average_time :   16.979 # [msec]
   throughput   :   35.633 # [mwords/sec]
   Debug_Time(0):   16.639 # [msec]
   Debug_Time(1):   10.153 # [msec]
   Debug_Time(2):    3.483 # [msec]
   Debug_Time(3):    3.003 # [msec]
-
   Version      : 1.2
   Ways         : 16
   Words        : 1
   Feedback     : 2
   WordBits     : 32
   IndexBits    : 32
   Sort Order   : 0
   Sign Compare : 0
   Max Size     : 268435455
   Debug Enable : 1
   size         : 610000
   average_time :   17.102 # [msec]
   throughput   :   35.668 # [mwords/sec]
   Debug_Time(0):   16.715 # [msec]
   Debug_Time(1):   10.231 # [msec]
   Debug_Time(2):    3.474 # [msec]
   Debug_Time(3):    3.011 # [msec]
-
   Version      : 1.2
   Ways         : 16
   Words        : 1
   Feedback     : 2
   WordBits     : 32
   IndexBits    : 32
   Sort Order   : 0
   Sign Compare : 0
   Max Size     : 268435455
   Debug Enable : 1
   size         : 615000
   average_time :   17.185 # [msec]
   throughput   :   35.787 # [mwords/sec]
   Debug_Time(0):   16.817 # [msec]
   Debug_Time(1):   10.372 # [msec]
   Debug_Time(2):    3.481 # [msec]
   Debug_Time(3):    2.964 # [msec]
-
   Version      : 1.2
   Ways         : 16
   Words        : 1
   Feedback     : 2
   WordBits     : 32
   IndexBits    : 32
   Sort Order   : 0
   Sign Compare : 0
   Max Size     : 268435455
   Debug Enable : 1
   size         : 620000
   average_time :   17.424 # [msec]
   throughput   :   35.583 # [mwords/sec]
   Debug_Time(0):   17.015 # [msec]
   Debug_Time(1):   10.425 # [msec]
   Debug_Time(2):    3.459 # [msec]
   Debug_Time(3):    3.130 # [msec]
-
   Version      : 1.2
   Ways         : 16
   Words        : 1
   Feedback     : 2
   WordBits     : 32
   IndexBits    : 32
   Sort Order   : 0
   Sign Compare : 0
   Max Size     : 268435455
   Debug Enable : 1
   size         : 625000
   average_time :   17.486 # [msec]
   throughput   :   35.743 # [mwords/sec]
   Debug_Time(0):   17.065 # [msec]
   Debug_Time(1):   10.503 # [msec]
   Debug_Time(2):    3.409 # [msec]
   Debug_Time(3):    3.153 # [msec]
-
   Version      : 1.2
   Ways         : 16
   Words        : 1
   Feedback     : 2
   WordBits     : 32
   IndexBits    : 32
   Sort Order   : 0
   Sign Compare : 0
   Max Size     : 268435455
   Debug Enable : 1
   size         : 630000
   average_time :   17.527 # [msec]
   throughput   :   35.944 # [mwords/sec]
   Debug_Time(0):   17.043 # [msec]
   Debug_Time(1):   10.571 # [msec]
   Debug_Time(2):    3.437 # [msec]
   Debug_Time(3):    3.035 # [msec]
-
   Version      : 1.2
   Ways         : 16
   Words        : 1
   Feedback     : 2
   WordBits     : 32
   IndexBits    : 32
   Sort Order   : 0
   Sign Compare : 0
   Max Size     : 268435455
   Debug Enable : 1
   size         : 635000
   average_time :   17.701 # [msec]
   throughput   :   35.874 # [mwords/sec]
   Debug_Time(0):   17.134 # [msec]
   Debug_Time(1):   10.663 # [msec]
   Debug_Time(2):    3.344 # [msec]
   Debug_Time(3):    3.127 # [msec]
-
   Version      : 1.2
   Ways         : 16
   Words        : 1
   Feedback     : 2
   WordBits     : 32
   IndexBits    : 32
   Sort Order   : 0
   Sign Compare : 0
   Max Size     : 268435455
   Debug Enable : 1
   size         : 640000
   average_time :   17.783 # [msec]
   throughput   :   35.990 # [mwords/sec]
   Debug_Time(0):   17.277 # [msec]
   Debug_Time(1):   10.769 # [msec]
   Debug_Time(2):    3.374 # [msec]
   Debug_Time(3):    3.133 # [msec]
-
   Version      : 1.2
   Ways         : 16
   Words        : 1
   Feedback     : 2
   WordBits     : 32
   IndexBits    : 32
   Sort Order   : 0
   Sign Compare : 0
   Max Size     : 268435455
   Debug Enable : 1
   size         : 645000
   average_time :   18.002 # [msec]
   throughput   :   35.830 # [mwords/sec]
   Debug_Time(0):   17.602 # [msec]
   Debug_Time(1):   10.975 # [msec]
   Debug_Time(2):    3.456 # [msec]
   Debug_Time(3):    3.171 # [msec]
-
   Version      : 1.2
   Ways         : 16
   Words        : 1
   Feedback     : 2
   WordBits     : 32
   IndexBits    : 32
   Sort Order   : 0
   Sign Compare : 0
   Max Size     : 268435455
   Debug Enable : 1
   size         : 650000
   average_time :   18.083 # [msec]
   throughput   :   35.946 # [mwords/sec]
   Debug_Time(0):   17.674 # [msec]
   Debug_Time(1):   11.064 # [msec]
   Debug_Time(2):    3.471 # [msec]
   Debug_Time(3):    3.140 # [msec]
-
   Version      : 1.2
   Ways         : 16
   Words        : 1
   Feedback     : 2
   WordBits     : 32
   IndexBits    : 32
   Sort Order   : 0
   Sign Compare : 0
   Max Size     : 268435455
   Debug Enable : 1
   size         : 655000
   average_time :   18.211 # [msec]
   throughput   :   35.967 # [mwords/sec]
   Debug_Time(0):   17.932 # [msec]
   Debug_Time(1):   11.137 # [msec]
   Debug_Time(2):    3.527 # [msec]
   Debug_Time(3):    3.268 # [msec]
-
   Version      : 1.2
   Ways         : 16
   Words        : 1
   Feedback     : 2
   WordBits     : 32
   IndexBits    : 32
   Sort Order   : 0
   Sign Compare : 0
   Max Size     : 268435455
   Debug Enable : 1
   size         : 660000
   average_time :   18.351 # [msec]
   throughput   :   35.966 # [mwords/sec]
   Debug_Time(0):   17.916 # [msec]
   Debug_Time(1):   11.294 # [msec]
   Debug_Time(2):    3.616 # [msec]
   Debug_Time(3):    3.007 # [msec]
-
   Version      : 1.2
   Ways         : 16
   Words        : 1
   Feedback     : 2
   WordBits     : 32
   IndexBits    : 32
   Sort Order   : 0
   Sign Compare : 0
   Max Size     : 268435455
   Debug Enable : 1
   size         : 665000
   average_time :   18.550 # [msec]
   throughput   :   35.849 # [mwords/sec]
   Debug_Time(0):   18.240 # [msec]
   Debug_Time(1):   11.349 # [msec]
   Debug_Time(2):    3.744 # [msec]
   Debug_Time(3):    3.146 # [msec]
-
   Version      : 1.2
   Ways         : 16
   Words        : 1
   Feedback     : 2
   WordBits     : 32
   IndexBits    : 32
   Sort Order   : 0
   Sign Compare : 0
   Max Size     : 268435455
   Debug Enable : 1
   size         : 670000
   average_time :   18.664 # [msec]
   throughput   :   35.898 # [mwords/sec]
   Debug_Time(0):   18.285 # [msec]
   Debug_Time(1):   11.433 # [msec]
   Debug_Time(2):    3.686 # [msec]
   Debug_Time(3):    3.166 # [msec]
-
   Version      : 1.2
   Ways         : 16
   Words        : 1
   Feedback     : 2
   WordBits     : 32
   IndexBits    : 32
   Sort Order   : 0
   Sign Compare : 0
   Max Size     : 268435455
   Debug Enable : 1
   size         : 675000
   average_time :   18.840 # [msec]
   throughput   :   35.828 # [mwords/sec]
   Debug_Time(0):   18.712 # [msec]
   Debug_Time(1):   11.546 # [msec]
   Debug_Time(2):    3.991 # [msec]
   Debug_Time(3):    3.174 # [msec]
-
   Version      : 1.2
   Ways         : 16
   Words        : 1
   Feedback     : 2
   WordBits     : 32
   IndexBits    : 32
   Sort Order   : 0
   Sign Compare : 0
   Max Size     : 268435455
   Debug Enable : 1
   size         : 680000
   average_time :   19.012 # [msec]
   throughput   :   35.767 # [mwords/sec]
   Debug_Time(0):   18.891 # [msec]
   Debug_Time(1):   11.644 # [msec]
   Debug_Time(2):    4.045 # [msec]
   Debug_Time(3):    3.202 # [msec]
-
   Version      : 1.2
   Ways         : 16
   Words        : 1
   Feedback     : 2
   WordBits     : 32
   IndexBits    : 32
   Sort Order   : 0
   Sign Compare : 0
   Max Size     : 268435455
   Debug Enable : 1
   size         : 685000
   average_time :   19.078 # [msec]
   throughput   :   35.906 # [mwords/sec]
   Debug_Time(0):   18.924 # [msec]
   Debug_Time(1):   11.749 # [msec]
   Debug_Time(2):    4.061 # [msec]
   Debug_Time(3):    3.114 # [msec]
-
   Version      : 1.2
   Ways         : 16
   Words        : 1
   Feedback     : 2
   WordBits     : 32
   IndexBits    : 32
   Sort Order   : 0
   Sign Compare : 0
   Max Size     : 268435455
   Debug Enable : 1
   size         : 690000
   average_time :   19.260 # [msec]
   throughput   :   35.826 # [mwords/sec]
   Debug_Time(0):   18.670 # [msec]
   Debug_Time(1):   11.483 # [msec]
   Debug_Time(2):    4.093 # [msec]
   Debug_Time(3):    3.094 # [msec]
-
   Version      : 1.2
   Ways         : 16
   Words        : 1
   Feedback     : 2
   WordBits     : 32
   IndexBits    : 32
   Sort Order   : 0
   Sign Compare : 0
   Max Size     : 268435455
   Debug Enable : 1
   size         : 695000
   average_time :   19.382 # [msec]
   throughput   :   35.859 # [mwords/sec]
   Debug_Time(0):   18.796 # [msec]
   Debug_Time(1):   11.553 # [msec]
   Debug_Time(2):    4.126 # [msec]
   Debug_Time(3):    3.118 # [msec]
-
   Version      : 1.2
   Ways         : 16
   Words        : 1
   Feedback     : 2
   WordBits     : 32
   IndexBits    : 32
   Sort Order   : 0
   Sign Compare : 0
   Max Size     : 268435455
   Debug Enable : 1
   size         : 700000
   average_time :   19.479 # [msec]
   throughput   :   35.936 # [mwords/sec]
   Debug_Time(0):   18.739 # [msec]
   Debug_Time(1):   11.505 # [msec]
   Debug_Time(2):    4.149 # [msec]
   Debug_Time(3):    3.085 # [msec]
-
   Version      : 1.2
   Ways         : 16
   Words        : 1
   Feedback     : 2
   WordBits     : 32
   IndexBits    : 32
   Sort Order   : 0
   Sign Compare : 0
   Max Size     : 268435455
   Debug Enable : 1
   size         : 705000
   average_time :   19.568 # [msec]
   throughput   :   36.028 # [mwords/sec]
   Debug_Time(0):   18.917 # [msec]
   Debug_Time(1):   11.737 # [msec]
   Debug_Time(2):    4.148 # [msec]
   Debug_Time(3):    3.032 # [msec]
-
   Version      : 1.2
   Ways         : 16
   Words        : 1
   Feedback     : 2
   WordBits     : 32
   IndexBits    : 32
   Sort Order   : 0
   Sign Compare : 0
   Max Size     : 268435455
   Debug Enable : 1
   size         : 710000
   average_time :   19.871 # [msec]
   throughput   :   35.731 # [mwords/sec]
   Debug_Time(0):   19.346 # [msec]
   Debug_Time(1):   11.895 # [msec]
   Debug_Time(2):    4.222 # [msec]
   Debug_Time(3):    3.229 # [msec]
-
   Version      : 1.2
   Ways         : 16
   Words        : 1
   Feedback     : 2
   WordBits     : 32
   IndexBits    : 32
   Sort Order   : 0
   Sign Compare : 0
   Max Size     : 268435455
   Debug Enable : 1
   size         : 715000
   average_time :   19.934 # [msec]
   throughput   :   35.869 # [mwords/sec]
   Debug_Time(0):   19.375 # [msec]
   Debug_Time(1):   11.979 # [msec]
   Debug_Time(2):    4.230 # [msec]
   Debug_Time(3):    3.166 # [msec]
-
   Version      : 1.2
   Ways         : 16
   Words        : 1
   Feedback     : 2
   WordBits     : 32
   IndexBits    : 32
   Sort Order   : 0
   Sign Compare : 0
   Max Size     : 268435455
   Debug Enable : 1
   size         : 720000
   average_time :   19.999 # [msec]
   throughput   :   36.001 # [mwords/sec]
   Debug_Time(0):   19.444 # [msec]
   Debug_Time(1):   12.037 # [msec]
   Debug_Time(2):    4.282 # [msec]
   Debug_Time(3):    3.126 # [msec]
-
   Version      : 1.2
   Ways         : 16
   Words        : 1
   Feedback     : 2
   WordBits     : 32
   IndexBits    : 32
   Sort Order   : 0
   Sign Compare : 0
   Max Size     : 268435455
   Debug Enable : 1
   size         : 725000
   average_time :   20.194 # [msec]
   throughput   :   35.902 # [mwords/sec]
   Debug_Time(0):   19.661 # [msec]
   Debug_Time(1):   12.131 # [msec]
   Debug_Time(2):    4.303 # [msec]
   Debug_Time(3):    3.227 # [msec]
-
   Version      : 1.2
   Ways         : 16
   Words        : 1
   Feedback     : 2
   WordBits     : 32
   IndexBits    : 32
   Sort Order   : 0
   Sign Compare : 0
   Max Size     : 268435455
   Debug Enable : 1
   size         : 730000
   average_time :   20.253 # [msec]
   throughput   :   36.044 # [mwords/sec]
   Debug_Time(0):   19.680 # [msec]
   Debug_Time(1):   12.179 # [msec]
   Debug_Time(2):    4.335 # [msec]
   Debug_Time(3):    3.165 # [msec]
-
   Version      : 1.2
   Ways         : 16
   Words        : 1
   Feedback     : 2
   WordBits     : 32
   IndexBits    : 32
   Sort Order   : 0
   Sign Compare : 0
   Max Size     : 268435455
   Debug Enable : 1
   size         : 735000
   average_time :   20.519 # [msec]
   throughput   :   35.820 # [mwords/sec]
   Debug_Time(0):   20.034 # [msec]
   Debug_Time(1):   12.291 # [msec]
   Debug_Time(2):    4.341 # [msec]
   Debug_Time(3):    3.402 # [msec]
-
   Version      : 1.2
   Ways         : 16
   Words        : 1
   Feedback     : 2
   WordBits     : 32
   IndexBits    : 32
   Sort Order   : 0
   Sign Compare : 0
   Max Size     : 268435455
   Debug Enable : 1
   size         : 740000
   average_time :   20.604 # [msec]
   throughput   :   35.915 # [mwords/sec]
   Debug_Time(0):   20.081 # [msec]
   Debug_Time(1):   12.384 # [msec]
   Debug_Time(2):    4.373 # [msec]
   Debug_Time(3):    3.323 # [msec]
-
   Version      : 1.2
   Ways         : 16
   Words        : 1
   Feedback     : 2
   WordBits     : 32
   IndexBits    : 32
   Sort Order   : 0
   Sign Compare : 0
   Max Size     : 268435455
   Debug Enable : 1
   size         : 745000
   average_time :   20.632 # [msec]
   throughput   :   36.108 # [mwords/sec]
   Debug_Time(0):   20.156 # [msec]
   Debug_Time(1):   12.462 # [msec]
   Debug_Time(2):    4.417 # [msec]
   Debug_Time(3):    3.277 # [msec]
-
   Version      : 1.2
   Ways         : 16
   Words        : 1
   Feedback     : 2
   WordBits     : 32
   IndexBits    : 32
   Sort Order   : 0
   Sign Compare : 0
   Max Size     : 268435455
   Debug Enable : 1
   size         : 750000
   average_time :   20.847 # [msec]
   throughput   :   35.976 # [mwords/sec]
   Debug_Time(0):   20.244 # [msec]
   Debug_Time(1):   12.568 # [msec]
   Debug_Time(2):    4.447 # [msec]
   Debug_Time(3):    3.229 # [msec]
-
   Version      : 1.2
   Ways         : 16
   Words        : 1
   Feedback     : 2
   WordBits     : 32
   IndexBits    : 32
   Sort Order   : 0
   Sign Compare : 0
   Max Size     : 268435455
   Debug Enable : 1
   size         : 755000
   average_time :   21.104 # [msec]
   throughput   :   35.775 # [mwords/sec]
   Debug_Time(0):   20.590 # [msec]
   Debug_Time(1):   12.638 # [msec]
   Debug_Time(2):    4.483 # [msec]
   Debug_Time(3):    3.469 # [msec]
-
   Version      : 1.2
   Ways         : 16
   Words        : 1
   Feedback     : 2
   WordBits     : 32
   IndexBits    : 32
   Sort Order   : 0
   Sign Compare : 0
   Max Size     : 268435455
   Debug Enable : 1
   size         : 760000
   average_time :   21.171 # [msec]
   throughput   :   35.899 # [mwords/sec]
   Debug_Time(0):   20.680 # [msec]
   Debug_Time(1):   12.707 # [msec]
   Debug_Time(2):    4.506 # [msec]
   Debug_Time(3):    3.467 # [msec]
-
   Version      : 1.2
   Ways         : 16
   Words        : 1
   Feedback     : 2
   WordBits     : 32
   IndexBits    : 32
   Sort Order   : 0
   Sign Compare : 0
   Max Size     : 268435455
   Debug Enable : 1
   size         : 765000
   average_time :   21.230 # [msec]
   throughput   :   36.034 # [mwords/sec]
   Debug_Time(0):   20.719 # [msec]
   Debug_Time(1):   12.776 # [msec]
   Debug_Time(2):    4.525 # [msec]
   Debug_Time(3):    3.418 # [msec]
-
   Version      : 1.2
   Ways         : 16
   Words        : 1
   Feedback     : 2
   WordBits     : 32
   IndexBits    : 32
   Sort Order   : 0
   Sign Compare : 0
   Max Size     : 268435455
   Debug Enable : 1
   size         : 770000
   average_time :   21.331 # [msec]
   throughput   :   36.098 # [mwords/sec]
   Debug_Time(0):   20.796 # [msec]
   Debug_Time(1):   12.858 # [msec]
   Debug_Time(2):    4.557 # [msec]
   Debug_Time(3):    3.381 # [msec]
-
   Version      : 1.2
   Ways         : 16
   Words        : 1
   Feedback     : 2
   WordBits     : 32
   IndexBits    : 32
   Sort Order   : 0
   Sign Compare : 0
   Max Size     : 268435455
   Debug Enable : 1
   size         : 775000
   average_time :   21.512 # [msec]
   throughput   :   36.026 # [mwords/sec]
   Debug_Time(0):   21.007 # [msec]
   Debug_Time(1):   12.981 # [msec]
   Debug_Time(2):    4.610 # [msec]
   Debug_Time(3):    3.416 # [msec]
-
   Version      : 1.2
   Ways         : 16
   Words        : 1
   Feedback     : 2
   WordBits     : 32
   IndexBits    : 32
   Sort Order   : 0
   Sign Compare : 0
   Max Size     : 268435455
   Debug Enable : 1
   size         : 780000
   average_time :   21.639 # [msec]
   throughput   :   36.045 # [mwords/sec]
   Debug_Time(0):   21.158 # [msec]
   Debug_Time(1):   13.045 # [msec]
   Debug_Time(2):    4.627 # [msec]
   Debug_Time(3):    3.486 # [msec]
-
   Version      : 1.2
   Ways         : 16
   Words        : 1
   Feedback     : 2
   WordBits     : 32
   IndexBits    : 32
   Sort Order   : 0
   Sign Compare : 0
   Max Size     : 268435455
   Debug Enable : 1
   size         : 785000
   average_time :   21.733 # [msec]
   throughput   :   36.120 # [mwords/sec]
   Debug_Time(0):   21.289 # [msec]
   Debug_Time(1):   13.074 # [msec]
   Debug_Time(2):    4.656 # [msec]
   Debug_Time(3):    3.559 # [msec]
-
   Version      : 1.2
   Ways         : 16
   Words        : 1
   Feedback     : 2
   WordBits     : 32
   IndexBits    : 32
   Sort Order   : 0
   Sign Compare : 0
   Max Size     : 268435455
   Debug Enable : 1
   size         : 790000
   average_time :   21.855 # [msec]
   throughput   :   36.147 # [mwords/sec]
   Debug_Time(0):   21.317 # [msec]
   Debug_Time(1):   13.101 # [msec]
   Debug_Time(2):    4.689 # [msec]
   Debug_Time(3):    3.527 # [msec]
-
   Version      : 1.2
   Ways         : 16
   Words        : 1
   Feedback     : 2
   WordBits     : 32
   IndexBits    : 32
   Sort Order   : 0
   Sign Compare : 0
   Max Size     : 268435455
   Debug Enable : 1
   size         : 795000
   average_time :   22.009 # [msec]
   throughput   :   36.121 # [mwords/sec]
   Debug_Time(0):   21.515 # [msec]
   Debug_Time(1):   13.295 # [msec]
   Debug_Time(2):    4.698 # [msec]
   Debug_Time(3):    3.522 # [msec]
-
   Version      : 1.2
   Ways         : 16
   Words        : 1
   Feedback     : 2
   WordBits     : 32
   IndexBits    : 32
   Sort Order   : 0
   Sign Compare : 0
   Max Size     : 268435455
   Debug Enable : 1
   size         : 800000
   average_time :   22.202 # [msec]
   throughput   :   36.033 # [mwords/sec]
   Debug_Time(0):   21.562 # [msec]
   Debug_Time(1):   13.362 # [msec]
   Debug_Time(2):    4.464 # [msec]
   Debug_Time(3):    3.736 # [msec]
-
   Version      : 1.2
   Ways         : 16
   Words        : 1
   Feedback     : 2
   WordBits     : 32
   IndexBits    : 32
   Sort Order   : 0
   Sign Compare : 0
   Max Size     : 268435455
   Debug Enable : 1
   size         : 805000
   average_time :   22.303 # [msec]
   throughput   :   36.094 # [mwords/sec]
   Debug_Time(0):   21.830 # [msec]
   Debug_Time(1):   13.424 # [msec]
   Debug_Time(2):    4.775 # [msec]
   Debug_Time(3):    3.631 # [msec]
-
   Version      : 1.2
   Ways         : 16
   Words        : 1
   Feedback     : 2
   WordBits     : 32
   IndexBits    : 32
   Sort Order   : 0
   Sign Compare : 0
   Max Size     : 268435455
   Debug Enable : 1
   size         : 810000
   average_time :   22.504 # [msec]
   throughput   :   35.994 # [mwords/sec]
   Debug_Time(0):   22.196 # [msec]
   Debug_Time(1):   13.453 # [msec]
   Debug_Time(2):    4.751 # [msec]
   Debug_Time(3):    3.992 # [msec]
-
   Version      : 1.2
   Ways         : 16
   Words        : 1
   Feedback     : 2
   WordBits     : 32
   IndexBits    : 32
   Sort Order   : 0
   Sign Compare : 0
   Max Size     : 268435455
   Debug Enable : 1
   size         : 815000
   average_time :   22.540 # [msec]
   throughput   :   36.158 # [mwords/sec]
   Debug_Time(0):   22.194 # [msec]
   Debug_Time(1):   13.531 # [msec]
   Debug_Time(2):    4.817 # [msec]
   Debug_Time(3):    3.846 # [msec]
-
   Version      : 1.2
   Ways         : 16
   Words        : 1
   Feedback     : 2
   WordBits     : 32
   IndexBits    : 32
   Sort Order   : 0
   Sign Compare : 0
   Max Size     : 268435455
   Debug Enable : 1
   size         : 820000
   average_time :   22.944 # [msec]
   throughput   :   35.739 # [mwords/sec]
   Debug_Time(0):   22.501 # [msec]
   Debug_Time(1):   13.697 # [msec]
   Debug_Time(2):    4.610 # [msec]
   Debug_Time(3):    4.194 # [msec]
-
   Version      : 1.2
   Ways         : 16
   Words        : 1
   Feedback     : 2
   WordBits     : 32
   IndexBits    : 32
   Sort Order   : 0
   Sign Compare : 0
   Max Size     : 268435455
   Debug Enable : 1
   size         : 825000
   average_time :   22.863 # [msec]
   throughput   :   36.085 # [mwords/sec]
   Debug_Time(0):   22.153 # [msec]
   Debug_Time(1):   13.718 # [msec]
   Debug_Time(2):    4.525 # [msec]
   Debug_Time(3):    3.910 # [msec]
-
   Version      : 1.2
   Ways         : 16
   Words        : 1
   Feedback     : 2
   WordBits     : 32
   IndexBits    : 32
   Sort Order   : 0
   Sign Compare : 0
   Max Size     : 268435455
   Debug Enable : 1
   size         : 830000
   average_time :   22.996 # [msec]
   throughput   :   36.094 # [mwords/sec]
   Debug_Time(0):   22.503 # [msec]
   Debug_Time(1):   13.829 # [msec]
   Debug_Time(2):    4.620 # [msec]
   Debug_Time(3):    4.055 # [msec]
-
   Version      : 1.2
   Ways         : 16
   Words        : 1
   Feedback     : 2
   WordBits     : 32
   IndexBits    : 32
   Sort Order   : 0
   Sign Compare : 0
   Max Size     : 268435455
   Debug Enable : 1
   size         : 835000
   average_time :   23.249 # [msec]
   throughput   :   35.916 # [mwords/sec]
   Debug_Time(0):   22.562 # [msec]
   Debug_Time(1):   13.873 # [msec]
   Debug_Time(2):    4.522 # [msec]
   Debug_Time(3):    4.167 # [msec]
-
   Version      : 1.2
   Ways         : 16
   Words        : 1
   Feedback     : 2
   WordBits     : 32
   IndexBits    : 32
   Sort Order   : 0
   Sign Compare : 0
   Max Size     : 268435455
   Debug Enable : 1
   size         : 840000
   average_time :   23.340 # [msec]
   throughput   :   35.990 # [mwords/sec]
   Debug_Time(0):   22.659 # [msec]
   Debug_Time(1):   14.065 # [msec]
   Debug_Time(2):    4.621 # [msec]
   Debug_Time(3):    3.973 # [msec]
-
   Version      : 1.2
   Ways         : 16
   Words        : 1
   Feedback     : 2
   WordBits     : 32
   IndexBits    : 32
   Sort Order   : 0
   Sign Compare : 0
   Max Size     : 268435455
   Debug Enable : 1
   size         : 845000
   average_time :   23.450 # [msec]
   throughput   :   36.035 # [mwords/sec]
   Debug_Time(0):   22.760 # [msec]
   Debug_Time(1):   14.130 # [msec]
   Debug_Time(2):    4.652 # [msec]
   Debug_Time(3):    3.979 # [msec]
-
   Version      : 1.2
   Ways         : 16
   Words        : 1
   Feedback     : 2
   WordBits     : 32
   IndexBits    : 32
   Sort Order   : 0
   Sign Compare : 0
   Max Size     : 268435455
   Debug Enable : 1
   size         : 850000
   average_time :   23.699 # [msec]
   throughput   :   35.867 # [mwords/sec]
   Debug_Time(0):   23.453 # [msec]
   Debug_Time(1):   14.248 # [msec]
   Debug_Time(2):    5.004 # [msec]
   Debug_Time(3):    4.201 # [msec]
-
   Version      : 1.2
   Ways         : 16
   Words        : 1
   Feedback     : 2
   WordBits     : 32
   IndexBits    : 32
   Sort Order   : 0
   Sign Compare : 0
   Max Size     : 268435455
   Debug Enable : 1
   size         : 855000
   average_time :   23.719 # [msec]
   throughput   :   36.047 # [mwords/sec]
   Debug_Time(0):   23.520 # [msec]
   Debug_Time(1):   14.329 # [msec]
   Debug_Time(2):    4.973 # [msec]
   Debug_Time(3):    4.218 # [msec]
-
   Version      : 1.2
   Ways         : 16
   Words        : 1
   Feedback     : 2
   WordBits     : 32
   IndexBits    : 32
   Sort Order   : 0
   Sign Compare : 0
   Max Size     : 268435455
   Debug Enable : 1
   size         : 860000
   average_time :   23.897 # [msec]
   throughput   :   35.988 # [mwords/sec]
   Debug_Time(0):   23.680 # [msec]
   Debug_Time(1):   14.403 # [msec]
   Debug_Time(2):    5.051 # [msec]
   Debug_Time(3):    4.226 # [msec]
-
   Version      : 1.2
   Ways         : 16
   Words        : 1
   Feedback     : 2
   WordBits     : 32
   IndexBits    : 32
   Sort Order   : 0
   Sign Compare : 0
   Max Size     : 268435455
   Debug Enable : 1
   size         : 865000
   average_time :   24.005 # [msec]
   throughput   :   36.034 # [mwords/sec]
   Debug_Time(0):   23.792 # [msec]
   Debug_Time(1):   14.517 # [msec]
   Debug_Time(2):    5.094 # [msec]
   Debug_Time(3):    4.181 # [msec]
-
   Version      : 1.2
   Ways         : 16
   Words        : 1
   Feedback     : 2
   WordBits     : 32
   IndexBits    : 32
   Sort Order   : 0
   Sign Compare : 0
   Max Size     : 268435455
   Debug Enable : 1
   size         : 870000
   average_time :   24.150 # [msec]
   throughput   :   36.026 # [mwords/sec]
   Debug_Time(0):   23.868 # [msec]
   Debug_Time(1):   14.595 # [msec]
   Debug_Time(2):    5.093 # [msec]
   Debug_Time(3):    4.180 # [msec]
-
   Version      : 1.2
   Ways         : 16
   Words        : 1
   Feedback     : 2
   WordBits     : 32
   IndexBits    : 32
   Sort Order   : 0
   Sign Compare : 0
   Max Size     : 268435455
   Debug Enable : 1
   size         : 875000
   average_time :   24.237 # [msec]
   throughput   :   36.101 # [mwords/sec]
   Debug_Time(0):   23.832 # [msec]
   Debug_Time(1):   14.676 # [msec]
   Debug_Time(2):    5.011 # [msec]
   Debug_Time(3):    4.145 # [msec]
-
   Version      : 1.2
   Ways         : 16
   Words        : 1
   Feedback     : 2
   WordBits     : 32
   IndexBits    : 32
   Sort Order   : 0
   Sign Compare : 0
   Max Size     : 268435455
   Debug Enable : 1
   size         : 880000
   average_time :   24.483 # [msec]
   throughput   :   35.944 # [mwords/sec]
   Debug_Time(0):   24.109 # [msec]
   Debug_Time(1):   14.749 # [msec]
   Debug_Time(2):    5.026 # [msec]
   Debug_Time(3):    4.334 # [msec]
-
   Version      : 1.2
   Ways         : 16
   Words        : 1
   Feedback     : 2
   WordBits     : 32
   IndexBits    : 32
   Sort Order   : 0
   Sign Compare : 0
   Max Size     : 268435455
   Debug Enable : 1
   size         : 885000
   average_time :   24.546 # [msec]
   throughput   :   36.054 # [mwords/sec]
   Debug_Time(0):   24.178 # [msec]
   Debug_Time(1):   14.866 # [msec]
   Debug_Time(2):    5.098 # [msec]
   Debug_Time(3):    4.214 # [msec]
-
   Version      : 1.2
   Ways         : 16
   Words        : 1
   Feedback     : 2
   WordBits     : 32
   IndexBits    : 32
   Sort Order   : 0
   Sign Compare : 0
   Max Size     : 268435455
   Debug Enable : 1
   size         : 890000
   average_time :   24.712 # [msec]
   throughput   :   36.015 # [mwords/sec]
   Debug_Time(0):   24.452 # [msec]
   Debug_Time(1):   14.943 # [msec]
   Debug_Time(2):    5.257 # [msec]
   Debug_Time(3):    4.252 # [msec]
-
   Version      : 1.2
   Ways         : 16
   Words        : 1
   Feedback     : 2
   WordBits     : 32
   IndexBits    : 32
   Sort Order   : 0
   Sign Compare : 0
   Max Size     : 268435455
   Debug Enable : 1
   size         : 895000
   average_time :   24.888 # [msec]
   throughput   :   35.962 # [mwords/sec]
   Debug_Time(0):   24.654 # [msec]
   Debug_Time(1):   15.027 # [msec]
   Debug_Time(2):    5.260 # [msec]
   Debug_Time(3):    4.367 # [msec]
-
   Version      : 1.2
   Ways         : 16
   Words        : 1
   Feedback     : 2
   WordBits     : 32
   IndexBits    : 32
   Sort Order   : 0
   Sign Compare : 0
   Max Size     : 268435455
   Debug Enable : 1
   size         : 900000
   average_time :   24.963 # [msec]
   throughput   :   36.054 # [mwords/sec]
   Debug_Time(0):   24.480 # [msec]
   Debug_Time(1):   14.838 # [msec]
   Debug_Time(2):    5.306 # [msec]
   Debug_Time(3):    4.335 # [msec]
-
   Version      : 1.2
   Ways         : 16
   Words        : 1
   Feedback     : 2
   WordBits     : 32
   IndexBits    : 32
   Sort Order   : 0
   Sign Compare : 0
   Max Size     : 268435455
   Debug Enable : 1
   size         : 905000
   average_time :   25.123 # [msec]
   throughput   :   36.023 # [mwords/sec]
   Debug_Time(0):   24.935 # [msec]
   Debug_Time(1):   15.170 # [msec]
   Debug_Time(2):    5.321 # [msec]
   Debug_Time(3):    4.443 # [msec]
-
   Version      : 1.2
   Ways         : 16
   Words        : 1
   Feedback     : 2
   WordBits     : 32
   IndexBits    : 32
   Sort Order   : 0
   Sign Compare : 0
   Max Size     : 268435455
   Debug Enable : 1
   size         : 910000
   average_time :   25.370 # [msec]
   throughput   :   35.869 # [mwords/sec]
   Debug_Time(0):   25.106 # [msec]
   Debug_Time(1):   15.267 # [msec]
   Debug_Time(2):    5.334 # [msec]
   Debug_Time(3):    4.505 # [msec]
-
   Version      : 1.2
   Ways         : 16
   Words        : 1
   Feedback     : 2
   WordBits     : 32
   IndexBits    : 32
   Sort Order   : 0
   Sign Compare : 0
   Max Size     : 268435455
   Debug Enable : 1
   size         : 915000
   average_time :   25.392 # [msec]
   throughput   :   36.035 # [mwords/sec]
   Debug_Time(0):   25.275 # [msec]
   Debug_Time(1):   15.343 # [msec]
   Debug_Time(2):    5.348 # [msec]
   Debug_Time(3):    4.583 # [msec]
-
   Version      : 1.2
   Ways         : 16
   Words        : 1
   Feedback     : 2
   WordBits     : 32
   IndexBits    : 32
   Sort Order   : 0
   Sign Compare : 0
   Max Size     : 268435455
   Debug Enable : 1
   size         : 920000
   average_time :   25.460 # [msec]
   throughput   :   36.136 # [mwords/sec]
   Debug_Time(0):   25.185 # [msec]
   Debug_Time(1):   15.390 # [msec]
   Debug_Time(2):    5.361 # [msec]
   Debug_Time(3):    4.434 # [msec]
-
   Version      : 1.2
   Ways         : 16
   Words        : 1
   Feedback     : 2
   WordBits     : 32
   IndexBits    : 32
   Sort Order   : 0
   Sign Compare : 0
   Max Size     : 268435455
   Debug Enable : 1
   size         : 925000
   average_time :   25.595 # [msec]
   throughput   :   36.140 # [mwords/sec]
   Debug_Time(0):   25.324 # [msec]
   Debug_Time(1):   15.474 # [msec]
   Debug_Time(2):    5.354 # [msec]
   Debug_Time(3):    4.497 # [msec]
-
   Version      : 1.2
   Ways         : 16
   Words        : 1
   Feedback     : 2
   WordBits     : 32
   IndexBits    : 32
   Sort Order   : 0
   Sign Compare : 0
   Max Size     : 268435455
   Debug Enable : 1
   size         : 930000
   average_time :   25.755 # [msec]
   throughput   :   36.109 # [mwords/sec]
   Debug_Time(0):   25.481 # [msec]
   Debug_Time(1):   15.576 # [msec]
   Debug_Time(2):    5.377 # [msec]
   Debug_Time(3):    4.528 # [msec]
-
   Version      : 1.2
   Ways         : 16
   Words        : 1
   Feedback     : 2
   WordBits     : 32
   IndexBits    : 32
   Sort Order   : 0
   Sign Compare : 0
   Max Size     : 268435455
   Debug Enable : 1
   size         : 935000
   average_time :   25.914 # [msec]
   throughput   :   36.081 # [mwords/sec]
   Debug_Time(0):   25.529 # [msec]
   Debug_Time(1):   15.494 # [msec]
   Debug_Time(2):    5.454 # [msec]
   Debug_Time(3):    4.580 # [msec]
-
   Version      : 1.2
   Ways         : 16
   Words        : 1
   Feedback     : 2
   WordBits     : 32
   IndexBits    : 32
   Sort Order   : 0
   Sign Compare : 0
   Max Size     : 268435455
   Debug Enable : 1
   size         : 940000
   average_time :   25.949 # [msec]
   throughput   :   36.224 # [mwords/sec]
   Debug_Time(0):   25.215 # [msec]
   Debug_Time(1):   15.763 # [msec]
   Debug_Time(2):    5.088 # [msec]
   Debug_Time(3):    4.364 # [msec]
-
   Version      : 1.2
   Ways         : 16
   Words        : 1
   Feedback     : 2
   WordBits     : 32
   IndexBits    : 32
   Sort Order   : 0
   Sign Compare : 0
   Max Size     : 268435455
   Debug Enable : 1
   size         : 945000
   average_time :   26.063 # [msec]
   throughput   :   36.258 # [mwords/sec]
   Debug_Time(0):   25.431 # [msec]
   Debug_Time(1):   15.598 # [msec]
   Debug_Time(2):    5.082 # [msec]
   Debug_Time(3):    4.751 # [msec]
-
   Version      : 1.2
   Ways         : 16
   Words        : 1
   Feedback     : 2
   WordBits     : 32
   IndexBits    : 32
   Sort Order   : 0
   Sign Compare : 0
   Max Size     : 268435455
   Debug Enable : 1
   size         : 950000
   average_time :   26.316 # [msec]
   throughput   :   36.099 # [mwords/sec]
   Debug_Time(0):   25.660 # [msec]
   Debug_Time(1):   15.940 # [msec]
   Debug_Time(2):    5.116 # [msec]
   Debug_Time(3):    4.603 # [msec]
-
   Version      : 1.2
   Ways         : 16
   Words        : 1
   Feedback     : 2
   WordBits     : 32
   IndexBits    : 32
   Sort Order   : 0
   Sign Compare : 0
   Max Size     : 268435455
   Debug Enable : 1
   size         : 955000
   average_time :   26.451 # [msec]
   throughput   :   36.104 # [mwords/sec]
   Debug_Time(0):   26.183 # [msec]
   Debug_Time(1):   16.061 # [msec]
   Debug_Time(2):    5.664 # [msec]
   Debug_Time(3):    4.457 # [msec]
-
   Version      : 1.2
   Ways         : 16
   Words        : 1
   Feedback     : 2
   WordBits     : 32
   IndexBits    : 32
   Sort Order   : 0
   Sign Compare : 0
   Max Size     : 268435455
   Debug Enable : 1
   size         : 960000
   average_time :   26.546 # [msec]
   throughput   :   36.164 # [mwords/sec]
   Debug_Time(0):   26.310 # [msec]
   Debug_Time(1):   16.127 # [msec]
   Debug_Time(2):    5.690 # [msec]
   Debug_Time(3):    4.493 # [msec]
-
   Version      : 1.2
   Ways         : 16
   Words        : 1
   Feedback     : 2
   WordBits     : 32
   IndexBits    : 32
   Sort Order   : 0
   Sign Compare : 0
   Max Size     : 268435455
   Debug Enable : 1
   size         : 965000
   average_time :   26.803 # [msec]
   throughput   :   36.003 # [mwords/sec]
   Debug_Time(0):   26.467 # [msec]
   Debug_Time(1):   16.191 # [msec]
   Debug_Time(2):    5.691 # [msec]
   Debug_Time(3):    4.585 # [msec]
-
   Version      : 1.2
   Ways         : 16
   Words        : 1
   Feedback     : 2
   WordBits     : 32
   IndexBits    : 32
   Sort Order   : 0
   Sign Compare : 0
   Max Size     : 268435455
   Debug Enable : 1
   size         : 970000
   average_time :   26.812 # [msec]
   throughput   :   36.177 # [mwords/sec]
   Debug_Time(0):   26.541 # [msec]
   Debug_Time(1):   16.300 # [msec]
   Debug_Time(2):    5.753 # [msec]
   Debug_Time(3):    4.488 # [msec]
-
   Version      : 1.2
   Ways         : 16
   Words        : 1
   Feedback     : 2
   WordBits     : 32
   IndexBits    : 32
   Sort Order   : 0
   Sign Compare : 0
   Max Size     : 268435455
   Debug Enable : 1
   size         : 975000
   average_time :   27.014 # [msec]
   throughput   :   36.093 # [mwords/sec]
   Debug_Time(0):   26.763 # [msec]
   Debug_Time(1):   16.365 # [msec]
   Debug_Time(2):    5.780 # [msec]
   Debug_Time(3):    4.618 # [msec]
-
   Version      : 1.2
   Ways         : 16
   Words        : 1
   Feedback     : 2
   WordBits     : 32
   IndexBits    : 32
   Sort Order   : 0
   Sign Compare : 0
   Max Size     : 268435455
   Debug Enable : 1
   size         : 980000
   average_time :   27.144 # [msec]
   throughput   :   36.104 # [mwords/sec]
   Debug_Time(0):   26.918 # [msec]
   Debug_Time(1):   16.480 # [msec]
   Debug_Time(2):    5.818 # [msec]
   Debug_Time(3):    4.620 # [msec]
-
   Version      : 1.2
   Ways         : 16
   Words        : 1
   Feedback     : 2
   WordBits     : 32
   IndexBits    : 32
   Sort Order   : 0
   Sign Compare : 0
   Max Size     : 268435455
   Debug Enable : 1
   size         : 985000
   average_time :   27.312 # [msec]
   throughput   :   36.064 # [mwords/sec]
   Debug_Time(0):   26.955 # [msec]
   Debug_Time(1):   16.544 # [msec]
   Debug_Time(2):    5.861 # [msec]
   Debug_Time(3):    4.550 # [msec]
-
   Version      : 1.2
   Ways         : 16
   Words        : 1
   Feedback     : 2
   WordBits     : 32
   IndexBits    : 32
   Sort Order   : 0
   Sign Compare : 0
   Max Size     : 268435455
   Debug Enable : 1
   size         : 990000
   average_time :   27.433 # [msec]
   throughput   :   36.087 # [mwords/sec]
   Debug_Time(0):   27.111 # [msec]
   Debug_Time(1):   16.699 # [msec]
   Debug_Time(2):    5.847 # [msec]
   Debug_Time(3):    4.565 # [msec]
-
   Version      : 1.2
   Ways         : 16
   Words        : 1
   Feedback     : 2
   WordBits     : 32
   IndexBits    : 32
   Sort Order   : 0
   Sign Compare : 0
   Max Size     : 268435455
   Debug Enable : 1
   size         : 995000
   average_time :   27.543 # [msec]
   throughput   :   36.125 # [mwords/sec]
   Debug_Time(0):   27.137 # [msec]
   Debug_Time(1):   16.726 # [msec]
   Debug_Time(2):    5.862 # [msec]
   Debug_Time(3):    4.549 # [msec]
-
   Version      : 1.2
   Ways         : 16
   Words        : 1
   Feedback     : 2
   WordBits     : 32
   IndexBits    : 32
   Sort Order   : 0
   Sign Compare : 0
   Max Size     : 268435455
   Debug Enable : 1
   size         : 1000000
   average_time :   27.644 # [msec]
   throughput   :   36.174 # [mwords/sec]
   Debug_Time(0):   27.301 # [msec]
   Debug_Time(1):   16.805 # [msec]
   Debug_Time(2):    5.945 # [msec]
   Debug_Time(3):    4.551 # [msec]
