---
-
   Version      : 1.2
   Ways         : 32
   Words        : 1
   Feedback     : 2
   WordBits     : 32
   IndexBits    : 32
   Sort Order   : 0
   Sign Compare : 0
   Max Size     : 268435455
   Debug Enable : 1
   size         : 5000
   average_time :    0.584 # [msec]
   throughput   :    8.559 # [mwords/sec]
   Debug_Time(0):    0.395 # [msec]
   Debug_Time(1):    0.395 # [msec]
-
   Version      : 1.2
   Ways         : 32
   Words        : 1
   Feedback     : 2
   WordBits     : 32
   IndexBits    : 32
   Sort Order   : 0
   Sign Compare : 0
   Max Size     : 268435455
   Debug Enable : 1
   size         : 10000
   average_time :    0.595 # [msec]
   throughput   :   16.816 # [mwords/sec]
   Debug_Time(0):    0.395 # [msec]
   Debug_Time(1):    0.395 # [msec]
-
   Version      : 1.2
   Ways         : 32
   Words        : 1
   Feedback     : 2
   WordBits     : 32
   IndexBits    : 32
   Sort Order   : 0
   Sign Compare : 0
   Max Size     : 268435455
   Debug Enable : 1
   size         : 15000
   average_time :    0.593 # [msec]
   throughput   :   25.277 # [mwords/sec]
   Debug_Time(0):    0.394 # [msec]
   Debug_Time(1):    0.394 # [msec]
-
   Version      : 1.2
   Ways         : 32
   Words        : 1
   Feedback     : 2
   WordBits     : 32
   IndexBits    : 32
   Sort Order   : 0
   Sign Compare : 0
   Max Size     : 268435455
   Debug Enable : 1
   size         : 20000
   average_time :    0.591 # [msec]
   throughput   :   33.854 # [mwords/sec]
   Debug_Time(0):    0.394 # [msec]
   Debug_Time(1):    0.394 # [msec]
-
   Version      : 1.2
   Ways         : 32
   Words        : 1
   Feedback     : 2
   WordBits     : 32
   IndexBits    : 32
   Sort Order   : 0
   Sign Compare : 0
   Max Size     : 268435455
   Debug Enable : 1
   size         : 25000
   average_time :    0.605 # [msec]
   throughput   :   41.330 # [mwords/sec]
   Debug_Time(0):    0.394 # [msec]
   Debug_Time(1):    0.394 # [msec]
-
   Version      : 1.2
   Ways         : 32
   Words        : 1
   Feedback     : 2
   WordBits     : 32
   IndexBits    : 32
   Sort Order   : 0
   Sign Compare : 0
   Max Size     : 268435455
   Debug Enable : 1
   size         : 30000
   average_time :    0.596 # [msec]
   throughput   :   50.356 # [mwords/sec]
   Debug_Time(0):    0.394 # [msec]
   Debug_Time(1):    0.394 # [msec]
-
   Version      : 1.2
   Ways         : 32
   Words        : 1
   Feedback     : 2
   WordBits     : 32
   IndexBits    : 32
   Sort Order   : 0
   Sign Compare : 0
   Max Size     : 268435455
   Debug Enable : 1
   size         : 35000
   average_time :    1.156 # [msec]
   throughput   :   30.285 # [mwords/sec]
   Debug_Time(0):    0.930 # [msec]
   Debug_Time(1):    0.787 # [msec]
   Debug_Time(2):    0.143 # [msec]
-
   Version      : 1.2
   Ways         : 32
   Words        : 1
   Feedback     : 2
   WordBits     : 32
   IndexBits    : 32
   Sort Order   : 0
   Sign Compare : 0
   Max Size     : 268435455
   Debug Enable : 1
   size         : 40000
   average_time :    1.187 # [msec]
   throughput   :   33.708 # [mwords/sec]
   Debug_Time(0):    0.950 # [msec]
   Debug_Time(1):    0.787 # [msec]
   Debug_Time(2):    0.163 # [msec]
-
   Version      : 1.2
   Ways         : 32
   Words        : 1
   Feedback     : 2
   WordBits     : 32
   IndexBits    : 32
   Sort Order   : 0
   Sign Compare : 0
   Max Size     : 268435455
   Debug Enable : 1
   size         : 45000
   average_time :    1.228 # [msec]
   throughput   :   36.641 # [mwords/sec]
   Debug_Time(0):    0.971 # [msec]
   Debug_Time(1):    0.788 # [msec]
   Debug_Time(2):    0.184 # [msec]
-
   Version      : 1.2
   Ways         : 32
   Words        : 1
   Feedback     : 2
   WordBits     : 32
   IndexBits    : 32
   Sort Order   : 0
   Sign Compare : 0
   Max Size     : 268435455
   Debug Enable : 1
   size         : 50000
   average_time :    1.279 # [msec]
   throughput   :   39.104 # [mwords/sec]
   Debug_Time(0):    0.991 # [msec]
   Debug_Time(1):    0.788 # [msec]
   Debug_Time(2):    0.203 # [msec]
-
   Version      : 1.2
   Ways         : 32
   Words        : 1
   Feedback     : 2
   WordBits     : 32
   IndexBits    : 32
   Sort Order   : 0
   Sign Compare : 0
   Max Size     : 268435455
   Debug Enable : 1
   size         : 55000
   average_time :    1.300 # [msec]
   throughput   :   42.308 # [mwords/sec]
   Debug_Time(0):    1.011 # [msec]
   Debug_Time(1):    0.787 # [msec]
   Debug_Time(2):    0.223 # [msec]
-
   Version      : 1.2
   Ways         : 32
   Words        : 1
   Feedback     : 2
   WordBits     : 32
   IndexBits    : 32
   Sort Order   : 0
   Sign Compare : 0
   Max Size     : 268435455
   Debug Enable : 1
   size         : 60000
   average_time :    1.349 # [msec]
   throughput   :   44.469 # [mwords/sec]
   Debug_Time(0):    1.031 # [msec]
   Debug_Time(1):    0.788 # [msec]
   Debug_Time(2):    0.243 # [msec]
-
   Version      : 1.2
   Ways         : 32
   Words        : 1
   Feedback     : 2
   WordBits     : 32
   IndexBits    : 32
   Sort Order   : 0
   Sign Compare : 0
   Max Size     : 268435455
   Debug Enable : 1
   size         : 65000
   average_time :    1.519 # [msec]
   throughput   :   42.801 # [mwords/sec]
   Debug_Time(0):    1.051 # [msec]
   Debug_Time(1):    0.788 # [msec]
   Debug_Time(2):    0.263 # [msec]
-
   Version      : 1.2
   Ways         : 32
   Words        : 1
   Feedback     : 2
   WordBits     : 32
   IndexBits    : 32
   Sort Order   : 0
   Sign Compare : 0
   Max Size     : 268435455
   Debug Enable : 1
   size         : 70000
   average_time :    1.994 # [msec]
   throughput   :   35.113 # [mwords/sec]
   Debug_Time(0):    1.465 # [msec]
   Debug_Time(1):    1.181 # [msec]
   Debug_Time(2):    0.284 # [msec]
-
   Version      : 1.2
   Ways         : 32
   Words        : 1
   Feedback     : 2
   WordBits     : 32
   IndexBits    : 32
   Sort Order   : 0
   Sign Compare : 0
   Max Size     : 268435455
   Debug Enable : 1
   size         : 75000
   average_time :    2.078 # [msec]
   throughput   :   36.085 # [mwords/sec]
   Debug_Time(0):    1.485 # [msec]
   Debug_Time(1):    1.181 # [msec]
   Debug_Time(2):    0.304 # [msec]
-
   Version      : 1.2
   Ways         : 32
   Words        : 1
   Feedback     : 2
   WordBits     : 32
   IndexBits    : 32
   Sort Order   : 0
   Sign Compare : 0
   Max Size     : 268435455
   Debug Enable : 1
   size         : 80000
   average_time :    2.135 # [msec]
   throughput   :   37.470 # [mwords/sec]
   Debug_Time(0):    1.505 # [msec]
   Debug_Time(1):    1.180 # [msec]
   Debug_Time(2):    0.324 # [msec]
-
   Version      : 1.2
   Ways         : 32
   Words        : 1
   Feedback     : 2
   WordBits     : 32
   IndexBits    : 32
   Sort Order   : 0
   Sign Compare : 0
   Max Size     : 268435455
   Debug Enable : 1
   size         : 85000
   average_time :    2.190 # [msec]
   throughput   :   38.807 # [mwords/sec]
   Debug_Time(0):    1.527 # [msec]
   Debug_Time(1):    1.182 # [msec]
   Debug_Time(2):    0.345 # [msec]
-
   Version      : 1.2
   Ways         : 32
   Words        : 1
   Feedback     : 2
   WordBits     : 32
   IndexBits    : 32
   Sort Order   : 0
   Sign Compare : 0
   Max Size     : 268435455
   Debug Enable : 1
   size         : 90000
   average_time :    2.240 # [msec]
   throughput   :   40.187 # [mwords/sec]
   Debug_Time(0):    1.548 # [msec]
   Debug_Time(1):    1.183 # [msec]
   Debug_Time(2):    0.365 # [msec]
-
   Version      : 1.2
   Ways         : 32
   Words        : 1
   Feedback     : 2
   WordBits     : 32
   IndexBits    : 32
   Sort Order   : 0
   Sign Compare : 0
   Max Size     : 268435455
   Debug Enable : 1
   size         : 95000
   average_time :    2.292 # [msec]
   throughput   :   41.452 # [mwords/sec]
   Debug_Time(0):    1.566 # [msec]
   Debug_Time(1):    1.181 # [msec]
   Debug_Time(2):    0.385 # [msec]
-
   Version      : 1.2
   Ways         : 32
   Words        : 1
   Feedback     : 2
   WordBits     : 32
   IndexBits    : 32
   Sort Order   : 0
   Sign Compare : 0
   Max Size     : 268435455
   Debug Enable : 1
   size         : 100000
   average_time :    2.711 # [msec]
   throughput   :   36.886 # [mwords/sec]
   Debug_Time(0):    1.982 # [msec]
   Debug_Time(1):    1.577 # [msec]
   Debug_Time(2):    0.405 # [msec]
-
   Version      : 1.2
   Ways         : 32
   Words        : 1
   Feedback     : 2
   WordBits     : 32
   IndexBits    : 32
   Sort Order   : 0
   Sign Compare : 0
   Max Size     : 268435455
   Debug Enable : 1
   size         : 105000
   average_time :    2.763 # [msec]
   throughput   :   38.002 # [mwords/sec]
   Debug_Time(0):    2.027 # [msec]
   Debug_Time(1):    1.601 # [msec]
   Debug_Time(2):    0.426 # [msec]
-
   Version      : 1.2
   Ways         : 32
   Words        : 1
   Feedback     : 2
   WordBits     : 32
   IndexBits    : 32
   Sort Order   : 0
   Sign Compare : 0
   Max Size     : 268435455
   Debug Enable : 1
   size         : 110000
   average_time :    2.864 # [msec]
   throughput   :   38.402 # [mwords/sec]
   Debug_Time(0):    2.078 # [msec]
   Debug_Time(1):    1.632 # [msec]
   Debug_Time(2):    0.445 # [msec]
-
   Version      : 1.2
   Ways         : 32
   Words        : 1
   Feedback     : 2
   WordBits     : 32
   IndexBits    : 32
   Sort Order   : 0
   Sign Compare : 0
   Max Size     : 268435455
   Debug Enable : 1
   size         : 115000
   average_time :    3.040 # [msec]
   throughput   :   37.835 # [mwords/sec]
   Debug_Time(0):    2.202 # [msec]
   Debug_Time(1):    1.736 # [msec]
   Debug_Time(2):    0.465 # [msec]
-
   Version      : 1.2
   Ways         : 32
   Words        : 1
   Feedback     : 2
   WordBits     : 32
   IndexBits    : 32
   Sort Order   : 0
   Sign Compare : 0
   Max Size     : 268435455
   Debug Enable : 1
   size         : 120000
   average_time :    3.091 # [msec]
   throughput   :   38.821 # [mwords/sec]
   Debug_Time(0):    2.333 # [msec]
   Debug_Time(1):    1.847 # [msec]
   Debug_Time(2):    0.486 # [msec]
-
   Version      : 1.2
   Ways         : 32
   Words        : 1
   Feedback     : 2
   WordBits     : 32
   IndexBits    : 32
   Sort Order   : 0
   Sign Compare : 0
   Max Size     : 268435455
   Debug Enable : 1
   size         : 125000
   average_time :    3.244 # [msec]
   throughput   :   38.533 # [mwords/sec]
   Debug_Time(0):    2.486 # [msec]
   Debug_Time(1):    1.980 # [msec]
   Debug_Time(2):    0.506 # [msec]
-
   Version      : 1.2
   Ways         : 32
   Words        : 1
   Feedback     : 2
   WordBits     : 32
   IndexBits    : 32
   Sort Order   : 0
   Sign Compare : 0
   Max Size     : 268435455
   Debug Enable : 1
   size         : 130000
   average_time :    3.328 # [msec]
   throughput   :   39.061 # [mwords/sec]
   Debug_Time(0):    2.599 # [msec]
   Debug_Time(1):    2.072 # [msec]
   Debug_Time(2):    0.526 # [msec]
-
   Version      : 1.2
   Ways         : 32
   Words        : 1
   Feedback     : 2
   WordBits     : 32
   IndexBits    : 32
   Sort Order   : 0
   Sign Compare : 0
   Max Size     : 268435455
   Debug Enable : 1
   size         : 135000
   average_time :    3.759 # [msec]
   throughput   :   35.916 # [mwords/sec]
   Debug_Time(0):    3.090 # [msec]
   Debug_Time(1):    2.543 # [msec]
   Debug_Time(2):    0.547 # [msec]
-
   Version      : 1.2
   Ways         : 32
   Words        : 1
   Feedback     : 2
   WordBits     : 32
   IndexBits    : 32
   Sort Order   : 0
   Sign Compare : 0
   Max Size     : 268435455
   Debug Enable : 1
   size         : 140000
   average_time :    3.855 # [msec]
   throughput   :   36.312 # [mwords/sec]
   Debug_Time(0):    3.193 # [msec]
   Debug_Time(1):    2.626 # [msec]
   Debug_Time(2):    0.567 # [msec]
-
   Version      : 1.2
   Ways         : 32
   Words        : 1
   Feedback     : 2
   WordBits     : 32
   IndexBits    : 32
   Sort Order   : 0
   Sign Compare : 0
   Max Size     : 268435455
   Debug Enable : 1
   size         : 145000
   average_time :    3.992 # [msec]
   throughput   :   36.321 # [mwords/sec]
   Debug_Time(0):    3.341 # [msec]
   Debug_Time(1):    2.754 # [msec]
   Debug_Time(2):    0.587 # [msec]
-
   Version      : 1.2
   Ways         : 32
   Words        : 1
   Feedback     : 2
   WordBits     : 32
   IndexBits    : 32
   Sort Order   : 0
   Sign Compare : 0
   Max Size     : 268435455
   Debug Enable : 1
   size         : 150000
   average_time :    4.136 # [msec]
   throughput   :   36.266 # [mwords/sec]
   Debug_Time(0):    3.494 # [msec]
   Debug_Time(1):    2.887 # [msec]
   Debug_Time(2):    0.607 # [msec]
-
   Version      : 1.2
   Ways         : 32
   Words        : 1
   Feedback     : 2
   WordBits     : 32
   IndexBits    : 32
   Sort Order   : 0
   Sign Compare : 0
   Max Size     : 268435455
   Debug Enable : 1
   size         : 155000
   average_time :    4.220 # [msec]
   throughput   :   36.729 # [mwords/sec]
   Debug_Time(0):    3.595 # [msec]
   Debug_Time(1):    2.967 # [msec]
   Debug_Time(2):    0.627 # [msec]
-
   Version      : 1.2
   Ways         : 32
   Words        : 1
   Feedback     : 2
   WordBits     : 32
   IndexBits    : 32
   Sort Order   : 0
   Sign Compare : 0
   Max Size     : 268435455
   Debug Enable : 1
   size         : 160000
   average_time :    4.365 # [msec]
   throughput   :   36.654 # [mwords/sec]
   Debug_Time(0):    3.780 # [msec]
   Debug_Time(1):    3.132 # [msec]
   Debug_Time(2):    0.647 # [msec]
-
   Version      : 1.2
   Ways         : 32
   Words        : 1
   Feedback     : 2
   WordBits     : 32
   IndexBits    : 32
   Sort Order   : 0
   Sign Compare : 0
   Max Size     : 268435455
   Debug Enable : 1
   size         : 165000
   average_time :    4.841 # [msec]
   throughput   :   34.087 # [mwords/sec]
   Debug_Time(0):    4.302 # [msec]
   Debug_Time(1):    3.633 # [msec]
   Debug_Time(2):    0.669 # [msec]
-
   Version      : 1.2
   Ways         : 32
   Words        : 1
   Feedback     : 2
   WordBits     : 32
   IndexBits    : 32
   Sort Order   : 0
   Sign Compare : 0
   Max Size     : 268435455
   Debug Enable : 1
   size         : 170000
   average_time :    4.911 # [msec]
   throughput   :   34.615 # [mwords/sec]
   Debug_Time(0):    4.386 # [msec]
   Debug_Time(1):    3.697 # [msec]
   Debug_Time(2):    0.689 # [msec]
-
   Version      : 1.2
   Ways         : 32
   Words        : 1
   Feedback     : 2
   WordBits     : 32
   IndexBits    : 32
   Sort Order   : 0
   Sign Compare : 0
   Max Size     : 268435455
   Debug Enable : 1
   size         : 175000
   average_time :    5.040 # [msec]
   throughput   :   34.723 # [mwords/sec]
   Debug_Time(0):    4.549 # [msec]
   Debug_Time(1):    3.836 # [msec]
   Debug_Time(2):    0.714 # [msec]
-
   Version      : 1.2
   Ways         : 32
   Words        : 1
   Feedback     : 2
   WordBits     : 32
   IndexBits    : 32
   Sort Order   : 0
   Sign Compare : 0
   Max Size     : 268435455
   Debug Enable : 1
   size         : 180000
   average_time :    5.148 # [msec]
   throughput   :   34.963 # [mwords/sec]
   Debug_Time(0):    4.660 # [msec]
   Debug_Time(1):    3.932 # [msec]
   Debug_Time(2):    0.728 # [msec]
-
   Version      : 1.2
   Ways         : 32
   Words        : 1
   Feedback     : 2
   WordBits     : 32
   IndexBits    : 32
   Sort Order   : 0
   Sign Compare : 0
   Max Size     : 268435455
   Debug Enable : 1
   size         : 185000
   average_time :    5.240 # [msec]
   throughput   :   35.307 # [mwords/sec]
   Debug_Time(0):    4.757 # [msec]
   Debug_Time(1):    4.006 # [msec]
   Debug_Time(2):    0.751 # [msec]
-
   Version      : 1.2
   Ways         : 32
   Words        : 1
   Feedback     : 2
   WordBits     : 32
   IndexBits    : 32
   Sort Order   : 0
   Sign Compare : 0
   Max Size     : 268435455
   Debug Enable : 1
   size         : 190000
   average_time :    5.322 # [msec]
   throughput   :   35.703 # [mwords/sec]
   Debug_Time(0):    4.886 # [msec]
   Debug_Time(1):    4.116 # [msec]
   Debug_Time(2):    0.770 # [msec]
-
   Version      : 1.2
   Ways         : 32
   Words        : 1
   Feedback     : 2
   WordBits     : 32
   IndexBits    : 32
   Sort Order   : 0
   Sign Compare : 0
   Max Size     : 268435455
   Debug Enable : 1
   size         : 195000
   average_time :    5.418 # [msec]
   throughput   :   35.994 # [mwords/sec]
   Debug_Time(0):    4.944 # [msec]
   Debug_Time(1):    4.149 # [msec]
   Debug_Time(2):    0.794 # [msec]
-
   Version      : 1.2
   Ways         : 32
   Words        : 1
   Feedback     : 2
   WordBits     : 32
   IndexBits    : 32
   Sort Order   : 0
   Sign Compare : 0
   Max Size     : 268435455
   Debug Enable : 1
   size         : 200000
   average_time :    5.900 # [msec]
   throughput   :   33.899 # [mwords/sec]
   Debug_Time(0):    5.494 # [msec]
   Debug_Time(1):    4.682 # [msec]
   Debug_Time(2):    0.813 # [msec]
-
   Version      : 1.2
   Ways         : 32
   Words        : 1
   Feedback     : 2
   WordBits     : 32
   IndexBits    : 32
   Sort Order   : 0
   Sign Compare : 0
   Max Size     : 268435455
   Debug Enable : 1
   size         : 205000
   average_time :    6.054 # [msec]
   throughput   :   33.861 # [mwords/sec]
   Debug_Time(0):    5.690 # [msec]
   Debug_Time(1):    4.858 # [msec]
   Debug_Time(2):    0.832 # [msec]
-
   Version      : 1.2
   Ways         : 32
   Words        : 1
   Feedback     : 2
   WordBits     : 32
   IndexBits    : 32
   Sort Order   : 0
   Sign Compare : 0
   Max Size     : 268435455
   Debug Enable : 1
   size         : 210000
   average_time :    6.132 # [msec]
   throughput   :   34.245 # [mwords/sec]
   Debug_Time(0):    5.791 # [msec]
   Debug_Time(1):    4.940 # [msec]
   Debug_Time(2):    0.851 # [msec]
-
   Version      : 1.2
   Ways         : 32
   Words        : 1
   Feedback     : 2
   WordBits     : 32
   IndexBits    : 32
   Sort Order   : 0
   Sign Compare : 0
   Max Size     : 268435455
   Debug Enable : 1
   size         : 215000
   average_time :    6.213 # [msec]
   throughput   :   34.603 # [mwords/sec]
   Debug_Time(0):    5.877 # [msec]
   Debug_Time(1):    5.003 # [msec]
   Debug_Time(2):    0.874 # [msec]
-
   Version      : 1.2
   Ways         : 32
   Words        : 1
   Feedback     : 2
   WordBits     : 32
   IndexBits    : 32
   Sort Order   : 0
   Sign Compare : 0
   Max Size     : 268435455
   Debug Enable : 1
   size         : 220000
   average_time :    6.291 # [msec]
   throughput   :   34.970 # [mwords/sec]
   Debug_Time(0):    5.991 # [msec]
   Debug_Time(1):    5.094 # [msec]
   Debug_Time(2):    0.897 # [msec]
-
   Version      : 1.2
   Ways         : 32
   Words        : 1
   Feedback     : 2
   WordBits     : 32
   IndexBits    : 32
   Sort Order   : 0
   Sign Compare : 0
   Max Size     : 268435455
   Debug Enable : 1
   size         : 225000
   average_time :    6.313 # [msec]
   throughput   :   35.639 # [mwords/sec]
   Debug_Time(0):    6.020 # [msec]
   Debug_Time(1):    5.106 # [msec]
   Debug_Time(2):    0.914 # [msec]
-
   Version      : 1.2
   Ways         : 32
   Words        : 1
   Feedback     : 2
   WordBits     : 32
   IndexBits    : 32
   Sort Order   : 0
   Sign Compare : 0
   Max Size     : 268435455
   Debug Enable : 1
   size         : 230000
   average_time :    6.458 # [msec]
   throughput   :   35.615 # [mwords/sec]
   Debug_Time(0):    6.147 # [msec]
   Debug_Time(1):    5.210 # [msec]
   Debug_Time(2):    0.937 # [msec]
-
   Version      : 1.2
   Ways         : 32
   Words        : 1
   Feedback     : 2
   WordBits     : 32
   IndexBits    : 32
   Sort Order   : 0
   Sign Compare : 0
   Max Size     : 268435455
   Debug Enable : 1
   size         : 235000
   average_time :    6.924 # [msec]
   throughput   :   33.941 # [mwords/sec]
   Debug_Time(0):    6.559 # [msec]
   Debug_Time(1):    5.602 # [msec]
   Debug_Time(2):    0.957 # [msec]
-
   Version      : 1.2
   Ways         : 32
   Words        : 1
   Feedback     : 2
   WordBits     : 32
   IndexBits    : 32
   Sort Order   : 0
   Sign Compare : 0
   Max Size     : 268435455
   Debug Enable : 1
   size         : 240000
   average_time :    7.033 # [msec]
   throughput   :   34.124 # [mwords/sec]
   Debug_Time(0):    6.639 # [msec]
   Debug_Time(1):    5.657 # [msec]
   Debug_Time(2):    0.982 # [msec]
-
   Version      : 1.2
   Ways         : 32
   Words        : 1
   Feedback     : 2
   WordBits     : 32
   IndexBits    : 32
   Sort Order   : 0
   Sign Compare : 0
   Max Size     : 268435455
   Debug Enable : 1
   size         : 245000
   average_time :    7.093 # [msec]
   throughput   :   34.541 # [mwords/sec]
   Debug_Time(0):    6.724 # [msec]
   Debug_Time(1):    5.728 # [msec]
   Debug_Time(2):    0.996 # [msec]
-
   Version      : 1.2
   Ways         : 32
   Words        : 1
   Feedback     : 2
   WordBits     : 32
   IndexBits    : 32
   Sort Order   : 0
   Sign Compare : 0
   Max Size     : 268435455
   Debug Enable : 1
   size         : 250000
   average_time :    7.205 # [msec]
   throughput   :   34.697 # [mwords/sec]
   Debug_Time(0):    6.812 # [msec]
   Debug_Time(1):    5.786 # [msec]
   Debug_Time(2):    1.027 # [msec]
-
   Version      : 1.2
   Ways         : 32
   Words        : 1
   Feedback     : 2
   WordBits     : 32
   IndexBits    : 32
   Sort Order   : 0
   Sign Compare : 0
   Max Size     : 268435455
   Debug Enable : 1
   size         : 255000
   average_time :    7.291 # [msec]
   throughput   :   34.975 # [mwords/sec]
   Debug_Time(0):    6.891 # [msec]
   Debug_Time(1):    5.836 # [msec]
   Debug_Time(2):    1.055 # [msec]
-
   Version      : 1.2
   Ways         : 32
   Words        : 1
   Feedback     : 2
   WordBits     : 32
   IndexBits    : 32
   Sort Order   : 0
   Sign Compare : 0
   Max Size     : 268435455
   Debug Enable : 1
   size         : 260000
   average_time :    7.375 # [msec]
   throughput   :   35.254 # [mwords/sec]
   Debug_Time(0):    6.989 # [msec]
   Debug_Time(1):    5.925 # [msec]
   Debug_Time(2):    1.064 # [msec]
-
   Version      : 1.2
   Ways         : 32
   Words        : 1
   Feedback     : 2
   WordBits     : 32
   IndexBits    : 32
   Sort Order   : 0
   Sign Compare : 0
   Max Size     : 268435455
   Debug Enable : 1
   size         : 265000
   average_time :    7.838 # [msec]
   throughput   :   33.809 # [mwords/sec]
   Debug_Time(0):    7.446 # [msec]
   Debug_Time(1):    6.357 # [msec]
   Debug_Time(2):    1.089 # [msec]
-
   Version      : 1.2
   Ways         : 32
   Words        : 1
   Feedback     : 2
   WordBits     : 32
   IndexBits    : 32
   Sort Order   : 0
   Sign Compare : 0
   Max Size     : 268435455
   Debug Enable : 1
   size         : 270000
   average_time :    7.905 # [msec]
   throughput   :   34.156 # [mwords/sec]
   Debug_Time(0):    7.522 # [msec]
   Debug_Time(1):    6.415 # [msec]
   Debug_Time(2):    1.107 # [msec]
-
   Version      : 1.2
   Ways         : 32
   Words        : 1
   Feedback     : 2
   WordBits     : 32
   IndexBits    : 32
   Sort Order   : 0
   Sign Compare : 0
   Max Size     : 268435455
   Debug Enable : 1
   size         : 275000
   average_time :    7.957 # [msec]
   throughput   :   34.563 # [mwords/sec]
   Debug_Time(0):    7.555 # [msec]
   Debug_Time(1):    6.415 # [msec]
   Debug_Time(2):    1.140 # [msec]
-
   Version      : 1.2
   Ways         : 32
   Words        : 1
   Feedback     : 2
   WordBits     : 32
   IndexBits    : 32
   Sort Order   : 0
   Sign Compare : 0
   Max Size     : 268435455
   Debug Enable : 1
   size         : 280000
   average_time :    8.046 # [msec]
   throughput   :   34.799 # [mwords/sec]
   Debug_Time(0):    7.651 # [msec]
   Debug_Time(1):    6.487 # [msec]
   Debug_Time(2):    1.163 # [msec]
-
   Version      : 1.2
   Ways         : 32
   Words        : 1
   Feedback     : 2
   WordBits     : 32
   IndexBits    : 32
   Sort Order   : 0
   Sign Compare : 0
   Max Size     : 268435455
   Debug Enable : 1
   size         : 285000
   average_time :    8.149 # [msec]
   throughput   :   34.975 # [mwords/sec]
   Debug_Time(0):    7.721 # [msec]
   Debug_Time(1):    6.548 # [msec]
   Debug_Time(2):    1.173 # [msec]
-
   Version      : 1.2
   Ways         : 32
   Words        : 1
   Feedback     : 2
   WordBits     : 32
   IndexBits    : 32
   Sort Order   : 0
   Sign Compare : 0
   Max Size     : 268435455
   Debug Enable : 1
   size         : 290000
   average_time :    8.218 # [msec]
   throughput   :   35.290 # [mwords/sec]
   Debug_Time(0):    7.813 # [msec]
   Debug_Time(1):    6.609 # [msec]
   Debug_Time(2):    1.204 # [msec]
-
   Version      : 1.2
   Ways         : 32
   Words        : 1
   Feedback     : 2
   WordBits     : 32
   IndexBits    : 32
   Sort Order   : 0
   Sign Compare : 0
   Max Size     : 268435455
   Debug Enable : 1
   size         : 295000
   average_time :    8.315 # [msec]
   throughput   :   35.480 # [mwords/sec]
   Debug_Time(0):    7.922 # [msec]
   Debug_Time(1):    6.685 # [msec]
   Debug_Time(2):    1.236 # [msec]
-
   Version      : 1.2
   Ways         : 32
   Words        : 1
   Feedback     : 2
   WordBits     : 32
   IndexBits    : 32
   Sort Order   : 0
   Sign Compare : 0
   Max Size     : 268435455
   Debug Enable : 1
   size         : 300000
   average_time :    8.788 # [msec]
   throughput   :   34.136 # [mwords/sec]
   Debug_Time(0):    8.470 # [msec]
   Debug_Time(1):    7.118 # [msec]
   Debug_Time(2):    1.352 # [msec]
-
   Version      : 1.2
   Ways         : 32
   Words        : 1
   Feedback     : 2
   WordBits     : 32
   IndexBits    : 32
   Sort Order   : 0
   Sign Compare : 0
   Max Size     : 268435455
   Debug Enable : 1
   size         : 305000
   average_time :    8.852 # [msec]
   throughput   :   34.456 # [mwords/sec]
   Debug_Time(0):    8.566 # [msec]
   Debug_Time(1):    7.179 # [msec]
   Debug_Time(2):    1.388 # [msec]
-
   Version      : 1.2
   Ways         : 32
   Words        : 1
   Feedback     : 2
   WordBits     : 32
   IndexBits    : 32
   Sort Order   : 0
   Sign Compare : 0
   Max Size     : 268435455
   Debug Enable : 1
   size         : 310000
   average_time :    8.918 # [msec]
   throughput   :   34.762 # [mwords/sec]
   Debug_Time(0):    8.623 # [msec]
   Debug_Time(1):    7.268 # [msec]
   Debug_Time(2):    1.355 # [msec]
-
   Version      : 1.2
   Ways         : 32
   Words        : 1
   Feedback     : 2
   WordBits     : 32
   IndexBits    : 32
   Sort Order   : 0
   Sign Compare : 0
   Max Size     : 268435455
   Debug Enable : 1
   size         : 315000
   average_time :    9.026 # [msec]
   throughput   :   34.899 # [mwords/sec]
   Debug_Time(0):    8.678 # [msec]
   Debug_Time(1):    7.319 # [msec]
   Debug_Time(2):    1.359 # [msec]
-
   Version      : 1.2
   Ways         : 32
   Words        : 1
   Feedback     : 2
   WordBits     : 32
   IndexBits    : 32
   Sort Order   : 0
   Sign Compare : 0
   Max Size     : 268435455
   Debug Enable : 1
   size         : 320000
   average_time :    9.080 # [msec]
   throughput   :   35.243 # [mwords/sec]
   Debug_Time(0):    8.821 # [msec]
   Debug_Time(1):    7.416 # [msec]
   Debug_Time(2):    1.405 # [msec]
-
   Version      : 1.2
   Ways         : 32
   Words        : 1
   Feedback     : 2
   WordBits     : 32
   IndexBits    : 32
   Sort Order   : 0
   Sign Compare : 0
   Max Size     : 268435455
   Debug Enable : 1
   size         : 325000
   average_time :    9.155 # [msec]
   throughput   :   35.501 # [mwords/sec]
   Debug_Time(0):    8.896 # [msec]
   Debug_Time(1):    7.484 # [msec]
   Debug_Time(2):    1.412 # [msec]
-
   Version      : 1.2
   Ways         : 32
   Words        : 1
   Feedback     : 2
   WordBits     : 32
   IndexBits    : 32
   Sort Order   : 0
   Sign Compare : 0
   Max Size     : 268435455
   Debug Enable : 1
   size         : 330000
   average_time :    9.635 # [msec]
   throughput   :   34.251 # [mwords/sec]
   Debug_Time(0):    9.330 # [msec]
   Debug_Time(1):    7.861 # [msec]
   Debug_Time(2):    1.470 # [msec]
-
   Version      : 1.2
   Ways         : 32
   Words        : 1
   Feedback     : 2
   WordBits     : 32
   IndexBits    : 32
   Sort Order   : 0
   Sign Compare : 0
   Max Size     : 268435455
   Debug Enable : 1
   size         : 335000
   average_time :    9.703 # [msec]
   throughput   :   34.527 # [mwords/sec]
   Debug_Time(0):    9.444 # [msec]
   Debug_Time(1):    7.952 # [msec]
   Debug_Time(2):    1.492 # [msec]
-
   Version      : 1.2
   Ways         : 32
   Words        : 1
   Feedback     : 2
   WordBits     : 32
   IndexBits    : 32
   Sort Order   : 0
   Sign Compare : 0
   Max Size     : 268435455
   Debug Enable : 1
   size         : 340000
   average_time :    9.813 # [msec]
   throughput   :   34.647 # [mwords/sec]
   Debug_Time(0):    9.587 # [msec]
   Debug_Time(1):    8.055 # [msec]
   Debug_Time(2):    1.532 # [msec]
-
   Version      : 1.2
   Ways         : 32
   Words        : 1
   Feedback     : 2
   WordBits     : 32
   IndexBits    : 32
   Sort Order   : 0
   Sign Compare : 0
   Max Size     : 268435455
   Debug Enable : 1
   size         : 345000
   average_time :    9.856 # [msec]
   throughput   :   35.005 # [mwords/sec]
   Debug_Time(0):    9.515 # [msec]
   Debug_Time(1):    8.045 # [msec]
   Debug_Time(2):    1.470 # [msec]
-
   Version      : 1.2
   Ways         : 32
   Words        : 1
   Feedback     : 2
   WordBits     : 32
   IndexBits    : 32
   Sort Order   : 0
   Sign Compare : 0
   Max Size     : 268435455
   Debug Enable : 1
   size         : 350000
   average_time :    9.938 # [msec]
   throughput   :   35.220 # [mwords/sec]
   Debug_Time(0):    9.693 # [msec]
   Debug_Time(1):    8.113 # [msec]
   Debug_Time(2):    1.580 # [msec]
-
   Version      : 1.2
   Ways         : 32
   Words        : 1
   Feedback     : 2
   WordBits     : 32
   IndexBits    : 32
   Sort Order   : 0
   Sign Compare : 0
   Max Size     : 268435455
   Debug Enable : 1
   size         : 355000
   average_time :   10.006 # [msec]
   throughput   :   35.480 # [mwords/sec]
   Debug_Time(0):    9.861 # [msec]
   Debug_Time(1):    8.218 # [msec]
   Debug_Time(2):    1.643 # [msec]
-
   Version      : 1.2
   Ways         : 32
   Words        : 1
   Feedback     : 2
   WordBits     : 32
   IndexBits    : 32
   Sort Order   : 0
   Sign Compare : 0
   Max Size     : 268435455
   Debug Enable : 1
   size         : 360000
   average_time :   10.115 # [msec]
   throughput   :   35.589 # [mwords/sec]
   Debug_Time(0):    9.649 # [msec]
   Debug_Time(1):    8.022 # [msec]
   Debug_Time(2):    1.627 # [msec]
-
   Version      : 1.2
   Ways         : 32
   Words        : 1
   Feedback     : 2
   WordBits     : 32
   IndexBits    : 32
   Sort Order   : 0
   Sign Compare : 0
   Max Size     : 268435455
   Debug Enable : 1
   size         : 365000
   average_time :   10.547 # [msec]
   throughput   :   34.607 # [mwords/sec]
   Debug_Time(0):   10.040 # [msec]
   Debug_Time(1):    8.420 # [msec]
   Debug_Time(2):    1.620 # [msec]
-
   Version      : 1.2
   Ways         : 32
   Words        : 1
   Feedback     : 2
   WordBits     : 32
   IndexBits    : 32
   Sort Order   : 0
   Sign Compare : 0
   Max Size     : 268435455
   Debug Enable : 1
   size         : 370000
   average_time :   10.608 # [msec]
   throughput   :   34.878 # [mwords/sec]
   Debug_Time(0):   10.073 # [msec]
   Debug_Time(1):    8.425 # [msec]
   Debug_Time(2):    1.649 # [msec]
-
   Version      : 1.2
   Ways         : 32
   Words        : 1
   Feedback     : 2
   WordBits     : 32
   IndexBits    : 32
   Sort Order   : 0
   Sign Compare : 0
   Max Size     : 268435455
   Debug Enable : 1
   size         : 375000
   average_time :   10.702 # [msec]
   throughput   :   35.041 # [mwords/sec]
   Debug_Time(0):   10.099 # [msec]
   Debug_Time(1):    8.514 # [msec]
   Debug_Time(2):    1.585 # [msec]
-
   Version      : 1.2
   Ways         : 32
   Words        : 1
   Feedback     : 2
   WordBits     : 32
   IndexBits    : 32
   Sort Order   : 0
   Sign Compare : 0
   Max Size     : 268435455
   Debug Enable : 1
   size         : 380000
   average_time :   10.739 # [msec]
   throughput   :   35.384 # [mwords/sec]
   Debug_Time(0):   10.217 # [msec]
   Debug_Time(1):    8.599 # [msec]
   Debug_Time(2):    1.618 # [msec]
-
   Version      : 1.2
   Ways         : 32
   Words        : 1
   Feedback     : 2
   WordBits     : 32
   IndexBits    : 32
   Sort Order   : 0
   Sign Compare : 0
   Max Size     : 268435455
   Debug Enable : 1
   size         : 385000
   average_time :   10.868 # [msec]
   throughput   :   35.426 # [mwords/sec]
   Debug_Time(0):   10.382 # [msec]
   Debug_Time(1):    8.680 # [msec]
   Debug_Time(2):    1.702 # [msec]
-
   Version      : 1.2
   Ways         : 32
   Words        : 1
   Feedback     : 2
   WordBits     : 32
   IndexBits    : 32
   Sort Order   : 0
   Sign Compare : 0
   Max Size     : 268435455
   Debug Enable : 1
   size         : 390000
   average_time :   10.888 # [msec]
   throughput   :   35.818 # [mwords/sec]
   Debug_Time(0):   10.343 # [msec]
   Debug_Time(1):    8.693 # [msec]
   Debug_Time(2):    1.650 # [msec]
-
   Version      : 1.2
   Ways         : 32
   Words        : 1
   Feedback     : 2
   WordBits     : 32
   IndexBits    : 32
   Sort Order   : 0
   Sign Compare : 0
   Max Size     : 268435455
   Debug Enable : 1
   size         : 395000
   average_time :   11.380 # [msec]
   throughput   :   34.710 # [mwords/sec]
   Debug_Time(0):   10.968 # [msec]
   Debug_Time(1):    9.254 # [msec]
   Debug_Time(2):    1.714 # [msec]
-
   Version      : 1.2
   Ways         : 32
   Words        : 1
   Feedback     : 2
   WordBits     : 32
   IndexBits    : 32
   Sort Order   : 0
   Sign Compare : 0
   Max Size     : 268435455
   Debug Enable : 1
   size         : 400000
   average_time :   11.445 # [msec]
   throughput   :   34.949 # [mwords/sec]
   Debug_Time(0):   11.015 # [msec]
   Debug_Time(1):    9.282 # [msec]
   Debug_Time(2):    1.732 # [msec]
-
   Version      : 1.2
   Ways         : 32
   Words        : 1
   Feedback     : 2
   WordBits     : 32
   IndexBits    : 32
   Sort Order   : 0
   Sign Compare : 0
   Max Size     : 268435455
   Debug Enable : 1
   size         : 405000
   average_time :   11.505 # [msec]
   throughput   :   35.202 # [mwords/sec]
   Debug_Time(0):   10.990 # [msec]
   Debug_Time(1):    9.251 # [msec]
   Debug_Time(2):    1.739 # [msec]
-
   Version      : 1.2
   Ways         : 32
   Words        : 1
   Feedback     : 2
   WordBits     : 32
   IndexBits    : 32
   Sort Order   : 0
   Sign Compare : 0
   Max Size     : 268435455
   Debug Enable : 1
   size         : 410000
   average_time :   11.635 # [msec]
   throughput   :   35.238 # [mwords/sec]
   Debug_Time(0):   11.210 # [msec]
   Debug_Time(1):    9.422 # [msec]
   Debug_Time(2):    1.789 # [msec]
-
   Version      : 1.2
   Ways         : 32
   Words        : 1
   Feedback     : 2
   WordBits     : 32
   IndexBits    : 32
   Sort Order   : 0
   Sign Compare : 0
   Max Size     : 268435455
   Debug Enable : 1
   size         : 415000
   average_time :   11.692 # [msec]
   throughput   :   35.495 # [mwords/sec]
   Debug_Time(0):   11.146 # [msec]
   Debug_Time(1):    9.348 # [msec]
   Debug_Time(2):    1.798 # [msec]
-
   Version      : 1.2
   Ways         : 32
   Words        : 1
   Feedback     : 2
   WordBits     : 32
   IndexBits    : 32
   Sort Order   : 0
   Sign Compare : 0
   Max Size     : 268435455
   Debug Enable : 1
   size         : 420000
   average_time :   11.732 # [msec]
   throughput   :   35.799 # [mwords/sec]
   Debug_Time(0):   11.278 # [msec]
   Debug_Time(1):    9.513 # [msec]
   Debug_Time(2):    1.765 # [msec]
-
   Version      : 1.2
   Ways         : 32
   Words        : 1
   Feedback     : 2
   WordBits     : 32
   IndexBits    : 32
   Sort Order   : 0
   Sign Compare : 0
   Max Size     : 268435455
   Debug Enable : 1
   size         : 425000
   average_time :   11.851 # [msec]
   throughput   :   35.863 # [mwords/sec]
   Debug_Time(0):   11.426 # [msec]
   Debug_Time(1):    9.581 # [msec]
   Debug_Time(2):    1.845 # [msec]
-
   Version      : 1.2
   Ways         : 32
   Words        : 1
   Feedback     : 2
   WordBits     : 32
   IndexBits    : 32
   Sort Order   : 0
   Sign Compare : 0
   Max Size     : 268435455
   Debug Enable : 1
   size         : 430000
   average_time :   12.275 # [msec]
   throughput   :   35.031 # [mwords/sec]
   Debug_Time(0):   11.840 # [msec]
   Debug_Time(1):    9.997 # [msec]
   Debug_Time(2):    1.842 # [msec]
-
   Version      : 1.2
   Ways         : 32
   Words        : 1
   Feedback     : 2
   WordBits     : 32
   IndexBits    : 32
   Sort Order   : 0
   Sign Compare : 0
   Max Size     : 268435455
   Debug Enable : 1
   size         : 435000
   average_time :   12.337 # [msec]
   throughput   :   35.261 # [mwords/sec]
   Debug_Time(0):   11.833 # [msec]
   Debug_Time(1):    9.944 # [msec]
   Debug_Time(2):    1.889 # [msec]
-
   Version      : 1.2
   Ways         : 32
   Words        : 1
   Feedback     : 2
   WordBits     : 32
   IndexBits    : 32
   Sort Order   : 0
   Sign Compare : 0
   Max Size     : 268435455
   Debug Enable : 1
   size         : 440000
   average_time :   12.450 # [msec]
   throughput   :   35.341 # [mwords/sec]
   Debug_Time(0):   12.019 # [msec]
   Debug_Time(1):   10.100 # [msec]
   Debug_Time(2):    1.918 # [msec]
-
   Version      : 1.2
   Ways         : 32
   Words        : 1
   Feedback     : 2
   WordBits     : 32
   IndexBits    : 32
   Sort Order   : 0
   Sign Compare : 0
   Max Size     : 268435455
   Debug Enable : 1
   size         : 445000
   average_time :   12.487 # [msec]
   throughput   :   35.637 # [mwords/sec]
   Debug_Time(0):   12.072 # [msec]
   Debug_Time(1):   10.157 # [msec]
   Debug_Time(2):    1.915 # [msec]
-
   Version      : 1.2
   Ways         : 32
   Words        : 1
   Feedback     : 2
   WordBits     : 32
   IndexBits    : 32
   Sort Order   : 0
   Sign Compare : 0
   Max Size     : 268435455
   Debug Enable : 1
   size         : 450000
   average_time :   12.580 # [msec]
   throughput   :   35.772 # [mwords/sec]
   Debug_Time(0):   12.137 # [msec]
   Debug_Time(1):   10.176 # [msec]
   Debug_Time(2):    1.961 # [msec]
-
   Version      : 1.2
   Ways         : 32
   Words        : 1
   Feedback     : 2
   WordBits     : 32
   IndexBits    : 32
   Sort Order   : 0
   Sign Compare : 0
   Max Size     : 268435455
   Debug Enable : 1
   size         : 455000
   average_time :   12.661 # [msec]
   throughput   :   35.936 # [mwords/sec]
   Debug_Time(0):   12.233 # [msec]
   Debug_Time(1):   10.238 # [msec]
   Debug_Time(2):    1.995 # [msec]
-
   Version      : 1.2
   Ways         : 32
   Words        : 1
   Feedback     : 2
   WordBits     : 32
   IndexBits    : 32
   Sort Order   : 0
   Sign Compare : 0
   Max Size     : 268435455
   Debug Enable : 1
   size         : 460000
   average_time :   13.123 # [msec]
   throughput   :   35.053 # [mwords/sec]
   Debug_Time(0):   12.674 # [msec]
   Debug_Time(1):   10.687 # [msec]
   Debug_Time(2):    1.987 # [msec]
-
   Version      : 1.2
   Ways         : 32
   Words        : 1
   Feedback     : 2
   WordBits     : 32
   IndexBits    : 32
   Sort Order   : 0
   Sign Compare : 0
   Max Size     : 268435455
   Debug Enable : 1
   size         : 465000
   average_time :   13.232 # [msec]
   throughput   :   35.141 # [mwords/sec]
   Debug_Time(0):   12.802 # [msec]
   Debug_Time(1):   10.699 # [msec]
   Debug_Time(2):    2.103 # [msec]
-
   Version      : 1.2
   Ways         : 32
   Words        : 1
   Feedback     : 2
   WordBits     : 32
   IndexBits    : 32
   Sort Order   : 0
   Sign Compare : 0
   Max Size     : 268435455
   Debug Enable : 1
   size         : 470000
   average_time :   13.249 # [msec]
   throughput   :   35.473 # [mwords/sec]
   Debug_Time(0):   12.805 # [msec]
   Debug_Time(1):   10.715 # [msec]
   Debug_Time(2):    2.091 # [msec]
-
   Version      : 1.2
   Ways         : 32
   Words        : 1
   Feedback     : 2
   WordBits     : 32
   IndexBits    : 32
   Sort Order   : 0
   Sign Compare : 0
   Max Size     : 268435455
   Debug Enable : 1
   size         : 475000
   average_time :   13.338 # [msec]
   throughput   :   35.612 # [mwords/sec]
   Debug_Time(0):   12.927 # [msec]
   Debug_Time(1):   10.834 # [msec]
   Debug_Time(2):    2.093 # [msec]
-
   Version      : 1.2
   Ways         : 32
   Words        : 1
   Feedback     : 2
   WordBits     : 32
   IndexBits    : 32
   Sort Order   : 0
   Sign Compare : 0
   Max Size     : 268435455
   Debug Enable : 1
   size         : 480000
   average_time :   13.355 # [msec]
   throughput   :   35.942 # [mwords/sec]
   Debug_Time(0):   12.710 # [msec]
   Debug_Time(1):   10.679 # [msec]
   Debug_Time(2):    2.030 # [msec]
-
   Version      : 1.2
   Ways         : 32
   Words        : 1
   Feedback     : 2
   WordBits     : 32
   IndexBits    : 32
   Sort Order   : 0
   Sign Compare : 0
   Max Size     : 268435455
   Debug Enable : 1
   size         : 485000
   average_time :   13.487 # [msec]
   throughput   :   35.960 # [mwords/sec]
   Debug_Time(0):   13.106 # [msec]
   Debug_Time(1):   10.925 # [msec]
   Debug_Time(2):    2.182 # [msec]
-
   Version      : 1.2
   Ways         : 32
   Words        : 1
   Feedback     : 2
   WordBits     : 32
   IndexBits    : 32
   Sort Order   : 0
   Sign Compare : 0
   Max Size     : 268435455
   Debug Enable : 1
   size         : 490000
   average_time :   13.561 # [msec]
   throughput   :   36.134 # [mwords/sec]
   Debug_Time(0):   13.137 # [msec]
   Debug_Time(1):   10.976 # [msec]
   Debug_Time(2):    2.160 # [msec]
-
   Version      : 1.2
   Ways         : 32
   Words        : 1
   Feedback     : 2
   WordBits     : 32
   IndexBits    : 32
   Sort Order   : 0
   Sign Compare : 0
   Max Size     : 268435455
   Debug Enable : 1
   size         : 495000
   average_time :   14.004 # [msec]
   throughput   :   35.346 # [mwords/sec]
   Debug_Time(0):   13.639 # [msec]
   Debug_Time(1):   11.398 # [msec]
   Debug_Time(2):    2.241 # [msec]
-
   Version      : 1.2
   Ways         : 32
   Words        : 1
   Feedback     : 2
   WordBits     : 32
   IndexBits    : 32
   Sort Order   : 0
   Sign Compare : 0
   Max Size     : 268435455
   Debug Enable : 1
   size         : 500000
   average_time :   14.112 # [msec]
   throughput   :   35.430 # [mwords/sec]
   Debug_Time(0):   13.588 # [msec]
   Debug_Time(1):   11.351 # [msec]
   Debug_Time(2):    2.237 # [msec]
-
   Version      : 1.2
   Ways         : 32
   Words        : 1
   Feedback     : 2
   WordBits     : 32
   IndexBits    : 32
   Sort Order   : 0
   Sign Compare : 0
   Max Size     : 268435455
   Debug Enable : 1
   size         : 505000
   average_time :   14.220 # [msec]
   throughput   :   35.513 # [mwords/sec]
   Debug_Time(0):   13.742 # [msec]
   Debug_Time(1):   11.495 # [msec]
   Debug_Time(2):    2.248 # [msec]
-
   Version      : 1.2
   Ways         : 32
   Words        : 1
   Feedback     : 2
   WordBits     : 32
   IndexBits    : 32
   Sort Order   : 0
   Sign Compare : 0
   Max Size     : 268435455
   Debug Enable : 1
   size         : 510000
   average_time :   14.304 # [msec]
   throughput   :   35.653 # [mwords/sec]
   Debug_Time(0):   13.844 # [msec]
   Debug_Time(1):   11.538 # [msec]
   Debug_Time(2):    2.306 # [msec]
-
   Version      : 1.2
   Ways         : 32
   Words        : 1
   Feedback     : 2
   WordBits     : 32
   IndexBits    : 32
   Sort Order   : 0
   Sign Compare : 0
   Max Size     : 268435455
   Debug Enable : 1
   size         : 515000
   average_time :   14.367 # [msec]
   throughput   :   35.847 # [mwords/sec]
   Debug_Time(0):   13.890 # [msec]
   Debug_Time(1):   11.600 # [msec]
   Debug_Time(2):    2.290 # [msec]
-
   Version      : 1.2
   Ways         : 32
   Words        : 1
   Feedback     : 2
   WordBits     : 32
   IndexBits    : 32
   Sort Order   : 0
   Sign Compare : 0
   Max Size     : 268435455
   Debug Enable : 1
   size         : 520000
   average_time :   14.421 # [msec]
   throughput   :   36.058 # [mwords/sec]
   Debug_Time(0):   13.917 # [msec]
   Debug_Time(1):   11.645 # [msec]
   Debug_Time(2):    2.271 # [msec]
-
   Version      : 1.2
   Ways         : 32
   Words        : 1
   Feedback     : 2
   WordBits     : 32
   IndexBits    : 32
   Sort Order   : 0
   Sign Compare : 0
   Max Size     : 268435455
   Debug Enable : 1
   size         : 525000
   average_time :   14.553 # [msec]
   throughput   :   36.076 # [mwords/sec]
   Debug_Time(0):   14.167 # [msec]
   Debug_Time(1):   11.668 # [msec]
   Debug_Time(2):    2.499 # [msec]
-
   Version      : 1.2
   Ways         : 32
   Words        : 1
   Feedback     : 2
   WordBits     : 32
   IndexBits    : 32
   Sort Order   : 0
   Sign Compare : 0
   Max Size     : 268435455
   Debug Enable : 1
   size         : 530000
   average_time :   14.979 # [msec]
   throughput   :   35.382 # [mwords/sec]
   Debug_Time(0):   14.698 # [msec]
   Debug_Time(1):   12.177 # [msec]
   Debug_Time(2):    2.520 # [msec]
-
   Version      : 1.2
   Ways         : 32
   Words        : 1
   Feedback     : 2
   WordBits     : 32
   IndexBits    : 32
   Sort Order   : 0
   Sign Compare : 0
   Max Size     : 268435455
   Debug Enable : 1
   size         : 535000
   average_time :   15.040 # [msec]
   throughput   :   35.572 # [mwords/sec]
   Debug_Time(0):   14.672 # [msec]
   Debug_Time(1):   12.178 # [msec]
   Debug_Time(2):    2.494 # [msec]
-
   Version      : 1.2
   Ways         : 32
   Words        : 1
   Feedback     : 2
   WordBits     : 32
   IndexBits    : 32
   Sort Order   : 0
   Sign Compare : 0
   Max Size     : 268435455
   Debug Enable : 1
   size         : 540000
   average_time :   15.132 # [msec]
   throughput   :   35.686 # [mwords/sec]
   Debug_Time(0):   14.792 # [msec]
   Debug_Time(1):   12.276 # [msec]
   Debug_Time(2):    2.516 # [msec]
-
   Version      : 1.2
   Ways         : 32
   Words        : 1
   Feedback     : 2
   WordBits     : 32
   IndexBits    : 32
   Sort Order   : 0
   Sign Compare : 0
   Max Size     : 268435455
   Debug Enable : 1
   size         : 545000
   average_time :   15.228 # [msec]
   throughput   :   35.789 # [mwords/sec]
   Debug_Time(0):   14.887 # [msec]
   Debug_Time(1):   12.312 # [msec]
   Debug_Time(2):    2.575 # [msec]
-
   Version      : 1.2
   Ways         : 32
   Words        : 1
   Feedback     : 2
   WordBits     : 32
   IndexBits    : 32
   Sort Order   : 0
   Sign Compare : 0
   Max Size     : 268435455
   Debug Enable : 1
   size         : 550000
   average_time :   15.342 # [msec]
   throughput   :   35.848 # [mwords/sec]
   Debug_Time(0):   15.028 # [msec]
   Debug_Time(1):   12.356 # [msec]
   Debug_Time(2):    2.671 # [msec]
-
   Version      : 1.2
   Ways         : 32
   Words        : 1
   Feedback     : 2
   WordBits     : 32
   IndexBits    : 32
   Sort Order   : 0
   Sign Compare : 0
   Max Size     : 268435455
   Debug Enable : 1
   size         : 555000
   average_time :   15.342 # [msec]
   throughput   :   36.176 # [mwords/sec]
   Debug_Time(0):   14.958 # [msec]
   Debug_Time(1):   12.353 # [msec]
   Debug_Time(2):    2.605 # [msec]
-
   Version      : 1.2
   Ways         : 32
   Words        : 1
   Feedback     : 2
   WordBits     : 32
   IndexBits    : 32
   Sort Order   : 0
   Sign Compare : 0
   Max Size     : 268435455
   Debug Enable : 1
   size         : 560000
   average_time :   15.827 # [msec]
   throughput   :   35.382 # [mwords/sec]
   Debug_Time(0):   15.435 # [msec]
   Debug_Time(1):   12.783 # [msec]
   Debug_Time(2):    2.652 # [msec]
-
   Version      : 1.2
   Ways         : 32
   Words        : 1
   Feedback     : 2
   WordBits     : 32
   IndexBits    : 32
   Sort Order   : 0
   Sign Compare : 0
   Max Size     : 268435455
   Debug Enable : 1
   size         : 565000
   average_time :   15.886 # [msec]
   throughput   :   35.565 # [mwords/sec]
   Debug_Time(0):   15.527 # [msec]
   Debug_Time(1):   12.903 # [msec]
   Debug_Time(2):    2.624 # [msec]
-
   Version      : 1.2
   Ways         : 32
   Words        : 1
   Feedback     : 2
   WordBits     : 32
   IndexBits    : 32
   Sort Order   : 0
   Sign Compare : 0
   Max Size     : 268435455
   Debug Enable : 1
   size         : 570000
   average_time :   16.015 # [msec]
   throughput   :   35.592 # [mwords/sec]
   Debug_Time(0):   15.500 # [msec]
   Debug_Time(1):   12.759 # [msec]
   Debug_Time(2):    2.741 # [msec]
-
   Version      : 1.2
   Ways         : 32
   Words        : 1
   Feedback     : 2
   WordBits     : 32
   IndexBits    : 32
   Sort Order   : 0
   Sign Compare : 0
   Max Size     : 268435455
   Debug Enable : 1
   size         : 575000
   average_time :   16.044 # [msec]
   throughput   :   35.840 # [mwords/sec]
   Debug_Time(0):   15.567 # [msec]
   Debug_Time(1):   12.839 # [msec]
   Debug_Time(2):    2.729 # [msec]
-
   Version      : 1.2
   Ways         : 32
   Words        : 1
   Feedback     : 2
   WordBits     : 32
   IndexBits    : 32
   Sort Order   : 0
   Sign Compare : 0
   Max Size     : 268435455
   Debug Enable : 1
   size         : 580000
   average_time :   16.111 # [msec]
   throughput   :   36.001 # [mwords/sec]
   Debug_Time(0):   15.821 # [msec]
   Debug_Time(1):   13.034 # [msec]
   Debug_Time(2):    2.787 # [msec]
-
   Version      : 1.2
   Ways         : 32
   Words        : 1
   Feedback     : 2
   WordBits     : 32
   IndexBits    : 32
   Sort Order   : 0
   Sign Compare : 0
   Max Size     : 268435455
   Debug Enable : 1
   size         : 585000
   average_time :   16.202 # [msec]
   throughput   :   36.107 # [mwords/sec]
   Debug_Time(0):   15.617 # [msec]
   Debug_Time(1):   12.851 # [msec]
   Debug_Time(2):    2.766 # [msec]
-
   Version      : 1.2
   Ways         : 32
   Words        : 1
   Feedback     : 2
   WordBits     : 32
   IndexBits    : 32
   Sort Order   : 0
   Sign Compare : 0
   Max Size     : 268435455
   Debug Enable : 1
   size         : 590000
   average_time :   16.212 # [msec]
   throughput   :   36.392 # [mwords/sec]
   Debug_Time(0):   15.659 # [msec]
   Debug_Time(1):   12.911 # [msec]
   Debug_Time(2):    2.749 # [msec]
-
   Version      : 1.2
   Ways         : 32
   Words        : 1
   Feedback     : 2
   WordBits     : 32
   IndexBits    : 32
   Sort Order   : 0
   Sign Compare : 0
   Max Size     : 268435455
   Debug Enable : 1
   size         : 595000
   average_time :   16.670 # [msec]
   throughput   :   35.693 # [mwords/sec]
   Debug_Time(0):   16.226 # [msec]
   Debug_Time(1):   13.431 # [msec]
   Debug_Time(2):    2.795 # [msec]
-
   Version      : 1.2
   Ways         : 32
   Words        : 1
   Feedback     : 2
   WordBits     : 32
   IndexBits    : 32
   Sort Order   : 0
   Sign Compare : 0
   Max Size     : 268435455
   Debug Enable : 1
   size         : 600000
   average_time :   16.786 # [msec]
   throughput   :   35.744 # [mwords/sec]
   Debug_Time(0):   16.280 # [msec]
   Debug_Time(1):   13.454 # [msec]
   Debug_Time(2):    2.825 # [msec]
-
   Version      : 1.2
   Ways         : 32
   Words        : 1
   Feedback     : 2
   WordBits     : 32
   IndexBits    : 32
   Sort Order   : 0
   Sign Compare : 0
   Max Size     : 268435455
   Debug Enable : 1
   size         : 605000
   average_time :   16.818 # [msec]
   throughput   :   35.973 # [mwords/sec]
   Debug_Time(0):   16.309 # [msec]
   Debug_Time(1):   13.495 # [msec]
   Debug_Time(2):    2.814 # [msec]
-
   Version      : 1.2
   Ways         : 32
   Words        : 1
   Feedback     : 2
   WordBits     : 32
   IndexBits    : 32
   Sort Order   : 0
   Sign Compare : 0
   Max Size     : 268435455
   Debug Enable : 1
   size         : 610000
   average_time :   16.961 # [msec]
   throughput   :   35.965 # [mwords/sec]
   Debug_Time(0):   16.480 # [msec]
   Debug_Time(1):   13.566 # [msec]
   Debug_Time(2):    2.914 # [msec]
-
   Version      : 1.2
   Ways         : 32
   Words        : 1
   Feedback     : 2
   WordBits     : 32
   IndexBits    : 32
   Sort Order   : 0
   Sign Compare : 0
   Max Size     : 268435455
   Debug Enable : 1
   size         : 615000
   average_time :   16.989 # [msec]
   throughput   :   36.199 # [mwords/sec]
   Debug_Time(0):   16.517 # [msec]
   Debug_Time(1):   13.649 # [msec]
   Debug_Time(2):    2.868 # [msec]
-
   Version      : 1.2
   Ways         : 32
   Words        : 1
   Feedback     : 2
   WordBits     : 32
   IndexBits    : 32
   Sort Order   : 0
   Sign Compare : 0
   Max Size     : 268435455
   Debug Enable : 1
   size         : 620000
   average_time :   17.169 # [msec]
   throughput   :   36.112 # [mwords/sec]
   Debug_Time(0):   16.781 # [msec]
   Debug_Time(1):   13.684 # [msec]
   Debug_Time(2):    3.097 # [msec]
-
   Version      : 1.2
   Ways         : 32
   Words        : 1
   Feedback     : 2
   WordBits     : 32
   IndexBits    : 32
   Sort Order   : 0
   Sign Compare : 0
   Max Size     : 268435455
   Debug Enable : 1
   size         : 625000
   average_time :   17.554 # [msec]
   throughput   :   35.604 # [mwords/sec]
   Debug_Time(0):   17.300 # [msec]
   Debug_Time(1):   14.145 # [msec]
   Debug_Time(2):    3.156 # [msec]
-
   Version      : 1.2
   Ways         : 32
   Words        : 1
   Feedback     : 2
   WordBits     : 32
   IndexBits    : 32
   Sort Order   : 0
   Sign Compare : 0
   Max Size     : 268435455
   Debug Enable : 1
   size         : 630000
   average_time :   17.593 # [msec]
   throughput   :   35.809 # [mwords/sec]
   Debug_Time(0):   17.358 # [msec]
   Debug_Time(1):   14.208 # [msec]
   Debug_Time(2):    3.151 # [msec]
-
   Version      : 1.2
   Ways         : 32
   Words        : 1
   Feedback     : 2
   WordBits     : 32
   IndexBits    : 32
   Sort Order   : 0
   Sign Compare : 0
   Max Size     : 268435455
   Debug Enable : 1
   size         : 635000
   average_time :   17.753 # [msec]
   throughput   :   35.769 # [mwords/sec]
   Debug_Time(0):   17.482 # [msec]
   Debug_Time(1):   14.300 # [msec]
   Debug_Time(2):    3.183 # [msec]
-
   Version      : 1.2
   Ways         : 32
   Words        : 1
   Feedback     : 2
   WordBits     : 32
   IndexBits    : 32
   Sort Order   : 0
   Sign Compare : 0
   Max Size     : 268435455
   Debug Enable : 1
   size         : 640000
   average_time :   17.783 # [msec]
   throughput   :   35.989 # [mwords/sec]
   Debug_Time(0):   17.576 # [msec]
   Debug_Time(1):   14.377 # [msec]
   Debug_Time(2):    3.199 # [msec]
-
   Version      : 1.2
   Ways         : 32
   Words        : 1
   Feedback     : 2
   WordBits     : 32
   IndexBits    : 32
   Sort Order   : 0
   Sign Compare : 0
   Max Size     : 268435455
   Debug Enable : 1
   size         : 645000
   average_time :   17.923 # [msec]
   throughput   :   35.987 # [mwords/sec]
   Debug_Time(0):   17.751 # [msec]
   Debug_Time(1):   14.457 # [msec]
   Debug_Time(2):    3.294 # [msec]
-
   Version      : 1.2
   Ways         : 32
   Words        : 1
   Feedback     : 2
   WordBits     : 32
   IndexBits    : 32
   Sort Order   : 0
   Sign Compare : 0
   Max Size     : 268435455
   Debug Enable : 1
   size         : 650000
   average_time :   17.927 # [msec]
   throughput   :   36.258 # [mwords/sec]
   Debug_Time(0):   17.743 # [msec]
   Debug_Time(1):   14.486 # [msec]
   Debug_Time(2):    3.258 # [msec]
-
   Version      : 1.2
   Ways         : 32
   Words        : 1
   Feedback     : 2
   WordBits     : 32
   IndexBits    : 32
   Sort Order   : 0
   Sign Compare : 0
   Max Size     : 268435455
   Debug Enable : 1
   size         : 655000
   average_time :   18.056 # [msec]
   throughput   :   36.276 # [mwords/sec]
   Debug_Time(0):   17.796 # [msec]
   Debug_Time(1):   14.551 # [msec]
   Debug_Time(2):    3.245 # [msec]
-
   Version      : 1.2
   Ways         : 32
   Words        : 1
   Feedback     : 2
   WordBits     : 32
   IndexBits    : 32
   Sort Order   : 0
   Sign Compare : 0
   Max Size     : 268435455
   Debug Enable : 1
   size         : 660000
   average_time :   18.505 # [msec]
   throughput   :   35.667 # [mwords/sec]
   Debug_Time(0):   18.444 # [msec]
   Debug_Time(1):   15.056 # [msec]
   Debug_Time(2):    3.387 # [msec]
-
   Version      : 1.2
   Ways         : 32
   Words        : 1
   Feedback     : 2
   WordBits     : 32
   IndexBits    : 32
   Sort Order   : 0
   Sign Compare : 0
   Max Size     : 268435455
   Debug Enable : 1
   size         : 665000
   average_time :   18.537 # [msec]
   throughput   :   35.874 # [mwords/sec]
   Debug_Time(0):   18.513 # [msec]
   Debug_Time(1):   15.104 # [msec]
   Debug_Time(2):    3.409 # [msec]
-
   Version      : 1.2
   Ways         : 32
   Words        : 1
   Feedback     : 2
   WordBits     : 32
   IndexBits    : 32
   Sort Order   : 0
   Sign Compare : 0
   Max Size     : 268435455
   Debug Enable : 1
   size         : 670000
   average_time :   18.674 # [msec]
   throughput   :   35.879 # [mwords/sec]
   Debug_Time(0):   18.476 # [msec]
   Debug_Time(1):   15.169 # [msec]
   Debug_Time(2):    3.307 # [msec]
-
   Version      : 1.2
   Ways         : 32
   Words        : 1
   Feedback     : 2
   WordBits     : 32
   IndexBits    : 32
   Sort Order   : 0
   Sign Compare : 0
   Max Size     : 268435455
   Debug Enable : 1
   size         : 675000
   average_time :   18.735 # [msec]
   throughput   :   36.029 # [mwords/sec]
   Debug_Time(0):   18.547 # [msec]
   Debug_Time(1):   15.224 # [msec]
   Debug_Time(2):    3.324 # [msec]
-
   Version      : 1.2
   Ways         : 32
   Words        : 1
   Feedback     : 2
   WordBits     : 32
   IndexBits    : 32
   Sort Order   : 0
   Sign Compare : 0
   Max Size     : 268435455
   Debug Enable : 1
   size         : 680000
   average_time :   18.818 # [msec]
   throughput   :   36.136 # [mwords/sec]
   Debug_Time(0):   18.612 # [msec]
   Debug_Time(1):   15.288 # [msec]
   Debug_Time(2):    3.324 # [msec]
-
   Version      : 1.2
   Ways         : 32
   Words        : 1
   Feedback     : 2
   WordBits     : 32
   IndexBits    : 32
   Sort Order   : 0
   Sign Compare : 0
   Max Size     : 268435455
   Debug Enable : 1
   size         : 685000
   average_time :   18.852 # [msec]
   throughput   :   36.335 # [mwords/sec]
   Debug_Time(0):   18.638 # [msec]
   Debug_Time(1):   15.317 # [msec]
   Debug_Time(2):    3.321 # [msec]
-
   Version      : 1.2
   Ways         : 32
   Words        : 1
   Feedback     : 2
   WordBits     : 32
   IndexBits    : 32
   Sort Order   : 0
   Sign Compare : 0
   Max Size     : 268435455
   Debug Enable : 1
   size         : 690000
   average_time :   19.339 # [msec]
   throughput   :   35.680 # [mwords/sec]
   Debug_Time(0):   18.717 # [msec]
   Debug_Time(1):   15.484 # [msec]
   Debug_Time(2):    3.233 # [msec]
-
   Version      : 1.2
   Ways         : 32
   Words        : 1
   Feedback     : 2
   WordBits     : 32
   IndexBits    : 32
   Sort Order   : 0
   Sign Compare : 0
   Max Size     : 268435455
   Debug Enable : 1
   size         : 695000
   average_time :   19.322 # [msec]
   throughput   :   35.969 # [mwords/sec]
   Debug_Time(0):   18.701 # [msec]
   Debug_Time(1):   15.527 # [msec]
   Debug_Time(2):    3.174 # [msec]
-
   Version      : 1.2
   Ways         : 32
   Words        : 1
   Feedback     : 2
   WordBits     : 32
   IndexBits    : 32
   Sort Order   : 0
   Sign Compare : 0
   Max Size     : 268435455
   Debug Enable : 1
   size         : 700000
   average_time :   19.533 # [msec]
   throughput   :   35.838 # [mwords/sec]
   Debug_Time(0):   19.071 # [msec]
   Debug_Time(1):   15.738 # [msec]
   Debug_Time(2):    3.333 # [msec]
-
   Version      : 1.2
   Ways         : 32
   Words        : 1
   Feedback     : 2
   WordBits     : 32
   IndexBits    : 32
   Sort Order   : 0
   Sign Compare : 0
   Max Size     : 268435455
   Debug Enable : 1
   size         : 705000
   average_time :   19.543 # [msec]
   throughput   :   36.073 # [mwords/sec]
   Debug_Time(0):   18.861 # [msec]
   Debug_Time(1):   15.582 # [msec]
   Debug_Time(2):    3.279 # [msec]
-
   Version      : 1.2
   Ways         : 32
   Words        : 1
   Feedback     : 2
   WordBits     : 32
   IndexBits    : 32
   Sort Order   : 0
   Sign Compare : 0
   Max Size     : 268435455
   Debug Enable : 1
   size         : 710000
   average_time :   19.736 # [msec]
   throughput   :   35.975 # [mwords/sec]
   Debug_Time(0):   19.029 # [msec]
   Debug_Time(1):   15.662 # [msec]
   Debug_Time(2):    3.367 # [msec]
-
   Version      : 1.2
   Ways         : 32
   Words        : 1
   Feedback     : 2
   WordBits     : 32
   IndexBits    : 32
   Sort Order   : 0
   Sign Compare : 0
   Max Size     : 268435455
   Debug Enable : 1
   size         : 715000
   average_time :   19.740 # [msec]
   throughput   :   36.222 # [mwords/sec]
   Debug_Time(0):   19.077 # [msec]
   Debug_Time(1):   15.739 # [msec]
   Debug_Time(2):    3.339 # [msec]
-
   Version      : 1.2
   Ways         : 32
   Words        : 1
   Feedback     : 2
   WordBits     : 32
   IndexBits    : 32
   Sort Order   : 0
   Sign Compare : 0
   Max Size     : 268435455
   Debug Enable : 1
   size         : 720000
   average_time :   19.792 # [msec]
   throughput   :   36.378 # [mwords/sec]
   Debug_Time(0):   19.058 # [msec]
   Debug_Time(1):   15.708 # [msec]
   Debug_Time(2):    3.350 # [msec]
-
   Version      : 1.2
   Ways         : 32
   Words        : 1
   Feedback     : 2
   WordBits     : 32
   IndexBits    : 32
   Sort Order   : 0
   Sign Compare : 0
   Max Size     : 268435455
   Debug Enable : 1
   size         : 725000
   average_time :   20.278 # [msec]
   throughput   :   35.754 # [mwords/sec]
   Debug_Time(0):   19.601 # [msec]
   Debug_Time(1):   16.146 # [msec]
   Debug_Time(2):    3.455 # [msec]
-
   Version      : 1.2
   Ways         : 32
   Words        : 1
   Feedback     : 2
   WordBits     : 32
   IndexBits    : 32
   Sort Order   : 0
   Sign Compare : 0
   Max Size     : 268435455
   Debug Enable : 1
   size         : 730000
   average_time :   20.289 # [msec]
   throughput   :   35.980 # [mwords/sec]
   Debug_Time(0):   19.518 # [msec]
   Debug_Time(1):   16.195 # [msec]
   Debug_Time(2):    3.323 # [msec]
-
   Version      : 1.2
   Ways         : 32
   Words        : 1
   Feedback     : 2
   WordBits     : 32
   IndexBits    : 32
   Sort Order   : 0
   Sign Compare : 0
   Max Size     : 268435455
   Debug Enable : 1
   size         : 735000
   average_time :   20.424 # [msec]
   throughput   :   35.987 # [mwords/sec]
   Debug_Time(0):   19.805 # [msec]
   Debug_Time(1):   16.367 # [msec]
   Debug_Time(2):    3.438 # [msec]
-
   Version      : 1.2
   Ways         : 32
   Words        : 1
   Feedback     : 2
   WordBits     : 32
   IndexBits    : 32
   Sort Order   : 0
   Sign Compare : 0
   Max Size     : 268435455
   Debug Enable : 1
   size         : 740000
   average_time :   20.428 # [msec]
   throughput   :   36.225 # [mwords/sec]
   Debug_Time(0):   19.774 # [msec]
   Debug_Time(1):   16.393 # [msec]
   Debug_Time(2):    3.381 # [msec]
-
   Version      : 1.2
   Ways         : 32
   Words        : 1
   Feedback     : 2
   WordBits     : 32
   IndexBits    : 32
   Sort Order   : 0
   Sign Compare : 0
   Max Size     : 268435455
   Debug Enable : 1
   size         : 745000
   average_time :   20.418 # [msec]
   throughput   :   36.488 # [mwords/sec]
   Debug_Time(0):   19.875 # [msec]
   Debug_Time(1):   16.450 # [msec]
   Debug_Time(2):    3.424 # [msec]
-
   Version      : 1.2
   Ways         : 32
   Words        : 1
   Feedback     : 2
   WordBits     : 32
   IndexBits    : 32
   Sort Order   : 0
   Sign Compare : 0
   Max Size     : 268435455
   Debug Enable : 1
   size         : 750000
   average_time :   20.573 # [msec]
   throughput   :   36.456 # [mwords/sec]
   Debug_Time(0):   19.873 # [msec]
   Debug_Time(1):   16.464 # [msec]
   Debug_Time(2):    3.409 # [msec]
-
   Version      : 1.2
   Ways         : 32
   Words        : 1
   Feedback     : 2
   WordBits     : 32
   IndexBits    : 32
   Sort Order   : 0
   Sign Compare : 0
   Max Size     : 268435455
   Debug Enable : 1
   size         : 755000
   average_time :   21.504 # [msec]
   throughput   :   35.110 # [mwords/sec]
   Debug_Time(0):   21.073 # [msec]
   Debug_Time(1):   17.261 # [msec]
   Debug_Time(2):    3.812 # [msec]
-
   Version      : 1.2
   Ways         : 32
   Words        : 1
   Feedback     : 2
   WordBits     : 32
   IndexBits    : 32
   Sort Order   : 0
   Sign Compare : 0
   Max Size     : 268435455
   Debug Enable : 1
   size         : 760000
   average_time :   21.165 # [msec]
   throughput   :   35.909 # [mwords/sec]
   Debug_Time(0):   20.840 # [msec]
   Debug_Time(1):   16.922 # [msec]
   Debug_Time(2):    3.918 # [msec]
-
   Version      : 1.2
   Ways         : 32
   Words        : 1
   Feedback     : 2
   WordBits     : 32
   IndexBits    : 32
   Sort Order   : 0
   Sign Compare : 0
   Max Size     : 268435455
   Debug Enable : 1
   size         : 765000
   average_time :   21.187 # [msec]
   throughput   :   36.106 # [mwords/sec]
   Debug_Time(0):   20.619 # [msec]
   Debug_Time(1):   17.051 # [msec]
   Debug_Time(2):    3.568 # [msec]
-
   Version      : 1.2
   Ways         : 32
   Words        : 1
   Feedback     : 2
   WordBits     : 32
   IndexBits    : 32
   Sort Order   : 0
   Sign Compare : 0
   Max Size     : 268435455
   Debug Enable : 1
   size         : 770000
   average_time :   21.214 # [msec]
   throughput   :   36.296 # [mwords/sec]
   Debug_Time(0):   20.525 # [msec]
   Debug_Time(1):   16.954 # [msec]
   Debug_Time(2):    3.570 # [msec]
-
   Version      : 1.2
   Ways         : 32
   Words        : 1
   Feedback     : 2
   WordBits     : 32
   IndexBits    : 32
   Sort Order   : 0
   Sign Compare : 0
   Max Size     : 268435455
   Debug Enable : 1
   size         : 775000
   average_time :   21.355 # [msec]
   throughput   :   36.291 # [mwords/sec]
   Debug_Time(0):   20.811 # [msec]
   Debug_Time(1):   17.188 # [msec]
   Debug_Time(2):    3.623 # [msec]
-
   Version      : 1.2
   Ways         : 32
   Words        : 1
   Feedback     : 2
   WordBits     : 32
   IndexBits    : 32
   Sort Order   : 0
   Sign Compare : 0
   Max Size     : 268435455
   Debug Enable : 1
   size         : 780000
   average_time :   21.442 # [msec]
   throughput   :   36.377 # [mwords/sec]
   Debug_Time(0):   20.844 # [msec]
   Debug_Time(1):   17.219 # [msec]
   Debug_Time(2):    3.626 # [msec]
-
   Version      : 1.2
   Ways         : 32
   Words        : 1
   Feedback     : 2
   WordBits     : 32
   IndexBits    : 32
   Sort Order   : 0
   Sign Compare : 0
   Max Size     : 268435455
   Debug Enable : 1
   size         : 785000
   average_time :   21.484 # [msec]
   throughput   :   36.538 # [mwords/sec]
   Debug_Time(0):   20.928 # [msec]
   Debug_Time(1):   17.268 # [msec]
   Debug_Time(2):    3.660 # [msec]
-
   Version      : 1.2
   Ways         : 32
   Words        : 1
   Feedback     : 2
   WordBits     : 32
   IndexBits    : 32
   Sort Order   : 0
   Sign Compare : 0
   Max Size     : 268435455
   Debug Enable : 1
   size         : 790000
   average_time :   21.972 # [msec]
   throughput   :   35.954 # [mwords/sec]
   Debug_Time(0):   21.445 # [msec]
   Debug_Time(1):   17.702 # [msec]
   Debug_Time(2):    3.742 # [msec]
-
   Version      : 1.2
   Ways         : 32
   Words        : 1
   Feedback     : 2
   WordBits     : 32
   IndexBits    : 32
   Sort Order   : 0
   Sign Compare : 0
   Max Size     : 268435455
   Debug Enable : 1
   size         : 795000
   average_time :   21.967 # [msec]
   throughput   :   36.190 # [mwords/sec]
   Debug_Time(0):   21.367 # [msec]
   Debug_Time(1):   17.740 # [msec]
   Debug_Time(2):    3.627 # [msec]
-
   Version      : 1.2
   Ways         : 32
   Words        : 1
   Feedback     : 2
   WordBits     : 32
   IndexBits    : 32
   Sort Order   : 0
   Sign Compare : 0
   Max Size     : 268435455
   Debug Enable : 1
   size         : 800000
   average_time :   22.053 # [msec]
   throughput   :   36.277 # [mwords/sec]
   Debug_Time(0):   21.472 # [msec]
   Debug_Time(1):   17.797 # [msec]
   Debug_Time(2):    3.675 # [msec]
-
   Version      : 1.2
   Ways         : 32
   Words        : 1
   Feedback     : 2
   WordBits     : 32
   IndexBits    : 32
   Sort Order   : 0
   Sign Compare : 0
   Max Size     : 268435455
   Debug Enable : 1
   size         : 805000
   average_time :   22.112 # [msec]
   throughput   :   36.406 # [mwords/sec]
   Debug_Time(0):   21.568 # [msec]
   Debug_Time(1):   17.848 # [msec]
   Debug_Time(2):    3.720 # [msec]
-
   Version      : 1.2
   Ways         : 32
   Words        : 1
   Feedback     : 2
   WordBits     : 32
   IndexBits    : 32
   Sort Order   : 0
   Sign Compare : 0
   Max Size     : 268435455
   Debug Enable : 1
   size         : 810000
   average_time :   22.179 # [msec]
   throughput   :   36.522 # [mwords/sec]
   Debug_Time(0):   21.653 # [msec]
   Debug_Time(1):   17.892 # [msec]
   Debug_Time(2):    3.761 # [msec]
-
   Version      : 1.2
   Ways         : 32
   Words        : 1
   Feedback     : 2
   WordBits     : 32
   IndexBits    : 32
   Sort Order   : 0
   Sign Compare : 0
   Max Size     : 268435455
   Debug Enable : 1
   size         : 815000
   average_time :   22.271 # [msec]
   throughput   :   36.595 # [mwords/sec]
   Debug_Time(0):   21.704 # [msec]
   Debug_Time(1):   17.938 # [msec]
   Debug_Time(2):    3.767 # [msec]
-
   Version      : 1.2
   Ways         : 32
   Words        : 1
   Feedback     : 2
   WordBits     : 32
   IndexBits    : 32
   Sort Order   : 0
   Sign Compare : 0
   Max Size     : 268435455
   Debug Enable : 1
   size         : 820000
   average_time :   22.479 # [msec]
   throughput   :   36.479 # [mwords/sec]
   Debug_Time(0):   22.039 # [msec]
   Debug_Time(1):   18.016 # [msec]
   Debug_Time(2):    4.023 # [msec]
-
   Version      : 1.2
   Ways         : 32
   Words        : 1
   Feedback     : 2
   WordBits     : 32
   IndexBits    : 32
   Sort Order   : 0
   Sign Compare : 0
   Max Size     : 268435455
   Debug Enable : 1
   size         : 825000
   average_time :   22.905 # [msec]
   throughput   :   36.019 # [mwords/sec]
   Debug_Time(0):   22.626 # [msec]
   Debug_Time(1):   18.416 # [msec]
   Debug_Time(2):    4.210 # [msec]
-
   Version      : 1.2
   Ways         : 32
   Words        : 1
   Feedback     : 2
   WordBits     : 32
   IndexBits    : 32
   Sort Order   : 0
   Sign Compare : 0
   Max Size     : 268435455
   Debug Enable : 1
   size         : 830000
   average_time :   22.892 # [msec]
   throughput   :   36.257 # [mwords/sec]
   Debug_Time(0):   22.613 # [msec]
   Debug_Time(1):   18.521 # [msec]
   Debug_Time(2):    4.092 # [msec]
-
   Version      : 1.2
   Ways         : 32
   Words        : 1
   Feedback     : 2
   WordBits     : 32
   IndexBits    : 32
   Sort Order   : 0
   Sign Compare : 0
   Max Size     : 268435455
   Debug Enable : 1
   size         : 835000
   average_time :   22.997 # [msec]
   throughput   :   36.309 # [mwords/sec]
   Debug_Time(0):   22.761 # [msec]
   Debug_Time(1):   18.522 # [msec]
   Debug_Time(2):    4.239 # [msec]
-
   Version      : 1.2
   Ways         : 32
   Words        : 1
   Feedback     : 2
   WordBits     : 32
   IndexBits    : 32
   Sort Order   : 0
   Sign Compare : 0
   Max Size     : 268435455
   Debug Enable : 1
   size         : 840000
   average_time :   23.094 # [msec]
   throughput   :   36.373 # [mwords/sec]
   Debug_Time(0):   22.824 # [msec]
   Debug_Time(1):   18.607 # [msec]
   Debug_Time(2):    4.217 # [msec]
-
   Version      : 1.2
   Ways         : 32
   Words        : 1
   Feedback     : 2
   WordBits     : 32
   IndexBits    : 32
   Sort Order   : 0
   Sign Compare : 0
   Max Size     : 268435455
   Debug Enable : 1
   size         : 845000
   average_time :   23.112 # [msec]
   throughput   :   36.561 # [mwords/sec]
   Debug_Time(0):   22.823 # [msec]
   Debug_Time(1):   18.652 # [msec]
   Debug_Time(2):    4.171 # [msec]
-
   Version      : 1.2
   Ways         : 32
   Words        : 1
   Feedback     : 2
   WordBits     : 32
   IndexBits    : 32
   Sort Order   : 0
   Sign Compare : 0
   Max Size     : 268435455
   Debug Enable : 1
   size         : 850000
   average_time :   23.293 # [msec]
   throughput   :   36.492 # [mwords/sec]
   Debug_Time(0):   22.934 # [msec]
   Debug_Time(1):   18.701 # [msec]
   Debug_Time(2):    4.233 # [msec]
-
   Version      : 1.2
   Ways         : 32
   Words        : 1
   Feedback     : 2
   WordBits     : 32
   IndexBits    : 32
   Sort Order   : 0
   Sign Compare : 0
   Max Size     : 268435455
   Debug Enable : 1
   size         : 855000
   average_time :   23.680 # [msec]
   throughput   :   36.107 # [mwords/sec]
   Debug_Time(0):   23.345 # [msec]
   Debug_Time(1):   19.156 # [msec]
   Debug_Time(2):    4.189 # [msec]
-
   Version      : 1.2
   Ways         : 32
   Words        : 1
   Feedback     : 2
   WordBits     : 32
   IndexBits    : 32
   Sort Order   : 0
   Sign Compare : 0
   Max Size     : 268435455
   Debug Enable : 1
   size         : 860000
   average_time :   23.730 # [msec]
   throughput   :   36.242 # [mwords/sec]
   Debug_Time(0):   23.390 # [msec]
   Debug_Time(1):   19.191 # [msec]
   Debug_Time(2):    4.200 # [msec]
-
   Version      : 1.2
   Ways         : 32
   Words        : 1
   Feedback     : 2
   WordBits     : 32
   IndexBits    : 32
   Sort Order   : 0
   Sign Compare : 0
   Max Size     : 268435455
   Debug Enable : 1
   size         : 865000
   average_time :   23.773 # [msec]
   throughput   :   36.386 # [mwords/sec]
   Debug_Time(0):   23.472 # [msec]
   Debug_Time(1):   19.262 # [msec]
   Debug_Time(2):    4.210 # [msec]
-
   Version      : 1.2
   Ways         : 32
   Words        : 1
   Feedback     : 2
   WordBits     : 32
   IndexBits    : 32
   Sort Order   : 0
   Sign Compare : 0
   Max Size     : 268435455
   Debug Enable : 1
   size         : 870000
   average_time :   23.936 # [msec]
   throughput   :   36.347 # [mwords/sec]
   Debug_Time(0):   23.688 # [msec]
   Debug_Time(1):   19.322 # [msec]
   Debug_Time(2):    4.365 # [msec]
-
   Version      : 1.2
   Ways         : 32
   Words        : 1
   Feedback     : 2
   WordBits     : 32
   IndexBits    : 32
   Sort Order   : 0
   Sign Compare : 0
   Max Size     : 268435455
   Debug Enable : 1
   size         : 875000
   average_time :   23.963 # [msec]
   throughput   :   36.514 # [mwords/sec]
   Debug_Time(0):   23.670 # [msec]
   Debug_Time(1):   19.364 # [msec]
   Debug_Time(2):    4.306 # [msec]
-
   Version      : 1.2
   Ways         : 32
   Words        : 1
   Feedback     : 2
   WordBits     : 32
   IndexBits    : 32
   Sort Order   : 0
   Sign Compare : 0
   Max Size     : 268435455
   Debug Enable : 1
   size         : 880000
   average_time :   24.041 # [msec]
   throughput   :   36.604 # [mwords/sec]
   Debug_Time(0):   23.773 # [msec]
   Debug_Time(1):   19.415 # [msec]
   Debug_Time(2):    4.358 # [msec]
-
   Version      : 1.2
   Ways         : 32
   Words        : 1
   Feedback     : 2
   WordBits     : 32
   IndexBits    : 32
   Sort Order   : 0
   Sign Compare : 0
   Max Size     : 268435455
   Debug Enable : 1
   size         : 885000
   average_time :   24.120 # [msec]
   throughput   :   36.692 # [mwords/sec]
   Debug_Time(0):   23.857 # [msec]
   Debug_Time(1):   19.476 # [msec]
   Debug_Time(2):    4.381 # [msec]
-
   Version      : 1.2
   Ways         : 32
   Words        : 1
   Feedback     : 2
   WordBits     : 32
   IndexBits    : 32
   Sort Order   : 0
   Sign Compare : 0
   Max Size     : 268435455
   Debug Enable : 1
   size         : 890000
   average_time :   24.549 # [msec]
   throughput   :   36.254 # [mwords/sec]
   Debug_Time(0):   24.268 # [msec]
   Debug_Time(1):   19.910 # [msec]
   Debug_Time(2):    4.358 # [msec]
-
   Version      : 1.2
   Ways         : 32
   Words        : 1
   Feedback     : 2
   WordBits     : 32
   IndexBits    : 32
   Sort Order   : 0
   Sign Compare : 0
   Max Size     : 268435455
   Debug Enable : 1
   size         : 895000
   average_time :   24.608 # [msec]
   throughput   :   36.370 # [mwords/sec]
   Debug_Time(0):   24.367 # [msec]
   Debug_Time(1):   19.951 # [msec]
   Debug_Time(2):    4.416 # [msec]
-
   Version      : 1.2
   Ways         : 32
   Words        : 1
   Feedback     : 2
   WordBits     : 32
   IndexBits    : 32
   Sort Order   : 0
   Sign Compare : 0
   Max Size     : 268435455
   Debug Enable : 1
   size         : 900000
   average_time :   24.758 # [msec]
   throughput   :   36.352 # [mwords/sec]
   Debug_Time(0):   24.505 # [msec]
   Debug_Time(1):   20.003 # [msec]
   Debug_Time(2):    4.502 # [msec]
-
   Version      : 1.2
   Ways         : 32
   Words        : 1
   Feedback     : 2
   WordBits     : 32
   IndexBits    : 32
   Sort Order   : 0
   Sign Compare : 0
   Max Size     : 268435455
   Debug Enable : 1
   size         : 905000
   average_time :   24.806 # [msec]
   throughput   :   36.483 # [mwords/sec]
   Debug_Time(0):   24.532 # [msec]
   Debug_Time(1):   20.050 # [msec]
   Debug_Time(2):    4.482 # [msec]
-
   Version      : 1.2
   Ways         : 32
   Words        : 1
   Feedback     : 2
   WordBits     : 32
   IndexBits    : 32
   Sort Order   : 0
   Sign Compare : 0
   Max Size     : 268435455
   Debug Enable : 1
   size         : 910000
   average_time :   24.975 # [msec]
   throughput   :   36.436 # [mwords/sec]
   Debug_Time(0):   24.689 # [msec]
   Debug_Time(1):   20.112 # [msec]
   Debug_Time(2):    4.577 # [msec]
-
   Version      : 1.2
   Ways         : 32
   Words        : 1
   Feedback     : 2
   WordBits     : 32
   IndexBits    : 32
   Sort Order   : 0
   Sign Compare : 0
   Max Size     : 268435455
   Debug Enable : 1
   size         : 915000
   average_time :   24.963 # [msec]
   throughput   :   36.655 # [mwords/sec]
   Debug_Time(0):   24.677 # [msec]
   Debug_Time(1):   20.151 # [msec]
   Debug_Time(2):    4.525 # [msec]
-
   Version      : 1.2
   Ways         : 32
   Words        : 1
   Feedback     : 2
   WordBits     : 32
   IndexBits    : 32
   Sort Order   : 0
   Sign Compare : 0
   Max Size     : 268435455
   Debug Enable : 1
   size         : 920000
   average_time :   25.426 # [msec]
   throughput   :   36.183 # [mwords/sec]
   Debug_Time(0):   25.173 # [msec]
   Debug_Time(1):   20.564 # [msec]
   Debug_Time(2):    4.609 # [msec]
-
   Version      : 1.2
   Ways         : 32
   Words        : 1
   Feedback     : 2
   WordBits     : 32
   IndexBits    : 32
   Sort Order   : 0
   Sign Compare : 0
   Max Size     : 268435455
   Debug Enable : 1
   size         : 925000
   average_time :   25.587 # [msec]
   throughput   :   36.151 # [mwords/sec]
   Debug_Time(0):   25.275 # [msec]
   Debug_Time(1):   20.596 # [msec]
   Debug_Time(2):    4.679 # [msec]
-
   Version      : 1.2
   Ways         : 32
   Words        : 1
   Feedback     : 2
   WordBits     : 32
   IndexBits    : 32
   Sort Order   : 0
   Sign Compare : 0
   Max Size     : 268435455
   Debug Enable : 1
   size         : 930000
   average_time :   25.616 # [msec]
   throughput   :   36.305 # [mwords/sec]
   Debug_Time(0):   25.286 # [msec]
   Debug_Time(1):   20.628 # [msec]
   Debug_Time(2):    4.659 # [msec]
-
   Version      : 1.2
   Ways         : 32
   Words        : 1
   Feedback     : 2
   WordBits     : 32
   IndexBits    : 32
   Sort Order   : 0
   Sign Compare : 0
   Max Size     : 268435455
   Debug Enable : 1
   size         : 935000
   average_time :   25.574 # [msec]
   throughput   :   36.561 # [mwords/sec]
   Debug_Time(0):   25.209 # [msec]
   Debug_Time(1):   20.611 # [msec]
   Debug_Time(2):    4.599 # [msec]
-
   Version      : 1.2
   Ways         : 32
   Words        : 1
   Feedback     : 2
   WordBits     : 32
   IndexBits    : 32
   Sort Order   : 0
   Sign Compare : 0
   Max Size     : 268435455
   Debug Enable : 1
   size         : 940000
   average_time :   25.691 # [msec]
   throughput   :   36.589 # [mwords/sec]
   Debug_Time(0):   25.342 # [msec]
   Debug_Time(1):   20.713 # [msec]
   Debug_Time(2):    4.629 # [msec]
-
   Version      : 1.2
   Ways         : 32
   Words        : 1
   Feedback     : 2
   WordBits     : 32
   IndexBits    : 32
   Sort Order   : 0
   Sign Compare : 0
   Max Size     : 268435455
   Debug Enable : 1
   size         : 945000
   average_time :   25.722 # [msec]
   throughput   :   36.739 # [mwords/sec]
   Debug_Time(0):   25.381 # [msec]
   Debug_Time(1):   20.765 # [msec]
   Debug_Time(2):    4.616 # [msec]
-
   Version      : 1.2
   Ways         : 32
   Words        : 1
   Feedback     : 2
   WordBits     : 32
   IndexBits    : 32
   Sort Order   : 0
   Sign Compare : 0
   Max Size     : 268435455
   Debug Enable : 1
   size         : 950000
   average_time :   25.878 # [msec]
   throughput   :   36.710 # [mwords/sec]
   Debug_Time(0):   25.488 # [msec]
   Debug_Time(1):   20.811 # [msec]
   Debug_Time(2):    4.677 # [msec]
-
   Version      : 1.2
   Ways         : 32
   Words        : 1
   Feedback     : 2
   WordBits     : 32
   IndexBits    : 32
   Sort Order   : 0
   Sign Compare : 0
   Max Size     : 268435455
   Debug Enable : 1
   size         : 955000
   average_time :   26.418 # [msec]
   throughput   :   36.150 # [mwords/sec]
   Debug_Time(0):   26.083 # [msec]
   Debug_Time(1):   21.090 # [msec]
   Debug_Time(2):    4.993 # [msec]
-
   Version      : 1.2
   Ways         : 32
   Words        : 1
   Feedback     : 2
   WordBits     : 32
   IndexBits    : 32
   Sort Order   : 0
   Sign Compare : 0
   Max Size     : 268435455
   Debug Enable : 1
   size         : 960000
   average_time :   26.512 # [msec]
   throughput   :   36.210 # [mwords/sec]
   Debug_Time(0):   26.134 # [msec]
   Debug_Time(1):   21.124 # [msec]
   Debug_Time(2):    5.010 # [msec]
-
   Version      : 1.2
   Ways         : 32
   Words        : 1
   Feedback     : 2
   WordBits     : 32
   IndexBits    : 32
   Sort Order   : 0
   Sign Compare : 0
   Max Size     : 268435455
   Debug Enable : 1
   size         : 965000
   average_time :   26.628 # [msec]
   throughput   :   36.240 # [mwords/sec]
   Debug_Time(0):   26.413 # [msec]
   Debug_Time(1):   21.336 # [msec]
   Debug_Time(2):    5.077 # [msec]
-
   Version      : 1.2
   Ways         : 32
   Words        : 1
   Feedback     : 2
   WordBits     : 32
   IndexBits    : 32
   Sort Order   : 0
   Sign Compare : 0
   Max Size     : 268435455
   Debug Enable : 1
   size         : 970000
   average_time :   26.677 # [msec]
   throughput   :   36.361 # [mwords/sec]
   Debug_Time(0):   26.486 # [msec]
   Debug_Time(1):   21.424 # [msec]
   Debug_Time(2):    5.063 # [msec]
-
   Version      : 1.2
   Ways         : 32
   Words        : 1
   Feedback     : 2
   WordBits     : 32
   IndexBits    : 32
   Sort Order   : 0
   Sign Compare : 0
   Max Size     : 268435455
   Debug Enable : 1
   size         : 975000
   average_time :   26.749 # [msec]
   throughput   :   36.450 # [mwords/sec]
   Debug_Time(0):   26.550 # [msec]
   Debug_Time(1):   21.410 # [msec]
   Debug_Time(2):    5.139 # [msec]
-
   Version      : 1.2
   Ways         : 32
   Words        : 1
   Feedback     : 2
   WordBits     : 32
   IndexBits    : 32
   Sort Order   : 0
   Sign Compare : 0
   Max Size     : 268435455
   Debug Enable : 1
   size         : 980000
   average_time :   26.747 # [msec]
   throughput   :   36.639 # [mwords/sec]
   Debug_Time(0):   26.394 # [msec]
   Debug_Time(1):   21.314 # [msec]
   Debug_Time(2):    5.080 # [msec]
-
   Version      : 1.2
   Ways         : 32
   Words        : 1
   Feedback     : 2
   WordBits     : 32
   IndexBits    : 32
   Sort Order   : 0
   Sign Compare : 0
   Max Size     : 268435455
   Debug Enable : 1
   size         : 985000
   average_time :   27.234 # [msec]
   throughput   :   36.168 # [mwords/sec]
   Debug_Time(0):   27.047 # [msec]
   Debug_Time(1):   22.060 # [msec]
   Debug_Time(2):    4.986 # [msec]
-
   Version      : 1.2
   Ways         : 32
   Words        : 1
   Feedback     : 2
   WordBits     : 32
   IndexBits    : 32
   Sort Order   : 0
   Sign Compare : 0
   Max Size     : 268435455
   Debug Enable : 1
   size         : 990000
   average_time :   27.313 # [msec]
   throughput   :   36.246 # [mwords/sec]
   Debug_Time(0):   27.151 # [msec]
   Debug_Time(1):   22.007 # [msec]
   Debug_Time(2):    5.144 # [msec]
-
   Version      : 1.2
   Ways         : 32
   Words        : 1
   Feedback     : 2
   WordBits     : 32
   IndexBits    : 32
   Sort Order   : 0
   Sign Compare : 0
   Max Size     : 268435455
   Debug Enable : 1
   size         : 995000
   average_time :   27.321 # [msec]
   throughput   :   36.418 # [mwords/sec]
   Debug_Time(0):   27.149 # [msec]
   Debug_Time(1):   22.167 # [msec]
   Debug_Time(2):    4.982 # [msec]
-
   Version      : 1.2
   Ways         : 32
   Words        : 1
   Feedback     : 2
   WordBits     : 32
   IndexBits    : 32
   Sort Order   : 0
   Sign Compare : 0
   Max Size     : 268435455
   Debug Enable : 1
   size         : 1000000
   average_time :   27.433 # [msec]
   throughput   :   36.452 # [mwords/sec]
   Debug_Time(0):   27.121 # [msec]
   Debug_Time(1):   22.239 # [msec]
   Debug_Time(2):    4.882 # [msec]
