---
-
   sample_file  : sample_0000005000.npy
   expect_file  : expect_0000005000.npy
   size         : 5000
   average_time :    0.839 # [msec]
   throughput   :    5.958 # [mwords/sec]
-
   sample_file  : sample_0000010000.npy
   expect_file  : expect_0000010000.npy
   size         : 10000
   average_time :    1.790 # [msec]
   throughput   :    5.587 # [mwords/sec]
-
   sample_file  : sample_0000015000.npy
   expect_file  : expect_0000015000.npy
   size         : 15000
   average_time :    3.020 # [msec]
   throughput   :    4.967 # [mwords/sec]
-
   sample_file  : sample_0000020000.npy
   expect_file  : expect_0000020000.npy
   size         : 20000
   average_time :    4.106 # [msec]
   throughput   :    4.871 # [mwords/sec]
-
   sample_file  : sample_0000025000.npy
   expect_file  : expect_0000025000.npy
   size         : 25000
   average_time :    5.525 # [msec]
   throughput   :    4.525 # [mwords/sec]
-
   sample_file  : sample_0000030000.npy
   expect_file  : expect_0000030000.npy
   size         : 30000
   average_time :    6.956 # [msec]
   throughput   :    4.313 # [mwords/sec]
-
   sample_file  : sample_0000035000.npy
   expect_file  : expect_0000035000.npy
   size         : 35000
   average_time :    8.533 # [msec]
   throughput   :    4.102 # [mwords/sec]
-
   sample_file  : sample_0000040000.npy
   expect_file  : expect_0000040000.npy
   size         : 40000
   average_time :   10.192 # [msec]
   throughput   :    3.924 # [mwords/sec]
-
   sample_file  : sample_0000045000.npy
   expect_file  : expect_0000045000.npy
   size         : 45000
   average_time :   12.139 # [msec]
   throughput   :    3.707 # [mwords/sec]
-
   sample_file  : sample_0000050000.npy
   expect_file  : expect_0000050000.npy
   size         : 50000
   average_time :   13.648 # [msec]
   throughput   :    3.664 # [mwords/sec]
-
   sample_file  : sample_0000055000.npy
   expect_file  : expect_0000055000.npy
   size         : 55000
   average_time :   15.319 # [msec]
   throughput   :    3.590 # [mwords/sec]
-
   sample_file  : sample_0000060000.npy
   expect_file  : expect_0000060000.npy
   size         : 60000
   average_time :   17.637 # [msec]
   throughput   :    3.402 # [mwords/sec]
-
   sample_file  : sample_0000065000.npy
   expect_file  : expect_0000065000.npy
   size         : 65000
   average_time :   19.288 # [msec]
   throughput   :    3.370 # [mwords/sec]
-
   sample_file  : sample_0000070000.npy
   expect_file  : expect_0000070000.npy
   size         : 70000
   average_time :   21.275 # [msec]
   throughput   :    3.290 # [mwords/sec]
-
   sample_file  : sample_0000075000.npy
   expect_file  : expect_0000075000.npy
   size         : 75000
   average_time :   23.058 # [msec]
   throughput   :    3.253 # [mwords/sec]
-
   sample_file  : sample_0000080000.npy
   expect_file  : expect_0000080000.npy
   size         : 80000
   average_time :   26.318 # [msec]
   throughput   :    3.040 # [mwords/sec]
-
   sample_file  : sample_0000085000.npy
   expect_file  : expect_0000085000.npy
   size         : 85000
   average_time :   28.722 # [msec]
   throughput   :    2.959 # [mwords/sec]
-
   sample_file  : sample_0000090000.npy
   expect_file  : expect_0000090000.npy
   size         : 90000
   average_time :   29.001 # [msec]
   throughput   :    3.103 # [mwords/sec]
-
   sample_file  : sample_0000095000.npy
   expect_file  : expect_0000095000.npy
   size         : 95000
   average_time :   30.664 # [msec]
   throughput   :    3.098 # [mwords/sec]
-
   sample_file  : sample_0000100000.npy
   expect_file  : expect_0000100000.npy
   size         : 100000
   average_time :   32.036 # [msec]
   throughput   :    3.121 # [mwords/sec]
-
   sample_file  : sample_0000105000.npy
   expect_file  : expect_0000105000.npy
   size         : 105000
   average_time :   34.296 # [msec]
   throughput   :    3.062 # [mwords/sec]
-
   sample_file  : sample_0000110000.npy
   expect_file  : expect_0000110000.npy
   size         : 110000
   average_time :   35.986 # [msec]
   throughput   :    3.057 # [mwords/sec]
-
   sample_file  : sample_0000115000.npy
   expect_file  : expect_0000115000.npy
   size         : 115000
   average_time :   38.496 # [msec]
   throughput   :    2.987 # [mwords/sec]
-
   sample_file  : sample_0000120000.npy
   expect_file  : expect_0000120000.npy
   size         : 120000
   average_time :   39.941 # [msec]
   throughput   :    3.004 # [mwords/sec]
-
   sample_file  : sample_0000125000.npy
   expect_file  : expect_0000125000.npy
   size         : 125000
   average_time :   42.560 # [msec]
   throughput   :    2.937 # [mwords/sec]
-
   sample_file  : sample_0000130000.npy
   expect_file  : expect_0000130000.npy
   size         : 130000
   average_time :   44.781 # [msec]
   throughput   :    2.903 # [mwords/sec]
-
   sample_file  : sample_0000135000.npy
   expect_file  : expect_0000135000.npy
   size         : 135000
   average_time :   47.744 # [msec]
   throughput   :    2.828 # [mwords/sec]
-
   sample_file  : sample_0000140000.npy
   expect_file  : expect_0000140000.npy
   size         : 140000
   average_time :   50.715 # [msec]
   throughput   :    2.761 # [mwords/sec]
-
   sample_file  : sample_0000145000.npy
   expect_file  : expect_0000145000.npy
   size         : 145000
   average_time :   56.326 # [msec]
   throughput   :    2.574 # [mwords/sec]
-
   sample_file  : sample_0000150000.npy
   expect_file  : expect_0000150000.npy
   size         : 150000
   average_time :   59.630 # [msec]
   throughput   :    2.516 # [mwords/sec]
-
   sample_file  : sample_0000155000.npy
   expect_file  : expect_0000155000.npy
   size         : 155000
   average_time :   60.098 # [msec]
   throughput   :    2.579 # [mwords/sec]
-
   sample_file  : sample_0000160000.npy
   expect_file  : expect_0000160000.npy
   size         : 160000
   average_time :   65.009 # [msec]
   throughput   :    2.461 # [mwords/sec]
-
   sample_file  : sample_0000165000.npy
   expect_file  : expect_0000165000.npy
   size         : 165000
   average_time :   72.736 # [msec]
   throughput   :    2.268 # [mwords/sec]
-
   sample_file  : sample_0000170000.npy
   expect_file  : expect_0000170000.npy
   size         : 170000
   average_time :   75.079 # [msec]
   throughput   :    2.264 # [mwords/sec]
-
   sample_file  : sample_0000175000.npy
   expect_file  : expect_0000175000.npy
   size         : 175000
   average_time :   80.016 # [msec]
   throughput   :    2.187 # [mwords/sec]
-
   sample_file  : sample_0000180000.npy
   expect_file  : expect_0000180000.npy
   size         : 180000
   average_time :   88.320 # [msec]
   throughput   :    2.038 # [mwords/sec]
-
   sample_file  : sample_0000185000.npy
   expect_file  : expect_0000185000.npy
   size         : 185000
   average_time :   94.406 # [msec]
   throughput   :    1.960 # [mwords/sec]
-
   sample_file  : sample_0000190000.npy
   expect_file  : expect_0000190000.npy
   size         : 190000
   average_time :  100.242 # [msec]
   throughput   :    1.895 # [mwords/sec]
-
   sample_file  : sample_0000195000.npy
   expect_file  : expect_0000195000.npy
   size         : 195000
   average_time :  107.758 # [msec]
   throughput   :    1.810 # [mwords/sec]
-
   sample_file  : sample_0000200000.npy
   expect_file  : expect_0000200000.npy
   size         : 200000
   average_time :  115.511 # [msec]
   throughput   :    1.731 # [mwords/sec]
-
   sample_file  : sample_0000205000.npy
   expect_file  : expect_0000205000.npy
   size         : 205000
   average_time :  122.621 # [msec]
   throughput   :    1.672 # [mwords/sec]
-
   sample_file  : sample_0000210000.npy
   expect_file  : expect_0000210000.npy
   size         : 210000
   average_time :  126.386 # [msec]
   throughput   :    1.662 # [mwords/sec]
-
   sample_file  : sample_0000215000.npy
   expect_file  : expect_0000215000.npy
   size         : 215000
   average_time :  131.179 # [msec]
   throughput   :    1.639 # [mwords/sec]
-
   sample_file  : sample_0000220000.npy
   expect_file  : expect_0000220000.npy
   size         : 220000
   average_time :  140.163 # [msec]
   throughput   :    1.570 # [mwords/sec]
-
   sample_file  : sample_0000225000.npy
   expect_file  : expect_0000225000.npy
   size         : 225000
   average_time :  131.458 # [msec]
   throughput   :    1.712 # [mwords/sec]
-
   sample_file  : sample_0000230000.npy
   expect_file  : expect_0000230000.npy
   size         : 230000
   average_time :  126.326 # [msec]
   throughput   :    1.821 # [mwords/sec]
-
   sample_file  : sample_0000235000.npy
   expect_file  : expect_0000235000.npy
   size         : 235000
   average_time :  131.986 # [msec]
   throughput   :    1.780 # [mwords/sec]
-
   sample_file  : sample_0000240000.npy
   expect_file  : expect_0000240000.npy
   size         : 240000
   average_time :  134.794 # [msec]
   throughput   :    1.781 # [mwords/sec]
-
   sample_file  : sample_0000245000.npy
   expect_file  : expect_0000245000.npy
   size         : 245000
   average_time :  139.163 # [msec]
   throughput   :    1.761 # [mwords/sec]
-
   sample_file  : sample_0000250000.npy
   expect_file  : expect_0000250000.npy
   size         : 250000
   average_time :  144.413 # [msec]
   throughput   :    1.731 # [mwords/sec]
-
   sample_file  : sample_0000255000.npy
   expect_file  : expect_0000255000.npy
   size         : 255000
   average_time :  148.591 # [msec]
   throughput   :    1.716 # [mwords/sec]
-
   sample_file  : sample_0000260000.npy
   expect_file  : expect_0000260000.npy
   size         : 260000
   average_time :  153.702 # [msec]
   throughput   :    1.692 # [mwords/sec]
-
   sample_file  : sample_0000265000.npy
   expect_file  : expect_0000265000.npy
   size         : 265000
   average_time :  157.997 # [msec]
   throughput   :    1.677 # [mwords/sec]
-
   sample_file  : sample_0000270000.npy
   expect_file  : expect_0000270000.npy
   size         : 270000
   average_time :  164.327 # [msec]
   throughput   :    1.643 # [mwords/sec]
-
   sample_file  : sample_0000275000.npy
   expect_file  : expect_0000275000.npy
   size         : 275000
   average_time :  171.418 # [msec]
   throughput   :    1.604 # [mwords/sec]
-
   sample_file  : sample_0000280000.npy
   expect_file  : expect_0000280000.npy
   size         : 280000
   average_time :  179.934 # [msec]
   throughput   :    1.556 # [mwords/sec]
-
   sample_file  : sample_0000285000.npy
   expect_file  : expect_0000285000.npy
   size         : 285000
   average_time :  180.584 # [msec]
   throughput   :    1.578 # [mwords/sec]
-
   sample_file  : sample_0000290000.npy
   expect_file  : expect_0000290000.npy
   size         : 290000
   average_time :  184.745 # [msec]
   throughput   :    1.570 # [mwords/sec]
-
   sample_file  : sample_0000295000.npy
   expect_file  : expect_0000295000.npy
   size         : 295000
   average_time :  189.947 # [msec]
   throughput   :    1.553 # [mwords/sec]
-
   sample_file  : sample_0000300000.npy
   expect_file  : expect_0000300000.npy
   size         : 300000
   average_time :  195.638 # [msec]
   throughput   :    1.533 # [mwords/sec]
-
   sample_file  : sample_0000305000.npy
   expect_file  : expect_0000305000.npy
   size         : 305000
   average_time :  204.008 # [msec]
   throughput   :    1.495 # [mwords/sec]
-
   sample_file  : sample_0000310000.npy
   expect_file  : expect_0000310000.npy
   size         : 310000
   average_time :  205.486 # [msec]
   throughput   :    1.509 # [mwords/sec]
-
   sample_file  : sample_0000315000.npy
   expect_file  : expect_0000315000.npy
   size         : 315000
   average_time :  209.708 # [msec]
   throughput   :    1.502 # [mwords/sec]
-
   sample_file  : sample_0000320000.npy
   expect_file  : expect_0000320000.npy
   size         : 320000
   average_time :  218.691 # [msec]
   throughput   :    1.463 # [mwords/sec]
-
   sample_file  : sample_0000325000.npy
   expect_file  : expect_0000325000.npy
   size         : 325000
   average_time :  229.294 # [msec]
   throughput   :    1.417 # [mwords/sec]
-
   sample_file  : sample_0000330000.npy
   expect_file  : expect_0000330000.npy
   size         : 330000
   average_time :  233.023 # [msec]
   throughput   :    1.416 # [mwords/sec]
-
   sample_file  : sample_0000335000.npy
   expect_file  : expect_0000335000.npy
   size         : 335000
   average_time :  237.510 # [msec]
   throughput   :    1.410 # [mwords/sec]
-
   sample_file  : sample_0000340000.npy
   expect_file  : expect_0000340000.npy
   size         : 340000
   average_time :  242.104 # [msec]
   throughput   :    1.404 # [mwords/sec]
-
   sample_file  : sample_0000345000.npy
   expect_file  : expect_0000345000.npy
   size         : 345000
   average_time :  246.063 # [msec]
   throughput   :    1.402 # [mwords/sec]
-
   sample_file  : sample_0000350000.npy
   expect_file  : expect_0000350000.npy
   size         : 350000
   average_time :  258.295 # [msec]
   throughput   :    1.355 # [mwords/sec]
-
   sample_file  : sample_0000355000.npy
   expect_file  : expect_0000355000.npy
   size         : 355000
   average_time :  263.782 # [msec]
   throughput   :    1.346 # [mwords/sec]
-
   sample_file  : sample_0000360000.npy
   expect_file  : expect_0000360000.npy
   size         : 360000
   average_time :  276.147 # [msec]
   throughput   :    1.304 # [mwords/sec]
-
   sample_file  : sample_0000365000.npy
   expect_file  : expect_0000365000.npy
   size         : 365000
   average_time :  278.110 # [msec]
   throughput   :    1.312 # [mwords/sec]
-
   sample_file  : sample_0000370000.npy
   expect_file  : expect_0000370000.npy
   size         : 370000
   average_time :  281.810 # [msec]
   throughput   :    1.313 # [mwords/sec]
-
   sample_file  : sample_0000375000.npy
   expect_file  : expect_0000375000.npy
   size         : 375000
   average_time :  279.932 # [msec]
   throughput   :    1.340 # [mwords/sec]
-
   sample_file  : sample_0000380000.npy
   expect_file  : expect_0000380000.npy
   size         : 380000
   average_time :  294.319 # [msec]
   throughput   :    1.291 # [mwords/sec]
-
   sample_file  : sample_0000385000.npy
   expect_file  : expect_0000385000.npy
   size         : 385000
   average_time :  295.943 # [msec]
   throughput   :    1.301 # [mwords/sec]
-
   sample_file  : sample_0000390000.npy
   expect_file  : expect_0000390000.npy
   size         : 390000
   average_time :  302.860 # [msec]
   throughput   :    1.288 # [mwords/sec]
-
   sample_file  : sample_0000395000.npy
   expect_file  : expect_0000395000.npy
   size         : 395000
   average_time :  311.276 # [msec]
   throughput   :    1.269 # [mwords/sec]
-
   sample_file  : sample_0000400000.npy
   expect_file  : expect_0000400000.npy
   size         : 400000
   average_time :  312.836 # [msec]
   throughput   :    1.279 # [mwords/sec]
-
   sample_file  : sample_0000405000.npy
   expect_file  : expect_0000405000.npy
   size         : 405000
   average_time :  330.293 # [msec]
   throughput   :    1.226 # [mwords/sec]
-
   sample_file  : sample_0000410000.npy
   expect_file  : expect_0000410000.npy
   size         : 410000
   average_time :  335.383 # [msec]
   throughput   :    1.222 # [mwords/sec]
-
   sample_file  : sample_0000415000.npy
   expect_file  : expect_0000415000.npy
   size         : 415000
   average_time :  338.855 # [msec]
   throughput   :    1.225 # [mwords/sec]
-
   sample_file  : sample_0000420000.npy
   expect_file  : expect_0000420000.npy
   size         : 420000
   average_time :  342.733 # [msec]
   throughput   :    1.225 # [mwords/sec]
-
   sample_file  : sample_0000425000.npy
   expect_file  : expect_0000425000.npy
   size         : 425000
   average_time :  351.728 # [msec]
   throughput   :    1.208 # [mwords/sec]
-
   sample_file  : sample_0000430000.npy
   expect_file  : expect_0000430000.npy
   size         : 430000
   average_time :  356.847 # [msec]
   throughput   :    1.205 # [mwords/sec]
-
   sample_file  : sample_0000435000.npy
   expect_file  : expect_0000435000.npy
   size         : 435000
   average_time :  370.878 # [msec]
   throughput   :    1.173 # [mwords/sec]
-
   sample_file  : sample_0000440000.npy
   expect_file  : expect_0000440000.npy
   size         : 440000
   average_time :  375.220 # [msec]
   throughput   :    1.173 # [mwords/sec]
-
   sample_file  : sample_0000445000.npy
   expect_file  : expect_0000445000.npy
   size         : 445000
   average_time :  382.306 # [msec]
   throughput   :    1.164 # [mwords/sec]
-
   sample_file  : sample_0000450000.npy
   expect_file  : expect_0000450000.npy
   size         : 450000
   average_time :  393.410 # [msec]
   throughput   :    1.144 # [mwords/sec]
-
   sample_file  : sample_0000455000.npy
   expect_file  : expect_0000455000.npy
   size         : 455000
   average_time :  400.842 # [msec]
   throughput   :    1.135 # [mwords/sec]
-
   sample_file  : sample_0000460000.npy
   expect_file  : expect_0000460000.npy
   size         : 460000
   average_time :  406.751 # [msec]
   throughput   :    1.131 # [mwords/sec]
-
   sample_file  : sample_0000465000.npy
   expect_file  : expect_0000465000.npy
   size         : 465000
   average_time :  410.058 # [msec]
   throughput   :    1.134 # [mwords/sec]
-
   sample_file  : sample_0000470000.npy
   expect_file  : expect_0000470000.npy
   size         : 470000
   average_time :  425.738 # [msec]
   throughput   :    1.104 # [mwords/sec]
-
   sample_file  : sample_0000475000.npy
   expect_file  : expect_0000475000.npy
   size         : 475000
   average_time :  437.102 # [msec]
   throughput   :    1.087 # [mwords/sec]
-
   sample_file  : sample_0000480000.npy
   expect_file  : expect_0000480000.npy
   size         : 480000
   average_time :  432.863 # [msec]
   throughput   :    1.109 # [mwords/sec]
-
   sample_file  : sample_0000485000.npy
   expect_file  : expect_0000485000.npy
   size         : 485000
   average_time :  448.473 # [msec]
   throughput   :    1.081 # [mwords/sec]
-
   sample_file  : sample_0000490000.npy
   expect_file  : expect_0000490000.npy
   size         : 490000
   average_time :  451.244 # [msec]
   throughput   :    1.086 # [mwords/sec]
-
   sample_file  : sample_0000495000.npy
   expect_file  : expect_0000495000.npy
   size         : 495000
   average_time :  458.539 # [msec]
   throughput   :    1.080 # [mwords/sec]
-
   sample_file  : sample_0000500000.npy
   expect_file  : expect_0000500000.npy
   size         : 500000
   average_time :  464.460 # [msec]
   throughput   :    1.077 # [mwords/sec]
-
   sample_file  : sample_0000505000.npy
   expect_file  : expect_0000505000.npy
   size         : 505000
   average_time :  464.539 # [msec]
   throughput   :    1.087 # [mwords/sec]
-
   sample_file  : sample_0000510000.npy
   expect_file  : expect_0000510000.npy
   size         : 510000
   average_time :  477.048 # [msec]
   throughput   :    1.069 # [mwords/sec]
-
   sample_file  : sample_0000515000.npy
   expect_file  : expect_0000515000.npy
   size         : 515000
   average_time :  492.543 # [msec]
   throughput   :    1.046 # [mwords/sec]
-
   sample_file  : sample_0000520000.npy
   expect_file  : expect_0000520000.npy
   size         : 520000
   average_time :  496.428 # [msec]
   throughput   :    1.047 # [mwords/sec]
-
   sample_file  : sample_0000525000.npy
   expect_file  : expect_0000525000.npy
   size         : 525000
   average_time :  511.512 # [msec]
   throughput   :    1.026 # [mwords/sec]
-
   sample_file  : sample_0000530000.npy
   expect_file  : expect_0000530000.npy
   size         : 530000
   average_time :  513.641 # [msec]
   throughput   :    1.032 # [mwords/sec]
-
   sample_file  : sample_0000535000.npy
   expect_file  : expect_0000535000.npy
   size         : 535000
   average_time :  516.894 # [msec]
   throughput   :    1.035 # [mwords/sec]
-
   sample_file  : sample_0000540000.npy
   expect_file  : expect_0000540000.npy
   size         : 540000
   average_time :  523.013 # [msec]
   throughput   :    1.032 # [mwords/sec]
-
   sample_file  : sample_0000545000.npy
   expect_file  : expect_0000545000.npy
   size         : 545000
   average_time :  537.302 # [msec]
   throughput   :    1.014 # [mwords/sec]
-
   sample_file  : sample_0000550000.npy
   expect_file  : expect_0000550000.npy
   size         : 550000
   average_time :  551.578 # [msec]
   throughput   :    0.997 # [mwords/sec]
-
   sample_file  : sample_0000555000.npy
   expect_file  : expect_0000555000.npy
   size         : 555000
   average_time :  562.266 # [msec]
   throughput   :    0.987 # [mwords/sec]
-
   sample_file  : sample_0000560000.npy
   expect_file  : expect_0000560000.npy
   size         : 560000
   average_time :  559.988 # [msec]
   throughput   :    1.000 # [mwords/sec]
-
   sample_file  : sample_0000565000.npy
   expect_file  : expect_0000565000.npy
   size         : 565000
   average_time :  572.672 # [msec]
   throughput   :    0.987 # [mwords/sec]
-
   sample_file  : sample_0000570000.npy
   expect_file  : expect_0000570000.npy
   size         : 570000
   average_time :  567.852 # [msec]
   throughput   :    1.004 # [mwords/sec]
-
   sample_file  : sample_0000575000.npy
   expect_file  : expect_0000575000.npy
   size         : 575000
   average_time :  582.030 # [msec]
   throughput   :    0.988 # [mwords/sec]
-
   sample_file  : sample_0000580000.npy
   expect_file  : expect_0000580000.npy
   size         : 580000
   average_time :  574.197 # [msec]
   throughput   :    1.010 # [mwords/sec]
-
   sample_file  : sample_0000585000.npy
   expect_file  : expect_0000585000.npy
   size         : 585000
   average_time :  595.234 # [msec]
   throughput   :    0.983 # [mwords/sec]
-
   sample_file  : sample_0000590000.npy
   expect_file  : expect_0000590000.npy
   size         : 590000
   average_time :  602.262 # [msec]
   throughput   :    0.980 # [mwords/sec]
-
   sample_file  : sample_0000595000.npy
   expect_file  : expect_0000595000.npy
   size         : 595000
   average_time :  609.925 # [msec]
   throughput   :    0.976 # [mwords/sec]
-
   sample_file  : sample_0000600000.npy
   expect_file  : expect_0000600000.npy
   size         : 600000
   average_time :  600.832 # [msec]
   throughput   :    0.999 # [mwords/sec]
-
   sample_file  : sample_0000605000.npy
   expect_file  : expect_0000605000.npy
   size         : 605000
   average_time :  616.410 # [msec]
   throughput   :    0.981 # [mwords/sec]
-
   sample_file  : sample_0000610000.npy
   expect_file  : expect_0000610000.npy
   size         : 610000
   average_time :  631.384 # [msec]
   throughput   :    0.966 # [mwords/sec]
-
   sample_file  : sample_0000615000.npy
   expect_file  : expect_0000615000.npy
   size         : 615000
   average_time :  632.901 # [msec]
   throughput   :    0.972 # [mwords/sec]
-
   sample_file  : sample_0000620000.npy
   expect_file  : expect_0000620000.npy
   size         : 620000
   average_time :  668.117 # [msec]
   throughput   :    0.928 # [mwords/sec]
-
   sample_file  : sample_0000625000.npy
   expect_file  : expect_0000625000.npy
   size         : 625000
   average_time :  662.116 # [msec]
   throughput   :    0.944 # [mwords/sec]
-
   sample_file  : sample_0000630000.npy
   expect_file  : expect_0000630000.npy
   size         : 630000
   average_time :  683.189 # [msec]
   throughput   :    0.922 # [mwords/sec]
-
   sample_file  : sample_0000635000.npy
   expect_file  : expect_0000635000.npy
   size         : 635000
   average_time :  674.294 # [msec]
   throughput   :    0.942 # [mwords/sec]
-
   sample_file  : sample_0000640000.npy
   expect_file  : expect_0000640000.npy
   size         : 640000
   average_time :  686.959 # [msec]
   throughput   :    0.932 # [mwords/sec]
-
   sample_file  : sample_0000645000.npy
   expect_file  : expect_0000645000.npy
   size         : 645000
   average_time :  688.502 # [msec]
   throughput   :    0.937 # [mwords/sec]
-
   sample_file  : sample_0000650000.npy
   expect_file  : expect_0000650000.npy
   size         : 650000
   average_time :  713.835 # [msec]
   throughput   :    0.911 # [mwords/sec]
-
   sample_file  : sample_0000655000.npy
   expect_file  : expect_0000655000.npy
   size         : 655000
   average_time :  706.442 # [msec]
   throughput   :    0.927 # [mwords/sec]
-
   sample_file  : sample_0000660000.npy
   expect_file  : expect_0000660000.npy
   size         : 660000
   average_time :  702.384 # [msec]
   throughput   :    0.940 # [mwords/sec]
-
   sample_file  : sample_0000665000.npy
   expect_file  : expect_0000665000.npy
   size         : 665000
   average_time :  734.374 # [msec]
   throughput   :    0.906 # [mwords/sec]
-
   sample_file  : sample_0000670000.npy
   expect_file  : expect_0000670000.npy
   size         : 670000
   average_time :  724.486 # [msec]
   throughput   :    0.925 # [mwords/sec]
-
   sample_file  : sample_0000675000.npy
   expect_file  : expect_0000675000.npy
   size         : 675000
   average_time :  733.297 # [msec]
   throughput   :    0.921 # [mwords/sec]
-
   sample_file  : sample_0000680000.npy
   expect_file  : expect_0000680000.npy
   size         : 680000
   average_time :  747.276 # [msec]
   throughput   :    0.910 # [mwords/sec]
-
   sample_file  : sample_0000685000.npy
   expect_file  : expect_0000685000.npy
   size         : 685000
   average_time :  753.024 # [msec]
   throughput   :    0.910 # [mwords/sec]
-
   sample_file  : sample_0000690000.npy
   expect_file  : expect_0000690000.npy
   size         : 690000
   average_time :  764.068 # [msec]
   throughput   :    0.903 # [mwords/sec]
-
   sample_file  : sample_0000695000.npy
   expect_file  : expect_0000695000.npy
   size         : 695000
   average_time :  797.841 # [msec]
   throughput   :    0.871 # [mwords/sec]
-
   sample_file  : sample_0000700000.npy
   expect_file  : expect_0000700000.npy
   size         : 700000
   average_time :  776.089 # [msec]
   throughput   :    0.902 # [mwords/sec]
-
   sample_file  : sample_0000705000.npy
   expect_file  : expect_0000705000.npy
   size         : 705000
   average_time :  780.729 # [msec]
   throughput   :    0.903 # [mwords/sec]
-
   sample_file  : sample_0000710000.npy
   expect_file  : expect_0000710000.npy
   size         : 710000
   average_time :  807.389 # [msec]
   throughput   :    0.879 # [mwords/sec]
-
   sample_file  : sample_0000715000.npy
   expect_file  : expect_0000715000.npy
   size         : 715000
   average_time :  830.482 # [msec]
   throughput   :    0.861 # [mwords/sec]
-
   sample_file  : sample_0000720000.npy
   expect_file  : expect_0000720000.npy
   size         : 720000
   average_time :  827.439 # [msec]
   throughput   :    0.870 # [mwords/sec]
-
   sample_file  : sample_0000725000.npy
   expect_file  : expect_0000725000.npy
   size         : 725000
   average_time :  834.044 # [msec]
   throughput   :    0.869 # [mwords/sec]
-
   sample_file  : sample_0000730000.npy
   expect_file  : expect_0000730000.npy
   size         : 730000
   average_time :  846.839 # [msec]
   throughput   :    0.862 # [mwords/sec]
-
   sample_file  : sample_0000735000.npy
   expect_file  : expect_0000735000.npy
   size         : 735000
   average_time :  843.225 # [msec]
   throughput   :    0.872 # [mwords/sec]
-
   sample_file  : sample_0000740000.npy
   expect_file  : expect_0000740000.npy
   size         : 740000
   average_time :  890.898 # [msec]
   throughput   :    0.831 # [mwords/sec]
-
   sample_file  : sample_0000745000.npy
   expect_file  : expect_0000745000.npy
   size         : 745000
   average_time :  865.442 # [msec]
   throughput   :    0.861 # [mwords/sec]
-
   sample_file  : sample_0000750000.npy
   expect_file  : expect_0000750000.npy
   size         : 750000
   average_time :  861.735 # [msec]
   throughput   :    0.870 # [mwords/sec]
-
   sample_file  : sample_0000755000.npy
   expect_file  : expect_0000755000.npy
   size         : 755000
   average_time :  874.454 # [msec]
   throughput   :    0.863 # [mwords/sec]
-
   sample_file  : sample_0000760000.npy
   expect_file  : expect_0000760000.npy
   size         : 760000
   average_time :  887.998 # [msec]
   throughput   :    0.856 # [mwords/sec]
-
   sample_file  : sample_0000765000.npy
   expect_file  : expect_0000765000.npy
   size         : 765000
   average_time :  918.512 # [msec]
   throughput   :    0.833 # [mwords/sec]
-
   sample_file  : sample_0000770000.npy
   expect_file  : expect_0000770000.npy
   size         : 770000
   average_time :  925.293 # [msec]
   throughput   :    0.832 # [mwords/sec]
-
   sample_file  : sample_0000775000.npy
   expect_file  : expect_0000775000.npy
   size         : 775000
   average_time :  907.047 # [msec]
   throughput   :    0.854 # [mwords/sec]
-
   sample_file  : sample_0000780000.npy
   expect_file  : expect_0000780000.npy
   size         : 780000
   average_time :  951.463 # [msec]
   throughput   :    0.820 # [mwords/sec]
-
   sample_file  : sample_0000785000.npy
   expect_file  : expect_0000785000.npy
   size         : 785000
   average_time :  939.651 # [msec]
   throughput   :    0.835 # [mwords/sec]
-
   sample_file  : sample_0000790000.npy
   expect_file  : expect_0000790000.npy
   size         : 790000
   average_time :  927.757 # [msec]
   throughput   :    0.852 # [mwords/sec]
-
   sample_file  : sample_0000795000.npy
   expect_file  : expect_0000795000.npy
   size         : 795000
   average_time :  945.718 # [msec]
   throughput   :    0.841 # [mwords/sec]
-
   sample_file  : sample_0000800000.npy
   expect_file  : expect_0000800000.npy
   size         : 800000
   average_time :  973.116 # [msec]
   throughput   :    0.822 # [mwords/sec]
-
   sample_file  : sample_0000805000.npy
   expect_file  : expect_0000805000.npy
   size         : 805000
   average_time :  956.229 # [msec]
   throughput   :    0.842 # [mwords/sec]
-
   sample_file  : sample_0000810000.npy
   expect_file  : expect_0000810000.npy
   size         : 810000
   average_time :  993.395 # [msec]
   throughput   :    0.815 # [mwords/sec]
-
   sample_file  : sample_0000815000.npy
   expect_file  : expect_0000815000.npy
   size         : 815000
   average_time :  967.187 # [msec]
   throughput   :    0.843 # [mwords/sec]
-
   sample_file  : sample_0000820000.npy
   expect_file  : expect_0000820000.npy
   size         : 820000
   average_time :  994.264 # [msec]
   throughput   :    0.825 # [mwords/sec]
-
   sample_file  : sample_0000825000.npy
   expect_file  : expect_0000825000.npy
   size         : 825000
   average_time : 1007.216 # [msec]
   throughput   :    0.819 # [mwords/sec]
-
   sample_file  : sample_0000830000.npy
   expect_file  : expect_0000830000.npy
   size         : 830000
   average_time :  999.632 # [msec]
   throughput   :    0.830 # [mwords/sec]
-
   sample_file  : sample_0000835000.npy
   expect_file  : expect_0000835000.npy
   size         : 835000
   average_time : 1018.778 # [msec]
   throughput   :    0.820 # [mwords/sec]
-
   sample_file  : sample_0000840000.npy
   expect_file  : expect_0000840000.npy
   size         : 840000
   average_time : 1020.652 # [msec]
   throughput   :    0.823 # [mwords/sec]
-
   sample_file  : sample_0000845000.npy
   expect_file  : expect_0000845000.npy
   size         : 845000
   average_time : 1043.112 # [msec]
   throughput   :    0.810 # [mwords/sec]
-
   sample_file  : sample_0000850000.npy
   expect_file  : expect_0000850000.npy
   size         : 850000
   average_time : 1060.403 # [msec]
   throughput   :    0.802 # [mwords/sec]
-
   sample_file  : sample_0000855000.npy
   expect_file  : expect_0000855000.npy
   size         : 855000
   average_time : 1058.262 # [msec]
   throughput   :    0.808 # [mwords/sec]
-
   sample_file  : sample_0000860000.npy
   expect_file  : expect_0000860000.npy
   size         : 860000
   average_time : 1060.695 # [msec]
   throughput   :    0.811 # [mwords/sec]
-
   sample_file  : sample_0000865000.npy
   expect_file  : expect_0000865000.npy
   size         : 865000
   average_time : 1075.186 # [msec]
   throughput   :    0.805 # [mwords/sec]
-
   sample_file  : sample_0000870000.npy
   expect_file  : expect_0000870000.npy
   size         : 870000
   average_time : 1077.103 # [msec]
   throughput   :    0.808 # [mwords/sec]
-
   sample_file  : sample_0000875000.npy
   expect_file  : expect_0000875000.npy
   size         : 875000
   average_time : 1081.433 # [msec]
   throughput   :    0.809 # [mwords/sec]
-
   sample_file  : sample_0000880000.npy
   expect_file  : expect_0000880000.npy
   size         : 880000
   average_time : 1102.528 # [msec]
   throughput   :    0.798 # [mwords/sec]
-
   sample_file  : sample_0000885000.npy
   expect_file  : expect_0000885000.npy
   size         : 885000
   average_time : 1099.210 # [msec]
   throughput   :    0.805 # [mwords/sec]
-
   sample_file  : sample_0000890000.npy
   expect_file  : expect_0000890000.npy
   size         : 890000
   average_time : 1112.953 # [msec]
   throughput   :    0.800 # [mwords/sec]
-
   sample_file  : sample_0000895000.npy
   expect_file  : expect_0000895000.npy
   size         : 895000
   average_time : 1123.680 # [msec]
   throughput   :    0.796 # [mwords/sec]
-
   sample_file  : sample_0000900000.npy
   expect_file  : expect_0000900000.npy
   size         : 900000
   average_time : 1124.539 # [msec]
   throughput   :    0.800 # [mwords/sec]
-
   sample_file  : sample_0000905000.npy
   expect_file  : expect_0000905000.npy
   size         : 905000
   average_time : 1170.684 # [msec]
   throughput   :    0.773 # [mwords/sec]
-
   sample_file  : sample_0000910000.npy
   expect_file  : expect_0000910000.npy
   size         : 910000
   average_time : 1182.600 # [msec]
   throughput   :    0.769 # [mwords/sec]
-
   sample_file  : sample_0000915000.npy
   expect_file  : expect_0000915000.npy
   size         : 915000
   average_time : 1162.621 # [msec]
   throughput   :    0.787 # [mwords/sec]
-
   sample_file  : sample_0000920000.npy
   expect_file  : expect_0000920000.npy
   size         : 920000
   average_time : 1181.832 # [msec]
   throughput   :    0.778 # [mwords/sec]
-
   sample_file  : sample_0000925000.npy
   expect_file  : expect_0000925000.npy
   size         : 925000
   average_time : 1179.101 # [msec]
   throughput   :    0.784 # [mwords/sec]
-
   sample_file  : sample_0000930000.npy
   expect_file  : expect_0000930000.npy
   size         : 930000
   average_time : 1202.008 # [msec]
   throughput   :    0.774 # [mwords/sec]
-
   sample_file  : sample_0000935000.npy
   expect_file  : expect_0000935000.npy
   size         : 935000
   average_time : 1186.884 # [msec]
   throughput   :    0.788 # [mwords/sec]
-
   sample_file  : sample_0000940000.npy
   expect_file  : expect_0000940000.npy
   size         : 940000
   average_time : 1219.687 # [msec]
   throughput   :    0.771 # [mwords/sec]
-
   sample_file  : sample_0000945000.npy
   expect_file  : expect_0000945000.npy
   size         : 945000
   average_time : 1239.609 # [msec]
   throughput   :    0.762 # [mwords/sec]
-
   sample_file  : sample_0000950000.npy
   expect_file  : expect_0000950000.npy
   size         : 950000
   average_time : 1253.945 # [msec]
   throughput   :    0.758 # [mwords/sec]
-
   sample_file  : sample_0000955000.npy
   expect_file  : expect_0000955000.npy
   size         : 955000
   average_time : 1254.575 # [msec]
   throughput   :    0.761 # [mwords/sec]
-
   sample_file  : sample_0000960000.npy
   expect_file  : expect_0000960000.npy
   size         : 960000
   average_time : 1252.282 # [msec]
   throughput   :    0.767 # [mwords/sec]
-
   sample_file  : sample_0000965000.npy
   expect_file  : expect_0000965000.npy
   size         : 965000
   average_time : 1283.434 # [msec]
   throughput   :    0.752 # [mwords/sec]
-
   sample_file  : sample_0000970000.npy
   expect_file  : expect_0000970000.npy
   size         : 970000
   average_time : 1282.772 # [msec]
   throughput   :    0.756 # [mwords/sec]
-
   sample_file  : sample_0000975000.npy
   expect_file  : expect_0000975000.npy
   size         : 975000
   average_time : 1296.898 # [msec]
   throughput   :    0.752 # [mwords/sec]
-
   sample_file  : sample_0000980000.npy
   expect_file  : expect_0000980000.npy
   size         : 980000
   average_time : 1290.209 # [msec]
   throughput   :    0.760 # [mwords/sec]
-
   sample_file  : sample_0000985000.npy
   expect_file  : expect_0000985000.npy
   size         : 985000
   average_time : 1312.495 # [msec]
   throughput   :    0.750 # [mwords/sec]
-
   sample_file  : sample_0000990000.npy
   expect_file  : expect_0000990000.npy
   size         : 990000
   average_time : 1328.600 # [msec]
   throughput   :    0.745 # [mwords/sec]
-
   sample_file  : sample_0000995000.npy
   expect_file  : expect_0000995000.npy
   size         : 995000
   average_time : 1303.353 # [msec]
   throughput   :    0.763 # [mwords/sec]
-
   sample_file  : sample_0001000000.npy
   expect_file  : expect_0001000000.npy
   size         : 1000000
   average_time : 1320.921 # [msec]
   throughput   :    0.757 # [mwords/sec]
