Copyright 1986-2020 Xilinx, Inc. All Rights Reserved.
----------------------------------------------------------------------------------------------------
| Tool Version : Vivado v.2020.2 (win64) Build 3064766 Wed Nov 18 09:12:45 MST 2020
| Date         : Tue Jun 29 19:22:39 2021
| Host         : Jabberwock running 64-bit major release  (build 9200)
| Command      : report_utilization -file D:/ichiro/work/ArgSort-Ultra96/argsort_16_1_1/project.rpt
| Design       : design_1_wrapper
| Device       : xczu3egsbva484-1
| Design State : Physopt postRoute
----------------------------------------------------------------------------------------------------

Utilization Design Information

Table of Contents
-----------------
1. CLB Logic
1.1 Summary of Registers by Type
2. CLB Logic Distribution
3. BLOCKRAM
4. ARITHMETIC
5. I/O
6. CLOCK
7. ADVANCED
8. CONFIGURATION
9. Primitives
10. Black Boxes
11. Instantiated Netlists

1. CLB Logic
------------

+----------------------------+-------+-------+-----------+-------+
|          Site Type         |  Used | Fixed | Available | Util% |
+----------------------------+-------+-------+-----------+-------+
| CLB LUTs                   | 41865 |     0 |     70560 | 59.33 |
|   LUT as Logic             | 40339 |     0 |     70560 | 57.17 |
|   LUT as Memory            |  1526 |     0 |     28800 |  5.30 |
|     LUT as Distributed RAM |  1480 |     0 |           |       |
|     LUT as Shift Register  |    46 |     0 |           |       |
| CLB Registers              | 27249 |     0 |    141120 | 19.31 |
|   Register as Flip Flop    | 27249 |     0 |    141120 | 19.31 |
|   Register as Latch        |     0 |     0 |    141120 |  0.00 |
| CARRY8                     |   892 |     0 |      8820 | 10.11 |
| F7 Muxes                   |   130 |     0 |     35280 |  0.37 |
| F8 Muxes                   |    31 |     0 |     17640 |  0.18 |
| F9 Muxes                   |     0 |     0 |      8820 |  0.00 |
+----------------------------+-------+-------+-----------+-------+


1.1 Summary of Registers by Type
--------------------------------

+-------+--------------+-------------+--------------+
| Total | Clock Enable | Synchronous | Asynchronous |
+-------+--------------+-------------+--------------+
| 0     |            _ |           - |            - |
| 0     |            _ |           - |          Set |
| 0     |            _ |           - |        Reset |
| 0     |            _ |         Set |            - |
| 0     |            _ |       Reset |            - |
| 0     |          Yes |           - |            - |
| 153   |          Yes |           - |          Set |
| 24142 |          Yes |           - |        Reset |
| 42    |          Yes |         Set |            - |
| 2912  |          Yes |       Reset |            - |
+-------+--------------+-------------+--------------+


2. CLB Logic Distribution
-------------------------

+--------------------------------------------+-------+-------+-----------+-------+
|                  Site Type                 |  Used | Fixed | Available | Util% |
+--------------------------------------------+-------+-------+-----------+-------+
| CLB                                        |  7483 |     0 |      8820 | 84.84 |
|   CLBL                                     |  4479 |     0 |           |       |
|   CLBM                                     |  3004 |     0 |           |       |
| LUT as Logic                               | 40339 |     0 |     70560 | 57.17 |
|   using O5 output only                     |   231 |       |           |       |
|   using O6 output only                     | 32221 |       |           |       |
|   using O5 and O6                          |  7887 |       |           |       |
| LUT as Memory                              |  1526 |     0 |     28800 |  5.30 |
|   LUT as Distributed RAM                   |  1480 |     0 |           |       |
|     using O5 output only                   |     0 |       |           |       |
|     using O6 output only                   |  1280 |       |           |       |
|     using O5 and O6                        |   200 |       |           |       |
|   LUT as Shift Register                    |    46 |     0 |           |       |
|     using O5 output only                   |     0 |       |           |       |
|     using O6 output only                   |    46 |       |           |       |
|     using O5 and O6                        |     0 |       |           |       |
| CLB Registers                              | 27249 |     0 |    141120 | 19.31 |
|   Register driven from within the CLB      | 23979 |       |           |       |
|   Register driven from outside the CLB     |  3270 |       |           |       |
|     LUT in front of the register is unused |  1793 |       |           |       |
|     LUT in front of the register is used   |  1477 |       |           |       |
| Unique Control Sets                        |  1178 |       |     17640 |  6.68 |
+--------------------------------------------+-------+-------+-----------+-------+
* * Note: Available Control Sets calculated as Slices * 2, Review the Control Sets Report for more information regarding control sets.


3. BLOCKRAM
-----------

+-------------------+------+-------+-----------+-------+
|     Site Type     | Used | Fixed | Available | Util% |
+-------------------+------+-------+-----------+-------+
| Block RAM Tile    |   38 |     0 |       216 | 17.59 |
|   RAMB36/FIFO*    |   38 |     0 |       216 | 17.59 |
|     RAMB36E2 only |   38 |       |           |       |
|   RAMB18          |    0 |     0 |       432 |  0.00 |
+-------------------+------+-------+-----------+-------+
* Note: Each Block RAM Tile only has one FIFO logic available and therefore can accommodate only one FIFO36E2 or one FIFO18E2. However, if a FIFO18E2 occupies a Block RAM Tile, that tile can still accommodate a RAMB18E2


4. ARITHMETIC
-------------

+-----------+------+-------+-----------+-------+
| Site Type | Used | Fixed | Available | Util% |
+-----------+------+-------+-----------+-------+
| DSPs      |    0 |     0 |       360 |  0.00 |
+-----------+------+-------+-----------+-------+


5. I/O
------

+------------------+------+-------+-----------+-------+
|     Site Type    | Used | Fixed | Available | Util% |
+------------------+------+-------+-----------+-------+
| Bonded IOB       |   18 |    18 |        82 | 21.95 |
| HPIOB_M          |    0 |     0 |        26 |  0.00 |
| HPIOB_S          |    0 |     0 |        26 |  0.00 |
| HDIOB_M          |    8 |     8 |        12 | 66.67 |
|   INPUT          |    1 |       |           |       |
|   OUTPUT         |    0 |       |           |       |
|   BIDIR          |    7 |       |           |       |
| HDIOB_S          |   10 |    10 |        12 | 83.33 |
|   INPUT          |    0 |       |           |       |
|   OUTPUT         |    1 |       |           |       |
|   BIDIR          |    9 |       |           |       |
| HPIOB_SNGL       |    0 |     0 |         6 |  0.00 |
| HPIOBDIFFINBUF   |    0 |     0 |        72 |  0.00 |
| HPIOBDIFFOUTBUF  |    0 |     0 |        72 |  0.00 |
| HDIOBDIFFINBUF   |    0 |     0 |        48 |  0.00 |
| BITSLICE_CONTROL |    0 |     0 |        24 |  0.00 |
| BITSLICE_RX_TX   |    0 |     0 |       156 |  0.00 |
| BITSLICE_TX      |    0 |     0 |        24 |  0.00 |
| RIU_OR           |    0 |     0 |        12 |  0.00 |
+------------------+------+-------+-----------+-------+


6. CLOCK
--------

+----------------------+------+-------+-----------+-------+
|       Site Type      | Used | Fixed | Available | Util% |
+----------------------+------+-------+-----------+-------+
| GLOBAL CLOCK BUFFERs |    1 |     0 |       196 |  0.51 |
|   BUFGCE             |    0 |     0 |        88 |  0.00 |
|   BUFGCE_DIV         |    0 |     0 |        12 |  0.00 |
|   BUFG_PS            |    1 |     0 |        72 |  1.39 |
|   BUFGCTRL*          |    0 |     0 |        24 |  0.00 |
| PLL                  |    0 |     0 |         6 |  0.00 |
| MMCM                 |    0 |     0 |         3 |  0.00 |
+----------------------+------+-------+-----------+-------+
* Note: Each used BUFGCTRL counts as two GLOBAL CLOCK BUFFERs. This table does not include global clocking resources, only buffer cell usage. See the Clock Utilization Report (report_clock_utilization) for detailed accounting of global clocking resource availability.


7. ADVANCED
-----------

+-----------+------+-------+-----------+--------+
| Site Type | Used | Fixed | Available |  Util% |
+-----------+------+-------+-----------+--------+
| PS8       |    1 |     0 |         1 | 100.00 |
| SYSMONE4  |    0 |     0 |         1 |   0.00 |
+-----------+------+-------+-----------+--------+


8. CONFIGURATION
----------------

+-------------+------+-------+-----------+-------+
|  Site Type  | Used | Fixed | Available | Util% |
+-------------+------+-------+-----------+-------+
| BSCANE2     |    0 |     0 |         4 |  0.00 |
| DNA_PORTE2  |    0 |     0 |         1 |  0.00 |
| EFUSE_USR   |    0 |     0 |         1 |  0.00 |
| FRAME_ECCE4 |    0 |     0 |         1 |  0.00 |
| ICAPE3      |    0 |     0 |         2 |  0.00 |
| MASTER_JTAG |    0 |     0 |         1 |  0.00 |
| STARTUPE3   |    0 |     0 |         1 |  0.00 |
+-------------+------+-------+-----------+-------+


9. Primitives
-------------

+----------+-------+---------------------+
| Ref Name |  Used | Functional Category |
+----------+-------+---------------------+
| FDCE     | 24142 |            Register |
| LUT6     | 20257 |                 CLB |
| LUT3     |  8307 |                 CLB |
| LUT5     |  7693 |                 CLB |
| LUT4     |  6196 |                 CLB |
| LUT2     |  5155 |                 CLB |
| FDRE     |  2912 |            Register |
| RAMD64E  |  1280 |                 CLB |
| CARRY8   |   892 |                 CLB |
| LUT1     |   618 |                 CLB |
| RAMD32   |   386 |                 CLB |
| FDPE     |   153 |            Register |
| MUXF7    |   130 |                 CLB |
| FDSE     |    42 |            Register |
| RAMB36E2 |    38 |            BLOCKRAM |
| SRLC32E  |    35 |                 CLB |
| MUXF8    |    31 |                 CLB |
| INBUF    |    17 |                 I/O |
| IBUFCTRL |    17 |              Others |
| OBUFT    |    16 |                 I/O |
| RAMS32   |    14 |                 CLB |
| SRL16E   |    11 |                 CLB |
| PS8      |     1 |            Advanced |
| OBUF     |     1 |                 I/O |
| BUFG_PS  |     1 |               Clock |
+----------+-------+---------------------+


10. Black Boxes
---------------

+----------+------+
| Ref Name | Used |
+----------+------+


11. Instantiated Netlists
-------------------------

+---------------------------------+------+
|             Ref Name            | Used |
+---------------------------------+------+
| design_1_zynq_ultra_ps_e_0_0    |    1 |
| design_1_xbar_0                 |    1 |
| design_1_proc_sys_reset_0_0     |    1 |
| design_1_axi_gpio_0_0           |    1 |
| design_1_auto_pc_0              |    1 |
| design_1_auto_ds_0              |    1 |
| design_1_ZYNQMP_ACP_ADAPTER_0_0 |    1 |
| design_1_ArgSort_AXI_1_0        |    1 |
+---------------------------------+------+


Copyright 1986-2020 Xilinx, Inc. All Rights Reserved.
------------------------------------------------------------------------------------------------------------
| Tool Version      : Vivado v.2020.2 (win64) Build 3064766 Wed Nov 18 09:12:45 MST 2020
| Date              : Tue Jun 29 19:22:48 2021
| Host              : Jabberwock running 64-bit major release  (build 9200)
| Command           : report_timing -file D:/ichiro/work/ArgSort-Ultra96/argsort_16_1_1/project.rpt -append
| Design            : design_1_wrapper
| Device            : xczu3eg-sbva484
| Speed File        : -1  PRODUCTION 1.29 08-03-2020
| Temperature Grade : E
------------------------------------------------------------------------------------------------------------

Timing Report

Slack (MET) :             0.024ns  (required time - arrival time)
  Source:                 design_1_i/ArgSort_AXI_1/U0/ARGSORT_IF/MRG_RD/AXI_IF/INTAKE_PORT/QUEUE/curr_queue_reg[0][DATA][2]/C
                            (rising edge-triggered cell FDCE clocked by clk_pl_0  {rise@0.000ns fall@2.000ns period=4.000ns})
  Destination:            design_1_i/ArgSort_AXI_1/U0/ARGSORT_IF/MRG_RD/READER/CH[12].RAM/GEN_B32K_W64_R64.B[0].RAM/DINADIN[2]
                            (rising edge-triggered cell RAMB36E2 clocked by clk_pl_0  {rise@0.000ns fall@2.000ns period=4.000ns})
  Path Group:             clk_pl_0
  Path Type:              Setup (Max at Slow Process Corner)
  Requirement:            4.000ns  (clk_pl_0 rise@4.000ns - clk_pl_0 rise@0.000ns)
  Data Path Delay:        3.429ns  (logic 0.096ns (2.800%)  route 3.333ns (97.200%))
  Logic Levels:           0  
  Clock Path Skew:        -0.087ns (DCD - SCD + CPR)
    Destination Clock Delay (DCD):    1.747ns = ( 5.747 - 4.000 ) 
    Source Clock Delay      (SCD):    1.941ns
    Clock Pessimism Removal (CPR):    0.107ns
  Clock Uncertainty:      0.130ns  ((TSJ^2 + DJ^2)^1/2) / 2 + PE
    Total System Jitter     (TSJ):    0.071ns
    Discrete Jitter          (DJ):    0.251ns
    Phase Error              (PE):    0.000ns
  Clock Net Delay (Source):      1.734ns (routing 0.638ns, distribution 1.096ns)
  Clock Net Delay (Destination): 1.580ns (routing 0.576ns, distribution 1.004ns)

    Location             Delay type                Incr(ns)  Path(ns)    Netlist Resource(s)
  -------------------------------------------------------------------    -------------------
                         (clock clk_pl_0 rise edge)
                                                      0.000     0.000 r  
    PS8_X0Y0             PS8                          0.000     0.000 r  design_1_i/zynq_ultra_ps_e_0/U0/PS8_i/PLCLK[0]
                         net (fo=1, routed)           0.178     0.178    design_1_i/zynq_ultra_ps_e_0/U0/pl_clk_unbuffered[0]
    BUFG_PS_X0Y58        BUFG_PS (Prop_BUFG_PS_I_O)
                                                      0.029     0.207 r  design_1_i/zynq_ultra_ps_e_0/U0/buffer_pl_clk_0.PL_CLK_0_BUFG/O
    X0Y1 (CLOCK_ROOT)    net (fo=29055, routed)       1.734     1.941    design_1_i/ArgSort_AXI_1/U0/ARGSORT_IF/MRG_RD/AXI_IF/INTAKE_PORT/QUEUE/ACLK
    SLICE_X14Y88         FDCE                                         r  design_1_i/ArgSort_AXI_1/U0/ARGSORT_IF/MRG_RD/AXI_IF/INTAKE_PORT/QUEUE/curr_queue_reg[0][DATA][2]/C
  -------------------------------------------------------------------    -------------------
    SLICE_X14Y88         FDCE (Prop_DFF_SLICEM_C_Q)
                                                      0.096     2.037 r  design_1_i/ArgSort_AXI_1/U0/ARGSORT_IF/MRG_RD/AXI_IF/INTAKE_PORT/QUEUE/curr_queue_reg[0][DATA][2]/Q
                         net (fo=17, routed)          3.333     5.370    design_1_i/ArgSort_AXI_1/U0/ARGSORT_IF/MRG_RD/READER/CH[12].RAM/WDATA[2]
    RAMB36_X1Y10         RAMB36E2                                     r  design_1_i/ArgSort_AXI_1/U0/ARGSORT_IF/MRG_RD/READER/CH[12].RAM/GEN_B32K_W64_R64.B[0].RAM/DINADIN[2]
  -------------------------------------------------------------------    -------------------

                         (clock clk_pl_0 rise edge)
                                                      4.000     4.000 r  
    PS8_X0Y0             PS8                          0.000     4.000 r  design_1_i/zynq_ultra_ps_e_0/U0/PS8_i/PLCLK[0]
                         net (fo=1, routed)           0.140     4.140    design_1_i/zynq_ultra_ps_e_0/U0/pl_clk_unbuffered[0]
    BUFG_PS_X0Y58        BUFG_PS (Prop_BUFG_PS_I_O)
                                                      0.027     4.167 r  design_1_i/zynq_ultra_ps_e_0/U0/buffer_pl_clk_0.PL_CLK_0_BUFG/O
    X0Y1 (CLOCK_ROOT)    net (fo=29055, routed)       1.580     5.747    design_1_i/ArgSort_AXI_1/U0/ARGSORT_IF/MRG_RD/READER/CH[12].RAM/ACLK
    RAMB36_X1Y10         RAMB36E2                                     r  design_1_i/ArgSort_AXI_1/U0/ARGSORT_IF/MRG_RD/READER/CH[12].RAM/GEN_B32K_W64_R64.B[0].RAM/CLKBWRCLK
                         clock pessimism              0.107     5.854    
                         clock uncertainty           -0.130     5.724    
    RAMB36_X1Y10         RAMB36E2 (Setup_RAMB36E2_RAMB36_CLKBWRCLK_DINADIN[2])
                                                     -0.330     5.394    design_1_i/ArgSort_AXI_1/U0/ARGSORT_IF/MRG_RD/READER/CH[12].RAM/GEN_B32K_W64_R64.B[0].RAM
  -------------------------------------------------------------------
                         required time                          5.394    
                         arrival time                          -5.370    
  -------------------------------------------------------------------
                         slack                                  0.024    




