Copyright 1986-2020 Xilinx, Inc. All Rights Reserved.
------------------------------------------------------------------------------------
| Tool Version : Vivado v.2020.2 (win64) Build 3064766 Wed Nov 18 09:12:45 MST 2020
| Date         : Wed Jun 30 17:44:39 2021
| Host         : Jabberwock running 64-bit major release  (build 9200)
| Command      : report_utilization -file project.rpt
| Design       : design_1_wrapper
| Device       : xczu3egsbva484-1
| Design State : Physopt postRoute
------------------------------------------------------------------------------------

Utilization Design Information

Table of Contents
-----------------
1. CLB Logic
1.1 Summary of Registers by Type
2. CLB Logic Distribution
3. BLOCKRAM
4. ARITHMETIC
5. I/O
6. CLOCK
7. ADVANCED
8. CONFIGURATION
9. Primitives
10. Black Boxes
11. Instantiated Netlists

1. CLB Logic
------------

+----------------------------+-------+-------+-----------+-------+
|          Site Type         |  Used | Fixed | Available | Util% |
+----------------------------+-------+-------+-----------+-------+
| CLB LUTs                   | 41799 |     0 |     70560 | 59.24 |
|   LUT as Logic             | 41553 |     0 |     70560 | 58.89 |
|   LUT as Memory            |   246 |     0 |     28800 |  0.85 |
|     LUT as Distributed RAM |   200 |     0 |           |       |
|     LUT as Shift Register  |    46 |     0 |           |       |
| CLB Registers              | 26261 |     0 |    141120 | 18.61 |
|   Register as Flip Flop    | 26261 |     0 |    141120 | 18.61 |
|   Register as Latch        |     0 |     0 |    141120 |  0.00 |
| CARRY8                     |   960 |     0 |      8820 | 10.88 |
| F7 Muxes                   |   130 |     0 |     35280 |  0.37 |
| F8 Muxes                   |    31 |     0 |     17640 |  0.18 |
| F9 Muxes                   |     0 |     0 |      8820 |  0.00 |
+----------------------------+-------+-------+-----------+-------+


1.1 Summary of Registers by Type
--------------------------------

+-------+--------------+-------------+--------------+
| Total | Clock Enable | Synchronous | Asynchronous |
+-------+--------------+-------------+--------------+
| 0     |            _ |           - |            - |
| 0     |            _ |           - |          Set |
| 0     |            _ |           - |        Reset |
| 0     |            _ |         Set |            - |
| 0     |            _ |       Reset |            - |
| 0     |          Yes |           - |            - |
| 154   |          Yes |           - |          Set |
| 24261 |          Yes |           - |        Reset |
| 42    |          Yes |         Set |            - |
| 1804  |          Yes |       Reset |            - |
+-------+--------------+-------------+--------------+


2. CLB Logic Distribution
-------------------------

+--------------------------------------------+-------+-------+-----------+-------+
|                  Site Type                 |  Used | Fixed | Available | Util% |
+--------------------------------------------+-------+-------+-----------+-------+
| CLB                                        |  7598 |     0 |      8820 | 86.15 |
|   CLBL                                     |  4602 |     0 |           |       |
|   CLBM                                     |  2996 |     0 |           |       |
| LUT as Logic                               | 41553 |     0 |     70560 | 58.89 |
|   using O5 output only                     |   250 |       |           |       |
|   using O6 output only                     | 33476 |       |           |       |
|   using O5 and O6                          |  7827 |       |           |       |
| LUT as Memory                              |   246 |     0 |     28800 |  0.85 |
|   LUT as Distributed RAM                   |   200 |     0 |           |       |
|     using O5 output only                   |     0 |       |           |       |
|     using O6 output only                   |     0 |       |           |       |
|     using O5 and O6                        |   200 |       |           |       |
|   LUT as Shift Register                    |    46 |     0 |           |       |
|     using O5 output only                   |     0 |       |           |       |
|     using O6 output only                   |    46 |       |           |       |
|     using O5 and O6                        |     0 |       |           |       |
| CLB Registers                              | 26261 |     0 |    141120 | 18.61 |
|   Register driven from within the CLB      | 22932 |       |           |       |
|   Register driven from outside the CLB     |  3329 |       |           |       |
|     LUT in front of the register is unused |  1937 |       |           |       |
|     LUT in front of the register is used   |  1392 |       |           |       |
| Unique Control Sets                        |  1116 |       |     17640 |  6.33 |
+--------------------------------------------+-------+-------+-----------+-------+
* * Note: Available Control Sets calculated as Slices * 2, Review the Control Sets Report for more information regarding control sets.


3. BLOCKRAM
-----------

+-------------------+------+-------+-----------+-------+
|     Site Type     | Used | Fixed | Available | Util% |
+-------------------+------+-------+-----------+-------+
| Block RAM Tile    |   54 |     0 |       216 | 25.00 |
|   RAMB36/FIFO*    |   54 |     0 |       216 | 25.00 |
|     RAMB36E2 only |   54 |       |           |       |
|   RAMB18          |    0 |     0 |       432 |  0.00 |
+-------------------+------+-------+-----------+-------+
* Note: Each Block RAM Tile only has one FIFO logic available and therefore can accommodate only one FIFO36E2 or one FIFO18E2. However, if a FIFO18E2 occupies a Block RAM Tile, that tile can still accommodate a RAMB18E2


4. ARITHMETIC
-------------

+-----------+------+-------+-----------+-------+
| Site Type | Used | Fixed | Available | Util% |
+-----------+------+-------+-----------+-------+
| DSPs      |    0 |     0 |       360 |  0.00 |
+-----------+------+-------+-----------+-------+


5. I/O
------

+------------------+------+-------+-----------+-------+
|     Site Type    | Used | Fixed | Available | Util% |
+------------------+------+-------+-----------+-------+
| Bonded IOB       |   18 |    18 |        82 | 21.95 |
| HPIOB_M          |    0 |     0 |        26 |  0.00 |
| HPIOB_S          |    0 |     0 |        26 |  0.00 |
| HDIOB_M          |    8 |     8 |        12 | 66.67 |
|   INPUT          |    1 |       |           |       |
|   OUTPUT         |    0 |       |           |       |
|   BIDIR          |    7 |       |           |       |
| HDIOB_S          |   10 |    10 |        12 | 83.33 |
|   INPUT          |    0 |       |           |       |
|   OUTPUT         |    1 |       |           |       |
|   BIDIR          |    9 |       |           |       |
| HPIOB_SNGL       |    0 |     0 |         6 |  0.00 |
| HPIOBDIFFINBUF   |    0 |     0 |        72 |  0.00 |
| HPIOBDIFFOUTBUF  |    0 |     0 |        72 |  0.00 |
| HDIOBDIFFINBUF   |    0 |     0 |        48 |  0.00 |
| BITSLICE_CONTROL |    0 |     0 |        24 |  0.00 |
| BITSLICE_RX_TX   |    0 |     0 |       156 |  0.00 |
| BITSLICE_TX      |    0 |     0 |        24 |  0.00 |
| RIU_OR           |    0 |     0 |        12 |  0.00 |
+------------------+------+-------+-----------+-------+


6. CLOCK
--------

+----------------------+------+-------+-----------+-------+
|       Site Type      | Used | Fixed | Available | Util% |
+----------------------+------+-------+-----------+-------+
| GLOBAL CLOCK BUFFERs |    1 |     0 |       196 |  0.51 |
|   BUFGCE             |    0 |     0 |        88 |  0.00 |
|   BUFGCE_DIV         |    0 |     0 |        12 |  0.00 |
|   BUFG_PS            |    1 |     0 |        72 |  1.39 |
|   BUFGCTRL*          |    0 |     0 |        24 |  0.00 |
| PLL                  |    0 |     0 |         6 |  0.00 |
| MMCM                 |    0 |     0 |         3 |  0.00 |
+----------------------+------+-------+-----------+-------+
* Note: Each used BUFGCTRL counts as two GLOBAL CLOCK BUFFERs. This table does not include global clocking resources, only buffer cell usage. See the Clock Utilization Report (report_clock_utilization) for detailed accounting of global clocking resource availability.


7. ADVANCED
-----------

+-----------+------+-------+-----------+--------+
| Site Type | Used | Fixed | Available |  Util% |
+-----------+------+-------+-----------+--------+
| PS8       |    1 |     0 |         1 | 100.00 |
| SYSMONE4  |    0 |     0 |         1 |   0.00 |
+-----------+------+-------+-----------+--------+


8. CONFIGURATION
----------------

+-------------+------+-------+-----------+-------+
|  Site Type  | Used | Fixed | Available | Util% |
+-------------+------+-------+-----------+-------+
| BSCANE2     |    0 |     0 |         4 |  0.00 |
| DNA_PORTE2  |    0 |     0 |         1 |  0.00 |
| EFUSE_USR   |    0 |     0 |         1 |  0.00 |
| FRAME_ECCE4 |    0 |     0 |         1 |  0.00 |
| ICAPE3      |    0 |     0 |         2 |  0.00 |
| MASTER_JTAG |    0 |     0 |         1 |  0.00 |
| STARTUPE3   |    0 |     0 |         1 |  0.00 |
+-------------+------+-------+-----------+-------+


9. Primitives
-------------

+----------+-------+---------------------+
| Ref Name |  Used | Functional Category |
+----------+-------+---------------------+
| FDCE     | 24261 |            Register |
| LUT6     | 21309 |                 CLB |
| LUT3     |  8217 |                 CLB |
| LUT4     |  7140 |                 CLB |
| LUT5     |  6731 |                 CLB |
| LUT2     |  5287 |                 CLB |
| FDRE     |  1804 |            Register |
| CARRY8   |   960 |                 CLB |
| LUT1     |   696 |                 CLB |
| RAMD32   |   386 |                 CLB |
| FDPE     |   154 |            Register |
| MUXF7    |   130 |                 CLB |
| RAMB36E2 |    54 |            BLOCKRAM |
| FDSE     |    42 |            Register |
| SRLC32E  |    35 |                 CLB |
| MUXF8    |    31 |                 CLB |
| INBUF    |    17 |                 I/O |
| IBUFCTRL |    17 |              Others |
| OBUFT    |    16 |                 I/O |
| RAMS32   |    14 |                 CLB |
| SRL16E   |    11 |                 CLB |
| PS8      |     1 |            Advanced |
| OBUF     |     1 |                 I/O |
| BUFG_PS  |     1 |               Clock |
+----------+-------+---------------------+


10. Black Boxes
---------------

+----------+------+
| Ref Name | Used |
+----------+------+


11. Instantiated Netlists
-------------------------

+---------------------------------+------+
|             Ref Name            | Used |
+---------------------------------+------+
| design_1_zynq_ultra_ps_e_0_0    |    1 |
| design_1_xbar_0                 |    1 |
| design_1_proc_sys_reset_0_0     |    1 |
| design_1_axi_gpio_0_0           |    1 |
| design_1_auto_pc_0              |    1 |
| design_1_auto_ds_0              |    1 |
| design_1_ZYNQMP_ACP_ADAPTER_0_0 |    1 |
| design_1_ArgSort_AXI_1_0        |    1 |
+---------------------------------+------+


Copyright 1986-2020 Xilinx, Inc. All Rights Reserved.
-----------------------------------------------------------------------------------------
| Tool Version      : Vivado v.2020.2 (win64) Build 3064766 Wed Nov 18 09:12:45 MST 2020
| Date              : Wed Jun 30 17:44:49 2021
| Host              : Jabberwock running 64-bit major release  (build 9200)
| Command           : report_timing -file project.rpt -append
| Design            : design_1_wrapper
| Device            : xczu3eg-sbva484
| Speed File        : -1  PRODUCTION 1.29 08-03-2020
| Temperature Grade : E
-----------------------------------------------------------------------------------------

Timing Report

Slack (MET) :             0.120ns  (required time - arrival time)
  Source:                 design_1_i/ArgSort_AXI_1/U0/ARGSORT_IF/CTRL/MAIN_CTRL.mrg_reader_xsize_reg[12]/C
                            (rising edge-triggered cell FDCE clocked by clk_pl_0  {rise@0.000ns fall@2.000ns period=4.000ns})
  Destination:            design_1_i/ArgSort_AXI_1/U0/ARGSORT_IF/CTRL/MRG_RD_CTRL[3].offset_size_reg[26]/D
                            (rising edge-triggered cell FDCE clocked by clk_pl_0  {rise@0.000ns fall@2.000ns period=4.000ns})
  Path Group:             clk_pl_0
  Path Type:              Setup (Max at Slow Process Corner)
  Requirement:            4.000ns  (clk_pl_0 rise@4.000ns - clk_pl_0 rise@0.000ns)
  Data Path Delay:        3.677ns  (logic 1.320ns (35.899%)  route 2.357ns (64.101%))
  Logic Levels:           10  (CARRY8=8 LUT1=1 LUT2=1)
  Clock Path Skew:        -0.099ns (DCD - SCD + CPR)
    Destination Clock Delay (DCD):    1.739ns = ( 5.739 - 4.000 ) 
    Source Clock Delay      (SCD):    1.999ns
    Clock Pessimism Removal (CPR):    0.161ns
  Clock Uncertainty:      0.130ns  ((TSJ^2 + DJ^2)^1/2) / 2 + PE
    Total System Jitter     (TSJ):    0.071ns
    Discrete Jitter          (DJ):    0.251ns
    Phase Error              (PE):    0.000ns
  Clock Net Delay (Source):      1.792ns (routing 0.638ns, distribution 1.154ns)
  Clock Net Delay (Destination): 1.572ns (routing 0.576ns, distribution 0.996ns)

    Location             Delay type                Incr(ns)  Path(ns)    Netlist Resource(s)
  -------------------------------------------------------------------    -------------------
                         (clock clk_pl_0 rise edge)
                                                      0.000     0.000 r  
    PS8_X0Y0             PS8                          0.000     0.000 r  design_1_i/zynq_ultra_ps_e_0/U0/PS8_i/PLCLK[0]
                         net (fo=1, routed)           0.178     0.178    design_1_i/zynq_ultra_ps_e_0/U0/pl_clk_unbuffered[0]
    BUFG_PS_X0Y58        BUFG_PS (Prop_BUFG_PS_I_O)
                                                      0.029     0.207 r  design_1_i/zynq_ultra_ps_e_0/U0/buffer_pl_clk_0.PL_CLK_0_BUFG/O
    X0Y1 (CLOCK_ROOT)    net (fo=26819, routed)       1.792     1.999    design_1_i/ArgSort_AXI_1/U0/ARGSORT_IF/CTRL/ACLK
    SLICE_X17Y36         FDCE                                         r  design_1_i/ArgSort_AXI_1/U0/ARGSORT_IF/CTRL/MAIN_CTRL.mrg_reader_xsize_reg[12]/C
  -------------------------------------------------------------------    -------------------
    SLICE_X17Y36         FDCE (Prop_EFF_SLICEL_C_Q)
                                                      0.096     2.095 f  design_1_i/ArgSort_AXI_1/U0/ARGSORT_IF/CTRL/MAIN_CTRL.mrg_reader_xsize_reg[12]/Q
                         net (fo=80, routed)          0.412     2.507    design_1_i/ArgSort_AXI_1/U0/ARGSORT_IF/CTRL/A[12]
    SLICE_X22Y33         LUT1 (Prop_B6LUT_SLICEL_I0_O)
                                                      0.040     2.547 r  design_1_i/ArgSort_AXI_1/U0/ARGSORT_IF/CTRL/MRG_RD_CTRL[3].offset_size[13]_i_3/O
                         net (fo=1, routed)           0.010     2.557    design_1_i/ArgSort_AXI_1/U0/ARGSORT_IF/CTRL/MRG_RD_CTRL[3].offset_size[13]_i_3_n_0
    SLICE_X22Y33         CARRY8 (Prop_CARRY8_SLICEL_S[1]_CO[2])
                                                      0.121     2.678 r  design_1_i/ArgSort_AXI_1/U0/ARGSORT_IF/CTRL/MRG_RD_CTRL[3].offset_size_reg[13]_i_2/CO[2]
                         net (fo=2, routed)           0.327     3.005    design_1_i/ArgSort_AXI_1/U0/ARGSORT_IF/CTRL/MRG_RD_CTRL[3].offset_size_reg[13]_i_2_n_5
    SLICE_X23Y39         CARRY8 (Prop_CARRY8_SLICEL_CI_CO[2])
                                                      0.136     3.141 r  design_1_i/ArgSort_AXI_1/U0/ARGSORT_IF/CTRL/MRG_RD_CTRL[3].offset_size_reg[15]_i_2/CO[2]
                         net (fo=2, routed)           0.199     3.340    design_1_i/ArgSort_AXI_1/U0/ARGSORT_IF/CTRL/MRG_RD_CTRL[3].offset_size_reg[15]_i_2_n_5
    SLICE_X23Y38         CARRY8 (Prop_CARRY8_SLICEL_CI_CO[2])
                                                      0.136     3.476 r  design_1_i/ArgSort_AXI_1/U0/ARGSORT_IF/CTRL/MRG_RD_CTRL[3].offset_size_reg[17]_i_2/CO[2]
                         net (fo=2, routed)           0.195     3.671    design_1_i/ArgSort_AXI_1/U0/ARGSORT_IF/CTRL/MRG_RD_CTRL[3].offset_size_reg[17]_i_2_n_5
    SLICE_X22Y39         CARRY8 (Prop_CARRY8_SLICEL_CI_CO[2])
                                                      0.136     3.807 r  design_1_i/ArgSort_AXI_1/U0/ARGSORT_IF/CTRL/MRG_RD_CTRL[3].offset_size_reg[19]_i_2/CO[2]
                         net (fo=2, routed)           0.259     4.066    design_1_i/ArgSort_AXI_1/U0/ARGSORT_IF/CTRL/MRG_RD_CTRL[3].offset_size_reg[19]_i_2_n_5
    SLICE_X22Y40         CARRY8 (Prop_CARRY8_SLICEL_CI_CO[2])
                                                      0.136     4.202 r  design_1_i/ArgSort_AXI_1/U0/ARGSORT_IF/CTRL/MRG_RD_CTRL[3].offset_size_reg[21]_i_2/CO[2]
                         net (fo=2, routed)           0.331     4.533    design_1_i/ArgSort_AXI_1/U0/ARGSORT_IF/CTRL/MRG_RD_CTRL[3].offset_size_reg[21]_i_2_n_5
    SLICE_X26Y43         CARRY8 (Prop_CARRY8_SLICEL_CI_CO[2])
                                                      0.136     4.669 r  design_1_i/ArgSort_AXI_1/U0/ARGSORT_IF/CTRL/MRG_RD_CTRL[3].offset_size_reg[23]_i_2/CO[2]
                         net (fo=2, routed)           0.191     4.860    design_1_i/ArgSort_AXI_1/U0/ARGSORT_IF/CTRL/MRG_RD_CTRL[3].offset_size_reg[23]_i_2_n_5
    SLICE_X27Y44         CARRY8 (Prop_CARRY8_SLICEL_CI_CO[2])
                                                      0.136     4.996 r  design_1_i/ArgSort_AXI_1/U0/ARGSORT_IF/CTRL/MRG_RD_CTRL[3].offset_size_reg[25]_i_2/CO[2]
                         net (fo=2, routed)           0.258     5.254    design_1_i/ArgSort_AXI_1/U0/ARGSORT_IF/CTRL/MRG_RD_CTRL[3].offset_size_reg[25]_i_2_n_5
    SLICE_X28Y43         CARRY8 (Prop_CARRY8_SLICEM_CI_O[1])
                                                      0.167     5.421 r  design_1_i/ArgSort_AXI_1/U0/ARGSORT_IF/CTRL/MRG_RD_CTRL[3].offset_size_reg[26]_i_3/O[1]
                         net (fo=1, routed)           0.153     5.574    design_1_i/ArgSort_AXI_1/U0/ARGSORT_IF/CTRL/MRG_RD_CTRL[3].offset_size_reg[26]_i_3_n_14
    SLICE_X27Y43         LUT2 (Prop_H5LUT_SLICEL_I0_O)
                                                      0.080     5.654 r  design_1_i/ArgSort_AXI_1/U0/ARGSORT_IF/CTRL/MRG_RD_CTRL[3].offset_size[26]_i_2/O
                         net (fo=1, routed)           0.022     5.676    design_1_i/ArgSort_AXI_1/U0/ARGSORT_IF/CTRL/MRG_RD_CTRL[3].offset_size[26]_i_2_n_0
    SLICE_X27Y43         FDCE                                         r  design_1_i/ArgSort_AXI_1/U0/ARGSORT_IF/CTRL/MRG_RD_CTRL[3].offset_size_reg[26]/D
  -------------------------------------------------------------------    -------------------

                         (clock clk_pl_0 rise edge)
                                                      4.000     4.000 r  
    PS8_X0Y0             PS8                          0.000     4.000 r  design_1_i/zynq_ultra_ps_e_0/U0/PS8_i/PLCLK[0]
                         net (fo=1, routed)           0.140     4.140    design_1_i/zynq_ultra_ps_e_0/U0/pl_clk_unbuffered[0]
    BUFG_PS_X0Y58        BUFG_PS (Prop_BUFG_PS_I_O)
                                                      0.027     4.167 r  design_1_i/zynq_ultra_ps_e_0/U0/buffer_pl_clk_0.PL_CLK_0_BUFG/O
    X0Y1 (CLOCK_ROOT)    net (fo=26819, routed)       1.572     5.739    design_1_i/ArgSort_AXI_1/U0/ARGSORT_IF/CTRL/ACLK
    SLICE_X27Y43         FDCE                                         r  design_1_i/ArgSort_AXI_1/U0/ARGSORT_IF/CTRL/MRG_RD_CTRL[3].offset_size_reg[26]/C
                         clock pessimism              0.161     5.900    
                         clock uncertainty           -0.130     5.769    
    SLICE_X27Y43         FDCE (Setup_HFF2_SLICEL_C_D)
                                                      0.027     5.796    design_1_i/ArgSort_AXI_1/U0/ARGSORT_IF/CTRL/MRG_RD_CTRL[3].offset_size_reg[26]
  -------------------------------------------------------------------
                         required time                          5.796    
                         arrival time                          -5.676    
  -------------------------------------------------------------------
                         slack                                  0.120    




