Copyright 1986-2020 Xilinx, Inc. All Rights Reserved.
----------------------------------------------------------------------------------------------------
| Tool Version : Vivado v.2020.2 (win64) Build 3064766 Wed Nov 18 09:12:45 MST 2020
| Date         : Tue Jun 29 17:07:15 2021
| Host         : Jabberwock running 64-bit major release  (build 9200)
| Command      : report_utilization -file D:/ichiro/work/ArgSort-Ultra96/argsort_32_1_0/project.rpt
| Design       : design_1_wrapper
| Device       : xczu3egsbva484-1
| Design State : Physopt postRoute
----------------------------------------------------------------------------------------------------

Utilization Design Information

Table of Contents
-----------------
1. CLB Logic
1.1 Summary of Registers by Type
2. CLB Logic Distribution
3. BLOCKRAM
4. ARITHMETIC
5. I/O
6. CLOCK
7. ADVANCED
8. CONFIGURATION
9. Primitives
10. Black Boxes
11. Instantiated Netlists

1. CLB Logic
------------

+----------------------------+-------+-------+-----------+-------+
|          Site Type         |  Used | Fixed | Available | Util% |
+----------------------------+-------+-------+-----------+-------+
| CLB LUTs                   | 64126 |     0 |     70560 | 90.88 |
|   LUT as Logic             | 61320 |     0 |     70560 | 86.90 |
|   LUT as Memory            |  2806 |     0 |     28800 |  9.74 |
|     LUT as Distributed RAM |  2760 |     0 |           |       |
|     LUT as Shift Register  |    46 |     0 |           |       |
| CLB Registers              | 45025 |     0 |    141120 | 31.91 |
|   Register as Flip Flop    | 45025 |     0 |    141120 | 31.91 |
|   Register as Latch        |     0 |     0 |    141120 |  0.00 |
| CARRY8                     |  1615 |     0 |      8820 | 18.31 |
| F7 Muxes                   |   130 |     0 |     35280 |  0.37 |
| F8 Muxes                   |     0 |     0 |     17640 |  0.00 |
| F9 Muxes                   |     0 |     0 |      8820 |  0.00 |
+----------------------------+-------+-------+-----------+-------+


1.1 Summary of Registers by Type
--------------------------------

+-------+--------------+-------------+--------------+
| Total | Clock Enable | Synchronous | Asynchronous |
+-------+--------------+-------------+--------------+
| 0     |            _ |           - |            - |
| 0     |            _ |           - |          Set |
| 0     |            _ |           - |        Reset |
| 0     |            _ |         Set |            - |
| 0     |            _ |       Reset |            - |
| 0     |          Yes |           - |            - |
| 248   |          Yes |           - |          Set |
| 40810 |          Yes |           - |        Reset |
| 42    |          Yes |         Set |            - |
| 3925  |          Yes |       Reset |            - |
+-------+--------------+-------------+--------------+


2. CLB Logic Distribution
-------------------------

+--------------------------------------------+-------+-------+-----------+-------+
|                  Site Type                 |  Used | Fixed | Available | Util% |
+--------------------------------------------+-------+-------+-----------+-------+
| CLB                                        |  8819 |     0 |      8820 | 99.99 |
|   CLBL                                     |  5220 |     0 |           |       |
|   CLBM                                     |  3599 |     0 |           |       |
| LUT as Logic                               | 61320 |     0 |     70560 | 86.90 |
|   using O5 output only                     |   332 |       |           |       |
|   using O6 output only                     | 43195 |       |           |       |
|   using O5 and O6                          | 17793 |       |           |       |
| LUT as Memory                              |  2806 |     0 |     28800 |  9.74 |
|   LUT as Distributed RAM                   |  2760 |     0 |           |       |
|     using O5 output only                   |     0 |       |           |       |
|     using O6 output only                   |  2560 |       |           |       |
|     using O5 and O6                        |   200 |       |           |       |
|   LUT as Shift Register                    |    46 |     0 |           |       |
|     using O5 output only                   |     0 |       |           |       |
|     using O6 output only                   |    46 |       |           |       |
|     using O5 and O6                        |     0 |       |           |       |
| CLB Registers                              | 45025 |     0 |    141120 | 31.91 |
|   Register driven from within the CLB      | 41012 |       |           |       |
|   Register driven from outside the CLB     |  4013 |       |           |       |
|     LUT in front of the register is unused |   620 |       |           |       |
|     LUT in front of the register is used   |  3393 |       |           |       |
| Unique Control Sets                        |   769 |       |     17640 |  4.36 |
+--------------------------------------------+-------+-------+-----------+-------+
* * Note: Available Control Sets calculated as Slices * 2, Review the Control Sets Report for more information regarding control sets.


3. BLOCKRAM
-----------

+-------------------+------+-------+-----------+-------+
|     Site Type     | Used | Fixed | Available | Util% |
+-------------------+------+-------+-----------+-------+
| Block RAM Tile    |   70 |     0 |       216 | 32.41 |
|   RAMB36/FIFO*    |   70 |     0 |       216 | 32.41 |
|     RAMB36E2 only |   70 |       |           |       |
|   RAMB18          |    0 |     0 |       432 |  0.00 |
+-------------------+------+-------+-----------+-------+
* Note: Each Block RAM Tile only has one FIFO logic available and therefore can accommodate only one FIFO36E2 or one FIFO18E2. However, if a FIFO18E2 occupies a Block RAM Tile, that tile can still accommodate a RAMB18E2


4. ARITHMETIC
-------------

+----------------+------+-------+-----------+-------+
|    Site Type   | Used | Fixed | Available | Util% |
+----------------+------+-------+-----------+-------+
| DSPs           |   15 |     0 |       360 |  4.17 |
|   DSP48E2 only |   15 |       |           |       |
+----------------+------+-------+-----------+-------+


5. I/O
------

+------------------+------+-------+-----------+-------+
|     Site Type    | Used | Fixed | Available | Util% |
+------------------+------+-------+-----------+-------+
| Bonded IOB       |   18 |    18 |        82 | 21.95 |
| HPIOB_M          |    0 |     0 |        26 |  0.00 |
| HPIOB_S          |    0 |     0 |        26 |  0.00 |
| HDIOB_M          |    8 |     8 |        12 | 66.67 |
|   INPUT          |    1 |       |           |       |
|   OUTPUT         |    0 |       |           |       |
|   BIDIR          |    7 |       |           |       |
| HDIOB_S          |   10 |    10 |        12 | 83.33 |
|   INPUT          |    0 |       |           |       |
|   OUTPUT         |    1 |       |           |       |
|   BIDIR          |    9 |       |           |       |
| HPIOB_SNGL       |    0 |     0 |         6 |  0.00 |
| HPIOBDIFFINBUF   |    0 |     0 |        72 |  0.00 |
| HPIOBDIFFOUTBUF  |    0 |     0 |        72 |  0.00 |
| HDIOBDIFFINBUF   |    0 |     0 |        48 |  0.00 |
| BITSLICE_CONTROL |    0 |     0 |        24 |  0.00 |
| BITSLICE_RX_TX   |    0 |     0 |       156 |  0.00 |
| BITSLICE_TX      |    0 |     0 |        24 |  0.00 |
| RIU_OR           |    0 |     0 |        12 |  0.00 |
+------------------+------+-------+-----------+-------+


6. CLOCK
--------

+----------------------+------+-------+-----------+-------+
|       Site Type      | Used | Fixed | Available | Util% |
+----------------------+------+-------+-----------+-------+
| GLOBAL CLOCK BUFFERs |    2 |     0 |       196 |  1.02 |
|   BUFGCE             |    1 |     0 |        88 |  1.14 |
|   BUFGCE_DIV         |    0 |     0 |        12 |  0.00 |
|   BUFG_PS            |    1 |     0 |        72 |  1.39 |
|   BUFGCTRL*          |    0 |     0 |        24 |  0.00 |
| PLL                  |    0 |     0 |         6 |  0.00 |
| MMCM                 |    0 |     0 |         3 |  0.00 |
+----------------------+------+-------+-----------+-------+
* Note: Each used BUFGCTRL counts as two GLOBAL CLOCK BUFFERs. This table does not include global clocking resources, only buffer cell usage. See the Clock Utilization Report (report_clock_utilization) for detailed accounting of global clocking resource availability.


7. ADVANCED
-----------

+-----------+------+-------+-----------+--------+
| Site Type | Used | Fixed | Available |  Util% |
+-----------+------+-------+-----------+--------+
| PS8       |    1 |     0 |         1 | 100.00 |
| SYSMONE4  |    0 |     0 |         1 |   0.00 |
+-----------+------+-------+-----------+--------+


8. CONFIGURATION
----------------

+-------------+------+-------+-----------+-------+
|  Site Type  | Used | Fixed | Available | Util% |
+-------------+------+-------+-----------+-------+
| BSCANE2     |    0 |     0 |         4 |  0.00 |
| DNA_PORTE2  |    0 |     0 |         1 |  0.00 |
| EFUSE_USR   |    0 |     0 |         1 |  0.00 |
| FRAME_ECCE4 |    0 |     0 |         1 |  0.00 |
| ICAPE3      |    0 |     0 |         2 |  0.00 |
| MASTER_JTAG |    0 |     0 |         1 |  0.00 |
| STARTUPE3   |    0 |     0 |         1 |  0.00 |
+-------------+------+-------+-----------+-------+


9. Primitives
-------------

+----------+-------+---------------------+
| Ref Name |  Used | Functional Category |
+----------+-------+---------------------+
| FDCE     | 40810 |            Register |
| LUT6     | 24027 |                 CLB |
| LUT4     | 16927 |                 CLB |
| LUT3     | 16573 |                 CLB |
| LUT2     | 11698 |                 CLB |
| LUT5     |  9248 |                 CLB |
| FDRE     |  3925 |            Register |
| RAMD64E  |  2560 |                 CLB |
| CARRY8   |  1615 |                 CLB |
| LUT1     |   640 |                 CLB |
| RAMD32   |   386 |                 CLB |
| FDPE     |   248 |            Register |
| MUXF7    |   130 |                 CLB |
| RAMB36E2 |    70 |            BLOCKRAM |
| FDSE     |    42 |            Register |
| SRLC32E  |    35 |                 CLB |
| INBUF    |    17 |                 I/O |
| IBUFCTRL |    17 |              Others |
| OBUFT    |    16 |                 I/O |
| DSP48E2  |    15 |          Arithmetic |
| RAMS32   |    14 |                 CLB |
| SRL16E   |    11 |                 CLB |
| PS8      |     1 |            Advanced |
| OBUF     |     1 |                 I/O |
| BUFG_PS  |     1 |               Clock |
| BUFGCE   |     1 |               Clock |
+----------+-------+---------------------+


10. Black Boxes
---------------

+----------+------+
| Ref Name | Used |
+----------+------+


11. Instantiated Netlists
-------------------------

+---------------------------------+------+
|             Ref Name            | Used |
+---------------------------------+------+
| design_1_zynq_ultra_ps_e_0_0    |    1 |
| design_1_xbar_0                 |    1 |
| design_1_proc_sys_reset_0_0     |    1 |
| design_1_axi_gpio_0_0           |    1 |
| design_1_auto_pc_0              |    1 |
| design_1_auto_ds_0              |    1 |
| design_1_ZYNQMP_ACP_ADAPTER_0_0 |    1 |
| design_1_ArgSort_AXI_1_0        |    1 |
+---------------------------------+------+


Copyright 1986-2020 Xilinx, Inc. All Rights Reserved.
------------------------------------------------------------------------------------------------------------
| Tool Version      : Vivado v.2020.2 (win64) Build 3064766 Wed Nov 18 09:12:45 MST 2020
| Date              : Tue Jun 29 17:07:32 2021
| Host              : Jabberwock running 64-bit major release  (build 9200)
| Command           : report_timing -file D:/ichiro/work/ArgSort-Ultra96/argsort_32_1_0/project.rpt -append
| Design            : design_1_wrapper
| Device            : xczu3eg-sbva484
| Speed File        : -1  PRODUCTION 1.29 08-03-2020
| Temperature Grade : E
------------------------------------------------------------------------------------------------------------

Timing Report

Slack (MET) :             0.024ns  (required time - arrival time)
  Source:                 design_1_i/ArgSort_AXI_1/U0/ARGSORT_IF/MRG_RD/READER/CH[30].CTRL/O_SIDE.VALVE/flow_counter_reg[4]/C
                            (rising edge-triggered cell FDCE clocked by clk_pl_0  {rise@0.000ns fall@2.000ns period=4.000ns})
  Destination:            design_1_i/ArgSort_AXI_1/U0/ARGSORT_IF/MRG_RD/READER/CH[30].CTRL/O_SIDE.VALVE/flow_eq_zero_reg/D
                            (rising edge-triggered cell FDPE clocked by clk_pl_0  {rise@0.000ns fall@2.000ns period=4.000ns})
  Path Group:             clk_pl_0
  Path Type:              Setup (Max at Slow Process Corner)
  Requirement:            4.000ns  (clk_pl_0 rise@4.000ns - clk_pl_0 rise@0.000ns)
  Data Path Delay:        3.803ns  (logic 1.320ns (34.709%)  route 2.483ns (65.291%))
  Logic Levels:           12  (CARRY8=2 LUT3=1 LUT5=3 LUT6=6)
  Clock Path Skew:        -0.070ns (DCD - SCD + CPR)
    Destination Clock Delay (DCD):    1.961ns = ( 5.961 - 4.000 ) 
    Source Clock Delay      (SCD):    2.212ns
    Clock Pessimism Removal (CPR):    0.181ns
  Clock Uncertainty:      0.130ns  ((TSJ^2 + DJ^2)^1/2) / 2 + PE
    Total System Jitter     (TSJ):    0.071ns
    Discrete Jitter          (DJ):    0.251ns
    Phase Error              (PE):    0.000ns
  Clock Net Delay (Source):      2.005ns (routing 0.803ns, distribution 1.202ns)
  Clock Net Delay (Destination): 1.794ns (routing 0.727ns, distribution 1.067ns)

    Location             Delay type                Incr(ns)  Path(ns)    Netlist Resource(s)
  -------------------------------------------------------------------    -------------------
                         (clock clk_pl_0 rise edge)
                                                      0.000     0.000 r  
    PS8_X0Y0             PS8                          0.000     0.000 r  design_1_i/zynq_ultra_ps_e_0/U0/PS8_i/PLCLK[0]
                         net (fo=1, routed)           0.178     0.178    design_1_i/zynq_ultra_ps_e_0/U0/pl_clk_unbuffered[0]
    BUFG_PS_X0Y62        BUFG_PS (Prop_BUFG_PS_I_O)
                                                      0.029     0.207 r  design_1_i/zynq_ultra_ps_e_0/U0/buffer_pl_clk_0.PL_CLK_0_BUFG/O
    X0Y1 (CLOCK_ROOT)    net (fo=48175, routed)       2.005     2.212    design_1_i/ArgSort_AXI_1/U0/ARGSORT_IF/MRG_RD/READER/CH[30].CTRL/O_SIDE.VALVE/ACLK
    SLICE_X29Y34         FDCE                                         r  design_1_i/ArgSort_AXI_1/U0/ARGSORT_IF/MRG_RD/READER/CH[30].CTRL/O_SIDE.VALVE/flow_counter_reg[4]/C
  -------------------------------------------------------------------    -------------------
    SLICE_X29Y34         FDCE (Prop_GFF_SLICEM_C_Q)
                                                      0.095     2.307 r  design_1_i/ArgSort_AXI_1/U0/ARGSORT_IF/MRG_RD/READER/CH[30].CTRL/O_SIDE.VALVE/flow_counter_reg[4]/Q
                         net (fo=10, routed)          0.326     2.633    design_1_i/ArgSort_AXI_1/U0/ARGSORT_IF/MRG_RD/READER/CH[30].CTRL/flow_count[4]
    SLICE_X27Y34         LUT6 (Prop_F6LUT_SLICEL_I5_O)
                                                      0.039     2.672 r  design_1_i/ArgSort_AXI_1/U0/ARGSORT_IF/MRG_RD/READER/CH[30].CTRL/i___55_i_5/O
                         net (fo=3, routed)           0.264     2.936    design_1_i/ArgSort_AXI_1/U0/ARGSORT_IF/MRG_RD/READER/CH[30].CTRL/i___55_i_5_n_0
    SLICE_X28Y32         LUT5 (Prop_A6LUT_SLICEM_I0_O)
                                                      0.040     2.976 r  design_1_i/ArgSort_AXI_1/U0/ARGSORT_IF/MRG_RD/READER/CH[30].CTRL/i___55_i_1/O
                         net (fo=8, routed)           0.135     3.111    design_1_i/ArgSort_AXI_1/U0/ARGSORT_IF/MRG_RD/READER/CH[30].CTRL/O_SIDE.VALVE/POOL_DVAL[2]
    SLICE_X28Y31         LUT3 (Prop_H6LUT_SLICEM_I0_O)
                                                      0.100     3.211 r  design_1_i/ArgSort_AXI_1/U0/ARGSORT_IF/MRG_RD/READER/CH[30].CTRL/O_SIDE.VALVE/i___55_i_16__29/O
                         net (fo=3, routed)           0.218     3.429    design_1_i/ArgSort_AXI_1/U0/ARGSORT_IF/MRG_RD/READER/CH[30].CTRL/O_SIDE.VALVE/i___55_i_16__29_n_0
    SLICE_X27Y30         LUT5 (Prop_E5LUT_SLICEL_I1_O)
                                                      0.198     3.627 r  design_1_i/ArgSort_AXI_1/U0/ARGSORT_IF/MRG_RD/READER/CH[30].CTRL/O_SIDE.VALVE/i___55_i_13__29/O
                         net (fo=3, routed)           0.478     4.105    design_1_i/ArgSort_AXI_1/U0/ARGSORT_IF/MRG_RD/READER/CH[30].CTRL/O_SIDE.VALVE/i___55_i_13__29_n_0
    SLICE_X27Y34         LUT6 (Prop_A6LUT_SLICEL_I1_O)
                                                      0.039     4.144 r  design_1_i/ArgSort_AXI_1/U0/ARGSORT_IF/MRG_RD/READER/CH[30].CTRL/O_SIDE.VALVE/next_counter0__0_carry_i_27__29/O
                         net (fo=4, routed)           0.224     4.368    design_1_i/ArgSort_AXI_1/U0/ARGSORT_IF/MRG_RD/READER/CH[30].CTRL/O_SIDE.VALVE/o_pull_fin_size[3]
    SLICE_X28Y36         LUT6 (Prop_F6LUT_SLICEM_I0_O)
                                                      0.062     4.430 r  design_1_i/ArgSort_AXI_1/U0/ARGSORT_IF/MRG_RD/READER/CH[30].CTRL/O_SIDE.VALVE/i___46_i_26__29/O
                         net (fo=1, routed)           0.164     4.594    design_1_i/ArgSort_AXI_1/U0/ARGSORT_IF/MRG_RD/READER/CH[30].CTRL/O_SIDE.VALVE/i___46_i_26__29_n_0
    SLICE_X28Y33         LUT6 (Prop_D6LUT_SLICEM_I5_O)
                                                      0.147     4.741 r  design_1_i/ArgSort_AXI_1/U0/ARGSORT_IF/MRG_RD/READER/CH[30].CTRL/O_SIDE.VALVE/i___46_i_14__29/O
                         net (fo=1, routed)           0.026     4.767    design_1_i/ArgSort_AXI_1/U0/ARGSORT_IF/MRG_RD/READER/CH[30].CTRL/O_SIDE.VALVE/i___46_i_14__29_n_0
    SLICE_X28Y33         CARRY8 (Prop_CARRY8_SLICEM_S[3]_CO[7])
                                                      0.206     4.973 r  design_1_i/ArgSort_AXI_1/U0/ARGSORT_IF/MRG_RD/READER/CH[30].CTRL/O_SIDE.VALVE/i___46_i_1__29/CO[7]
                         net (fo=1, routed)           0.028     5.001    design_1_i/ArgSort_AXI_1/U0/ARGSORT_IF/MRG_RD/READER/CH[30].CTRL/O_SIDE.VALVE/i___46_i_1__29_n_0
    SLICE_X28Y34         CARRY8 (Prop_CARRY8_SLICEM_CI_O[3])
                                                      0.104     5.105 f  design_1_i/ArgSort_AXI_1/U0/ARGSORT_IF/MRG_RD/READER/CH[30].CTRL/O_SIDE.VALVE/i___40_i_1__29/O[3]
                         net (fo=2, routed)           0.319     5.424    design_1_i/ArgSort_AXI_1/U0/ARGSORT_IF/MRG_RD/READER/CH[30].CTRL/O_SIDE.VALVE/flow_counter_reg[12]_1[3]
    SLICE_X28Y34         LUT6 (Prop_H6LUT_SLICEM_I0_O)
                                                      0.151     5.575 r  design_1_i/ArgSort_AXI_1/U0/ARGSORT_IF/MRG_RD/READER/CH[30].CTRL/O_SIDE.VALVE/flow_eq_zero_i_3__29/O
                         net (fo=1, routed)           0.122     5.697    design_1_i/ArgSort_AXI_1/U0/ARGSORT_IF/MRG_RD/READER/CH[30].CTRL/O_SIDE.VALVE/flow_eq_zero_i_3__29_n_0
    SLICE_X29Y34         LUT5 (Prop_E6LUT_SLICEM_I0_O)
                                                      0.101     5.798 r  design_1_i/ArgSort_AXI_1/U0/ARGSORT_IF/MRG_RD/READER/CH[30].CTRL/O_SIDE.VALVE/flow_eq_zero_i_2__29/O
                         net (fo=1, routed)           0.102     5.900    design_1_i/ArgSort_AXI_1/U0/ARGSORT_IF/MRG_RD/READER/CH[30].CTRL/O_SIDE.VALVE/flow_eq_zero_i_2__29_n_0
    SLICE_X29Y35         LUT6 (Prop_C6LUT_SLICEM_I3_O)
                                                      0.038     5.938 r  design_1_i/ArgSort_AXI_1/U0/ARGSORT_IF/MRG_RD/READER/CH[30].CTRL/O_SIDE.VALVE/flow_eq_zero_i_1__29/O
                         net (fo=1, routed)           0.077     6.015    design_1_i/ArgSort_AXI_1/U0/ARGSORT_IF/MRG_RD/READER/CH[30].CTRL/O_SIDE.VALVE/flow_eq_zero_i_1__29_n_0
    SLICE_X29Y35         FDPE                                         r  design_1_i/ArgSort_AXI_1/U0/ARGSORT_IF/MRG_RD/READER/CH[30].CTRL/O_SIDE.VALVE/flow_eq_zero_reg/D
  -------------------------------------------------------------------    -------------------

                         (clock clk_pl_0 rise edge)
                                                      4.000     4.000 r  
    PS8_X0Y0             PS8                          0.000     4.000 r  design_1_i/zynq_ultra_ps_e_0/U0/PS8_i/PLCLK[0]
                         net (fo=1, routed)           0.140     4.140    design_1_i/zynq_ultra_ps_e_0/U0/pl_clk_unbuffered[0]
    BUFG_PS_X0Y62        BUFG_PS (Prop_BUFG_PS_I_O)
                                                      0.027     4.167 r  design_1_i/zynq_ultra_ps_e_0/U0/buffer_pl_clk_0.PL_CLK_0_BUFG/O
    X0Y1 (CLOCK_ROOT)    net (fo=48175, routed)       1.794     5.961    design_1_i/ArgSort_AXI_1/U0/ARGSORT_IF/MRG_RD/READER/CH[30].CTRL/O_SIDE.VALVE/ACLK
    SLICE_X29Y35         FDPE                                         r  design_1_i/ArgSort_AXI_1/U0/ARGSORT_IF/MRG_RD/READER/CH[30].CTRL/O_SIDE.VALVE/flow_eq_zero_reg/C
                         clock pessimism              0.181     6.142    
                         clock uncertainty           -0.130     6.012    
    SLICE_X29Y35         FDPE (Setup_CFF_SLICEM_C_D)
                                                      0.027     6.039    design_1_i/ArgSort_AXI_1/U0/ARGSORT_IF/MRG_RD/READER/CH[30].CTRL/O_SIDE.VALVE/flow_eq_zero_reg
  -------------------------------------------------------------------
                         required time                          6.039    
                         arrival time                          -6.015    
  -------------------------------------------------------------------
                         slack                                  0.024    




